Adjusting learning rate of group 0 to 2.0000e-04.
=============== Epoch: 0
Adjusting learning rate of group 0 to 1.9989e-04.

Train loss: 0.2875731762717752
Test loss: 0.24404681473970413

=============== Epoch: 1
Adjusting learning rate of group 0 to 1.9957e-04.

Train loss: 0.23608286372002432
Test loss: 0.22144071757793427

=============== Epoch: 2
Adjusting learning rate of group 0 to 1.9904e-04.

Train loss: 0.21289008242242477
Test loss: 0.2112578483564513

=============== Epoch: 3
Adjusting learning rate of group 0 to 1.9830e-04.

Train loss: 0.2013982540982611
Test loss: 0.20999182441404887

=============== Epoch: 4
Adjusting learning rate of group 0 to 1.9734e-04.

Train loss: 0.19134710860602996
Test loss: 0.21400719348873412

=============== Epoch: 5
Adjusting learning rate of group 0 to 1.9618e-04.

Train loss: 0.1790491364458028
Test loss: 0.22917952175651277

=============== Epoch: 6
Adjusting learning rate of group 0 to 1.9482e-04.

Train loss: 0.17455977157634847
Test loss: 0.22315187752246857

=============== Epoch: 7
Adjusting learning rate of group 0 to 1.9325e-04.

Train loss: 0.16854788297239473
Test loss: 0.23577773996761867

=============== Epoch: 8
Adjusting learning rate of group 0 to 1.9148e-04.

Train loss: 0.16093105516012976
Test loss: 0.22807080085788453

=============== Epoch: 9
Adjusting learning rate of group 0 to 1.8952e-04.

Train loss: 0.15635781077777638
Test loss: 0.21800913235970906

=============== Epoch: 10
Adjusting learning rate of group 0 to 1.8736e-04.

Train loss: 0.1502195097067777
Test loss: 0.20989765439714705

=============== Epoch: 11
Adjusting learning rate of group 0 to 1.8502e-04.

Train loss: 0.14564944277791417
Test loss: 0.21103781248841966

=============== Epoch: 12
Adjusting learning rate of group 0 to 1.8250e-04.

Train loss: 0.14252843861194217
Test loss: 0.21397707611322403

=============== Epoch: 13
Adjusting learning rate of group 0 to 1.7980e-04.

Train loss: 0.14007099323412953
Test loss: 0.20804799560989654

=============== Epoch: 14
Adjusting learning rate of group 0 to 1.7693e-04.

Train loss: 0.13780051141100771
Test loss: 0.214127673634461

=============== Epoch: 15
Adjusting learning rate of group 0 to 1.7390e-04.

Train loss: 0.13504389783038812
Test loss: 0.21778822583811625

=============== Epoch: 16
Adjusting learning rate of group 0 to 1.7071e-04.

Train loss: 0.13352731352343278
Test loss: 0.2172806305544717

=============== Epoch: 17
Adjusting learning rate of group 0 to 1.6737e-04.

Train loss: 0.13103903019252947
Test loss: 0.218249078307833

=============== Epoch: 18
Adjusting learning rate of group 0 to 1.6388e-04.

Train loss: 0.12999752536416054
Test loss: 0.2171669187290328

=============== Epoch: 19
Adjusting learning rate of group 0 to 1.6026e-04.

Train loss: 0.12840544213266933
Test loss: 0.23317764273711614

=============== Epoch: 20
Adjusting learning rate of group 0 to 1.5651e-04.

Train loss: 0.12618723226820722
Test loss: 0.2164129199726241

=============== Epoch: 21
Adjusting learning rate of group 0 to 1.5264e-04.

Train loss: 0.12472953625461634
Test loss: 0.21602033930165426

=============== Epoch: 22
Adjusting learning rate of group 0 to 1.4866e-04.

Train loss: 0.123680110582534
Test loss: 0.21417862815516336

=============== Epoch: 23
Adjusting learning rate of group 0 to 1.4457e-04.

Train loss: 0.12212622932651464
Test loss: 0.21073266118764877

=============== Epoch: 24
Adjusting learning rate of group 0 to 1.4039e-04.

Train loss: 0.12073885353610796
Test loss: 0.21183195390871593

=============== Epoch: 25
Adjusting learning rate of group 0 to 1.3612e-04.

Train loss: 0.11970359163687509
Test loss: 0.21764627205474035

=============== Epoch: 26
Adjusting learning rate of group 0 to 1.3178e-04.

Train loss: 0.1185702804256888
Test loss: 0.2139917207615716

=============== Epoch: 27
Adjusting learning rate of group 0 to 1.2737e-04.

Train loss: 0.11697918625877184
Test loss: 0.2148347528917449

=============== Epoch: 28
Adjusting learning rate of group 0 to 1.2290e-04.

Train loss: 0.11541321139563532
Test loss: 0.21272625029087067

=============== Epoch: 29
Adjusting learning rate of group 0 to 1.1837e-04.

Train loss: 0.11360669420922503
Test loss: 0.2145603277853557

=============== Epoch: 30
Adjusting learning rate of group 0 to 1.1382e-04.

Train loss: 0.11186752205385882
Test loss: 0.21781504260642187

=============== Epoch: 31
Adjusting learning rate of group 0 to 1.0923e-04.

Train loss: 0.11036897888954948
Test loss: 0.21475639300686972

=============== Epoch: 32
Adjusting learning rate of group 0 to 1.0462e-04.

Train loss: 0.10863603213254143
Test loss: 0.21443953258650644

=============== Epoch: 33
Adjusting learning rate of group 0 to 1.0000e-04.

Train loss: 0.10765975505551871
Test loss: 0.2137086753334318

=============== Epoch: 34
Adjusting learning rate of group 0 to 9.5382e-05.

Train loss: 0.10602535964811549
Test loss: 0.21627754718065262

=============== Epoch: 35
Adjusting learning rate of group 0 to 9.0773e-05.

Train loss: 0.10519015295978855
Test loss: 0.2185634140457426

=============== Epoch: 36
Adjusting learning rate of group 0 to 8.6184e-05.

Train loss: 0.10393374873434796
Test loss: 0.21582939688648498

=============== Epoch: 37
Adjusting learning rate of group 0 to 8.1625e-05.

Train loss: 0.10237081250285401
Test loss: 0.21615746936627797

=============== Epoch: 38
Adjusting learning rate of group 0 to 7.7105e-05.

Train loss: 0.10095910958069212
Test loss: 0.21927691570350102

=============== Epoch: 39
Adjusting learning rate of group 0 to 7.2634e-05.

Train loss: 0.09936344546868521
Test loss: 0.21705119098935807

=============== Epoch: 40
Adjusting learning rate of group 0 to 6.8221e-05.

Train loss: 0.0980572529575404
Test loss: 0.21644405807767594

=============== Epoch: 41
Adjusting learning rate of group 0 to 6.3876e-05.

Train loss: 0.09610106302973102
Test loss: 0.2184435874223709

=============== Epoch: 42
Adjusting learning rate of group 0 to 5.9608e-05.

Train loss: 0.09423987172982272
Test loss: 0.2177450954914093

=============== Epoch: 43
Adjusting learning rate of group 0 to 5.5426e-05.

Train loss: 0.09245937361436732
Test loss: 0.21556263949189866

=============== Epoch: 44
Adjusting learning rate of group 0 to 5.1340e-05.

Train loss: 0.0908999263363726
Test loss: 0.2193727461355073

=============== Epoch: 45
Adjusting learning rate of group 0 to 4.7357e-05.

Train loss: 0.08921462034477907
Test loss: 0.21941718459129333

=============== Epoch: 46
Adjusting learning rate of group 0 to 4.3486e-05.

Train loss: 0.0878788810223341
Test loss: 0.2185353125844683

=============== Epoch: 47
Adjusting learning rate of group 0 to 3.9737e-05.

Train loss: 0.08623521599699469
Test loss: 0.22029839775391988

=============== Epoch: 48
Adjusting learning rate of group 0 to 3.6115e-05.

Train loss: 0.0845681960311006
Test loss: 0.21903819803680694

=============== Epoch: 49
Adjusting learning rate of group 0 to 3.2630e-05.

Train loss: 0.08272744134506758
Test loss: 0.2204153367451259

=============== Epoch: 50
Adjusting learning rate of group 0 to 2.9289e-05.

Train loss: 0.08123504863504101
Test loss: 0.220494059579713

=============== Epoch: 51
Adjusting learning rate of group 0 to 2.6099e-05.

Train loss: 0.07959748081424657
Test loss: 0.21885583443301065

=============== Epoch: 52
Adjusting learning rate of group 0 to 2.3067e-05.

Train loss: 0.07781771110261188
Test loss: 0.22068839094468526

=============== Epoch: 53
Adjusting learning rate of group 0 to 2.0198e-05.

Train loss: 0.07634906602256439
Test loss: 0.22216359951666423

=============== Epoch: 54
Adjusting learning rate of group 0 to 1.7500e-05.

Train loss: 0.0749998408205369
Test loss: 0.22195544519594737

=============== Epoch: 55
Adjusting learning rate of group 0 to 1.4978e-05.

Train loss: 0.0735707582138917
Test loss: 0.22093383435692107

=============== Epoch: 56
Adjusting learning rate of group 0 to 1.2638e-05.

Train loss: 0.07217074097955928
Test loss: 0.2231976432459695

=============== Epoch: 57
Adjusting learning rate of group 0 to 1.0484e-05.

Train loss: 0.0708787052289528
Test loss: 0.22306296335799353

=============== Epoch: 58
Adjusting learning rate of group 0 to 8.5206e-06.

Train loss: 0.06968647504554075
Test loss: 0.2229607179760933

=============== Epoch: 59
Adjusting learning rate of group 0 to 6.7528e-06.

Train loss: 0.06855854655013364
Test loss: 0.22363138092415674

=============== Epoch: 60
Adjusting learning rate of group 0 to 5.1839e-06.

Train loss: 0.06758771015002447
Test loss: 0.22465148781027114

=============== Epoch: 61
Adjusting learning rate of group 0 to 3.8174e-06.

Train loss: 0.06683664916850188
Test loss: 0.22455453446933202

=============== Epoch: 62
Adjusting learning rate of group 0 to 2.6562e-06.

Train loss: 0.0662566751570386
Test loss: 0.22489095479249954

=============== Epoch: 63
Adjusting learning rate of group 0 to 1.7027e-06.

Train loss: 0.06585629120030824
Test loss: 0.22473475549902236

=============== Epoch: 64
Adjusting learning rate of group 0 to 9.5896e-07.

Train loss: 0.06559201768215965
Test loss: 0.22476134662117278

=============== Epoch: 65
Adjusting learning rate of group 0 to 4.2658e-07.

Train loss: 0.06541600242695388
Test loss: 0.2248820045164653

=============== Epoch: 66
Adjusting learning rate of group 0 to 1.0670e-07.

Train loss: 0.06531661080525202
Test loss: 0.22493346674101694

=============== Epoch: 67
Adjusting learning rate of group 0 to 0.0000e+00.

Train loss: 0.06527159993043717
Test loss: 0.22496964995350158

=============== Epoch: 68
Adjusting learning rate of group 0 to 1.0670e-07.

Train loss: 0.06525951678700306
Test loss: 0.2249788088457925

=============== Epoch: 69
Adjusting learning rate of group 0 to 4.2658e-07.

Train loss: 0.06526343228624147
Test loss: 0.22497267595359258

=============== Epoch: 70
Adjusting learning rate of group 0 to 9.5896e-07.

Train loss: 0.06526751367046553
Test loss: 0.2249836368220193

=============== Epoch: 71
Adjusting learning rate of group 0 to 1.7027e-06.

Train loss: 0.06525719872511485
Test loss: 0.22505007258483342

=============== Epoch: 72
Adjusting learning rate of group 0 to 2.6562e-06.

Train loss: 0.06522092042381272
Test loss: 0.2252114447099822

=============== Epoch: 73
Adjusting learning rate of group 0 to 3.8174e-06.

Train loss: 0.06515075633411899
Test loss: 0.2254211444939886

=============== Epoch: 74
Adjusting learning rate of group 0 to 5.1839e-06.

Train loss: 0.06505599623436437
Test loss: 0.22569029458931514

=============== Epoch: 75
Adjusting learning rate of group 0 to 6.7528e-06.

Train loss: 0.06502790360108894
Test loss: 0.22597521649939672

=============== Epoch: 76
Adjusting learning rate of group 0 to 8.5206e-06.

Train loss: 0.06556410161668763
Test loss: 0.2261016634958131

=============== Epoch: 77
Adjusting learning rate of group 0 to 1.0484e-05.

Train loss: 0.06773280385224258
Test loss: 0.2258474731019565

=============== Epoch: 78
Adjusting learning rate of group 0 to 1.2638e-05.

Train loss: 0.07077507126857252
Test loss: 0.22513896439756667

=============== Epoch: 79
Adjusting learning rate of group 0 to 1.4978e-05.

Train loss: 0.0721580939476981
Test loss: 0.22456323355436325

=============== Epoch: 80
Adjusting learning rate of group 0 to 1.7500e-05.

Train loss: 0.07284730464658316
Test loss: 0.22490216046571732

=============== Epoch: 81
Adjusting learning rate of group 0 to 2.0198e-05.

Train loss: 0.07422990472439457
Test loss: 0.22437133001429693

=============== Epoch: 82
Adjusting learning rate of group 0 to 2.3067e-05.

Train loss: 0.07603979242198608
Test loss: 0.2233270172561918

=============== Epoch: 83
Adjusting learning rate of group 0 to 2.6099e-05.

Train loss: 0.07722418722422685
Test loss: 0.22362986100571497

=============== Epoch: 84
Adjusting learning rate of group 0 to 2.9289e-05.

Train loss: 0.07849506540771793
Test loss: 0.22380877286195755

=============== Epoch: 85
Adjusting learning rate of group 0 to 3.2630e-05.

Train loss: 0.08007246628403664
Test loss: 0.22125859239271709

=============== Epoch: 86
Adjusting learning rate of group 0 to 3.6115e-05.

Train loss: 0.08171374416526626
Test loss: 0.22252144132341659

=============== Epoch: 87
Adjusting learning rate of group 0 to 3.9737e-05.

Train loss: 0.08316343080471544
Test loss: 0.22178994012730463

=============== Epoch: 88
Adjusting learning rate of group 0 to 4.3486e-05.

Train loss: 0.08440009909955894
Test loss: 0.2265331968665123

=============== Epoch: 89
Adjusting learning rate of group 0 to 4.7357e-05.

Train loss: 0.08517432804493343
Test loss: 0.22344996886593954

=============== Epoch: 90
Adjusting learning rate of group 0 to 5.1340e-05.

Train loss: 0.08614236927207779
Test loss: 0.22029769739934377

=============== Epoch: 91
Adjusting learning rate of group 0 to 5.5426e-05.

Train loss: 0.08711318529265769
Test loss: 0.22167883494070598

=============== Epoch: 92
Adjusting learning rate of group 0 to 5.9608e-05.

Train loss: 0.08748356285778915
Test loss: 0.22471232499395097

=============== Epoch: 93
Adjusting learning rate of group 0 to 6.3876e-05.

Train loss: 0.0880258964265094
Test loss: 0.223849818110466

=============== Epoch: 94
Adjusting learning rate of group 0 to 6.8221e-05.

Train loss: 0.08899722489364006
Test loss: 0.222289363188403

=============== Epoch: 95
Adjusting learning rate of group 0 to 7.2634e-05.

Train loss: 0.08994380614775069
Test loss: 0.22276656010321208

=============== Epoch: 96
Adjusting learning rate of group 0 to 7.7105e-05.

Train loss: 0.09096294203225304
Test loss: 0.2212477262531008

=============== Epoch: 97
Adjusting learning rate of group 0 to 8.1625e-05.

Train loss: 0.09168364567791715
Test loss: 0.21925332503659384

=============== Epoch: 98
Adjusting learning rate of group 0 to 8.6184e-05.

Train loss: 0.09208154546863892
Test loss: 0.2252127985869135

=============== Epoch: 99
Adjusting learning rate of group 0 to 9.0773e-05.

Train loss: 0.09215847610989038
Test loss: 0.2211866251059941

=============== Epoch: 100
Adjusting learning rate of group 0 to 9.5382e-05.

Train loss: 0.09287911708302357
Test loss: 0.22233098532472337

=============== Epoch: 101
Adjusting learning rate of group 0 to 1.0000e-04.

Train loss: 0.09324932481874437
Test loss: 0.22430910170078278

=============== Epoch: 102
Adjusting learning rate of group 0 to 1.0462e-04.

Train loss: 0.09328941047629889
Test loss: 0.21979146344321115

=============== Epoch: 103
Adjusting learning rate of group 0 to 1.0923e-04.

Train loss: 0.09332553516415988
Test loss: 0.22408143324511393

=============== Epoch: 104
Adjusting learning rate of group 0 to 1.1382e-04.

Train loss: 0.09420784771004144
Test loss: 0.22552273103169032

=============== Epoch: 105
Adjusting learning rate of group 0 to 1.1837e-04.

Train loss: 0.09491494352764943
Test loss: 0.2205158280474799

=============== Epoch: 106
Adjusting learning rate of group 0 to 1.2290e-04.

Train loss: 0.09531475252964917
Test loss: 0.22157844368900573

=============== Epoch: 107
Adjusting learning rate of group 0 to 1.2737e-04.

Train loss: 0.09603176496046431
Test loss: 0.2262712727699961

=============== Epoch: 108
Adjusting learning rate of group 0 to 1.3178e-04.

Train loss: 0.09650551023728707
Test loss: 0.2249021115047591

=============== Epoch: 109
Adjusting learning rate of group 0 to 1.3612e-04.

Train loss: 0.09669189242755666
Test loss: 0.22160649193184717

=============== Epoch: 110
Adjusting learning rate of group 0 to 1.4039e-04.

Train loss: 0.09734867502223044
Test loss: 0.22337391121046885

=============== Epoch: 111
Adjusting learning rate of group 0 to 1.4457e-04.

Train loss: 0.09808359273216304
Test loss: 0.22076143430812017

=============== Epoch: 112
Adjusting learning rate of group 0 to 1.4866e-04.

Train loss: 0.09950354793930755
Test loss: 0.22698768760476792

=============== Epoch: 113
Adjusting learning rate of group 0 to 1.5264e-04.

Train loss: 0.10090757292859695
Test loss: 0.2231659601841654

=============== Epoch: 114
Adjusting learning rate of group 0 to 1.5651e-04.

Train loss: 0.10114967395715854
Test loss: 0.22222963401249476

=============== Epoch: 115
Adjusting learning rate of group 0 to 1.6026e-04.

Train loss: 0.10138526394524995
Test loss: 0.2274885560785021

=============== Epoch: 116
Adjusting learning rate of group 0 to 1.6388e-04.

Train loss: 0.10112672496367903
Test loss: 0.223196556525571

=============== Epoch: 117
Adjusting learning rate of group 0 to 1.6737e-04.

Train loss: 0.10096300327602555
Test loss: 0.2272805922797748

=============== Epoch: 118
Adjusting learning rate of group 0 to 1.7071e-04.

Train loss: 0.10179588384926319
Test loss: 0.22500990331172943

=============== Epoch: 119
Adjusting learning rate of group 0 to 1.7390e-04.

Train loss: 0.10270484186270658
Test loss: 0.22415561016116822

=============== Epoch: 120
Adjusting learning rate of group 0 to 1.7693e-04.

Train loss: 0.10361471246270572
Test loss: 0.22814053084169114

=============== Epoch: 121
Adjusting learning rate of group 0 to 1.7980e-04.

Train loss: 0.10415127336540643
Test loss: 0.2248822429350444

=============== Epoch: 122
Adjusting learning rate of group 0 to 1.8250e-04.

Train loss: 0.10440101606004379
Test loss: 0.22293002264840261

=============== Epoch: 123
Adjusting learning rate of group 0 to 1.8502e-04.

Train loss: 0.1047772653400898
Test loss: 0.22258861469370977

=============== Epoch: 124
Adjusting learning rate of group 0 to 1.8736e-04.

Train loss: 0.1044417537529679
Test loss: 0.22475781717470714

=============== Epoch: 125
Adjusting learning rate of group 0 to 1.8952e-04.

Train loss: 0.10467130636029384
Test loss: 0.22669769717114313

=============== Epoch: 126
Adjusting learning rate of group 0 to 1.9148e-04.

Train loss: 0.10508597806534346
Test loss: 0.22318854182958603

=============== Epoch: 127
Adjusting learning rate of group 0 to 1.9325e-04.

Train loss: 0.10577513639102964
Test loss: 0.22147864422627858

=============== Epoch: 128
Adjusting learning rate of group 0 to 1.9482e-04.

Train loss: 0.10564495568328044
Test loss: 0.22226750531366893

=============== Epoch: 129
Adjusting learning rate of group 0 to 1.9618e-04.

Train loss: 0.10596191839260213
Test loss: 0.22904629579612187

=============== Epoch: 130
Adjusting learning rate of group 0 to 1.9734e-04.

Train loss: 0.10613556107615724
Test loss: 0.22440979842628753

=============== Epoch: 131
Adjusting learning rate of group 0 to 1.9830e-04.

Train loss: 0.10630281718776506
Test loss: 0.22295337596109935

=============== Epoch: 132
Adjusting learning rate of group 0 to 1.9904e-04.

Train loss: 0.10652181593810811
Test loss: 0.2232190381203379

=============== Epoch: 133
Adjusting learning rate of group 0 to 1.9957e-04.

Train loss: 0.10678674938047633
Test loss: 0.22657997267586844

=============== Epoch: 134
Adjusting learning rate of group 0 to 1.9989e-04.

Train loss: 0.10731082190485562
Test loss: 0.22569939813443593

=============== Epoch: 135
Adjusting learning rate of group 0 to 2.0000e-04.

Train loss: 0.1069982633652056
Test loss: 0.22216924386365072

=============== Epoch: 136
Adjusting learning rate of group 0 to 1.9989e-04.

Train loss: 0.1062615558724193
Test loss: 0.22553756407329015

=============== Epoch: 137
Adjusting learning rate of group 0 to 1.9957e-04.

Train loss: 0.10657104367718977
Test loss: 0.2286479685987745

=============== Epoch: 138
Adjusting learning rate of group 0 to 1.9904e-04.

Train loss: 0.10669874892953564
Test loss: 0.22256788398538316

=============== Epoch: 139
Adjusting learning rate of group 0 to 1.9830e-04.

Train loss: 0.10656322966165402
Test loss: 0.2254930745278086

=============== Epoch: 140
Adjusting learning rate of group 0 to 1.9734e-04.

Train loss: 0.10678503388429389
Test loss: 0.222898397062506

=============== Epoch: 141
Adjusting learning rate of group 0 to 1.9618e-04.

Train loss: 0.10663723233429824
Test loss: 0.225993489580495

=============== Epoch: 142
Adjusting learning rate of group 0 to 1.9482e-04.

Train loss: 0.10614355982226484
Test loss: 0.2268956197159631

=============== Epoch: 143
Adjusting learning rate of group 0 to 1.9325e-04.

Train loss: 0.10587991467293571
Test loss: 0.22322152342115129

=============== Epoch: 144
Adjusting learning rate of group 0 to 1.9148e-04.

Train loss: 0.10582234984373345
Test loss: 0.22519859671592712

=============== Epoch: 145
Adjusting learning rate of group 0 to 1.8952e-04.

Train loss: 0.10629254382322817
Test loss: 0.22848439323050634

=============== Epoch: 146
Adjusting learning rate of group 0 to 1.8736e-04.

Train loss: 0.1060534904108328
Test loss: 0.2242578427706446

=============== Epoch: 147
Adjusting learning rate of group 0 to 1.8502e-04.

Train loss: 0.10595886540763519
Test loss: 0.2251144583736147

=============== Epoch: 148
Adjusting learning rate of group 0 to 1.8250e-04.

Train loss: 0.10596125518136165
Test loss: 0.2238960638642311

=============== Epoch: 149
Adjusting learning rate of group 0 to 1.7980e-04.

Train loss: 0.10492250378079274
Test loss: 0.22568508344037191

=============== Epoch: 150
Adjusting learning rate of group 0 to 1.7693e-04.

Train loss: 0.1041583789183813
Test loss: 0.22527039583240235

=============== Epoch: 151
Adjusting learning rate of group 0 to 1.7390e-04.

Train loss: 0.1039422708837425
Test loss: 0.22364910798413412

=============== Epoch: 152
Adjusting learning rate of group 0 to 1.7071e-04.

Train loss: 0.10397101938724518
Test loss: 0.2261527574488095

=============== Epoch: 153
Adjusting learning rate of group 0 to 1.6737e-04.

Train loss: 0.10375439539990004
Test loss: 0.22500390133687428

=============== Epoch: 154
Adjusting learning rate of group 0 to 1.6388e-04.

Train loss: 0.10290726318078883
Test loss: 0.22837206508432115

=============== Epoch: 155
Adjusting learning rate of group 0 to 1.6026e-04.

Train loss: 0.10232412957531564
Test loss: 0.2233360441667693

=============== Epoch: 156
Adjusting learning rate of group 0 to 1.5651e-04.

Train loss: 0.10133318153812605
Test loss: 0.22439803183078766

=============== Epoch: 157
Adjusting learning rate of group 0 to 1.5264e-04.

Train loss: 0.1006563633461209
Test loss: 0.22588018008640834

=============== Epoch: 158
Adjusting learning rate of group 0 to 1.4866e-04.

Train loss: 0.10019317959599636
Test loss: 0.22480794255222594

=============== Epoch: 159
Adjusting learning rate of group 0 to 1.4457e-04.

Train loss: 0.0999739979777266
Test loss: 0.22189127121652877

=============== Epoch: 160
Adjusting learning rate of group 0 to 1.4039e-04.

Train loss: 0.0995165376978762
Test loss: 0.22667307406663895

=============== Epoch: 161
Adjusting learning rate of group 0 to 1.3612e-04.

Train loss: 0.0991191434509614
Test loss: 0.22531181893178395

=============== Epoch: 162
Adjusting learning rate of group 0 to 1.3178e-04.

Train loss: 0.09822308743262992
Test loss: 0.22190229807581222

=============== Epoch: 163
Adjusting learning rate of group 0 to 1.2737e-04.

Train loss: 0.09781483944286318
Test loss: 0.22640788022960937

=============== Epoch: 164
Adjusting learning rate of group 0 to 1.2290e-04.

Train loss: 0.0966825414010707
Test loss: 0.22504672833851405

=============== Epoch: 165
Adjusting learning rate of group 0 to 1.1837e-04.

Train loss: 0.09592188960489105
Test loss: 0.22350261786154338

=============== Epoch: 166
Adjusting learning rate of group 0 to 1.1382e-04.

Train loss: 0.09480835442595623
Test loss: 0.22657871565648488

=============== Epoch: 167
Adjusting learning rate of group 0 to 1.0923e-04.

Train loss: 0.09337504328612019
Test loss: 0.2218702190688678

=============== Epoch: 168
Adjusting learning rate of group 0 to 1.0462e-04.

Train loss: 0.092275824288235
Test loss: 0.22153089089053019

=============== Epoch: 169
Adjusting learning rate of group 0 to 1.0000e-04.

Train loss: 0.09185229241847992
Test loss: 0.22707483811037882

=============== Epoch: 170
Adjusting learning rate of group 0 to 9.5382e-05.

Train loss: 0.09103106762118199
Test loss: 0.22142019442149571

=============== Epoch: 171
Adjusting learning rate of group 0 to 9.0773e-05.

Train loss: 0.09025348909199238
Test loss: 0.22365877138716833

=============== Epoch: 172
Adjusting learning rate of group 0 to 8.6184e-05.

Train loss: 0.08897755557999891
Test loss: 0.22168985647814615

=============== Epoch: 173
Adjusting learning rate of group 0 to 8.1625e-05.

Train loss: 0.08740311871994944
Test loss: 0.22392669107232774

=============== Epoch: 174
Adjusting learning rate of group 0 to 7.7105e-05.

Train loss: 0.0863701325348195
Test loss: 0.22338904440402985

=============== Epoch: 175
Adjusting learning rate of group 0 to 7.2634e-05.

Train loss: 0.08564678579568863
Test loss: 0.2230340763926506

=============== Epoch: 176
Adjusting learning rate of group 0 to 6.8221e-05.

Train loss: 0.08529644229394548
Test loss: 0.2237782488976206

=============== Epoch: 177
Adjusting learning rate of group 0 to 6.3876e-05.

Train loss: 0.08494133688509464
Test loss: 0.22526931762695312

=============== Epoch: 178
Adjusting learning rate of group 0 to 5.9608e-05.

Train loss: 0.08422688438611872
Test loss: 0.2241288987653596

=============== Epoch: 179
Adjusting learning rate of group 0 to 5.5426e-05.

Train loss: 0.0829494451994405
Test loss: 0.22197407164743968

=============== Epoch: 180
Adjusting learning rate of group 0 to 5.1340e-05.

Train loss: 0.08156190374318291
Test loss: 0.22618533032281057

=============== Epoch: 181
Adjusting learning rate of group 0 to 4.7357e-05.

Train loss: 0.07960779800572816
Test loss: 0.22221714151757105

=============== Epoch: 182
Adjusting learning rate of group 0 to 4.3486e-05.

Train loss: 0.07790828682482243
Test loss: 0.22207157526697432

=============== Epoch: 183
Adjusting learning rate of group 0 to 3.9737e-05.

Train loss: 0.07640673855648321
Test loss: 0.225784104849611

=============== Epoch: 184
Adjusting learning rate of group 0 to 3.6115e-05.

Train loss: 0.07527649238267366
Test loss: 0.2248121446796826

=============== Epoch: 185
Adjusting learning rate of group 0 to 3.2630e-05.

Train loss: 0.07402108554892681
Test loss: 0.22464657362018312

=============== Epoch: 186
Adjusting learning rate of group 0 to 2.9289e-05.

Train loss: 0.0726085924269522
Test loss: 0.22701253209795272

=============== Epoch: 187
Adjusting learning rate of group 0 to 2.6099e-05.

Train loss: 0.07142525374451104
Test loss: 0.22739123446600779

=============== Epoch: 188
Adjusting learning rate of group 0 to 2.3067e-05.

Train loss: 0.07024302048718228
Test loss: 0.2279439547232219

=============== Epoch: 189
Adjusting learning rate of group 0 to 2.0198e-05.

Train loss: 0.06902546512291712
Test loss: 0.23014532881123678

=============== Epoch: 190
Adjusting learning rate of group 0 to 1.7500e-05.

Train loss: 0.06795820363742464
Test loss: 0.23019896979842866

=============== Epoch: 191
Adjusting learning rate of group 0 to 1.4978e-05.

Train loss: 0.06697902521666359
Test loss: 0.2281953820160457

=============== Epoch: 192
Adjusting learning rate of group 0 to 1.2638e-05.

Train loss: 0.06618464666911784
Test loss: 0.22849577878202712

=============== Epoch: 193
Adjusting learning rate of group 0 to 1.0484e-05.

Train loss: 0.06526825527715333
Test loss: 0.22969707420894078

=============== Epoch: 194
Adjusting learning rate of group 0 to 8.5206e-06.

Train loss: 0.06427784280522782
Test loss: 0.23047386216265814

=============== Epoch: 195
Adjusting learning rate of group 0 to 6.7528e-06.

Train loss: 0.06333533795002629
Test loss: 0.23023491033485957

=============== Epoch: 196
Adjusting learning rate of group 0 to 5.1839e-06.

Train loss: 0.06255657642203219
Test loss: 0.22987852564879827

=============== Epoch: 197
Adjusting learning rate of group 0 to 3.8174e-06.

Train loss: 0.06197796866078587
Test loss: 0.2307774062667574

=============== Epoch: 198
Adjusting learning rate of group 0 to 2.6562e-06.

Train loss: 0.06159037581699736
Test loss: 0.23119720923049109

=============== Epoch: 199
Adjusting learning rate of group 0 to 1.7027e-06.

Train loss: 0.06132571426603724
Test loss: 0.23143656871148519

