Adjusting learning rate of group 0 to 1.0000e-04.
Adjusting learning rate of group 0 to 1.0000e-04.
=============== Epoch: 0
Adjusting learning rate of group 0 to 1.0000e-05.
Adjusting learning rate of group 0 to 9.9989e-05.

Train loss_D: 1.0965900421142578
Train loss_G: 0.5226158499717712
Test loss_G: 0.5227498688868114

=============== Epoch: 1
Adjusting learning rate of group 0 to 1.0000e-06.
Adjusting learning rate of group 0 to 9.9957e-05.

Train loss_D: 2.329789638519287
Train loss_G: 0.5137239694595337
Test loss_G: 0.5188903787306377

=============== Epoch: 2
Adjusting learning rate of group 0 to 1.0000e-07.
Adjusting learning rate of group 0 to 9.9904e-05.

Train loss_D: 1.734006404876709
Train loss_G: 0.5049623250961304
Test loss_G: 0.5155341273971966

=============== Epoch: 3
Adjusting learning rate of group 0 to 1.0000e-08.
Adjusting learning rate of group 0 to 9.9829e-05.

Train loss_D: 1.5891823768615723
Train loss_G: 0.4963526725769043
Test loss_G: 0.5126119862709727

=============== Epoch: 4
Adjusting learning rate of group 0 to 1.0000e-09.
Adjusting learning rate of group 0 to 9.9733e-05.

Train loss_D: 1.5198999643325806
Train loss_G: 0.4879123568534851
Test loss_G: 0.5100586861371994

=============== Epoch: 5
Adjusting learning rate of group 0 to 1.0000e-10.
Adjusting learning rate of group 0 to 9.9616e-05.

Train loss_D: 1.4751285314559937
Train loss_G: 0.4796452522277832
Test loss_G: 0.5078158538256373

=============== Epoch: 6
Adjusting learning rate of group 0 to 1.0000e-11.
Adjusting learning rate of group 0 to 9.9478e-05.

Train loss_D: 1.4425303936004639
Train loss_G: 0.4715442657470703
Test loss_G: 0.5058327753629003

=============== Epoch: 7
Adjusting learning rate of group 0 to 1.0000e-12.
Adjusting learning rate of group 0 to 9.9318e-05.

Train loss_D: 1.4180322885513306
Train loss_G: 0.46359795331954956
Test loss_G: 0.5040654838085175

=============== Epoch: 8
Adjusting learning rate of group 0 to 1.0000e-13.
Adjusting learning rate of group 0 to 9.9137e-05.

Train loss_D: 1.399841070175171
Train loss_G: 0.4557966887950897
Test loss_G: 0.5024802088737488

=============== Epoch: 9
Adjusting learning rate of group 0 to 1.0000e-14.
Adjusting learning rate of group 0 to 9.8936e-05.

Train loss_D: 1.3871302604675293
Train loss_G: 0.44812655448913574
Test loss_G: 0.501052954367229

=============== Epoch: 10
Adjusting learning rate of group 0 to 1.0000e-15.
Adjusting learning rate of group 0 to 9.8713e-05.

Train loss_D: 1.3792446851730347
Train loss_G: 0.4405753016471863
Test loss_G: 0.49976479900734766

=============== Epoch: 11
Adjusting learning rate of group 0 to 1.0000e-16.
Adjusting learning rate of group 0 to 9.8470e-05.

Train loss_D: 1.3758281469345093
Train loss_G: 0.4331247806549072
Test loss_G: 0.4986011300768171

=============== Epoch: 12
Adjusting learning rate of group 0 to 1.0000e-17.
Adjusting learning rate of group 0 to 9.8206e-05.

Train loss_D: 1.3763995170593262
Train loss_G: 0.42575690150260925
Test loss_G: 0.4975511410406658

=============== Epoch: 13
Adjusting learning rate of group 0 to 1.0000e-18.
Adjusting learning rate of group 0 to 9.7921e-05.

Train loss_D: 1.3804758787155151
Train loss_G: 0.4184560179710388
Test loss_G: 0.49660739834819523

=============== Epoch: 14
Adjusting learning rate of group 0 to 1.0000e-19.
Adjusting learning rate of group 0 to 9.7616e-05.

Train loss_D: 1.3877710103988647
Train loss_G: 0.4112071394920349
Test loss_G: 0.495765392269407

=============== Epoch: 15
Adjusting learning rate of group 0 to 1.0000e-20.
Adjusting learning rate of group 0 to 9.7291e-05.

Train loss_D: 1.3981012105941772
Train loss_G: 0.4039972722530365
Test loss_G: 0.4950208844883101

=============== Epoch: 16
Adjusting learning rate of group 0 to 1.0000e-21.
Adjusting learning rate of group 0 to 9.6945e-05.

Train loss_D: 1.411250114440918
Train loss_G: 0.3968179225921631
Test loss_G: 0.4943711001958166

=============== Epoch: 17
Adjusting learning rate of group 0 to 1.0000e-22.
Adjusting learning rate of group 0 to 9.6580e-05.

Train loss_D: 1.4269981384277344
Train loss_G: 0.38966161012649536
Test loss_G: 0.49381353173937115

=============== Epoch: 18
Adjusting learning rate of group 0 to 1.0000e-23.
Adjusting learning rate of group 0 to 9.6194e-05.

Train loss_D: 1.4450732469558716
Train loss_G: 0.3825237452983856
Test loss_G: 0.4933465101889202

=============== Epoch: 19
Adjusting learning rate of group 0 to 1.0000e-24.
Adjusting learning rate of group 0 to 9.5789e-05.

Train loss_D: 1.4651833772659302
Train loss_G: 0.3754047751426697
Test loss_G: 0.49296796534742626

=============== Epoch: 20
Adjusting learning rate of group 0 to 1.0000e-25.
Adjusting learning rate of group 0 to 9.5364e-05.

Train loss_D: 1.4871991872787476
Train loss_G: 0.3683091998100281
Test loss_G: 0.49267597815820147

=============== Epoch: 21
Adjusting learning rate of group 0 to 1.0000e-26.
Adjusting learning rate of group 0 to 9.4920e-05.

Train loss_D: 1.5108212232589722
Train loss_G: 0.3612407147884369
Test loss_G: 0.49246811866760254

=============== Epoch: 22
Adjusting learning rate of group 0 to 1.0000e-27.
Adjusting learning rate of group 0 to 9.4456e-05.

Train loss_D: 1.536000370979309
Train loss_G: 0.3542003333568573
Test loss_G: 0.49234217405319214

=============== Epoch: 23
Adjusting learning rate of group 0 to 1.0000e-28.
Adjusting learning rate of group 0 to 9.3974e-05.

Train loss_D: 1.5624632835388184
Train loss_G: 0.34719452261924744
Test loss_G: 0.49229637320552555

=============== Epoch: 24
Adjusting learning rate of group 0 to 1.0000e-29.
Adjusting learning rate of group 0 to 9.3472e-05.

Train loss_D: 1.589949131011963
Train loss_G: 0.34023135900497437
Test loss_G: 0.49232843837567736

=============== Epoch: 25
Adjusting learning rate of group 0 to 1.0000e-30.
Adjusting learning rate of group 0 to 9.2953e-05.

Train loss_D: 1.6184009313583374
Train loss_G: 0.3333214521408081
Test loss_G: 0.4924358980996268

=============== Epoch: 26
Adjusting learning rate of group 0 to 1.0000e-31.
Adjusting learning rate of group 0 to 9.2415e-05.

Train loss_D: 1.6475720405578613
Train loss_G: 0.3264741897583008
Test loss_G: 0.4926164671778679

=============== Epoch: 27
Adjusting learning rate of group 0 to 1.0000e-32.
Adjusting learning rate of group 0 to 9.1858e-05.

Train loss_D: 1.6773195266723633
Train loss_G: 0.31970030069351196
Test loss_G: 0.4928683266043663

=============== Epoch: 28
Adjusting learning rate of group 0 to 1.0000e-33.
Adjusting learning rate of group 0 to 9.1284e-05.

Train loss_D: 1.7074625492095947
Train loss_G: 0.3130130171775818
Test loss_G: 0.4931893338050161

=============== Epoch: 29
Adjusting learning rate of group 0 to 1.0000e-34.
Adjusting learning rate of group 0 to 9.0692e-05.

Train loss_D: 1.7377656698226929
Train loss_G: 0.306426465511322
Test loss_G: 0.4935778890337263

=============== Epoch: 30
Adjusting learning rate of group 0 to 1.0000e-35.
Adjusting learning rate of group 0 to 9.0083e-05.

Train loss_D: 1.7680563926696777
Train loss_G: 0.2999576926231384
Test loss_G: 0.49403212538787294

=============== Epoch: 31
Adjusting learning rate of group 0 to 1.0000e-36.
Adjusting learning rate of group 0 to 8.9457e-05.

Train loss_D: 1.7982702255249023
Train loss_G: 0.29362303018569946
Test loss_G: 0.49455021747520994

=============== Epoch: 32
Adjusting learning rate of group 0 to 1.0000e-37.
Adjusting learning rate of group 0 to 8.8814e-05.

Train loss_D: 1.828170657157898
Train loss_G: 0.2874349355697632
Test loss_G: 0.4951306294117655

=============== Epoch: 33
Adjusting learning rate of group 0 to 1.0000e-38.
Adjusting learning rate of group 0 to 8.8154e-05.

Train loss_D: 1.8577300310134888
Train loss_G: 0.2814072072505951
Test loss_G: 0.49577140488794874

=============== Epoch: 34
Adjusting learning rate of group 0 to 1.0000e-39.
Adjusting learning rate of group 0 to 8.7478e-05.

Train loss_D: 1.8867977857589722
Train loss_G: 0.2755514681339264
Test loss_G: 0.4964700671178954

=============== Epoch: 35
Adjusting learning rate of group 0 to 1.0000e-40.
Adjusting learning rate of group 0 to 8.6786e-05.

Train loss_D: 1.915248155593872
Train loss_G: 0.2698737382888794
Test loss_G: 0.4972244437251772

=============== Epoch: 36
Adjusting learning rate of group 0 to 1.0000e-41.
Adjusting learning rate of group 0 to 8.6078e-05.

Train loss_D: 1.9431565999984741
Train loss_G: 0.26437878608703613
Test loss_G: 0.49803287216595243

=============== Epoch: 37
Adjusting learning rate of group 0 to 1.0000e-42.
Adjusting learning rate of group 0 to 8.5355e-05.

Train loss_D: 1.9705235958099365
Train loss_G: 0.2590675950050354
Test loss_G: 0.49889386338847025

=============== Epoch: 38
Adjusting learning rate of group 0 to 1.0000e-43.
Adjusting learning rate of group 0 to 8.4617e-05.

Train loss_D: 1.9974133968353271
Train loss_G: 0.2539382874965668
Test loss_G: 0.4998068053807531

=============== Epoch: 39
Adjusting learning rate of group 0 to 1.0000e-44.
Adjusting learning rate of group 0 to 8.3864e-05.

Train loss_D: 2.023691177368164
Train loss_G: 0.2489910125732422
Test loss_G: 0.5007703623601368

=============== Epoch: 40
Adjusting learning rate of group 0 to 1.0000e-45.
Adjusting learning rate of group 0 to 8.3097e-05.

Train loss_D: 2.0492639541625977
Train loss_G: 0.2442266047000885
Test loss_G: 0.5017827919551304

=============== Epoch: 41
Adjusting learning rate of group 0 to 1.0000e-46.
Adjusting learning rate of group 0 to 8.2315e-05.

Train loss_D: 2.0740623474121094
Train loss_G: 0.23964691162109375
Test loss_G: 0.5028417536190578

=============== Epoch: 42
Adjusting learning rate of group 0 to 1.0000e-47.
Adjusting learning rate of group 0 to 8.1520e-05.

Train loss_D: 2.097933053970337
Train loss_G: 0.23525094985961914
Test loss_G: 0.5039455709712846

=============== Epoch: 43
Adjusting learning rate of group 0 to 1.0000e-48.
Adjusting learning rate of group 0 to 8.0711e-05.

Train loss_D: 2.1209053993225098
Train loss_G: 0.23103705048561096
Test loss_G: 0.5050918725984437

=============== Epoch: 44
Adjusting learning rate of group 0 to 1.0000e-49.
Adjusting learning rate of group 0 to 7.9889e-05.

Train loss_D: 2.1430468559265137
Train loss_G: 0.2270062416791916
Test loss_G: 0.5062772291047233

=============== Epoch: 45
Adjusting learning rate of group 0 to 1.0000e-50.
Adjusting learning rate of group 0 to 7.9054e-05.

Train loss_D: 2.164246082305908
Train loss_G: 0.22315804660320282
Test loss_G: 0.5074967433299337

=============== Epoch: 46
Adjusting learning rate of group 0 to 1.0000e-51.
Adjusting learning rate of group 0 to 7.8207e-05.

Train loss_D: 2.184568405151367
Train loss_G: 0.21948742866516113
Test loss_G: 0.5087443121841976

=============== Epoch: 47
Adjusting learning rate of group 0 to 1.0000e-52.
Adjusting learning rate of group 0 to 7.7347e-05.

Train loss_D: 2.204056739807129
Train loss_G: 0.21598820388317108
Test loss_G: 0.5100143211228507

=============== Epoch: 48
Adjusting learning rate of group 0 to 1.0000e-53.
Adjusting learning rate of group 0 to 7.6476e-05.

Train loss_D: 2.2227299213409424
Train loss_G: 0.21265169978141785
Test loss_G: 0.5113015962498528

=============== Epoch: 49
Adjusting learning rate of group 0 to 1.0000e-54.
Adjusting learning rate of group 0 to 7.5594e-05.

Train loss_D: 2.2406527996063232
Train loss_G: 0.209468811750412
Test loss_G: 0.5126015192696026

