Adjusting learning rate of group 0 to 2.0000e-04.
Adjusting learning rate of group 0 to 2.0000e-04.
=============== Epoch: 0
Adjusting learning rate of group 0 to 2.0000e-05.
Adjusting learning rate of group 0 to 2.0000e-05.

Train loss_D: 278.6096721664071
Train loss_G: 0.5327340019376654
Test loss_G: 0.48647154229027884

=============== Epoch: 1
Adjusting learning rate of group 0 to 2.0000e-06.
Adjusting learning rate of group 0 to 2.0000e-06.

Train loss_D: 35.74627689272165
Train loss_G: 0.4739831874245091
Test loss_G: 0.4817122902188982

=============== Epoch: 2
Adjusting learning rate of group 0 to 2.0000e-07.
Adjusting learning rate of group 0 to 2.0000e-07.

Train loss_D: 28.738618105649948
Train loss_G: 0.4721734068895641
Test loss_G: 0.4828635113579886

=============== Epoch: 3
Adjusting learning rate of group 0 to 2.0000e-08.
Adjusting learning rate of group 0 to 2.0000e-08.

Train loss_D: 27.026648215949535
Train loss_G: 0.47560416083586843
Test loss_G: 0.48381922926221577

=============== Epoch: 4
Adjusting learning rate of group 0 to 2.0000e-09.
Adjusting learning rate of group 0 to 2.0000e-09.

Train loss_D: 26.689612917602062
Train loss_G: 0.4794248734649859
Test loss_G: 0.48404229964528767

=============== Epoch: 5
Adjusting learning rate of group 0 to 2.0000e-10.
Adjusting learning rate of group 0 to 2.0000e-10.

Train loss_D: 26.640526488423347
Train loss_G: 0.4832378249419363
Test loss_G: 0.48407623171806335

=============== Epoch: 6
Adjusting learning rate of group 0 to 2.0000e-11.
Adjusting learning rate of group 0 to 2.0000e-11.

Train loss_D: 26.635342948138714
Train loss_G: 0.4870424913732629
Test loss_G: 0.48408100860459463

=============== Epoch: 7
Adjusting learning rate of group 0 to 2.0000e-12.
Adjusting learning rate of group 0 to 2.0000e-12.

Train loss_D: 26.635201528668404
Train loss_G: 0.49084575395835073
Test loss_G: 0.48408165999821257

=============== Epoch: 8
Adjusting learning rate of group 0 to 2.0000e-13.
Adjusting learning rate of group 0 to 2.0000e-13.

Train loss_D: 26.635198414325714
Train loss_G: 0.4946490008580057
Test loss_G: 0.48408176217760357

=============== Epoch: 9
Adjusting learning rate of group 0 to 2.0000e-14.
Adjusting learning rate of group 0 to 2.0000e-14.

Train loss_D: 26.635200679302216
Train loss_G: 0.49845222422951146
Test loss_G: 0.48408176217760357

=============== Epoch: 10
Adjusting learning rate of group 0 to 2.0000e-15.
Adjusting learning rate of group 0 to 2.0000e-15.

Train loss_D: 26.63519784808159
Train loss_G: 0.5022554287784978
Test loss_G: 0.4840817664350782

=============== Epoch: 11
Adjusting learning rate of group 0 to 2.0000e-16.
Adjusting learning rate of group 0 to 2.0000e-16.

Train loss_D: 26.635199829936028
Train loss_G: 0.5060586646983498
Test loss_G: 0.4840817706925528

=============== Epoch: 12
Adjusting learning rate of group 0 to 2.0000e-17.
Adjusting learning rate of group 0 to 2.0000e-17.

Train loss_D: 26.63520011305809
Train loss_G: 0.5098618802271391
Test loss_G: 0.484081757920129

=============== Epoch: 13
Adjusting learning rate of group 0 to 2.0000e-18.
Adjusting learning rate of group 0 to 2.0000e-18.

Train loss_D: 26.63519813120365
Train loss_G: 0.5136650894817553
Test loss_G: 0.4840817664350782

=============== Epoch: 14
Adjusting learning rate of group 0 to 2.0000e-19.
Adjusting learning rate of group 0 to 2.0000e-19.

Train loss_D: 26.63519898056984
Train loss_G: 0.5174683489297566
Test loss_G: 0.4840817664350782

=============== Epoch: 15
Adjusting learning rate of group 0 to 2.0000e-20.
Adjusting learning rate of group 0 to 2.0000e-20.

Train loss_D: 26.635198839008808
Train loss_G: 0.5212715456360265
Test loss_G: 0.4840817664350782

=============== Epoch: 16
Adjusting learning rate of group 0 to 2.0000e-21.
Adjusting learning rate of group 0 to 2.0000e-21.

Train loss_D: 26.635197706520557
Train loss_G: 0.5250747643019024
Test loss_G: 0.4840817664350782

=============== Epoch: 17
Adjusting learning rate of group 0 to 2.0000e-22.
Adjusting learning rate of group 0 to 2.0000e-22.

Train loss_D: 26.635197423398495
Train loss_G: 0.5288779986532111
Test loss_G: 0.4840817664350782

=============== Epoch: 18
Adjusting learning rate of group 0 to 2.0000e-23.
Adjusting learning rate of group 0 to 2.0000e-23.

Train loss_D: 26.63520025461912
Train loss_G: 0.5326812235932601
Test loss_G: 0.4840817664350782

=============== Epoch: 19
Adjusting learning rate of group 0 to 2.0000e-24.
Adjusting learning rate of group 0 to 2.0000e-24.

Train loss_D: 26.635197564959526
Train loss_G: 0.5364844234366166
Test loss_G: 0.4840817664350782

=============== Epoch: 20
Adjusting learning rate of group 0 to 2.0000e-25.
Adjusting learning rate of group 0 to 2.0000e-25.

Train loss_D: 26.635199405252934
Train loss_G: 0.5402876421024925
Test loss_G: 0.4840817664350782

=============== Epoch: 21
Adjusting learning rate of group 0 to 2.0000e-26.
Adjusting learning rate of group 0 to 2.0000e-26.

Train loss_D: 26.635196574032307
Train loss_G: 0.544090892139234
Test loss_G: 0.4840817664350782

=============== Epoch: 22
Adjusting learning rate of group 0 to 2.0000e-27.
Adjusting learning rate of group 0 to 2.0000e-27.

Train loss_D: 26.63519898056984
Train loss_G: 0.5478941013938502
Test loss_G: 0.4840817664350782

=============== Epoch: 23
Adjusting learning rate of group 0 to 2.0000e-28.
Adjusting learning rate of group 0 to 2.0000e-28.

Train loss_D: 26.63519813120365
Train loss_G: 0.5516973200597262
Test loss_G: 0.4840817664350782

=============== Epoch: 24
Adjusting learning rate of group 0 to 2.0000e-29.
Adjusting learning rate of group 0 to 2.0000e-29.

Train loss_D: 26.635200537741184
Train loss_G: 0.5555005606852079
Test loss_G: 0.4840817664350782

=============== Epoch: 25
Adjusting learning rate of group 0 to 2.0000e-30.
Adjusting learning rate of group 0 to 2.0000e-30.

Train loss_D: 26.635198839008808
Train loss_G: 0.5593037824881705
Test loss_G: 0.4840817664350782

=============== Epoch: 26
Adjusting learning rate of group 0 to 2.0000e-31.
Adjusting learning rate of group 0 to 2.0000e-31.

Train loss_D: 26.635198839008808
Train loss_G: 0.5631069917427866
Test loss_G: 0.4840817664350782

=============== Epoch: 27
Adjusting learning rate of group 0 to 2.0000e-32.
Adjusting learning rate of group 0 to 2.0000e-32.

Train loss_D: 26.635197140276432
Train loss_G: 0.5669102323682684
Test loss_G: 0.4840817664350782

=============== Epoch: 28
Adjusting learning rate of group 0 to 2.0000e-33.
Adjusting learning rate of group 0 to 2.0000e-33.

Train loss_D: 26.635197281837463
Train loss_G: 0.5707134290745384
Test loss_G: 0.4840817664350782

=============== Epoch: 29
Adjusting learning rate of group 0 to 2.0000e-34.
Adjusting learning rate of group 0 to 2.0000e-34.

Train loss_D: 26.63520025461912
Train loss_G: 0.5745166477404142
Test loss_G: 0.4840817664350782

=============== Epoch: 30
Adjusting learning rate of group 0 to 2.0000e-35.
Adjusting learning rate of group 0 to 2.0000e-35.

Train loss_D: 26.635198555886745
Train loss_G: 0.5783198883658961
Test loss_G: 0.4840817664350782

=============== Epoch: 31
Adjusting learning rate of group 0 to 2.0000e-36.
Adjusting learning rate of group 0 to 2.0000e-36.

Train loss_D: 26.635200396180153
Train loss_G: 0.5821231070317721
Test loss_G: 0.4840817664350782

=============== Epoch: 32
Adjusting learning rate of group 0 to 2.0000e-37.
Adjusting learning rate of group 0 to 2.0000e-37.

Train loss_D: 26.6351969987154
Train loss_G: 0.5859263288347345
Test loss_G: 0.4840817664350782

=============== Epoch: 33
Adjusting learning rate of group 0 to 2.0000e-38.
Adjusting learning rate of group 0 to 2.0000e-38.

Train loss_D: 26.6351969987154
Train loss_G: 0.5897295600489566
Test loss_G: 0.4840817664350782

=============== Epoch: 34
Adjusting learning rate of group 0 to 2.0000e-39.
Adjusting learning rate of group 0 to 2.0000e-39.

Train loss_D: 26.635198555886745
Train loss_G: 0.5935327661664862
Test loss_G: 0.4840817664350782

=============== Epoch: 35
Adjusting learning rate of group 0 to 2.0000e-40.
Adjusting learning rate of group 0 to 2.0000e-40.

Train loss_D: 26.635201670229435
Train loss_G: 0.5973359848323622
Test loss_G: 0.4840817664350782

=============== Epoch: 36
Adjusting learning rate of group 0 to 2.0000e-41.
Adjusting learning rate of group 0 to 2.0000e-41.

Train loss_D: 26.635197140276432
Train loss_G: 0.6011392380061903
Test loss_G: 0.4840817664350782

=============== Epoch: 37
Adjusting learning rate of group 0 to 2.0000e-42.
Adjusting learning rate of group 0 to 2.0000e-42.

Train loss_D: 26.635196574032307
Train loss_G: 0.6049424472608065
Test loss_G: 0.4840817664350782

=============== Epoch: 38
Adjusting learning rate of group 0 to 2.0000e-43.
Adjusting learning rate of group 0 to 2.0000e-43.

Train loss_D: 26.63519912213087
Train loss_G: 0.6087456502412495
Test loss_G: 0.4840817664350782

=============== Epoch: 39
Adjusting learning rate of group 0 to 2.0000e-44.
Adjusting learning rate of group 0 to 2.0000e-44.

Train loss_D: 26.635198839008808
Train loss_G: 0.612548900277991
Test loss_G: 0.4840817664350782

=============== Epoch: 40
Adjusting learning rate of group 0 to 2.0000e-45.
Adjusting learning rate of group 0 to 2.0000e-45.

Train loss_D: 26.635197281837463
Train loss_G: 0.6163520938471744
Test loss_G: 0.4840817664350782

=============== Epoch: 41
Adjusting learning rate of group 0 to 2.0000e-46.
Adjusting learning rate of group 0 to 2.0000e-46.

Train loss_D: 26.635198414325714
Train loss_G: 0.6201553281984831
Test loss_G: 0.4840817664350782

=============== Epoch: 42
Adjusting learning rate of group 0 to 2.0000e-47.
Adjusting learning rate of group 0 to 2.0000e-47.

Train loss_D: 26.63519898056984
Train loss_G: 0.6239585656868784
Test loss_G: 0.4840817664350782

=============== Epoch: 43
Adjusting learning rate of group 0 to 2.0000e-48.
Adjusting learning rate of group 0 to 2.0000e-48.

Train loss_D: 26.635198272764683
Train loss_G: 0.6277617623931483
Test loss_G: 0.4840817664350782

=============== Epoch: 44
Adjusting learning rate of group 0 to 2.0000e-49.
Adjusting learning rate of group 0 to 2.0000e-49.

Train loss_D: 26.63519912213087
Train loss_G: 0.6315649998815436
Test loss_G: 0.4840817664350782

=============== Epoch: 45
Adjusting learning rate of group 0 to 2.0000e-50.
Adjusting learning rate of group 0 to 2.0000e-50.

Train loss_D: 26.635199688374996
Train loss_G: 0.6353682310957658
Test loss_G: 0.4840817664350782

=============== Epoch: 46
Adjusting learning rate of group 0 to 2.0000e-51.
Adjusting learning rate of group 0 to 2.0000e-51.

Train loss_D: 26.635199546813965
Train loss_G: 0.6391714623099879
Test loss_G: 0.4840817664350782

=============== Epoch: 47
Adjusting learning rate of group 0 to 2.0000e-52.
Adjusting learning rate of group 0 to 2.0000e-52.

Train loss_D: 26.635198555886745
Train loss_G: 0.6429746621533444
Test loss_G: 0.4840817664350782

=============== Epoch: 48
Adjusting learning rate of group 0 to 2.0000e-53.
Adjusting learning rate of group 0 to 2.0000e-53.

Train loss_D: 26.635199546813965
Train loss_G: 0.6467778776821337
Test loss_G: 0.4840817664350782

=============== Epoch: 49
Adjusting learning rate of group 0 to 2.0000e-54.
Adjusting learning rate of group 0 to 2.0000e-54.

Train loss_D: 26.635198555886745
Train loss_G: 0.6505811214447021
Test loss_G: 0.4840817664350782

=============== Epoch: 50
Adjusting learning rate of group 0 to 2.0000e-55.
Adjusting learning rate of group 0 to 2.0000e-55.

Train loss_D: 26.635196432471275
Train loss_G: 0.6543843118767989
Test loss_G: 0.4840817664350782

=============== Epoch: 51
Adjusting learning rate of group 0 to 2.0000e-56.
Adjusting learning rate of group 0 to 2.0000e-56.

Train loss_D: 26.63520096242428
Train loss_G: 0.6581875744618868
Test loss_G: 0.4840817664350782

=============== Epoch: 52
Adjusting learning rate of group 0 to 2.0000e-57.
Adjusting learning rate of group 0 to 2.0000e-57.

Train loss_D: 26.63520124554634
Train loss_G: 0.6619907774423298
Test loss_G: 0.4840817664350782

=============== Epoch: 53
Adjusting learning rate of group 0 to 2.0000e-58.
Adjusting learning rate of group 0 to 2.0000e-58.

Train loss_D: 26.635198555886745
Train loss_G: 0.6657939835598594
Test loss_G: 0.4840817664350782

=============== Epoch: 54
Adjusting learning rate of group 0 to 2.0000e-59.
Adjusting learning rate of group 0 to 2.0000e-59.

Train loss_D: 26.635200396180153
Train loss_G: 0.6695972179111681
Test loss_G: 0.4840817664350782

=============== Epoch: 55
Adjusting learning rate of group 0 to 2.0000e-60.
Adjusting learning rate of group 0 to 2.0000e-60.

Train loss_D: 26.635199546813965
Train loss_G: 0.6734004428512171
Test loss_G: 0.4840817664350782

=============== Epoch: 56
Adjusting learning rate of group 0 to 2.0000e-61.
Adjusting learning rate of group 0 to 2.0000e-61.

Train loss_D: 26.635198697447777
Train loss_G: 0.6772036521058333
Test loss_G: 0.4840817664350782

=============== Epoch: 57
Adjusting learning rate of group 0 to 2.0000e-62.
Adjusting learning rate of group 0 to 2.0000e-62.

Train loss_D: 26.635197281837463
Train loss_G: 0.6810069021425749
Test loss_G: 0.4840817664350782

=============== Epoch: 58
Adjusting learning rate of group 0 to 2.0000e-63.
Adjusting learning rate of group 0 to 2.0000e-63.

Train loss_D: 26.635200396180153
Train loss_G: 0.6848101145342776
Test loss_G: 0.4840817664350782

=============== Epoch: 59
Adjusting learning rate of group 0 to 2.0000e-64.
Adjusting learning rate of group 0 to 2.0000e-64.

Train loss_D: 26.635199829936028
Train loss_G: 0.6886133457484999
Test loss_G: 0.4840817664350782

=============== Epoch: 60
Adjusting learning rate of group 0 to 2.0000e-65.
Adjusting learning rate of group 0 to 2.0000e-65.

Train loss_D: 26.635199688374996
Train loss_G: 0.6924165393176832
Test loss_G: 0.4840817664350782

=============== Epoch: 61
Adjusting learning rate of group 0 to 2.0000e-66.
Adjusting learning rate of group 0 to 2.0000e-66.

Train loss_D: 26.635199405252934
Train loss_G: 0.696219801902771
Test loss_G: 0.4840817664350782

=============== Epoch: 62
Adjusting learning rate of group 0 to 2.0000e-67.
Adjusting learning rate of group 0 to 2.0000e-67.

Train loss_D: 26.635200396180153
Train loss_G: 0.700023004883214
Test loss_G: 0.4840817664350782

=============== Epoch: 63
Adjusting learning rate of group 0 to 2.0000e-68.
Adjusting learning rate of group 0 to 2.0000e-68.

Train loss_D: 26.635198697447777
Train loss_G: 0.7038262110007437
Test loss_G: 0.4840817664350782

=============== Epoch: 64
Adjusting learning rate of group 0 to 2.0000e-69.
Adjusting learning rate of group 0 to 2.0000e-69.

Train loss_D: 26.635199688374996
Train loss_G: 0.7076294296666196
Test loss_G: 0.4840817664350782

=============== Epoch: 65
Adjusting learning rate of group 0 to 2.0000e-70.
Adjusting learning rate of group 0 to 2.0000e-70.

Train loss_D: 26.635198697447777
Train loss_G: 0.7114326828404477
Test loss_G: 0.4840817664350782

=============== Epoch: 66
Adjusting learning rate of group 0 to 2.0000e-71.
Adjusting learning rate of group 0 to 2.0000e-71.

Train loss_D: 26.63520025461912
Train loss_G: 0.7152358638612848
Test loss_G: 0.4840817664350782

=============== Epoch: 67
Adjusting learning rate of group 0 to 2.0000e-72.
Adjusting learning rate of group 0 to 2.0000e-72.

Train loss_D: 26.63519798964262
Train loss_G: 0.7190391201721994
Test loss_G: 0.4840817664350782

=============== Epoch: 68
Adjusting learning rate of group 0 to 2.0000e-73.
Adjusting learning rate of group 0 to 2.0000e-73.

Train loss_D: 26.635199546813965
Train loss_G: 0.7228423513864216
Test loss_G: 0.4840817664350782

=============== Epoch: 69
Adjusting learning rate of group 0 to 2.0000e-74.
Adjusting learning rate of group 0 to 2.0000e-74.

Train loss_D: 26.63519798964262
Train loss_G: 0.7266455386814318
Test loss_G: 0.4840817664350782

=============== Epoch: 70
Adjusting learning rate of group 0 to 2.0000e-75.
Adjusting learning rate of group 0 to 2.0000e-75.

Train loss_D: 26.635198555886745
Train loss_G: 0.7304487793069137
Test loss_G: 0.4840817664350782

=============== Epoch: 71
Adjusting learning rate of group 0 to 2.0000e-76.
Adjusting learning rate of group 0 to 2.0000e-76.

Train loss_D: 26.635198555886745
Train loss_G: 0.7342520167953089
Test loss_G: 0.4840817664350782

=============== Epoch: 72
Adjusting learning rate of group 0 to 2.0000e-77.
Adjusting learning rate of group 0 to 2.0000e-77.

Train loss_D: 26.63519997149706
Train loss_G: 0.7380552354611849
Test loss_G: 0.4840817664350782

=============== Epoch: 73
Adjusting learning rate of group 0 to 2.0000e-78.
Adjusting learning rate of group 0 to 2.0000e-78.

Train loss_D: 26.635199688374996
Train loss_G: 0.7418584447158011
Test loss_G: 0.4840817664350782

=============== Epoch: 74
Adjusting learning rate of group 0 to 2.0000e-79.
Adjusting learning rate of group 0 to 2.0000e-79.

Train loss_D: 26.635198414325714
Train loss_G: 0.7456616790671098
Test loss_G: 0.4840817664350782

=============== Epoch: 75
Adjusting learning rate of group 0 to 2.0000e-80.
Adjusting learning rate of group 0 to 2.0000e-80.

Train loss_D: 26.63520096242428
Train loss_G: 0.7494649228296781
Test loss_G: 0.4840817664350782

=============== Epoch: 76
Adjusting learning rate of group 0 to 2.0000e-81.
Adjusting learning rate of group 0 to 2.0000e-81.

Train loss_D: 26.635199263691902
Train loss_G: 0.7532681226730347
Test loss_G: 0.4840817664350782

=============== Epoch: 77
Adjusting learning rate of group 0 to 2.0000e-82.
Adjusting learning rate of group 0 to 2.0000e-82.

Train loss_D: 26.63519997149706
Train loss_G: 0.7570713570243434
Test loss_G: 0.4840817664350782

=============== Epoch: 78
Adjusting learning rate of group 0 to 2.0000e-83.
Adjusting learning rate of group 0 to 2.0000e-83.

Train loss_D: 26.635198555886745
Train loss_G: 0.7608745756902193
Test loss_G: 0.4840817664350782

=============== Epoch: 79
Adjusting learning rate of group 0 to 2.0000e-84.
Adjusting learning rate of group 0 to 2.0000e-84.

Train loss_D: 26.635198555886745
Train loss_G: 0.7646777692594027
Test loss_G: 0.4840817664350782

=============== Epoch: 80
Adjusting learning rate of group 0 to 2.0000e-85.
Adjusting learning rate of group 0 to 2.0000e-85.

Train loss_D: 26.63519997149706
Train loss_G: 0.7684809847881919
Test loss_G: 0.4840817664350782

=============== Epoch: 81
Adjusting learning rate of group 0 to 2.0000e-86.
Adjusting learning rate of group 0 to 2.0000e-86.

Train loss_D: 26.635197281837463
Train loss_G: 0.7722842536474529
Test loss_G: 0.4840817664350782

=============== Epoch: 82
Adjusting learning rate of group 0 to 2.0000e-87.
Adjusting learning rate of group 0 to 2.0000e-87.

Train loss_D: 26.63520124554634
Train loss_G: 0.7760874723133288
Test loss_G: 0.4840817664350782

=============== Epoch: 83
Adjusting learning rate of group 0 to 2.0000e-88.
Adjusting learning rate of group 0 to 2.0000e-88.

Train loss_D: 26.635197706520557
Train loss_G: 0.7798906847050315
Test loss_G: 0.4840817664350782

=============== Epoch: 84
Adjusting learning rate of group 0 to 2.0000e-89.
Adjusting learning rate of group 0 to 2.0000e-89.

Train loss_D: 26.635198839008808
Train loss_G: 0.7836938908225611
Test loss_G: 0.4840817664350782

=============== Epoch: 85
Adjusting learning rate of group 0 to 2.0000e-90.
Adjusting learning rate of group 0 to 2.0000e-90.

Train loss_D: 26.635197706520557
Train loss_G: 0.7874971408593027
Test loss_G: 0.4840817664350782

=============== Epoch: 86
Adjusting learning rate of group 0 to 2.0000e-91.
Adjusting learning rate of group 0 to 2.0000e-91.

Train loss_D: 26.635199405252934
Train loss_G: 0.7913003407026592
Test loss_G: 0.4840817664350782

=============== Epoch: 87
Adjusting learning rate of group 0 to 2.0000e-92.
Adjusting learning rate of group 0 to 2.0000e-92.

Train loss_D: 26.635197423398495
Train loss_G: 0.7951035813281411
Test loss_G: 0.4840817664350782

=============== Epoch: 88
Adjusting learning rate of group 0 to 2.0000e-93.
Adjusting learning rate of group 0 to 2.0000e-93.

Train loss_D: 26.63519798964262
Train loss_G: 0.7989068156794498
Test loss_G: 0.4840817664350782

=============== Epoch: 89
Adjusting learning rate of group 0 to 2.0000e-94.
Adjusting learning rate of group 0 to 2.0000e-94.

Train loss_D: 26.635197564959526
Train loss_G: 0.80271000297446
Test loss_G: 0.4840817664350782

=============== Epoch: 90
Adjusting learning rate of group 0 to 2.0000e-95.
Adjusting learning rate of group 0 to 2.0000e-95.

Train loss_D: 26.63519813120365
Train loss_G: 0.8065132185032493
Test loss_G: 0.4840817664350782

=============== Epoch: 91
Adjusting learning rate of group 0 to 2.0000e-96.
Adjusting learning rate of group 0 to 2.0000e-96.

Train loss_D: 26.63519997149706
Train loss_G: 0.8103164810883371
Test loss_G: 0.4840817664350782

=============== Epoch: 92
Adjusting learning rate of group 0 to 2.0000e-97.
Adjusting learning rate of group 0 to 2.0000e-97.

Train loss_D: 26.635201670229435
Train loss_G: 0.8141197091654727
Test loss_G: 0.4840817664350782

=============== Epoch: 93
Adjusting learning rate of group 0 to 2.0000e-98.
Adjusting learning rate of group 0 to 2.0000e-98.

Train loss_D: 26.63520011305809
Train loss_G: 0.8179229027346561
Test loss_G: 0.4840817664350782

=============== Epoch: 94
Adjusting learning rate of group 0 to 2.0000e-99.
Adjusting learning rate of group 0 to 2.0000e-99.

Train loss_D: 26.635200820863247
Train loss_G: 0.8217261402230513
Test loss_G: 0.4840817664350782

=============== Epoch: 95
Adjusting learning rate of group 0 to 2.0000e-100.
Adjusting learning rate of group 0 to 2.0000e-100.

Train loss_D: 26.635200396180153
Train loss_G: 0.825529368300187
Test loss_G: 0.4840817664350782

=============== Epoch: 96
Adjusting learning rate of group 0 to 2.0000e-101.
Adjusting learning rate of group 0 to 2.0000e-101.

Train loss_D: 26.635196290910244
Train loss_G: 0.82933257128063
Test loss_G: 0.4840817664350782

=============== Epoch: 97
Adjusting learning rate of group 0 to 2.0000e-102.
Adjusting learning rate of group 0 to 2.0000e-102.

Train loss_D: 26.63519813120365
Train loss_G: 0.8331357648498133
Test loss_G: 0.4840817664350782

=============== Epoch: 98
Adjusting learning rate of group 0 to 2.0000e-103.
Adjusting learning rate of group 0 to 2.0000e-103.

Train loss_D: 26.63520011305809
Train loss_G: 0.8369389960640355
Test loss_G: 0.4840817664350782

=============== Epoch: 99
Adjusting learning rate of group 0 to 2.0000e-104.
Adjusting learning rate of group 0 to 2.0000e-104.

Train loss_D: 26.63520025461912
Train loss_G: 0.840742217866998
Test loss_G: 0.4840817664350782

=============== Epoch: 100
Adjusting learning rate of group 0 to 2.0000e-105.
Adjusting learning rate of group 0 to 2.0000e-105.

Train loss_D: 26.63519898056984
Train loss_G: 0.8445454333957872
Test loss_G: 0.4840817664350782

=============== Epoch: 101
Adjusting learning rate of group 0 to 2.0000e-106.
Adjusting learning rate of group 0 to 2.0000e-106.

Train loss_D: 26.635199263691902
Train loss_G: 0.848348711666308
Test loss_G: 0.4840817664350782

=============== Epoch: 102
Adjusting learning rate of group 0 to 2.0000e-107.
Adjusting learning rate of group 0 to 2.0000e-107.

Train loss_D: 26.63519813120365
Train loss_G: 0.852151914646751
Test loss_G: 0.4840817664350782

=============== Epoch: 103
Adjusting learning rate of group 0 to 2.0000e-108.
Adjusting learning rate of group 0 to 2.0000e-108.

Train loss_D: 26.635198839008808
Train loss_G: 0.8559550988046747
Test loss_G: 0.4840817664350782

=============== Epoch: 104
Adjusting learning rate of group 0 to 2.0000e-109.
Adjusting learning rate of group 0 to 2.0000e-109.

Train loss_D: 26.635199688374996
Train loss_G: 0.8597583519785028
Test loss_G: 0.4840817664350782

=============== Epoch: 105
Adjusting learning rate of group 0 to 2.0000e-110.
Adjusting learning rate of group 0 to 2.0000e-110.

Train loss_D: 26.635198555886745
Train loss_G: 0.8635615580960324
Test loss_G: 0.4840817664350782

=============== Epoch: 106
Adjusting learning rate of group 0 to 2.0000e-111.
Adjusting learning rate of group 0 to 2.0000e-111.

Train loss_D: 26.63520096242428
Train loss_G: 0.8673647767619083
Test loss_G: 0.4840817664350782

=============== Epoch: 107
Adjusting learning rate of group 0 to 2.0000e-112.
Adjusting learning rate of group 0 to 2.0000e-112.

Train loss_D: 26.635198697447777
Train loss_G: 0.8711680142503035
Test loss_G: 0.4840817664350782

=============== Epoch: 108
Adjusting learning rate of group 0 to 2.0000e-113.
Adjusting learning rate of group 0 to 2.0000e-113.

Train loss_D: 26.635200537741184
Train loss_G: 0.8749712391903526
Test loss_G: 0.4840817664350782

=============== Epoch: 109
Adjusting learning rate of group 0 to 2.0000e-114.
Adjusting learning rate of group 0 to 2.0000e-114.

Train loss_D: 26.635199405252934
Train loss_G: 0.8787744296224493
Test loss_G: 0.4840817664350782

=============== Epoch: 110
Adjusting learning rate of group 0 to 2.0000e-115.
Adjusting learning rate of group 0 to 2.0000e-115.

Train loss_D: 26.635198555886745
Train loss_G: 0.882577679659191
Test loss_G: 0.4840817664350782

=============== Epoch: 111
Adjusting learning rate of group 0 to 2.0000e-116.
Adjusting learning rate of group 0 to 2.0000e-116.

Train loss_D: 26.63520096242428
Train loss_G: 0.8863809077363265
Test loss_G: 0.4840817664350782

=============== Epoch: 112
Adjusting learning rate of group 0 to 2.0000e-117.
Adjusting learning rate of group 0 to 2.0000e-117.

Train loss_D: 26.635199405252934
Train loss_G: 0.8901841389505487
Test loss_G: 0.4840817664350782

=============== Epoch: 113
Adjusting learning rate of group 0 to 2.0000e-118.
Adjusting learning rate of group 0 to 2.0000e-118.

Train loss_D: 26.63519784808159
Train loss_G: 0.8939873419309917
Test loss_G: 0.4840817664350782

=============== Epoch: 114
Adjusting learning rate of group 0 to 2.0000e-119.
Adjusting learning rate of group 0 to 2.0000e-119.

Train loss_D: 26.635201528668404
Train loss_G: 0.8977905480485213
Test loss_G: 0.4840817664350782

=============== Epoch: 115
Adjusting learning rate of group 0 to 2.0000e-120.
Adjusting learning rate of group 0 to 2.0000e-120.

Train loss_D: 26.63520124554634
Train loss_G: 0.9015937980852629
Test loss_G: 0.4840817664350782

=============== Epoch: 116
Adjusting learning rate of group 0 to 2.0000e-121.
Adjusting learning rate of group 0 to 2.0000e-121.

Train loss_D: 26.63519898056984
Train loss_G: 0.905397001065706
Test loss_G: 0.4840817664350782

=============== Epoch: 117
Adjusting learning rate of group 0 to 2.0000e-122.
Adjusting learning rate of group 0 to 2.0000e-122.

Train loss_D: 26.63519784808159
Train loss_G: 0.9092002416911878
Test loss_G: 0.4840817664350782

=============== Epoch: 118
Adjusting learning rate of group 0 to 2.0000e-123.
Adjusting learning rate of group 0 to 2.0000e-123.

Train loss_D: 26.635197423398495
Train loss_G: 0.9130034697683234
Test loss_G: 0.4840817664350782

=============== Epoch: 119
Adjusting learning rate of group 0 to 2.0000e-124.
Adjusting learning rate of group 0 to 2.0000e-124.

Train loss_D: 26.635199688374996
Train loss_G: 0.9168066790229396
Test loss_G: 0.4840817664350782

=============== Epoch: 120
Adjusting learning rate of group 0 to 2.0000e-125.
Adjusting learning rate of group 0 to 2.0000e-125.

Train loss_D: 26.63519813120365
Train loss_G: 0.9206098851404692
Test loss_G: 0.4840817664350782

=============== Epoch: 121
Adjusting learning rate of group 0 to 2.0000e-126.
Adjusting learning rate of group 0 to 2.0000e-126.

Train loss_D: 26.635201811790466
Train loss_G: 0.9244131289030376
Test loss_G: 0.4840817664350782

=============== Epoch: 122
Adjusting learning rate of group 0 to 2.0000e-127.
Adjusting learning rate of group 0 to 2.0000e-127.

Train loss_D: 26.635198839008808
Train loss_G: 0.9282163632543463
Test loss_G: 0.4840817664350782

=============== Epoch: 123
Adjusting learning rate of group 0 to 2.0000e-128.
Adjusting learning rate of group 0 to 2.0000e-128.

Train loss_D: 26.63520011305809
Train loss_G: 0.9320195725089625
Test loss_G: 0.4840817664350782

=============== Epoch: 124
Adjusting learning rate of group 0 to 2.0000e-129.
Adjusting learning rate of group 0 to 2.0000e-129.

Train loss_D: 26.63520025461912
Train loss_G: 0.9358227974490115
Test loss_G: 0.4840817664350782

=============== Epoch: 125
Adjusting learning rate of group 0 to 2.0000e-130.
Adjusting learning rate of group 0 to 2.0000e-130.

Train loss_D: 26.635198414325714
Train loss_G: 0.9396260757195322
Test loss_G: 0.4840817664350782

=============== Epoch: 126
Adjusting learning rate of group 0 to 2.0000e-131.
Adjusting learning rate of group 0 to 2.0000e-131.

Train loss_D: 26.635199405252934
Train loss_G: 0.9434292379178499
Test loss_G: 0.4840817664350782

=============== Epoch: 127
Adjusting learning rate of group 0 to 2.0000e-132.
Adjusting learning rate of group 0 to 2.0000e-132.

Train loss_D: 26.63519798964262
Train loss_G: 0.9472325036400243
Test loss_G: 0.4840817664350782

=============== Epoch: 128
Adjusting learning rate of group 0 to 2.0000e-133.
Adjusting learning rate of group 0 to 2.0000e-133.

Train loss_D: 26.635199688374996
Train loss_G: 0.9510357097575539
Test loss_G: 0.4840817664350782

=============== Epoch: 129
Adjusting learning rate of group 0 to 2.0000e-134.
Adjusting learning rate of group 0 to 2.0000e-134.

Train loss_D: 26.635196574032307
Train loss_G: 0.9548389284234298
Test loss_G: 0.4840817664350782

=============== Epoch: 130
Adjusting learning rate of group 0 to 2.0000e-135.
Adjusting learning rate of group 0 to 2.0000e-135.

Train loss_D: 26.63519997149706
Train loss_G: 0.958642165911825
Test loss_G: 0.4840817664350782

=============== Epoch: 131
Adjusting learning rate of group 0 to 2.0000e-136.
Adjusting learning rate of group 0 to 2.0000e-136.

Train loss_D: 26.635198697447777
Train loss_G: 0.9624453751664412
Test loss_G: 0.4840817664350782

=============== Epoch: 132
Adjusting learning rate of group 0 to 2.0000e-137.
Adjusting learning rate of group 0 to 2.0000e-137.

Train loss_D: 26.63520025461912
Train loss_G: 0.9662485373647589
Test loss_G: 0.4840817664350782

=============== Epoch: 133
Adjusting learning rate of group 0 to 2.0000e-138.
Adjusting learning rate of group 0 to 2.0000e-138.

Train loss_D: 26.63520011305809
Train loss_G: 0.9700518062240199
Test loss_G: 0.4840817664350782

=============== Epoch: 134
Adjusting learning rate of group 0 to 2.0000e-139.
Adjusting learning rate of group 0 to 2.0000e-139.

Train loss_D: 26.635199688374996
Train loss_G: 0.973855059397848
Test loss_G: 0.4840817664350782

=============== Epoch: 135
Adjusting learning rate of group 0 to 2.0000e-140.
Adjusting learning rate of group 0 to 2.0000e-140.

Train loss_D: 26.635199688374996
Train loss_G: 0.9776582561041179
Test loss_G: 0.4840817664350782

=============== Epoch: 136
Adjusting learning rate of group 0 to 2.0000e-141.
Adjusting learning rate of group 0 to 2.0000e-141.

Train loss_D: 26.635199688374996
Train loss_G: 0.9814615249633789
Test loss_G: 0.4840817664350782

=============== Epoch: 137
Adjusting learning rate of group 0 to 2.0000e-142.
Adjusting learning rate of group 0 to 2.0000e-142.

Train loss_D: 26.63520110398531
Train loss_G: 0.9852647153954757
Test loss_G: 0.4840817664350782

=============== Epoch: 138
Adjusting learning rate of group 0 to 2.0000e-143.
Adjusting learning rate of group 0 to 2.0000e-143.

Train loss_D: 26.63519898056984
Train loss_G: 0.9890678995533994
Test loss_G: 0.4840817664350782

=============== Epoch: 139
Adjusting learning rate of group 0 to 2.0000e-144.
Adjusting learning rate of group 0 to 2.0000e-144.

Train loss_D: 26.635198555886745
Train loss_G: 0.9928711684126603
Test loss_G: 0.4840817664350782

=============== Epoch: 140
Adjusting learning rate of group 0 to 2.0000e-145.
Adjusting learning rate of group 0 to 2.0000e-145.

Train loss_D: 26.63519813120365
Train loss_G: 0.9966743055142855
Test loss_G: 0.4840817664350782

=============== Epoch: 141
Adjusting learning rate of group 0 to 2.0000e-146.
Adjusting learning rate of group 0 to 2.0000e-146.

Train loss_D: 26.635197281837463
Train loss_G: 1.0004775618252002
Test loss_G: 0.4840817664350782

=============== Epoch: 142
Adjusting learning rate of group 0 to 2.0000e-147.
Adjusting learning rate of group 0 to 2.0000e-147.

Train loss_D: 26.635200396180153
Train loss_G: 1.004280830684461
Test loss_G: 0.4840817664350782

=============== Epoch: 143
Adjusting learning rate of group 0 to 2.0000e-148.
Adjusting learning rate of group 0 to 2.0000e-148.

Train loss_D: 26.63519997149706
Train loss_G: 1.0080840242536444
Test loss_G: 0.4840817664350782

=============== Epoch: 144
Adjusting learning rate of group 0 to 2.0000e-149.
Adjusting learning rate of group 0 to 2.0000e-149.

Train loss_D: 26.635199829936028
Train loss_G: 1.0118872931129055
Test loss_G: 0.4840817664350782

=============== Epoch: 145
Adjusting learning rate of group 0 to 2.0000e-150.
Adjusting learning rate of group 0 to 2.0000e-150.

Train loss_D: 26.635199263691902
Train loss_G: 1.0156905086416947
Test loss_G: 0.4840817664350782

=============== Epoch: 146
Adjusting learning rate of group 0 to 2.0000e-151.
Adjusting learning rate of group 0 to 2.0000e-151.

Train loss_D: 26.635199546813965
Train loss_G: 1.0194936426062333
Test loss_G: 0.4840817664350782

=============== Epoch: 147
Adjusting learning rate of group 0 to 2.0000e-152.
Adjusting learning rate of group 0 to 2.0000e-152.

Train loss_D: 26.635197423398495
Train loss_G: 1.0232969522476196
Test loss_G: 0.4840817664350782

=============== Epoch: 148
Adjusting learning rate of group 0 to 2.0000e-153.
Adjusting learning rate of group 0 to 2.0000e-153.

Train loss_D: 26.635199405252934
Train loss_G: 1.027100123857197
Test loss_G: 0.4840817664350782

=============== Epoch: 149
Adjusting learning rate of group 0 to 2.0000e-154.
Adjusting learning rate of group 0 to 2.0000e-154.

Train loss_D: 26.635199405252934
Train loss_G: 1.0309033519343327
Test loss_G: 0.4840817664350782

=============== Epoch: 150
Adjusting learning rate of group 0 to 2.0000e-155.
Adjusting learning rate of group 0 to 2.0000e-155.

Train loss_D: 26.635198414325714
Train loss_G: 1.0347066490273726
Test loss_G: 0.4840817664350782

=============== Epoch: 151
Adjusting learning rate of group 0 to 2.0000e-156.
Adjusting learning rate of group 0 to 2.0000e-156.

Train loss_D: 26.63519813120365
Train loss_G: 1.03850982063695
Test loss_G: 0.4840817664350782

=============== Epoch: 152
Adjusting learning rate of group 0 to 2.0000e-157.
Adjusting learning rate of group 0 to 2.0000e-157.

Train loss_D: 26.635197706520557
Train loss_G: 1.0423130110690468
Test loss_G: 0.4840817664350782

=============== Epoch: 153
Adjusting learning rate of group 0 to 2.0000e-158.
Adjusting learning rate of group 0 to 2.0000e-158.

Train loss_D: 26.635198272764683
Train loss_G: 1.0461163269846063
Test loss_G: 0.4840817664350782

=============== Epoch: 154
Adjusting learning rate of group 0 to 2.0000e-159.
Adjusting learning rate of group 0 to 2.0000e-159.

Train loss_D: 26.63520025461912
Train loss_G: 1.0499194923200106
Test loss_G: 0.4840817664350782

=============== Epoch: 155
Adjusting learning rate of group 0 to 2.0000e-160.
Adjusting learning rate of group 0 to 2.0000e-160.

Train loss_D: 26.63519997149706
Train loss_G: 1.0537226827521073
Test loss_G: 0.4840817664350782

=============== Epoch: 156
Adjusting learning rate of group 0 to 2.0000e-161.
Adjusting learning rate of group 0 to 2.0000e-161.

Train loss_D: 26.635198272764683
Train loss_G: 1.0575259672968012
Test loss_G: 0.4840817664350782

=============== Epoch: 157
Adjusting learning rate of group 0 to 2.0000e-162.
Adjusting learning rate of group 0 to 2.0000e-162.

Train loss_D: 26.635200537741184
Train loss_G: 1.0613291263580322
Test loss_G: 0.4840817664350782

=============== Epoch: 158
Adjusting learning rate of group 0 to 2.0000e-163.
Adjusting learning rate of group 0 to 2.0000e-163.

Train loss_D: 26.635199405252934
Train loss_G: 1.0651323293384753
Test loss_G: 0.4840817664350782

=============== Epoch: 159
Adjusting learning rate of group 0 to 2.0000e-164.
Adjusting learning rate of group 0 to 2.0000e-164.

Train loss_D: 26.63519912213087
Train loss_G: 1.0689356640765542
Test loss_G: 0.4840817664350782

=============== Epoch: 160
Adjusting learning rate of group 0 to 2.0000e-165.
Adjusting learning rate of group 0 to 2.0000e-165.

Train loss_D: 26.635197140276432
Train loss_G: 1.072738816863612
Test loss_G: 0.4840817664350782

=============== Epoch: 161
Adjusting learning rate of group 0 to 2.0000e-166.
Adjusting learning rate of group 0 to 2.0000e-166.

Train loss_D: 26.63520011305809
Train loss_G: 1.0765419884731895
Test loss_G: 0.4840817664350782

=============== Epoch: 162
Adjusting learning rate of group 0 to 2.0000e-167.
Adjusting learning rate of group 0 to 2.0000e-167.

Train loss_D: 26.63519912213087
Train loss_G: 1.0803453294854415
Test loss_G: 0.4840817664350782

=============== Epoch: 163
Adjusting learning rate of group 0 to 2.0000e-168.
Adjusting learning rate of group 0 to 2.0000e-168.

Train loss_D: 26.635200396180153
Train loss_G: 1.0841484822724994
Test loss_G: 0.4840817664350782

=============== Epoch: 164
Adjusting learning rate of group 0 to 2.0000e-169.
Adjusting learning rate of group 0 to 2.0000e-169.

Train loss_D: 26.635197564959526
Train loss_G: 1.0879517479946739
Test loss_G: 0.4840817664350782

=============== Epoch: 165
Adjusting learning rate of group 0 to 2.0000e-170.
Adjusting learning rate of group 0 to 2.0000e-170.

Train loss_D: 26.63519813120365
Train loss_G: 1.0917549133300781
Test loss_G: 0.4840817664350782

=============== Epoch: 166
Adjusting learning rate of group 0 to 2.0000e-171.
Adjusting learning rate of group 0 to 2.0000e-171.

Train loss_D: 26.635198697447777
Train loss_G: 1.0955580974880017
Test loss_G: 0.4840817664350782

=============== Epoch: 167
Adjusting learning rate of group 0 to 2.0000e-172.
Adjusting learning rate of group 0 to 2.0000e-172.

Train loss_D: 26.635199829936028
Train loss_G: 1.0993613820326955
Test loss_G: 0.4840817664350782

=============== Epoch: 168
Adjusting learning rate of group 0 to 2.0000e-173.
Adjusting learning rate of group 0 to 2.0000e-173.

Train loss_D: 26.635199829936028
Train loss_G: 1.1031646101098311
Test loss_G: 0.4840817664350782

=============== Epoch: 169
Adjusting learning rate of group 0 to 2.0000e-174.
Adjusting learning rate of group 0 to 2.0000e-174.

Train loss_D: 26.635199829936028
Train loss_G: 1.1069678319127936
Test loss_G: 0.4840817664350782

=============== Epoch: 170
Adjusting learning rate of group 0 to 2.0000e-175.
Adjusting learning rate of group 0 to 2.0000e-175.

Train loss_D: 26.635200679302216
Train loss_G: 1.1107710348932367
Test loss_G: 0.4840817664350782

=============== Epoch: 171
