Adjusting learning rate of group 0 to 2.0000e-04.
Adjusting learning rate of group 0 to 2.0000e-04.
=============== Epoch: 0
Adjusting learning rate of group 0 to 2.0000e-04.
Adjusting learning rate of group 0 to 2.0000e-04.

Train loss_D: 1.105128288269043
Train loss_G: 0.0
Test loss_G: 0.4563360075865473

=============== Epoch: 1
Adjusting learning rate of group 0 to 2.0000e-04.
Adjusting learning rate of group 0 to 2.0000e-04.

Train loss_D: 5.759674072265625
Train loss_G: 0.0
Test loss_G: 0.45439386793545317

=============== Epoch: 2
Adjusting learning rate of group 0 to 2.0000e-04.
Adjusting learning rate of group 0 to 2.0000e-04.

Train loss_D: 0.24635049700737
Train loss_G: 0.0
Test loss_G: 0.45289307087659836

=============== Epoch: 3
Adjusting learning rate of group 0 to 2.0000e-04.
Adjusting learning rate of group 0 to 2.0000e-04.

Train loss_D: 0.13969823718070984
Train loss_G: 0.0
Test loss_G: 0.4517775369541986

=============== Epoch: 4
Adjusting learning rate of group 0 to 2.0000e-04.
Adjusting learning rate of group 0 to 2.0000e-04.

Train loss_D: 0.07181364297866821
Train loss_G: 0.8043240308761597
Test loss_G: 0.43863616670881

=============== Epoch: 5
Adjusting learning rate of group 0 to 2.0000e-04.
Adjusting learning rate of group 0 to 2.0000e-04.

Train loss_D: 0.053118012845516205
Train loss_G: 0.0
Test loss_G: 0.4385654553771019

=============== Epoch: 6
Adjusting learning rate of group 0 to 2.0000e-04.
Adjusting learning rate of group 0 to 2.0000e-04.

Train loss_D: 0.027933847159147263
Train loss_G: 0.0
Test loss_G: 0.43869097743715557

=============== Epoch: 7
Adjusting learning rate of group 0 to 2.0000e-04.
Adjusting learning rate of group 0 to 2.0000e-04.

Train loss_D: 0.016207145527005196
Train loss_G: 0.0
Test loss_G: 0.4389730915427208

=============== Epoch: 8
