Adjusting learning rate of group 0 to 2.0000e-04.
Adjusting learning rate of group 0 to 2.0000e-04.
=============== Epoch: 0
Adjusting learning rate of group 0 to 2.0000e-04.
Adjusting learning rate of group 0 to 2.0000e-04.

Train loss_D: 0.8684905767440796
Train loss_G: 0.0
Test loss_G: 0.5195311307907104

=============== Epoch: 1
Adjusting learning rate of group 0 to 2.0000e-04.
Adjusting learning rate of group 0 to 2.0000e-04.

Train loss_D: 0.00820542499423027
Train loss_G: 0.0
Test loss_G: 0.51809047801154

=============== Epoch: 2
Adjusting learning rate of group 0 to 2.0000e-04.
Adjusting learning rate of group 0 to 2.0000e-04.

Train loss_D: 0.008085856214165688
Train loss_G: 0.0
Test loss_G: 0.5177894745554242

=============== Epoch: 3
Adjusting learning rate of group 0 to 2.0000e-04.
Adjusting learning rate of group 0 to 2.0000e-04.

Train loss_D: 0.00498904287815094
Train loss_G: 0.0
Test loss_G: 0.5184743574687413

=============== Epoch: 4
Adjusting learning rate of group 0 to 2.0000e-04.
Adjusting learning rate of group 0 to 2.0000e-04.

Train loss_D: 0.002245455514639616
Train loss_G: 0.0
Test loss_G: 0.5199733376502991

=============== Epoch: 5
Adjusting learning rate of group 0 to 2.0000e-04.
Adjusting learning rate of group 0 to 2.0000e-04.

Train loss_D: 0.0014756511664018035
Train loss_G: 0.0
Test loss_G: 0.5221151028360639

=============== Epoch: 6
Adjusting learning rate of group 0 to 2.0000e-04.
Adjusting learning rate of group 0 to 2.0000e-04.

Train loss_D: 0.0012360586551949382
Train loss_G: 0.0
Test loss_G: 0.5247367875916618

=============== Epoch: 7
Adjusting learning rate of group 0 to 2.0000e-04.
Adjusting learning rate of group 0 to 2.0000e-04.

Train loss_D: 0.0010277021210640669
Train loss_G: 0.0
Test loss_G: 0.5276903680392674

=============== Epoch: 8
Adjusting learning rate of group 0 to 2.0000e-04.
Adjusting learning rate of group 0 to 2.0000e-04.

Train loss_D: 0.000852910743560642
Train loss_G: 0.0
Test loss_G: 0.5308512704713004

=============== Epoch: 9
Adjusting learning rate of group 0 to 2.0000e-05.
Adjusting learning rate of group 0 to 2.0000e-05.

Train loss_D: 0.0007092867745086551
Train loss_G: 7.902645111083984
Test loss_G: 0.5140912873404366

=============== Epoch: 10
Adjusting learning rate of group 0 to 2.0000e-05.
Adjusting learning rate of group 0 to 2.0000e-05.

Train loss_D: 0.0020876326598227024
Train loss_G: 0.0
Test loss_G: 0.5179971286228725

=============== Epoch: 11
Adjusting learning rate of group 0 to 2.0000e-05.
Adjusting learning rate of group 0 to 2.0000e-05.

Train loss_D: 0.001969023607671261
Train loss_G: 0.0
Test loss_G: 0.5217804483004979

=============== Epoch: 12
Adjusting learning rate of group 0 to 2.0000e-05.
Adjusting learning rate of group 0 to 2.0000e-05.

Train loss_D: 0.001908911857753992
Train loss_G: 0.0
Test loss_G: 0.5254007833344596

=============== Epoch: 13
Adjusting learning rate of group 0 to 2.0000e-05.
Adjusting learning rate of group 0 to 2.0000e-05.

Train loss_D: 0.0018816604278981686
Train loss_G: 0.0
Test loss_G: 0.5288284591266087

=============== Epoch: 14
Adjusting learning rate of group 0 to 2.0000e-05.
Adjusting learning rate of group 0 to 2.0000e-05.

Train loss_D: 0.0018668471602723002
Train loss_G: 0.0
Test loss_G: 0.5320427162306649

=============== Epoch: 15
Adjusting learning rate of group 0 to 2.0000e-05.
Adjusting learning rate of group 0 to 2.0000e-05.

Train loss_D: 0.0018478671554476023
Train loss_G: 0.0
Test loss_G: 0.5350297178540911

=============== Epoch: 16
Adjusting learning rate of group 0 to 2.0000e-05.
Adjusting learning rate of group 0 to 2.0000e-05.

Train loss_D: 0.0018141240580007434
Train loss_G: 0.0
Test loss_G: 0.5377816983631679

=============== Epoch: 17
Adjusting learning rate of group 0 to 2.0000e-05.
Adjusting learning rate of group 0 to 2.0000e-05.

Train loss_D: 0.0017618194688111544
Train loss_G: 0.0
Test loss_G: 0.5402963416916984

=============== Epoch: 18
Adjusting learning rate of group 0 to 2.0000e-05.
Adjusting learning rate of group 0 to 2.0000e-05.

Train loss_D: 0.001692850491963327
Train loss_G: 0.0
Test loss_G: 0.5425757340022496

=============== Epoch: 19
Adjusting learning rate of group 0 to 2.0000e-06.
Adjusting learning rate of group 0 to 2.0000e-06.

Train loss_D: 0.0016117824707180262
Train loss_G: 5.285534858703613
Test loss_G: 0.5430423787661961

=============== Epoch: 20
Adjusting learning rate of group 0 to 2.0000e-06.
Adjusting learning rate of group 0 to 2.0000e-06.

Train loss_D: 0.0016768807545304298
Train loss_G: 0.0
Test loss_G: 0.5449342727661133

=============== Epoch: 21
Adjusting learning rate of group 0 to 2.0000e-06.
Adjusting learning rate of group 0 to 2.0000e-06.

Train loss_D: 0.001714132260531187
Train loss_G: 0.0
Test loss_G: 0.5466070090021405

=============== Epoch: 22
Adjusting learning rate of group 0 to 2.0000e-06.
Adjusting learning rate of group 0 to 2.0000e-06.

Train loss_D: 0.0017450577579438686
Train loss_G: 0.0
Test loss_G: 0.5480720400810242

=============== Epoch: 23
Adjusting learning rate of group 0 to 2.0000e-06.
Adjusting learning rate of group 0 to 2.0000e-06.

Train loss_D: 0.0017701953183859587
Train loss_G: 0.0
Test loss_G: 0.5493418233735221

=============== Epoch: 24
Adjusting learning rate of group 0 to 2.0000e-06.
Adjusting learning rate of group 0 to 2.0000e-06.

Train loss_D: 0.0017899707891047
Train loss_G: 0.0
Test loss_G: 0.5504290376390729

=============== Epoch: 25
Adjusting learning rate of group 0 to 2.0000e-06.
Adjusting learning rate of group 0 to 2.0000e-06.

Train loss_D: 0.0018047599587589502
Train loss_G: 0.0
Test loss_G: 0.5513462679726737

=============== Epoch: 26
Adjusting learning rate of group 0 to 2.0000e-06.
Adjusting learning rate of group 0 to 2.0000e-06.

Train loss_D: 0.001814908580854535
Train loss_G: 0.0
Test loss_G: 0.5521060654095241

=============== Epoch: 27
Adjusting learning rate of group 0 to 2.0000e-06.
Adjusting learning rate of group 0 to 2.0000e-06.

Train loss_D: 0.0018207543762400746
Train loss_G: 0.0
Test loss_G: 0.5527204104832241

=============== Epoch: 28
Adjusting learning rate of group 0 to 2.0000e-06.
Adjusting learning rate of group 0 to 2.0000e-06.

Train loss_D: 0.0018226581159979105
Train loss_G: 0.0
Test loss_G: 0.5532005088669913

=============== Epoch: 29
Adjusting learning rate of group 0 to 2.0000e-07.
Adjusting learning rate of group 0 to 2.0000e-07.

Train loss_D: 0.001820955192670226
Train loss_G: 3.592681884765625
Test loss_G: 0.5534247585705349

=============== Epoch: 30
Adjusting learning rate of group 0 to 2.0000e-07.
Adjusting learning rate of group 0 to 2.0000e-07.

Train loss_D: 0.0018372130580246449
Train loss_G: 0.0
Test loss_G: 0.5536725861685616

=============== Epoch: 31
Adjusting learning rate of group 0 to 2.0000e-07.
Adjusting learning rate of group 0 to 2.0000e-07.

Train loss_D: 0.0018550371751189232
Train loss_G: 0.0
Test loss_G: 0.5538150242396763

=============== Epoch: 32
Adjusting learning rate of group 0 to 2.0000e-07.
Adjusting learning rate of group 0 to 2.0000e-07.

Train loss_D: 0.0018712276360020041
Train loss_G: 0.0
Test loss_G: 0.5538605877331325

=============== Epoch: 33
Adjusting learning rate of group 0 to 2.0000e-07.
Adjusting learning rate of group 0 to 2.0000e-07.

Train loss_D: 0.0018859081901609898
Train loss_G: 0.0
Test loss_G: 0.553817093372345

=============== Epoch: 34
Adjusting learning rate of group 0 to 2.0000e-07.
Adjusting learning rate of group 0 to 2.0000e-07.

Train loss_D: 0.0018992094555869699
Train loss_G: 0.0
Test loss_G: 0.5536916170801435

=============== Epoch: 35
Adjusting learning rate of group 0 to 2.0000e-07.
Adjusting learning rate of group 0 to 2.0000e-07.

Train loss_D: 0.001911224564537406
Train loss_G: 0.0
Test loss_G: 0.5534908430916923

=============== Epoch: 36
Adjusting learning rate of group 0 to 2.0000e-07.
Adjusting learning rate of group 0 to 2.0000e-07.

Train loss_D: 0.0019220414105802774
Train loss_G: 0.0
Test loss_G: 0.553220774446215

=============== Epoch: 37
Adjusting learning rate of group 0 to 2.0000e-07.
Adjusting learning rate of group 0 to 2.0000e-07.

Train loss_D: 0.001931740902364254
Train loss_G: 0.0
Test loss_G: 0.5528870310102191

=============== Epoch: 38
Adjusting learning rate of group 0 to 2.0000e-07.
Adjusting learning rate of group 0 to 2.0000e-07.

Train loss_D: 0.0019403973128646612
Train loss_G: 0.0
Test loss_G: 0.5524948579924447

=============== Epoch: 39
Adjusting learning rate of group 0 to 2.0000e-08.
Adjusting learning rate of group 0 to 2.0000e-08.

Train loss_D: 0.0019480671035125852
Train loss_G: 2.041245222091675
Test loss_G: 0.552040593964713

=============== Epoch: 40
Adjusting learning rate of group 0 to 2.0000e-08.
Adjusting learning rate of group 0 to 2.0000e-08.

Train loss_D: 0.0019607432186603546
Train loss_G: 0.0
Test loss_G: 0.5515469312667847

=============== Epoch: 41
Adjusting learning rate of group 0 to 2.0000e-08.
Adjusting learning rate of group 0 to 2.0000e-08.

Train loss_D: 0.0019704019650816917
Train loss_G: 0.0
Test loss_G: 0.551009544304439

=============== Epoch: 42
Adjusting learning rate of group 0 to 2.0000e-08.
Adjusting learning rate of group 0 to 2.0000e-08.

Train loss_D: 0.001979399472475052
Train loss_G: 0.0
Test loss_G: 0.5504328182765416

=============== Epoch: 43
Adjusting learning rate of group 0 to 2.0000e-08.
Adjusting learning rate of group 0 to 2.0000e-08.

Train loss_D: 0.001987772062420845
Train loss_G: 0.0
Test loss_G: 0.5498210191726685

=============== Epoch: 44
Adjusting learning rate of group 0 to 2.0000e-08.
Adjusting learning rate of group 0 to 2.0000e-08.

Train loss_D: 0.001995546743273735
Train loss_G: 0.0
Test loss_G: 0.5491782937731061

=============== Epoch: 45
Adjusting learning rate of group 0 to 2.0000e-08.
Adjusting learning rate of group 0 to 2.0000e-08.

Train loss_D: 0.0020027614664286375
Train loss_G: 0.0
Test loss_G: 0.5485087547983442

=============== Epoch: 46
Adjusting learning rate of group 0 to 2.0000e-08.
Adjusting learning rate of group 0 to 2.0000e-08.

Train loss_D: 0.0020094383507966995
Train loss_G: 0.0
Test loss_G: 0.5478162680353437

=============== Epoch: 47
Adjusting learning rate of group 0 to 2.0000e-08.
Adjusting learning rate of group 0 to 2.0000e-08.

Train loss_D: 0.002015608362853527
Train loss_G: 0.0
Test loss_G: 0.5471045885767255

=============== Epoch: 48
Adjusting learning rate of group 0 to 2.0000e-08.
Adjusting learning rate of group 0 to 2.0000e-08.

Train loss_D: 0.0020213050302118063
Train loss_G: 0.0
Test loss_G: 0.5463773437908718

=============== Epoch: 49
Adjusting learning rate of group 0 to 2.0000e-09.
Adjusting learning rate of group 0 to 2.0000e-09.

Train loss_D: 0.002026548609137535
Train loss_G: 0.5290109515190125
Test loss_G: 0.5456379055976868

