Adjusting learning rate of group 0 to 2.0000e-04.
Adjusting learning rate of group 0 to 2.0000e-04.
=============== Epoch: 0
Adjusting learning rate of group 0 to 2.0000e-05.
Adjusting learning rate of group 0 to 1.9864e-04.

Train loss_D: 0.0
Train loss_G: 0.48976901173591614
Test loss_G: 0.4595706931182316

=============== Epoch: 1
Adjusting learning rate of group 0 to 2.0000e-06.
Adjusting learning rate of group 0 to 1.9458e-04.

Train loss_D: 0.0
Train loss_G: 0.4425416322130906
Test loss_G: 0.4495172883783068

=============== Epoch: 2
Adjusting learning rate of group 0 to 2.0000e-07.
Adjusting learning rate of group 0 to 1.8795e-04.

Train loss_D: 0.0
Train loss_G: 0.39794417745188665
Test loss_G: 0.4381748267582485

=============== Epoch: 3
Adjusting learning rate of group 0 to 2.0000e-08.
Adjusting learning rate of group 0 to 1.7891e-04.

Train loss_D: 0.0
Train loss_G: 0.34407737694288554
Test loss_G: 0.43394735029765535

=============== Epoch: 4
Adjusting learning rate of group 0 to 2.0000e-09.
Adjusting learning rate of group 0 to 1.6773e-04.

Train loss_D: 0.0
Train loss_G: 0.28344345249627767
Test loss_G: 0.4435617072241647

=============== Epoch: 5
Adjusting learning rate of group 0 to 2.0000e-10.
Adjusting learning rate of group 0 to 1.5469e-04.

Train loss_D: 0.0
Train loss_G: 0.22184631306874125
Test loss_G: 0.44897650820868357

=============== Epoch: 6
Adjusting learning rate of group 0 to 2.0000e-11.
Adjusting learning rate of group 0 to 1.4017e-04.

Train loss_D: 0.0
Train loss_G: 0.18207830504367226
Test loss_G: 0.450796548809324

=============== Epoch: 7
Adjusting learning rate of group 0 to 2.0000e-12.
Adjusting learning rate of group 0 to 1.2455e-04.

Train loss_D: 0.0
Train loss_G: 0.1681920399791316
Test loss_G: 0.44716804368155344

=============== Epoch: 8
Adjusting learning rate of group 0 to 2.0000e-13.
Adjusting learning rate of group 0 to 1.0826e-04.

Train loss_D: 0.0
Train loss_G: 0.16463328976380198
Test loss_G: 0.4446920411927359

=============== Epoch: 9
Adjusting learning rate of group 0 to 2.0000e-14.
Adjusting learning rate of group 0 to 9.1742e-05.

Train loss_D: 0.0
Train loss_G: 0.1517881358924665
Test loss_G: 0.450792521238327

=============== Epoch: 10
Adjusting learning rate of group 0 to 2.0000e-15.
Adjusting learning rate of group 0 to 7.5451e-05.

Train loss_D: 0.0
Train loss_G: 0.1405325147666429
Test loss_G: 0.4432951509952545

=============== Epoch: 11
Adjusting learning rate of group 0 to 2.0000e-16.
Adjusting learning rate of group 0 to 5.9830e-05.

Train loss_D: 0.0
Train loss_G: 0.1335287321554987
Test loss_G: 0.4430034416062491

=============== Epoch: 12
Adjusting learning rate of group 0 to 2.0000e-17.
Adjusting learning rate of group 0 to 4.5305e-05.

Train loss_D: 0.0
Train loss_G: 0.1278726901662977
Test loss_G: 0.4440056596483503

=============== Epoch: 13
