Adjusting learning rate of group 0 to 2.0000e-04.
Adjusting learning rate of group 0 to 2.0000e-04.
=============== Epoch: 0
Adjusting learning rate of group 0 to 2.0000e-05.
Adjusting learning rate of group 0 to 2.0000e-04.

Train loss_D: 1.116429090499878
Train loss_G: 0.42735475301742554
Test loss_G: 0.3970242440700531

=============== Epoch: 1
Adjusting learning rate of group 0 to 2.0000e-06.
Adjusting learning rate of group 0 to 1.9999e-04.

Train loss_D: 5.046656131744385
Train loss_G: 0.3382856249809265
Test loss_G: 0.3842432403138706

=============== Epoch: 2
Adjusting learning rate of group 0 to 2.0000e-07.
Adjusting learning rate of group 0 to 1.9999e-04.

Train loss_D: 3.6738359928131104
Train loss_G: 0.2904771864414215
Test loss_G: 0.37179210569177357

=============== Epoch: 3
Adjusting learning rate of group 0 to 2.0000e-08.
Adjusting learning rate of group 0 to 1.9998e-04.

Train loss_D: 3.6695334911346436
Train loss_G: 0.2584933042526245
Test loss_G: 0.3599244686109679

=============== Epoch: 4
Adjusting learning rate of group 0 to 2.0000e-09.
Adjusting learning rate of group 0 to 1.9996e-04.

Train loss_D: 3.826907157897949
Train loss_G: 0.23231127858161926
Test loss_G: 0.3488681933709553

=============== Epoch: 5
Adjusting learning rate of group 0 to 2.0000e-10.
Adjusting learning rate of group 0 to 1.9995e-04.

Train loss_D: 4.026597499847412
Train loss_G: 0.20908555388450623
Test loss_G: 0.33885673007794787

=============== Epoch: 6
Adjusting learning rate of group 0 to 2.0000e-11.
Adjusting learning rate of group 0 to 1.9993e-04.

Train loss_D: 4.243383884429932
Train loss_G: 0.1886451691389084
Test loss_G: 0.3299332559108734

=============== Epoch: 7
Adjusting learning rate of group 0 to 2.0000e-12.
Adjusting learning rate of group 0 to 1.9990e-04.

Train loss_D: 4.462206840515137
Train loss_G: 0.17108134925365448
Test loss_G: 0.32206926707710537

=============== Epoch: 8
Adjusting learning rate of group 0 to 2.0000e-13.
Adjusting learning rate of group 0 to 1.9988e-04.

Train loss_D: 4.675060749053955
Train loss_G: 0.15590868890285492
Test loss_G: 0.31523945395435604

=============== Epoch: 9
Adjusting learning rate of group 0 to 2.0000e-14.
Adjusting learning rate of group 0 to 1.9985e-04.

Train loss_D: 4.875466823577881
Train loss_G: 0.1427159160375595
Test loss_G: 0.3093557112983295

=============== Epoch: 10
Adjusting learning rate of group 0 to 2.0000e-15.
Adjusting learning rate of group 0 to 1.9982e-04.

Train loss_D: 5.059576511383057
Train loss_G: 0.1311301589012146
Test loss_G: 0.304291732609272

=============== Epoch: 11
Adjusting learning rate of group 0 to 2.0000e-16.
Adjusting learning rate of group 0 to 1.9978e-04.

Train loss_D: 5.225259304046631
Train loss_G: 0.12091647833585739
Test loss_G: 0.2998649328947067

=============== Epoch: 12
Adjusting learning rate of group 0 to 2.0000e-17.
Adjusting learning rate of group 0 to 1.9975e-04.

Train loss_D: 5.372625827789307
Train loss_G: 0.11204235255718231
Test loss_G: 0.2959347367286682

=============== Epoch: 13
Adjusting learning rate of group 0 to 2.0000e-18.
Adjusting learning rate of group 0 to 1.9971e-04.

Train loss_D: 5.503876209259033
Train loss_G: 0.1044805496931076
Test loss_G: 0.29243588554007666

=============== Epoch: 14
Adjusting learning rate of group 0 to 2.0000e-19.
Adjusting learning rate of group 0 to 1.9966e-04.

Train loss_D: 5.620889663696289
Train loss_G: 0.09821884334087372
Test loss_G: 0.28933354786464144

=============== Epoch: 15
Adjusting learning rate of group 0 to 2.0000e-20.
Adjusting learning rate of group 0 to 1.9962e-04.

Train loss_D: 5.725774765014648
Train loss_G: 0.0930207371711731
Test loss_G: 0.2866012986217226

=============== Epoch: 16
Adjusting learning rate of group 0 to 2.0000e-21.
Adjusting learning rate of group 0 to 1.9957e-04.

Train loss_D: 5.819462299346924
Train loss_G: 0.08865736424922943
Test loss_G: 0.28419250356299536

=============== Epoch: 17
Adjusting learning rate of group 0 to 2.0000e-22.
Adjusting learning rate of group 0 to 1.9951e-04.

Train loss_D: 5.902657985687256
Train loss_G: 0.08502881228923798
Test loss_G: 0.28204741116080967

=============== Epoch: 18
Adjusting learning rate of group 0 to 2.0000e-23.
Adjusting learning rate of group 0 to 1.9946e-04.

Train loss_D: 5.974758148193359
Train loss_G: 0.0820310115814209
Test loss_G: 0.2801257659282003

=============== Epoch: 19
Adjusting learning rate of group 0 to 2.0000e-24.
Adjusting learning rate of group 0 to 1.9940e-04.

Train loss_D: 6.0351080894470215
Train loss_G: 0.07950213551521301
Test loss_G: 0.27842359777007786

=============== Epoch: 20
Adjusting learning rate of group 0 to 2.0000e-25.
Adjusting learning rate of group 0 to 1.9934e-04.

Train loss_D: 6.083581924438477
Train loss_G: 0.07735742628574371
Test loss_G: 0.27696254530123304

=============== Epoch: 21
Adjusting learning rate of group 0 to 2.0000e-26.
Adjusting learning rate of group 0 to 1.9927e-04.

Train loss_D: 6.121450424194336
Train loss_G: 0.07558763027191162
Test loss_G: 0.27573684815849575

=============== Epoch: 22
Adjusting learning rate of group 0 to 2.0000e-27.
Adjusting learning rate of group 0 to 1.9921e-04.

Train loss_D: 6.150444507598877
Train loss_G: 0.07406201958656311
Test loss_G: 0.27470757173640387

=============== Epoch: 23
Adjusting learning rate of group 0 to 2.0000e-28.
Adjusting learning rate of group 0 to 1.9914e-04.

Train loss_D: 6.1723222732543945
Train loss_G: 0.07269258797168732
Test loss_G: 0.27382473541157587

=============== Epoch: 24
Adjusting learning rate of group 0 to 2.0000e-29.
Adjusting learning rate of group 0 to 1.9906e-04.

Train loss_D: 6.1880693435668945
Train loss_G: 0.07142332196235657
Test loss_G: 0.27303679819617954

=============== Epoch: 25
Adjusting learning rate of group 0 to 2.0000e-30.
Adjusting learning rate of group 0 to 1.9899e-04.

Train loss_D: 6.1993937492370605
Train loss_G: 0.07022827863693237
Test loss_G: 0.27230331727436613

=============== Epoch: 26
Adjusting learning rate of group 0 to 2.0000e-31.
Adjusting learning rate of group 0 to 1.9891e-04.

Train loss_D: 6.207342147827148
Train loss_G: 0.06911446154117584
Test loss_G: 0.2716278572167669

=============== Epoch: 27
Adjusting learning rate of group 0 to 2.0000e-32.
Adjusting learning rate of group 0 to 1.9882e-04.

Train loss_D: 6.212286949157715
Train loss_G: 0.0681118294596672
Test loss_G: 0.27105241055999485

=============== Epoch: 28
Adjusting learning rate of group 0 to 2.0000e-33.
Adjusting learning rate of group 0 to 1.9874e-04.

Train loss_D: 6.213072776794434
Train loss_G: 0.06717891991138458
Test loss_G: 0.27056129596063067

=============== Epoch: 29
Adjusting learning rate of group 0 to 2.0000e-34.
Adjusting learning rate of group 0 to 1.9865e-04.

Train loss_D: 6.210436820983887
Train loss_G: 0.0662723183631897
Test loss_G: 0.2701022209865706

=============== Epoch: 30
Adjusting learning rate of group 0 to 2.0000e-35.
Adjusting learning rate of group 0 to 1.9856e-04.

Train loss_D: 6.205626487731934
Train loss_G: 0.06540146470069885
Test loss_G: 0.26959421059914995

=============== Epoch: 31
Adjusting learning rate of group 0 to 2.0000e-36.
Adjusting learning rate of group 0 to 1.9846e-04.

Train loss_D: 6.201727867126465
Train loss_G: 0.06457080692052841
Test loss_G: 0.26915345660277773

=============== Epoch: 32
Adjusting learning rate of group 0 to 2.0000e-37.
Adjusting learning rate of group 0 to 1.9837e-04.

Train loss_D: 6.195254802703857
Train loss_G: 0.06376104801893234
Test loss_G: 0.26869989186525345

=============== Epoch: 33
Adjusting learning rate of group 0 to 2.0000e-38.
Adjusting learning rate of group 0 to 1.9827e-04.

Train loss_D: 6.189615249633789
Train loss_G: 0.06300880014896393
Test loss_G: 0.26830313354730606

=============== Epoch: 34
Adjusting learning rate of group 0 to 2.0000e-39.
Adjusting learning rate of group 0 to 1.9816e-04.

Train loss_D: 6.183000564575195
Train loss_G: 0.06229465827345848
Test loss_G: 0.2678575249654906

=============== Epoch: 35
Adjusting learning rate of group 0 to 2.0000e-40.
Adjusting learning rate of group 0 to 1.9806e-04.

Train loss_D: 6.178593635559082
Train loss_G: 0.06157457455992699
Test loss_G: 0.2674001822514193

=============== Epoch: 36
Adjusting learning rate of group 0 to 2.0000e-41.
Adjusting learning rate of group 0 to 1.9795e-04.

Train loss_D: 6.174096584320068
Train loss_G: 0.06089680641889572
Test loss_G: 0.2668974995613098

=============== Epoch: 37
Adjusting learning rate of group 0 to 2.0000e-42.
Adjusting learning rate of group 0 to 1.9784e-04.

Train loss_D: 6.171682834625244
Train loss_G: 0.06025698781013489
Test loss_G: 0.26646977184074266

=============== Epoch: 38
Adjusting learning rate of group 0 to 2.0000e-43.
Adjusting learning rate of group 0 to 1.9772e-04.

Train loss_D: 6.164801597595215
Train loss_G: 0.05965278670191765
Test loss_G: 0.2659944056400231

=============== Epoch: 39
Adjusting learning rate of group 0 to 2.0000e-44.
Adjusting learning rate of group 0 to 1.9760e-04.

Train loss_D: 6.16185188293457
Train loss_G: 0.059075236320495605
Test loss_G: 0.2657002370272364

=============== Epoch: 40
Adjusting learning rate of group 0 to 2.0000e-45.
Adjusting learning rate of group 0 to 1.9748e-04.

Train loss_D: 6.151304244995117
Train loss_G: 0.05854156240820885
Test loss_G: 0.2651896657688277

=============== Epoch: 41
Adjusting learning rate of group 0 to 2.0000e-46.
Adjusting learning rate of group 0 to 1.9736e-04.

Train loss_D: 6.15318489074707
Train loss_G: 0.05801388621330261
Test loss_G: 0.2649845113711698

=============== Epoch: 42
Adjusting learning rate of group 0 to 2.0000e-47.
Adjusting learning rate of group 0 to 1.9723e-04.

Train loss_D: 6.144158363342285
Train loss_G: 0.057503871619701385
Test loss_G: 0.2644960358738899

=============== Epoch: 43
Adjusting learning rate of group 0 to 2.0000e-48.
Adjusting learning rate of group 0 to 1.9710e-04.

Train loss_D: 6.149941444396973
Train loss_G: 0.05701076239347458
Test loss_G: 0.2643964583320277

=============== Epoch: 44
Adjusting learning rate of group 0 to 2.0000e-49.
Adjusting learning rate of group 0 to 1.9697e-04.

Train loss_D: 6.1380109786987305
Train loss_G: 0.056514035910367966
Test loss_G: 0.2639071371938501

=============== Epoch: 45
Adjusting learning rate of group 0 to 2.0000e-50.
Adjusting learning rate of group 0 to 1.9684e-04.

Train loss_D: 6.1466169357299805
Train loss_G: 0.05602577328681946
Test loss_G: 0.26376657454030855

=============== Epoch: 46
Adjusting learning rate of group 0 to 2.0000e-51.
Adjusting learning rate of group 0 to 1.9670e-04.

Train loss_D: 6.134222984313965
Train loss_G: 0.055545758455991745
Test loss_G: 0.2633230553141662

=============== Epoch: 47
Adjusting learning rate of group 0 to 2.0000e-52.
Adjusting learning rate of group 0 to 1.9656e-04.

Train loss_D: 6.141386032104492
Train loss_G: 0.05509099364280701
Test loss_G: 0.2631621504468577

=============== Epoch: 48
Adjusting learning rate of group 0 to 2.0000e-53.
Adjusting learning rate of group 0 to 1.9641e-04.

Train loss_D: 6.131191730499268
Train loss_G: 0.054666176438331604
Test loss_G: 0.26278497385127203

=============== Epoch: 49
Adjusting learning rate of group 0 to 2.0000e-54.
Adjusting learning rate of group 0 to 1.9627e-04.

Train loss_D: 6.138697624206543
Train loss_G: 0.054302655160427094
Test loss_G: 0.26268747608576504

