Adjusting learning rate of group 0 to 2.0000e-04.
Adjusting learning rate of group 0 to 2.0000e-04.
=============== Epoch: 0
Adjusting learning rate of group 0 to 2.0000e-05.
Adjusting learning rate of group 0 to 2.0000e-05.

Train loss_D: 1.9190878868103027
Train loss_G: 0.41368740797042847
Test loss_G: 0.3428720842514719

=============== Epoch: 1
Adjusting learning rate of group 0 to 2.0000e-06.
Adjusting learning rate of group 0 to 2.0000e-06.

Train loss_D: 5.824615001678467
Train loss_G: 0.3175848424434662
Test loss_G: 0.3376985139080456

=============== Epoch: 2
Adjusting learning rate of group 0 to 2.0000e-07.
Adjusting learning rate of group 0 to 2.0000e-07.

Train loss_D: 4.467320442199707
Train loss_G: 0.30903711915016174
Test loss_G: 0.3346515159521784

=============== Epoch: 3
Adjusting learning rate of group 0 to 2.0000e-08.
Adjusting learning rate of group 0 to 2.0000e-08.

Train loss_D: 4.283807754516602
Train loss_G: 0.3082475960254669
Test loss_G: 0.3329166067498071

=============== Epoch: 4
Adjusting learning rate of group 0 to 2.0000e-09.
Adjusting learning rate of group 0 to 2.0000e-09.

Train loss_D: 4.222960948944092
Train loss_G: 0.30816853046417236
Test loss_G: 0.33220352977514267

=============== Epoch: 5
Adjusting learning rate of group 0 to 2.0000e-10.
Adjusting learning rate of group 0 to 2.0000e-10.

Train loss_D: 4.189748287200928
Train loss_G: 0.30816054344177246
Test loss_G: 0.3322980968015535

=============== Epoch: 6
Adjusting learning rate of group 0 to 2.0000e-11.
Adjusting learning rate of group 0 to 2.0000e-11.

Train loss_D: 4.16774845123291
Train loss_G: 0.3081596791744232
Test loss_G: 0.33301867438214167

=============== Epoch: 7
Adjusting learning rate of group 0 to 2.0000e-12.
Adjusting learning rate of group 0 to 2.0000e-12.

Train loss_D: 4.151966094970703
Train loss_G: 0.3081596791744232
Test loss_G: 0.3342126096997942

=============== Epoch: 8
Adjusting learning rate of group 0 to 2.0000e-13.
Adjusting learning rate of group 0 to 2.0000e-13.

Train loss_D: 4.140107154846191
Train loss_G: 0.3081596791744232
Test loss_G: 0.335756989462035

=============== Epoch: 9
Adjusting learning rate of group 0 to 2.0000e-14.
Adjusting learning rate of group 0 to 2.0000e-14.

Train loss_D: 4.130910396575928
Train loss_G: 0.3081596791744232
Test loss_G: 0.33755384598459515

=============== Epoch: 10
Adjusting learning rate of group 0 to 2.0000e-15.
Adjusting learning rate of group 0 to 2.0000e-15.

Train loss_D: 4.123602390289307
Train loss_G: 0.3081596791744232
Test loss_G: 0.33952558998550686

=============== Epoch: 11
Adjusting learning rate of group 0 to 2.0000e-16.
Adjusting learning rate of group 0 to 2.0000e-16.

Train loss_D: 4.11768102645874
Train loss_G: 0.3081596791744232
Test loss_G: 0.34161063709429335

=============== Epoch: 12
Adjusting learning rate of group 0 to 2.0000e-17.
Adjusting learning rate of group 0 to 2.0000e-17.

Train loss_D: 4.112805366516113
Train loss_G: 0.3081596791744232
Test loss_G: 0.3437583116548402

=============== Epoch: 13
Adjusting learning rate of group 0 to 2.0000e-18.
Adjusting learning rate of group 0 to 2.0000e-18.

Train loss_D: 4.108737945556641
Train loss_G: 0.3081596791744232
Test loss_G: 0.34592767166239874

=============== Epoch: 14
Adjusting learning rate of group 0 to 2.0000e-19.
Adjusting learning rate of group 0 to 2.0000e-19.

Train loss_D: 4.105306148529053
Train loss_G: 0.3081596791744232
Test loss_G: 0.34808454875435146

=============== Epoch: 15
Adjusting learning rate of group 0 to 2.0000e-20.
Adjusting learning rate of group 0 to 2.0000e-20.

Train loss_D: 4.102380275726318
Train loss_G: 0.3081596791744232
Test loss_G: 0.3502019484128271

=============== Epoch: 16
Adjusting learning rate of group 0 to 2.0000e-21.
Adjusting learning rate of group 0 to 2.0000e-21.

Train loss_D: 4.0998640060424805
Train loss_G: 0.3081596791744232
Test loss_G: 0.35225997120141983

=============== Epoch: 17
Adjusting learning rate of group 0 to 2.0000e-22.
Adjusting learning rate of group 0 to 2.0000e-22.

Train loss_D: 4.097678184509277
Train loss_G: 0.3081596791744232
Test loss_G: 0.35424488463572096

=============== Epoch: 18
