Adjusting learning rate of group 0 to 2.0000e-04.
Adjusting learning rate of group 0 to 2.0000e-04.
=============== Epoch: 0

Train loss_D: 10678.613938686787
Train loss_G: 0.6511514700871311
Test loss_G: 0.3888999990054539

=============== Epoch: 1

Train loss_D: 4545.669603253773
Train loss_G: 0.6728627715999657
Test loss_G: 0.4034337954861777

=============== Epoch: 2

Train loss_D: 4135.165370080853
Train loss_G: 0.5475168125346977
Test loss_G: 0.4186542204448155

=============== Epoch: 3

Train loss_D: 3016.905688676412
Train loss_G: 0.5687753505200044
Test loss_G: 0.4109346845320293

=============== Epoch: 4

Train loss_D: 5336.383004215815
Train loss_G: 0.5614749734202329
Test loss_G: 0.401524726833616

=============== Epoch: 5

Train loss_D: 1599.679706377885
Train loss_G: 0.6094615229953873
Test loss_G: 0.4041303034339632

=============== Epoch: 6

Train loss_D: 10142.719835787499
Train loss_G: 0.6442671222969215
Test loss_G: 0.40089061856269836

=============== Epoch: 7

Train loss_D: 4907.668249212652
Train loss_G: 0.6280359950318984
Test loss_G: 0.40614337793418337

=============== Epoch: 8

Train loss_D: 5415.396124571674
Train loss_G: 0.6512579511370808
Test loss_G: 0.4020063004323414

=============== Epoch: 9

Train loss_D: 992.4463195106518
Train loss_G: 0.6645863278921473
Test loss_G: 0.4102500911269869

=============== Epoch: 10

Train loss_D: 2105.2505406406576
Train loss_G: 0.694565764910668
Test loss_G: 0.40474399498530794

=============== Epoch: 11

Train loss_D: 1610.998635131583
Train loss_G: 0.6582352154553975
Test loss_G: 0.4121753807578768

=============== Epoch: 12

Train loss_D: 587.6443607233423
Train loss_G: 0.6460177325205521
Test loss_G: 0.40971619316509794

=============== Epoch: 13

Train loss_D: 1526.9263125399411
Train loss_G: 0.6248641533303344
Test loss_G: 0.41643768761839184

=============== Epoch: 14

Train loss_D: 1864.4652623971515
Train loss_G: 0.6878775861308966
Test loss_G: 0.4157841886792864

=============== Epoch: 15

Train loss_D: 2904.2289621539485
Train loss_G: 0.638499242918832
Test loss_G: 0.4214054899556296

=============== Epoch: 16

Train loss_D: 12144.597337243713
Train loss_G: 0.6702363566342961
Test loss_G: 0.41675022883074625

=============== Epoch: 17

Train loss_D: 2932.8020405229317
Train loss_G: 0.6262507451639774
Test loss_G: 0.4255430038486208

=============== Epoch: 18

Train loss_D: 1192.9343694482695
Train loss_G: 0.6228935027994761
Test loss_G: 0.421924780522074

=============== Epoch: 19

Train loss_D: 619.6504243802291
Train loss_G: 0.64040540942747
Test loss_G: 0.420538421188082

=============== Epoch: 20

Train loss_D: 2057.3502762040225
Train loss_G: 0.6752652720084173
Test loss_G: 0.4250709286757878

=============== Epoch: 21

Train loss_D: 1557.369101022537
Train loss_G: 0.661350279059975
Test loss_G: 0.4213164278439113

=============== Epoch: 22

Train loss_D: 2605.9308257666717
Train loss_G: 0.6368820686996606
Test loss_G: 0.4357140553849084

=============== Epoch: 23

Train loss_D: 2241.181857401188
Train loss_G: 0.6292321084372258
Test loss_G: 0.42202743675027576

=============== Epoch: 24

Train loss_D: 2259.7342788110614
Train loss_G: 0.6535232501162884
Test loss_G: 0.43089407895292553

=============== Epoch: 25

Train loss_D: 2647.142545428934
Train loss_G: 0.6372393617854301
Test loss_G: 0.4222222076995032

=============== Epoch: 26

Train loss_D: 1065.3466412311068
Train loss_G: 0.6576619744300842
Test loss_G: 0.43071901372500826

=============== Epoch: 27

Train loss_D: 1045.7524252839044
Train loss_G: 0.6555356260272268
Test loss_G: 0.4269820345299585

=============== Epoch: 28

Train loss_D: 2267.1469699728596
Train loss_G: 0.7096906589921759
Test loss_G: 0.4323218081678663

=============== Epoch: 29

Train loss_D: 310.36519910685223
Train loss_G: 0.6974078316098722
Test loss_G: 0.42736336163112093

=============== Epoch: 30

Train loss_D: 359.13706387175216
Train loss_G: 0.6348957426664306
Test loss_G: 0.4323176656450544

=============== Epoch: 31

Train loss_D: 2745.3787036171016
Train loss_G: 0.6602878644802844
Test loss_G: 0.4287086980683463

=============== Epoch: 32

Train loss_D: 4751.218260156675
Train loss_G: 0.6636279904468549
Test loss_G: 0.4334491640329361

=============== Epoch: 33

Train loss_D: 453.8522500020136
Train loss_G: 0.6745775597436088
Test loss_G: 0.42862485136304584

=============== Epoch: 34

Train loss_D: 1784.359046172005
Train loss_G: 0.6496431983306433
Test loss_G: 0.44085455792290823

=============== Epoch: 35

Train loss_D: 6937.069441149056
Train loss_G: 0.6681968904642278
Test loss_G: 0.42730247548648287

=============== Epoch: 36

Train loss_D: 4334.846671862566
Train loss_G: 0.6823518745575217
Test loss_G: 0.4404135601861136

=============== Epoch: 37

Train loss_D: 996.4361287881791
Train loss_G: 0.6577553735065959
Test loss_G: 0.4275144359895161

=============== Epoch: 38

Train loss_D: 2676.0482523945484
Train loss_G: 0.6606905973850642
Test loss_G: 0.44375990331172943

=============== Epoch: 39

Train loss_D: 576.5216101472006
Train loss_G: 0.6487090972346296
Test loss_G: 0.426181007708822

=============== Epoch: 40

Train loss_D: 5457.715513823179
Train loss_G: 0.6952011253464098
Test loss_G: 0.44457465410232544

=============== Epoch: 41

Train loss_D: 1583.038615918352
Train loss_G: 0.6453010692725198
Test loss_G: 0.43097118394715445

=============== Epoch: 42

Train loss_D: 247.0085493863694
Train loss_G: 0.6810595819966718
Test loss_G: 0.4401647789137704

=============== Epoch: 43

Train loss_D: 345.3197285902379
Train loss_G: 0.6634568432897641
Test loss_G: 0.429171479174069

=============== Epoch: 44

Train loss_D: 1803.3284334870757
Train loss_G: 0.6720616314365473
Test loss_G: 0.43430245774132864

=============== Epoch: 45

Train loss_D: 1159.4351288789012
Train loss_G: 0.6387161162879824
Test loss_G: 0.43737450880663736

=============== Epoch: 46

Train loss_D: 411.5325417793212
Train loss_G: 0.68553104602086
Test loss_G: 0.43553770227091654

=============== Epoch: 47

Train loss_D: 2093.891595707268
Train loss_G: 0.6352984862148969
Test loss_G: 0.44443972195897785

=============== Epoch: 48

Train loss_D: 1105.9462392635319
Train loss_G: 0.6735446135860702
Test loss_G: 0.43434658646583557

=============== Epoch: 49

Train loss_D: 181.1184007617053
Train loss_G: 0.6932872209814783
Test loss_G: 0.43313594801085337

=============== Epoch: 50

Train loss_D: 729.9432959877511
Train loss_G: 0.6713725782229926
Test loss_G: 0.42948515713214874

=============== Epoch: 51

Train loss_D: 2885.12784463655
Train loss_G: 0.6659626595234621
Test loss_G: 0.437863011445318

=============== Epoch: 52

Train loss_D: 2753.9915257275184
Train loss_G: 0.6654250773403287
Test loss_G: 0.4328327051230839

=============== Epoch: 53

Train loss_D: 1201.083225392392
Train loss_G: 0.6979863046561384
Test loss_G: 0.438233454312597

=============== Epoch: 54

Train loss_D: 1214.8378732304022
Train loss_G: 0.6913617990573524
Test loss_G: 0.43706919252872467

=============== Epoch: 55

Train loss_D: 701.8810607392768
Train loss_G: 0.6605222065793512
Test loss_G: 0.4386287054845265

=============== Epoch: 56

Train loss_D: 3453.0912391388074
Train loss_G: 0.6705606873130965
Test loss_G: 0.4324462669236319

=============== Epoch: 57

Train loss_D: 1103.3364188984733
Train loss_G: 0.6585749161368047
Test loss_G: 0.44609561349664417

=============== Epoch: 58

Train loss_D: 147.31020265744627
Train loss_G: 0.6957622055184965
Test loss_G: 0.4369679944855826

=============== Epoch: 59

Train loss_D: 5129.844529064851
Train loss_G: 0.6466511235627563
Test loss_G: 0.43989144052777973

=============== Epoch: 60

Train loss_D: 1599.587622434873
Train loss_G: 0.6187488141790916
Test loss_G: 0.43212078724588665

=============== Epoch: 61

Train loss_D: 1697.179820652556
Train loss_G: 0.6573694376372294
Test loss_G: 0.43508176292691914

=============== Epoch: 62

Train loss_D: 1273.4454157025348
Train loss_G: 0.6541829506383124
Test loss_G: 0.4379941629511969

=============== Epoch: 63

Train loss_D: 2056.3548582261483
Train loss_G: 0.6526382689588162
Test loss_G: 0.4368489214352199

=============== Epoch: 64

Train loss_D: 2442.9190871060773
Train loss_G: 0.674484278318774
Test loss_G: 0.4387516698666981

=============== Epoch: 65

Train loss_D: 1972.7961694674386
Train loss_G: 0.6787000697768109
Test loss_G: 0.434254452586174

=============== Epoch: 66

Train loss_D: 2583.7555771879697
Train loss_G: 0.6950111600995479
Test loss_G: 0.4352304594857352

=============== Epoch: 67

Train loss_D: 2629.230778900934
Train loss_G: 0.6469201429484198
Test loss_G: 0.4403351992368698

=============== Epoch: 68

Train loss_D: 2241.2979529290083
Train loss_G: 0.6770118600088545
Test loss_G: 0.43750052579811644

=============== Epoch: 69

Train loss_D: 5785.501672706382
Train loss_G: 0.7012614695037284
Test loss_G: 0.43790970955576214

=============== Epoch: 70

Train loss_D: 630.3682429681215
Train loss_G: 0.6621501352832708
Test loss_G: 0.43859382399490904

=============== Epoch: 71

Train loss_D: 1608.610492091583
Train loss_G: 0.6648752396530391
Test loss_G: 0.4355596389089312

=============== Epoch: 72

Train loss_D: 350.9073581908452
Train loss_G: 0.695151134235103
Test loss_G: 0.4412154512745993

=============== Epoch: 73

Train loss_D: 2553.8531143174823
Train loss_G: 0.6854763971284706
Test loss_G: 0.4358894867556436

=============== Epoch: 74

Train loss_D: 420.14791181167993
Train loss_G: 0.7288945783513764
Test loss_G: 0.441000834107399

=============== Epoch: 75

Train loss_D: 4503.481363372959
Train loss_G: 0.7008785338040429
Test loss_G: 0.43354361397879465

=============== Epoch: 76

Train loss_D: 680.575030814897
Train loss_G: 0.686108640781263
Test loss_G: 0.43984484459672657

=============== Epoch: 77

Train loss_D: 1634.4353708856534
Train loss_G: 0.706216490850216
Test loss_G: 0.4322637468576431

=============== Epoch: 78

Train loss_D: 3453.346894988105
Train loss_G: 0.6870371427789382
Test loss_G: 0.4397392613547189

=============== Epoch: 79

Train loss_D: 4494.87639578454
Train loss_G: 0.6340752641706101
Test loss_G: 0.4312629678419658

=============== Epoch: 80

Train loss_D: 3269.6579856042868
Train loss_G: 0.6650895383922896
Test loss_G: 0.4467103821890695

=============== Epoch: 81

Train loss_D: 2925.862525061631
Train loss_G: 0.6338798683591005
Test loss_G: 0.4387535814728056

=============== Epoch: 82

Train loss_D: 2854.9228926688606
Train loss_G: 0.634850994790888
Test loss_G: 0.4359795089278902

=============== Epoch: 83

Train loss_D: 1585.070615663215
Train loss_G: 0.6939374802939152
Test loss_G: 0.4382600060531071

=============== Epoch: 84

Train loss_D: 1792.5687472477414
Train loss_G: 0.6909270609505085
Test loss_G: 0.4419936410018376

=============== Epoch: 85

Train loss_D: 1393.317885766951
Train loss_G: 0.6777696229439579
Test loss_G: 0.43571130292756216

=============== Epoch: 86

Train loss_D: 1525.7242507454446
Train loss_G: 0.6738436904310765
Test loss_G: 0.4524212671177728

=============== Epoch: 87

Train loss_D: 590.2777616303025
Train loss_G: 0.6402774924600582
Test loss_G: 0.42963832191058565

=============== Epoch: 88

Train loss_D: 2299.225845403468
Train loss_G: 0.6827768647089237
Test loss_G: 0.4337939534868513

=============== Epoch: 89

Train loss_D: 1512.5802964221193
Train loss_G: 0.7618898288298152
Test loss_G: 0.4368525615760258

=============== Epoch: 90

Train loss_D: 458.9067251395177
Train loss_G: 0.6773995881711979
Test loss_G: 0.4367097978081022

=============== Epoch: 91

Train loss_D: 1955.2707036491877
Train loss_G: 0.6713569719824641
Test loss_G: 0.4384815331016268

=============== Epoch: 92
