Adjusting learning rate of group 0 to 2.0000e-04.
=============== Epoch: 0
Adjusting learning rate of group 0 to 1.9997e-04.

Train loss: 0.30440381787441395
Test loss: 0.2610118431704385

=============== Epoch: 1
Adjusting learning rate of group 0 to 1.9989e-04.

Train loss: 0.23905661382057047
Test loss: 0.22440871596336365

=============== Epoch: 2
Adjusting learning rate of group 0 to 1.9976e-04.

Train loss: 0.2141128056579166
Test loss: 0.21380173893911497

=============== Epoch: 3
Adjusting learning rate of group 0 to 1.9957e-04.

Train loss: 0.20771158271365694
Test loss: 0.21371482844863618

=============== Epoch: 4
Adjusting learning rate of group 0 to 1.9932e-04.

Train loss: 0.20292033067455997
Test loss: 0.21415364955152785

=============== Epoch: 5
Adjusting learning rate of group 0 to 1.9903e-04.

Train loss: 0.197395161235774
Test loss: 0.2128157764673233

=============== Epoch: 6
Adjusting learning rate of group 0 to 1.9868e-04.

Train loss: 0.19049007484206446
Test loss: 0.22124682207192695

=============== Epoch: 7
Adjusting learning rate of group 0 to 1.9827e-04.

Train loss: 0.1840154542967125
Test loss: 0.21706772968173027

=============== Epoch: 8
Adjusting learning rate of group 0 to 1.9781e-04.

Train loss: 0.17920987098305313
Test loss: 0.2168185854596751

=============== Epoch: 9
Adjusting learning rate of group 0 to 1.9730e-04.

Train loss: 0.17444630221084312
Test loss: 0.21955923150692666

=============== Epoch: 10
Adjusting learning rate of group 0 to 1.9674e-04.

Train loss: 0.17018207234364968
Test loss: 0.2211671806871891

=============== Epoch: 11
Adjusting learning rate of group 0 to 1.9613e-04.

Train loss: 0.16711871546727639
Test loss: 0.22322113811969757

=============== Epoch: 12
Adjusting learning rate of group 0 to 1.9546e-04.

Train loss: 0.1629205764443786
Test loss: 0.22342979641897337

=============== Epoch: 13
Adjusting learning rate of group 0 to 1.9474e-04.

Train loss: 0.16066697670353783
Test loss: 0.21644362807273865

=============== Epoch: 14
Adjusting learning rate of group 0 to 1.9397e-04.

Train loss: 0.1578456089452461
Test loss: 0.22146596599902427

=============== Epoch: 15
Adjusting learning rate of group 0 to 1.9315e-04.

Train loss: 0.15591249399715
Test loss: 0.21980007312127522

=============== Epoch: 16
Adjusting learning rate of group 0 to 1.9228e-04.

Train loss: 0.153452436570768
Test loss: 0.21975199984652655

=============== Epoch: 17
Adjusting learning rate of group 0 to 1.9135e-04.

Train loss: 0.15201378288092438
Test loss: 0.22257960800613677

=============== Epoch: 18
Adjusting learning rate of group 0 to 1.9038e-04.

Train loss: 0.15085954279811295
Test loss: 0.22096092573234014

=============== Epoch: 19
Adjusting learning rate of group 0 to 1.8936e-04.

Train loss: 0.1494979891512129
Test loss: 0.22182787316186087

=============== Epoch: 20
Adjusting learning rate of group 0 to 1.8829e-04.

Train loss: 0.14814941353268093
Test loss: 0.2228158302605152

=============== Epoch: 21
Adjusting learning rate of group 0 to 1.8718e-04.

Train loss: 0.14602662821610768
Test loss: 0.22229497826525144

=============== Epoch: 22
Adjusting learning rate of group 0 to 1.8601e-04.

Train loss: 0.14521498326902035
Test loss: 0.22688389090555056

=============== Epoch: 23
Adjusting learning rate of group 0 to 1.8480e-04.

Train loss: 0.14428704193344824
Test loss: 0.22360497074467794

=============== Epoch: 24
Adjusting learning rate of group 0 to 1.8355e-04.

Train loss: 0.14275383860976606
Test loss: 0.22540731142674172

=============== Epoch: 25
Adjusting learning rate of group 0 to 1.8225e-04.

Train loss: 0.14144309339699923
Test loss: 0.223078298249415

=============== Epoch: 26
Adjusting learning rate of group 0 to 1.8090e-04.

Train loss: 0.1408381148620888
Test loss: 0.22560710779258183

=============== Epoch: 27
Adjusting learning rate of group 0 to 1.7951e-04.

Train loss: 0.1396917039597476
Test loss: 0.22563769508685386

=============== Epoch: 28
Adjusting learning rate of group 0 to 1.7808e-04.

Train loss: 0.13865786525938245
Test loss: 0.22393114385860308

=============== Epoch: 29
Adjusting learning rate of group 0 to 1.7660e-04.

Train loss: 0.13712698088751898
Test loss: 0.22331624584538595

=============== Epoch: 30
Adjusting learning rate of group 0 to 1.7509e-04.

Train loss: 0.13634904071136758
Test loss: 0.2240659562604768

=============== Epoch: 31
Adjusting learning rate of group 0 to 1.7353e-04.

Train loss: 0.1359489804616681
Test loss: 0.22352782051478112

=============== Epoch: 32
Adjusting learning rate of group 0 to 1.7193e-04.

Train loss: 0.13529730185314462
Test loss: 0.22268673085740634

=============== Epoch: 33
Adjusting learning rate of group 0 to 1.7030e-04.

Train loss: 0.13415519926283095
Test loss: 0.22110132819839887

=============== Epoch: 34
Adjusting learning rate of group 0 to 1.6862e-04.

Train loss: 0.13330546766519547
Test loss: 0.22172509187034198

=============== Epoch: 35
Adjusting learning rate of group 0 to 1.6691e-04.

Train loss: 0.1328870392507977
Test loss: 0.22443659390722

=============== Epoch: 36
Adjusting learning rate of group 0 to 1.6517e-04.

Train loss: 0.13228980175874852
Test loss: 0.22452425264886447

=============== Epoch: 37
Adjusting learning rate of group 0 to 1.6338e-04.

Train loss: 0.13138676385084788
Test loss: 0.22361080987112864

=============== Epoch: 38
Adjusting learning rate of group 0 to 1.6157e-04.

Train loss: 0.13073116623693043
Test loss: 0.22214100190571376

=============== Epoch: 39
Adjusting learning rate of group 0 to 1.5972e-04.

Train loss: 0.13029491117707007
Test loss: 0.22442662609475

=============== Epoch: 40
Adjusting learning rate of group 0 to 1.5783e-04.

Train loss: 0.1295404255942062
Test loss: 0.22365509133253778

=============== Epoch: 41
Adjusting learning rate of group 0 to 1.5592e-04.

Train loss: 0.12902580052614213
Test loss: 0.22478081339171954

=============== Epoch: 42
Adjusting learning rate of group 0 to 1.5398e-04.

Train loss: 0.12794173381946705
Test loss: 0.2241751950766359

=============== Epoch: 43
Adjusting learning rate of group 0 to 1.5200e-04.

Train loss: 0.12686250099429378
Test loss: 0.22457976160304888

=============== Epoch: 44
Adjusting learning rate of group 0 to 1.5000e-04.

Train loss: 0.1264174583885405
Test loss: 0.22250739857554436

=============== Epoch: 45
Adjusting learning rate of group 0 to 1.4797e-04.

Train loss: 0.1261203345325258
Test loss: 0.2233666032552719

=============== Epoch: 46
Adjusting learning rate of group 0 to 1.4592e-04.

Train loss: 0.12536287727179352
Test loss: 0.22471548137920244

=============== Epoch: 47
Adjusting learning rate of group 0 to 1.4384e-04.

Train loss: 0.12487109778104005
Test loss: 0.22396353632211685

=============== Epoch: 48
Adjusting learning rate of group 0 to 1.4173e-04.

Train loss: 0.1239130660339638
Test loss: 0.2210235744714737

=============== Epoch: 49
Adjusting learning rate of group 0 to 1.3961e-04.

Train loss: 0.12344463412408475
Test loss: 0.2217326925269195

=============== Epoch: 50
Adjusting learning rate of group 0 to 1.3746e-04.

Train loss: 0.1232216516578639
Test loss: 0.2250434703060559

=============== Epoch: 51
Adjusting learning rate of group 0 to 1.3529e-04.

Train loss: 0.1226730803096736
Test loss: 0.2249363325536251

=============== Epoch: 52
Adjusting learning rate of group 0 to 1.3311e-04.

Train loss: 0.12156192246410581
Test loss: 0.22320518057261193

=============== Epoch: 53
Adjusting learning rate of group 0 to 1.3090e-04.

Train loss: 0.1210401173543047
Test loss: 0.228730993611472

=============== Epoch: 54
Adjusting learning rate of group 0 to 1.2868e-04.

Train loss: 0.12054506849359584
Test loss: 0.2253202838557107

=============== Epoch: 55
Adjusting learning rate of group 0 to 1.2644e-04.

Train loss: 0.11991615080171161
Test loss: 0.2247913373368127

=============== Epoch: 56
Adjusting learning rate of group 0 to 1.2419e-04.

Train loss: 0.11899426480134329
Test loss: 0.22571589850953647

=============== Epoch: 57
Adjusting learning rate of group 0 to 1.2193e-04.

Train loss: 0.11818609083140338
Test loss: 0.2258898498756545

=============== Epoch: 58
Adjusting learning rate of group 0 to 1.1965e-04.

Train loss: 0.11757316368597526
Test loss: 0.22235016631228582

=============== Epoch: 59
Adjusting learning rate of group 0 to 1.1736e-04.

Train loss: 0.11705763240655263
Test loss: 0.22363465864743506

=============== Epoch: 60
Adjusting learning rate of group 0 to 1.1507e-04.

Train loss: 0.11627818346023559
Test loss: 0.22507632470556668

=============== Epoch: 61
Adjusting learning rate of group 0 to 1.1276e-04.

Train loss: 0.11555268322979963
Test loss: 0.22036839010460035

=============== Epoch: 62
Adjusting learning rate of group 0 to 1.1045e-04.

Train loss: 0.11473956003233239
Test loss: 0.22455534764698573

=============== Epoch: 63
Adjusting learning rate of group 0 to 1.0814e-04.

Train loss: 0.11451550749716935
Test loss: 0.22663465355123794

=============== Epoch: 64
Adjusting learning rate of group 0 to 1.0581e-04.

Train loss: 0.11369314353775095
Test loss: 0.226375441466059

=============== Epoch: 65
Adjusting learning rate of group 0 to 1.0349e-04.

Train loss: 0.11225097775459289
Test loss: 0.22410902487380163

=============== Epoch: 66
Adjusting learning rate of group 0 to 1.0116e-04.

Train loss: 0.11131082326173783
Test loss: 0.22759282695395605

=============== Epoch: 67
Adjusting learning rate of group 0 to 9.8836e-05.

Train loss: 0.11132237050268386
Test loss: 0.22493539165173257

=============== Epoch: 68
Adjusting learning rate of group 0 to 9.6510e-05.

Train loss: 0.11110176228814655
Test loss: 0.22158016477312362

=============== Epoch: 69
Adjusting learning rate of group 0 to 9.4186e-05.

Train loss: 0.109957848544474
Test loss: 0.2252270398395402

=============== Epoch: 70
Adjusting learning rate of group 0 to 9.1864e-05.

Train loss: 0.10864999586785282
Test loss: 0.22705164551734924

=============== Epoch: 71
Adjusting learning rate of group 0 to 8.9547e-05.

Train loss: 0.10791365123457379
Test loss: 0.22392699707831656

=============== Epoch: 72
Adjusting learning rate of group 0 to 8.7236e-05.

Train loss: 0.10728958480887943
Test loss: 0.22599089252097265

=============== Epoch: 73
Adjusting learning rate of group 0 to 8.4931e-05.

Train loss: 0.10660429994265239
Test loss: 0.22515238768288068

=============== Epoch: 74
Adjusting learning rate of group 0 to 8.2635e-05.

Train loss: 0.1059440376581969
Test loss: 0.23184186699134962

=============== Epoch: 75
Adjusting learning rate of group 0 to 8.0348e-05.

Train loss: 0.10508360851694036
Test loss: 0.22655794556651795

=============== Epoch: 76
Adjusting learning rate of group 0 to 7.8072e-05.

Train loss: 0.10407133483224446
Test loss: 0.22477018673505103

=============== Epoch: 77
Adjusting learning rate of group 0 to 7.5808e-05.

Train loss: 0.10321070756073351
Test loss: 0.2261262046439307

=============== Epoch: 78
Adjusting learning rate of group 0 to 7.3557e-05.

Train loss: 0.10260227212199459
Test loss: 0.22751652875116893

=============== Epoch: 79
Adjusting learning rate of group 0 to 7.1320e-05.

Train loss: 0.10176134043269687
Test loss: 0.2255371202315603

=============== Epoch: 80
Adjusting learning rate of group 0 to 6.9098e-05.

Train loss: 0.10113042134929587
Test loss: 0.2332387880555221

=============== Epoch: 81
Adjusting learning rate of group 0 to 6.6894e-05.

Train loss: 0.10013477173116472
Test loss: 0.22534882383687155

=============== Epoch: 82
Adjusting learning rate of group 0 to 6.4707e-05.

Train loss: 0.09919930464691586
Test loss: 0.2242555602320603

=============== Epoch: 83
Adjusting learning rate of group 0 to 6.2539e-05.

Train loss: 0.09830123760082103
Test loss: 0.23130933408226287

=============== Epoch: 84
Adjusting learning rate of group 0 to 6.0392e-05.

Train loss: 0.09758063096691061
Test loss: 0.23182587964194162

=============== Epoch: 85
Adjusting learning rate of group 0 to 5.8266e-05.

Train loss: 0.09676167048789837
Test loss: 0.22750571476561682

=============== Epoch: 86
Adjusting learning rate of group 0 to 5.6163e-05.

Train loss: 0.09596145059223528
Test loss: 0.2435333574456828

=============== Epoch: 87
Adjusting learning rate of group 0 to 5.4083e-05.

Train loss: 0.09491392302292365
Test loss: 0.2303319929965905

=============== Epoch: 88
Adjusting learning rate of group 0 to 5.2029e-05.

Train loss: 0.09405061850945155
Test loss: 0.24302659183740616

=============== Epoch: 89
Adjusting learning rate of group 0 to 5.0000e-05.

Train loss: 0.09325091860912464
Test loss: 0.23231724756104605

=============== Epoch: 90
Adjusting learning rate of group 0 to 4.7998e-05.

Train loss: 0.09215824449503864
Test loss: 0.24263890140822955

=============== Epoch: 91
Adjusting learning rate of group 0 to 4.6025e-05.

Train loss: 0.09118379371033775
Test loss: 0.23240989233766282

=============== Epoch: 92
Adjusting learning rate of group 0 to 4.4081e-05.

Train loss: 0.09038417201351237
Test loss: 0.24544432759284973

=============== Epoch: 93
Adjusting learning rate of group 0 to 4.2167e-05.

Train loss: 0.0895621328442185
Test loss: 0.23974254248397692

=============== Epoch: 94
Adjusting learning rate of group 0 to 4.0284e-05.

Train loss: 0.0887548323030825
Test loss: 0.22543454436319216

=============== Epoch: 95
Adjusting learning rate of group 0 to 3.8434e-05.

Train loss: 0.08789890242947472
Test loss: 0.23248118694339479

=============== Epoch: 96
Adjusting learning rate of group 0 to 3.6617e-05.

Train loss: 0.08690490325291951
Test loss: 0.22615195012518338

=============== Epoch: 97
Adjusting learning rate of group 0 to 3.4834e-05.

Train loss: 0.08590070494899044
Test loss: 0.2427960612944194

=============== Epoch: 98
Adjusting learning rate of group 0 to 3.3087e-05.

Train loss: 0.08500712889212149
Test loss: 0.22324570694140025

=============== Epoch: 99
Adjusting learning rate of group 0 to 3.1376e-05.

Train loss: 0.08391302227973937
Test loss: 0.22541722442422593

=============== Epoch: 100
Adjusting learning rate of group 0 to 2.9702e-05.

Train loss: 0.08281614498959647
Test loss: 0.24304271170071193

=============== Epoch: 101
Adjusting learning rate of group 0 to 2.8066e-05.

Train loss: 0.08173571157234687
Test loss: 0.23799334360020502

=============== Epoch: 102
Adjusting learning rate of group 0 to 2.6469e-05.

Train loss: 0.08084267802812435
Test loss: 0.23955371816243445

=============== Epoch: 103
Adjusting learning rate of group 0 to 2.4912e-05.

Train loss: 0.07998702669585192
Test loss: 0.24031450599431992

=============== Epoch: 104
Adjusting learning rate of group 0 to 2.3396e-05.

Train loss: 0.07919071631299125
Test loss: 0.23116310685873032

=============== Epoch: 105
Adjusting learning rate of group 0 to 2.1921e-05.

Train loss: 0.07815103895134395
Test loss: 0.23168755056602613

=============== Epoch: 106
Adjusting learning rate of group 0 to 2.0488e-05.

Train loss: 0.0770265919190866
Test loss: 0.23105275897043093

=============== Epoch: 107
Adjusting learning rate of group 0 to 1.9098e-05.

Train loss: 0.07583417484053859
Test loss: 0.24003754449742182

=============== Epoch: 108
Adjusting learning rate of group 0 to 1.7752e-05.

Train loss: 0.074801144445384
Test loss: 0.24308281604732787

=============== Epoch: 109
Adjusting learning rate of group 0 to 1.6451e-05.

Train loss: 0.07371878254192847
Test loss: 0.23785812514168875

=============== Epoch: 110
Adjusting learning rate of group 0 to 1.5195e-05.

Train loss: 0.0726890460760505
Test loss: 0.23653962037393025

=============== Epoch: 111
Adjusting learning rate of group 0 to 1.3985e-05.

Train loss: 0.07164621598742626
Test loss: 0.23198506236076355

=============== Epoch: 112
Adjusting learning rate of group 0 to 1.2822e-05.

Train loss: 0.07069353521973998
Test loss: 0.24489617028406688

=============== Epoch: 113
Adjusting learning rate of group 0 to 1.1705e-05.

Train loss: 0.06983368727895949
Test loss: 0.23729109498006956

=============== Epoch: 114
Adjusting learning rate of group 0 to 1.0637e-05.

Train loss: 0.06900322017846285
Test loss: 0.24033422555242265

=============== Epoch: 115
Adjusting learning rate of group 0 to 9.6166e-06.

Train loss: 0.06817162014819958
Test loss: 0.24114663526415825

=============== Epoch: 116
Adjusting learning rate of group 0 to 8.6455e-06.

Train loss: 0.06739185190311185
Test loss: 0.24416047281452588

=============== Epoch: 117
Adjusting learning rate of group 0 to 7.7238e-06.

Train loss: 0.06662088069650862
Test loss: 0.23744787169354303

=============== Epoch: 118
Adjusting learning rate of group 0 to 6.8520e-06.

Train loss: 0.06588894087407324
Test loss: 0.23613408048238074

=============== Epoch: 119
Adjusting learning rate of group 0 to 6.0307e-06.

Train loss: 0.06517132744193077
Test loss: 0.23657263123563357

=============== Epoch: 120
Adjusting learning rate of group 0 to 5.2603e-06.

Train loss: 0.06451455448512677
Test loss: 0.24190135672688484

=============== Epoch: 121
Adjusting learning rate of group 0 to 4.5412e-06.

Train loss: 0.06392449874568869
Test loss: 0.24060817967568124

=============== Epoch: 122
Adjusting learning rate of group 0 to 3.8738e-06.

Train loss: 0.06336459834818486
Test loss: 0.24159623895372664

=============== Epoch: 123
Adjusting learning rate of group 0 to 3.2585e-06.

Train loss: 0.06286359945381129
Test loss: 0.2430714171911989

=============== Epoch: 124
Adjusting learning rate of group 0 to 2.6955e-06.

Train loss: 0.062443605755214335
Test loss: 0.24347713163920812

=============== Epoch: 125
Adjusting learning rate of group 0 to 2.1852e-06.

Train loss: 0.06208538962183175
Test loss: 0.24100392843995774

=============== Epoch: 126
Adjusting learning rate of group 0 to 1.7279e-06.

Train loss: 0.061782713758724704
Test loss: 0.24376442709139415

=============== Epoch: 127
Adjusting learning rate of group 0 to 1.3238e-06.

Train loss: 0.06153012307153808
Test loss: 0.24329621983425959

=============== Epoch: 128
Adjusting learning rate of group 0 to 9.7319e-07.

Train loss: 0.06132801646987597
Test loss: 0.24135382792779378

=============== Epoch: 129
Adjusting learning rate of group 0 to 6.7616e-07.

Train loss: 0.06117022556287271
Test loss: 0.2420350717646735

=============== Epoch: 130
Adjusting learning rate of group 0 to 4.3292e-07.

Train loss: 0.06105247101298085
Test loss: 0.2421316264995507

=============== Epoch: 131
Adjusting learning rate of group 0 to 2.4359e-07.

Train loss: 0.06096499244923945
Test loss: 0.24301182052918843

=============== Epoch: 132
Adjusting learning rate of group 0 to 1.0829e-07.

Train loss: 0.06089983336903431
Test loss: 0.24279725977352687

=============== Epoch: 133
Adjusting learning rate of group 0 to 2.7076e-08.

Train loss: 0.06085366496333369
Test loss: 0.2429327326161521

=============== Epoch: 134
Adjusting learning rate of group 0 to 0.0000e+00.

Train loss: 0.060828407522704867
Test loss: 0.24290561143841063

=============== Epoch: 135
Adjusting learning rate of group 0 to 2.7076e-08.

Train loss: 0.06082085108867398
Test loss: 0.24290462583303452

=============== Epoch: 136
Adjusting learning rate of group 0 to 1.0829e-07.

Train loss: 0.06082502669758267
Test loss: 0.24292658322623797

=============== Epoch: 137
Adjusting learning rate of group 0 to 2.4359e-07.

Train loss: 0.06083426086439027
Test loss: 0.24286955754671777

=============== Epoch: 138
Adjusting learning rate of group 0 to 4.3292e-07.

Train loss: 0.06084220779162866
Test loss: 0.24277985841035843

=============== Epoch: 139
Adjusting learning rate of group 0 to 6.7616e-07.

Train loss: 0.06084482465629224
Test loss: 0.24276779538818768

=============== Epoch: 140
Adjusting learning rate of group 0 to 9.7319e-07.

Train loss: 0.06083889769183265
Test loss: 0.2425786235502788

=============== Epoch: 141
Adjusting learning rate of group 0 to 1.3238e-06.

Train loss: 0.0608240707329026
Test loss: 0.24211290638361657

=============== Epoch: 142
Adjusting learning rate of group 0 to 1.7279e-06.

Train loss: 0.060800165324299424
Test loss: 0.24478327482938766

=============== Epoch: 143
Adjusting learning rate of group 0 to 2.1852e-06.

Train loss: 0.06077290182864224
Test loss: 0.24284359919173376

=============== Epoch: 144
Adjusting learning rate of group 0 to 2.6955e-06.

Train loss: 0.060792682899369135
Test loss: 0.24311402972255433

=============== Epoch: 145
Adjusting learning rate of group 0 to 3.2585e-06.

Train loss: 0.06114326872759395
Test loss: 0.24257362580725125

=============== Epoch: 146
Adjusting learning rate of group 0 to 3.8738e-06.

Train loss: 0.06235525318317943
Test loss: 0.24732748685138567

=============== Epoch: 147
Adjusting learning rate of group 0 to 4.5412e-06.

Train loss: 0.06366899866196844
Test loss: 0.2421782517007419

=============== Epoch: 148
Adjusting learning rate of group 0 to 5.2603e-06.

Train loss: 0.06374118421916608
Test loss: 0.24618261892880713

=============== Epoch: 149
Adjusting learning rate of group 0 to 6.0307e-06.

Train loss: 0.06349991659323374
Test loss: 0.24155202774064882

=============== Epoch: 150
Adjusting learning rate of group 0 to 6.8520e-06.

Train loss: 0.06374095708683684
Test loss: 0.23937231142606055

=============== Epoch: 151
Adjusting learning rate of group 0 to 7.7238e-06.

Train loss: 0.0644111219379637
Test loss: 0.25902876257896423

=============== Epoch: 152
Adjusting learning rate of group 0 to 8.6455e-06.

Train loss: 0.06529729978905784
Test loss: 0.24557989463210106

=============== Epoch: 153
Adjusting learning rate of group 0 to 9.6166e-06.

Train loss: 0.06609672299689717
Test loss: 0.24009946627276285

=============== Epoch: 154
Adjusting learning rate of group 0 to 1.0637e-05.

Train loss: 0.0668732028592516
Test loss: 0.2402699046901294

=============== Epoch: 155
Adjusting learning rate of group 0 to 1.1705e-05.

Train loss: 0.06762556585448759
Test loss: 0.2419085300394467

=============== Epoch: 156
Adjusting learning rate of group 0 to 1.2822e-05.

Train loss: 0.06835803389549255
Test loss: 0.2522294760814735

=============== Epoch: 157
Adjusting learning rate of group 0 to 1.3985e-05.

Train loss: 0.06919113339649306
Test loss: 0.24738216613020217

=============== Epoch: 158
Adjusting learning rate of group 0 to 1.5195e-05.

Train loss: 0.07017370815630312
Test loss: 0.24603487285120146

=============== Epoch: 159
Adjusting learning rate of group 0 to 1.6451e-05.

Train loss: 0.07121804135817068
Test loss: 0.2514199678386961

=============== Epoch: 160
Adjusting learning rate of group 0 to 1.7752e-05.

Train loss: 0.07218246106748227
Test loss: 0.252993748656341

=============== Epoch: 161
Adjusting learning rate of group 0 to 1.9098e-05.

Train loss: 0.07302682366636064
Test loss: 0.25725641527346205

=============== Epoch: 162
Adjusting learning rate of group 0 to 2.0488e-05.

Train loss: 0.07402073415341201
Test loss: 0.24413094988891057

=============== Epoch: 163
Adjusting learning rate of group 0 to 2.1921e-05.

Train loss: 0.07500480645232731
Test loss: 0.2641531005501747

=============== Epoch: 164
Adjusting learning rate of group 0 to 2.3396e-05.

Train loss: 0.07594035924584777
Test loss: 0.24239219299384526

=============== Epoch: 165
Adjusting learning rate of group 0 to 2.4912e-05.

Train loss: 0.07688803556892607
Test loss: 0.22791139036417007

=============== Epoch: 166
Adjusting learning rate of group 0 to 2.6469e-05.

Train loss: 0.07791425044889803
Test loss: 0.23915347563368933

=============== Epoch: 167
Adjusting learning rate of group 0 to 2.8066e-05.

Train loss: 0.07869155131004475
Test loss: 0.3069873462830271

=============== Epoch: 168
Adjusting learning rate of group 0 to 2.9702e-05.

Train loss: 0.07942776950421157
Test loss: 0.2501788985516344

=============== Epoch: 169
Adjusting learning rate of group 0 to 3.1376e-05.

Train loss: 0.07994793565184982
Test loss: 0.24800756254366466

=============== Epoch: 170
Adjusting learning rate of group 0 to 3.3087e-05.

Train loss: 0.08049098507121757
Test loss: 0.24923629579799517

=============== Epoch: 171
Adjusting learning rate of group 0 to 3.4834e-05.

Train loss: 0.0813414043298474
Test loss: 0.2525434690926756

=============== Epoch: 172
Adjusting learning rate of group 0 to 3.6617e-05.

Train loss: 0.08208012293886255
Test loss: 0.24354212890778268

=============== Epoch: 173
Adjusting learning rate of group 0 to 3.8434e-05.

Train loss: 0.08276771345624218
Test loss: 0.29219901242426466

=============== Epoch: 174
Adjusting learning rate of group 0 to 4.0284e-05.

Train loss: 0.08331724592932949
Test loss: 0.2565345306481634

=============== Epoch: 175
Adjusting learning rate of group 0 to 4.2167e-05.

Train loss: 0.08421026319265365
Test loss: 0.2444201335310936

=============== Epoch: 176
Adjusting learning rate of group 0 to 4.4081e-05.

Train loss: 0.0846728593662933
Test loss: 0.2612759454974106

=============== Epoch: 177
Adjusting learning rate of group 0 to 4.6025e-05.

Train loss: 0.08516604127707304
Test loss: 0.2734018276844706

=============== Epoch: 178
Adjusting learning rate of group 0 to 4.7998e-05.

Train loss: 0.08600567623420997
Test loss: 0.22833950817584991

=============== Epoch: 179
Adjusting learning rate of group 0 to 5.0000e-05.

Train loss: 0.08652705743356988
Test loss: 0.25998700090817045

=============== Epoch: 180
Adjusting learning rate of group 0 to 5.2029e-05.

Train loss: 0.08715383217290595
Test loss: 0.2403573463005679

=============== Epoch: 181
Adjusting learning rate of group 0 to 5.4083e-05.

Train loss: 0.08792335976053167
Test loss: 0.2676282950810024

=============== Epoch: 182
Adjusting learning rate of group 0 to 5.6163e-05.

Train loss: 0.08849687526623408
Test loss: 0.2815438892160143

=============== Epoch: 183
Adjusting learning rate of group 0 to 5.8266e-05.

Train loss: 0.08908754576135565
Test loss: 0.24389136476176126

=============== Epoch: 184
Adjusting learning rate of group 0 to 6.0392e-05.

Train loss: 0.08975175376291629
Test loss: 0.24559058302215167

=============== Epoch: 185
Adjusting learning rate of group 0 to 6.2539e-05.

Train loss: 0.09059412611855401
Test loss: 0.2256168941301959

=============== Epoch: 186
Adjusting learning rate of group 0 to 6.4707e-05.

Train loss: 0.09112256605316091
Test loss: 0.24949384480714798

=============== Epoch: 187
Adjusting learning rate of group 0 to 6.6894e-05.

Train loss: 0.0916059566868676
Test loss: 0.24359831692917006

=============== Epoch: 188
Adjusting learning rate of group 0 to 6.9098e-05.

Train loss: 0.09193340352287999
Test loss: 0.2591110808508737

=============== Epoch: 189
Adjusting learning rate of group 0 to 7.1320e-05.

Train loss: 0.0926562241382069
Test loss: 0.24524213905845368

=============== Epoch: 190
Adjusting learning rate of group 0 to 7.3557e-05.

Train loss: 0.0931690830875326
Test loss: 0.25492990761995316

=============== Epoch: 191
Adjusting learning rate of group 0 to 7.5808e-05.

Train loss: 0.09396226671006945
Test loss: 0.22806030192545482

=============== Epoch: 192
Adjusting learning rate of group 0 to 7.8072e-05.

Train loss: 0.09446202494479992
Test loss: 0.27734141796827316

=============== Epoch: 193
Adjusting learning rate of group 0 to 8.0348e-05.

Train loss: 0.09523172052922073
Test loss: 0.25292579510382246

=============== Epoch: 194
Adjusting learning rate of group 0 to 8.2635e-05.

Train loss: 0.09591123279598024
Test loss: 0.2430996053985187

=============== Epoch: 195
Adjusting learning rate of group 0 to 8.4931e-05.

Train loss: 0.09657201248186606
Test loss: 0.23609079207692826

=============== Epoch: 196
Adjusting learning rate of group 0 to 8.7236e-05.

Train loss: 0.09722455287421192
Test loss: 0.25596659417663303

=============== Epoch: 197
Adjusting learning rate of group 0 to 8.9547e-05.

Train loss: 0.09749564390491557
Test loss: 0.23023916514856474

=============== Epoch: 198
Adjusting learning rate of group 0 to 9.1864e-05.

Train loss: 0.09823304116725921
Test loss: 0.23234127940876143

=============== Epoch: 199
Adjusting learning rate of group 0 to 9.4186e-05.

Train loss: 0.09943339316933243
Test loss: 0.24974784521119936

