Adjusting learning rate of group 0 to 2.0000e-05.
Adjusting learning rate of group 0 to 2.0000e-05.
=============== Epoch: 0
Adjusting learning rate of group 0 to 2.0000e-05.
Adjusting learning rate of group 0 to 2.0000e-05.

Train loss_D: 0.8783218264579773
Train loss_G: 0.0
Test loss_G: 0.5326228056635175

=============== Epoch: 1
Adjusting learning rate of group 0 to 2.0000e-05.
Adjusting learning rate of group 0 to 2.0000e-05.

Train loss_D: 0.442351758480072
Train loss_G: 0.0
Test loss_G: 0.5329101170812335

=============== Epoch: 2
Adjusting learning rate of group 0 to 2.0000e-05.
Adjusting learning rate of group 0 to 2.0000e-05.

Train loss_D: 0.2787286937236786
Train loss_G: 0.0
Test loss_G: 0.5333356857299805

=============== Epoch: 3
Adjusting learning rate of group 0 to 2.0000e-05.
Adjusting learning rate of group 0 to 2.0000e-05.

Train loss_D: 0.23840923607349396
Train loss_G: 0.0
Test loss_G: 0.5338779432432992

=============== Epoch: 4
Adjusting learning rate of group 0 to 2.0000e-05.
Adjusting learning rate of group 0 to 2.0000e-05.

Train loss_D: 0.20009009540081024
Train loss_G: 0.0
Test loss_G: 0.5345096332686288

=============== Epoch: 5
Adjusting learning rate of group 0 to 2.0000e-05.
Adjusting learning rate of group 0 to 2.0000e-05.

Train loss_D: 0.16518554091453552
Train loss_G: 0.0
Test loss_G: 0.5352022647857666

=============== Epoch: 6
Adjusting learning rate of group 0 to 2.0000e-05.
Adjusting learning rate of group 0 to 2.0000e-05.

Train loss_D: 0.1353427618741989
Train loss_G: 0.0
Test loss_G: 0.5359311955315726

=============== Epoch: 7
Adjusting learning rate of group 0 to 2.0000e-05.
Adjusting learning rate of group 0 to 2.0000e-05.

Train loss_D: 0.11083769798278809
Train loss_G: 0.0
Test loss_G: 0.5366758619035993

=============== Epoch: 8
