Adjusting learning rate of group 0 to 2.0000e-04.
=============== Epoch: 0

Train loss_D: 2.2259581089019775
Train loss_G: 5.755570100518526e-07
Test loss_G: 0.3546478194849832

=============== Epoch: 1

Train loss_D: 6.5355353355407715
Train loss_G: 0.000212362123420462
Test loss_G: 0.34881662470953806

=============== Epoch: 2

Train loss_D: 4.312105178833008
Train loss_G: 0.014512009918689728
Test loss_G: 0.34498908690043856

=============== Epoch: 3

Train loss_D: 2.197911262512207
Train loss_G: 0.1885761022567749
Test loss_G: 0.34165077975818087

=============== Epoch: 4

Train loss_D: 0.9632173180580139
Train loss_G: 0.74615079164505
Test loss_G: 0.33668140854154316

=============== Epoch: 5

Train loss_D: 0.6183197498321533
Train loss_G: 1.3936042785644531
Test loss_G: 0.330123279775892

=============== Epoch: 6

Train loss_D: 0.7571209669113159
Train loss_G: 1.6531822681427002
Test loss_G: 0.32410564167158945

=============== Epoch: 7

Train loss_D: 0.8518851399421692
Train loss_G: 1.6065152883529663
Test loss_G: 0.31875619292259216

=============== Epoch: 8

Train loss_D: 0.8422661423683167
Train loss_G: 1.4138380289077759
Test loss_G: 0.31395541770117624

=============== Epoch: 9

Train loss_D: 0.7882072925567627
Train loss_G: 1.1769750118255615
Test loss_G: 0.30957795892442974

=============== Epoch: 10

Train loss_D: 0.7312554717063904
Train loss_G: 0.9547102451324463
Test loss_G: 0.3055356613227299

=============== Epoch: 11

Train loss_D: 0.6930879354476929
Train loss_G: 0.7766937613487244
Test loss_G: 0.30179019059453693

=============== Epoch: 12

Train loss_D: 0.6787869334220886
Train loss_G: 0.6467810869216919
Test loss_G: 0.2983220134462629

=============== Epoch: 13

Train loss_D: 0.6818035840988159
Train loss_G: 0.5606263875961304
Test loss_G: 0.29511326125689913

=============== Epoch: 14

Train loss_D: 0.6929400563240051
Train loss_G: 0.5110660195350647
Test loss_G: 0.29213911294937134

=============== Epoch: 15

Train loss_D: 0.7038425207138062
Train loss_G: 0.4907488524913788
Test loss_G: 0.2893663900239127

=============== Epoch: 16

Train loss_D: 0.7092995643615723
Train loss_G: 0.4933088421821594
Test loss_G: 0.2867632380553654

=============== Epoch: 17

Train loss_D: 0.7082692980766296
Train loss_G: 0.5138962268829346
Test loss_G: 0.28430082542555674

=============== Epoch: 18

Train loss_D: 0.7025233507156372
Train loss_G: 0.5488725900650024
Test loss_G: 0.28195731554712566

=============== Epoch: 19

Train loss_D: 0.694720983505249
Train loss_G: 0.5951482057571411
Test loss_G: 0.27972130690302166

=============== Epoch: 20

Train loss_D: 0.6875402927398682
Train loss_G: 0.6493446826934814
Test loss_G: 0.27759282078061787

=============== Epoch: 21

Train loss_D: 0.6829541325569153
Train loss_G: 0.7074722051620483
Test loss_G: 0.2755794865744455

=============== Epoch: 22

Train loss_D: 0.6816760301589966
Train loss_G: 0.7643324732780457
Test loss_G: 0.2736946131501879

=============== Epoch: 23

Train loss_D: 0.683201014995575
Train loss_G: 0.813300609588623
Test loss_G: 0.27195338691983906

=============== Epoch: 24

Train loss_D: 0.6860525012016296
Train loss_G: 0.8478179574012756
Test loss_G: 0.270368082182748

=============== Epoch: 25

Train loss_D: 0.6883198022842407
Train loss_G: 0.8636972904205322
Test loss_G: 0.2689412363937923

=============== Epoch: 26

Train loss_D: 0.6885926127433777
Train loss_G: 0.8604447841644287
Test loss_G: 0.2676677874156407

=============== Epoch: 27

Train loss_D: 0.6865074634552002
Train loss_G: 0.8410314917564392
Test loss_G: 0.26653757265635897

=============== Epoch: 28

Train loss_D: 0.6830866932868958
Train loss_G: 0.8106302618980408
Test loss_G: 0.26553861583982197

=============== Epoch: 29

Train loss_D: 0.6799353361129761
Train loss_G: 0.7756752967834473
Test loss_G: 0.2646612397262028

=============== Epoch: 30

Train loss_D: 0.6785364151000977
Train loss_G: 0.7440918684005737
Test loss_G: 0.2639056018420628

=============== Epoch: 31

Train loss_D: 0.6796360015869141
Train loss_G: 0.7249714136123657
Test loss_G: 0.26328582423073904

=============== Epoch: 32

Train loss_D: 0.6830044984817505
Train loss_G: 0.7256291508674622
Test loss_G: 0.26283103227615356

=============== Epoch: 33

Train loss_D: 0.6875394582748413
Train loss_G: 0.747978687286377
Test loss_G: 0.2625877559185028

=============== Epoch: 34

Train loss_D: 0.6931648254394531
Train loss_G: 0.7854185104370117
Test loss_G: 0.2626224287918636

=============== Epoch: 35

Train loss_D: 0.701427698135376
Train loss_G: 0.8211187124252319
Test loss_G: 0.26301296268190655

=============== Epoch: 36

Train loss_D: 0.7126849889755249
Train loss_G: 0.8355233669281006
Test loss_G: 0.26383220297949656

=============== Epoch: 37

Train loss_D: 0.7240845561027527
Train loss_G: 0.8220188021659851
Test loss_G: 0.2651356714112418

=============== Epoch: 38

Train loss_D: 0.7313491106033325
Train loss_G: 0.7880823612213135
Test loss_G: 0.2669519569192614

=============== Epoch: 39

Train loss_D: 0.7321518659591675
Train loss_G: 0.7486007213592529
Test loss_G: 0.2692868837288448

=============== Epoch: 40

Train loss_D: 0.7254929542541504
Train loss_G: 0.7182694673538208
Test loss_G: 0.27211657592228483

=============== Epoch: 41

Train loss_D: 0.7107137441635132
Train loss_G: 0.7062981128692627
Test loss_G: 0.2754009876932417

=============== Epoch: 42

Train loss_D: 0.688294529914856
Train loss_G: 0.7163735032081604
Test loss_G: 0.279070645570755

=============== Epoch: 43

Train loss_D: 0.660267174243927
Train loss_G: 0.7486426830291748
Test loss_G: 0.2830436144556318

=============== Epoch: 44

Train loss_D: 0.6298129558563232
Train loss_G: 0.7985605001449585
Test loss_G: 0.2872375547885895

=============== Epoch: 45

Train loss_D: 0.5994709730148315
Train loss_G: 0.8559725284576416
Test loss_G: 0.2915843725204468

=============== Epoch: 46

Train loss_D: 0.5707975029945374
Train loss_G: 0.9061580300331116
Test loss_G: 0.2960515490600041

=============== Epoch: 47

Train loss_D: 0.5448540449142456
Train loss_G: 0.9355018138885498
Test loss_G: 0.3006279468536377

=============== Epoch: 48

Train loss_D: 0.5213619470596313
Train loss_G: 0.9389851093292236
Test loss_G: 0.30536082812717985

=============== Epoch: 49

Train loss_D: 0.5015546083450317
Train loss_G: 0.9294739961624146
Test loss_G: 0.31033114876065937

