Adjusting learning rate of group 0 to 2.0000e-05.
Adjusting learning rate of group 0 to 2.0000e-05.
=============== Epoch: 0
Adjusting learning rate of group 0 to 2.0000e-05.
Adjusting learning rate of group 0 to 2.0000e-05.

Train loss_D: 0.7426890134811401
Train loss_G: 0.0
Test loss_G: 0.5039832623941558

=============== Epoch: 1
Adjusting learning rate of group 0 to 2.0000e-05.
Adjusting learning rate of group 0 to 2.0000e-05.

Train loss_D: 0.3941085934638977
Train loss_G: 0.0
Test loss_G: 0.49371663480997086

=============== Epoch: 2
Adjusting learning rate of group 0 to 2.0000e-05.
Adjusting learning rate of group 0 to 2.0000e-05.

Train loss_D: 0.3112311363220215
Train loss_G: 0.0
Test loss_G: 0.48392644631011145

=============== Epoch: 3
Adjusting learning rate of group 0 to 2.0000e-05.
Adjusting learning rate of group 0 to 2.0000e-05.

Train loss_D: 0.2908530831336975
Train loss_G: 0.0
Test loss_G: 0.47468389038528713

=============== Epoch: 4
Adjusting learning rate of group 0 to 2.0000e-05.
Adjusting learning rate of group 0 to 2.0000e-05.

Train loss_D: 0.26054319739341736
Train loss_G: 0.0
Test loss_G: 0.4660420449716704

=============== Epoch: 5
Adjusting learning rate of group 0 to 2.0000e-05.
Adjusting learning rate of group 0 to 2.0000e-05.

Train loss_D: 0.2283037304878235
Train loss_G: 0.0
Test loss_G: 0.458039145384516

=============== Epoch: 6
Adjusting learning rate of group 0 to 2.0000e-05.
Adjusting learning rate of group 0 to 2.0000e-05.

Train loss_D: 0.1971907615661621
Train loss_G: 0.0
Test loss_G: 0.4506915530988148

=============== Epoch: 7
Adjusting learning rate of group 0 to 2.0000e-05.
Adjusting learning rate of group 0 to 2.0000e-05.

Train loss_D: 0.1686471700668335
Train loss_G: 0.0
Test loss_G: 0.44399738950388773

=============== Epoch: 8
Adjusting learning rate of group 0 to 2.0000e-05.
Adjusting learning rate of group 0 to 2.0000e-05.

Train loss_D: 0.14323680102825165
Train loss_G: 0.0
Test loss_G: 0.4379348094974245

=============== Epoch: 9
Adjusting learning rate of group 0 to 2.0000e-05.
Adjusting learning rate of group 0 to 2.0000e-05.

Train loss_D: 0.12106616795063019
Train loss_G: 2.5224552154541016
Test loss_G: 0.43227675982884

=============== Epoch: 10
Adjusting learning rate of group 0 to 2.0000e-05.
Adjusting learning rate of group 0 to 2.0000e-05.

Train loss_D: 0.11046474426984787
Train loss_G: 0.0
Test loss_G: 0.42736427379505976

=============== Epoch: 11
Adjusting learning rate of group 0 to 2.0000e-05.
Adjusting learning rate of group 0 to 2.0000e-05.

Train loss_D: 0.09275928139686584
Train loss_G: 0.0
Test loss_G: 0.4229628209556852

=============== Epoch: 12
Adjusting learning rate of group 0 to 2.0000e-05.
Adjusting learning rate of group 0 to 2.0000e-05.

Train loss_D: 0.07800472527742386
Train loss_G: 0.0
Test loss_G: 0.41902456858328413

=============== Epoch: 13
Adjusting learning rate of group 0 to 2.0000e-05.
Adjusting learning rate of group 0 to 2.0000e-05.

Train loss_D: 0.06564848870038986
Train loss_G: 0.0
Test loss_G: 0.41550316768033163

=============== Epoch: 14
Adjusting learning rate of group 0 to 2.0000e-05.
Adjusting learning rate of group 0 to 2.0000e-05.

Train loss_D: 0.05533517152070999
Train loss_G: 0.0
Test loss_G: 0.4123544224670955

=============== Epoch: 15
Adjusting learning rate of group 0 to 2.0000e-05.
Adjusting learning rate of group 0 to 2.0000e-05.

Train loss_D: 0.04676547273993492
Train loss_G: 0.0
Test loss_G: 0.4095382232751165

=============== Epoch: 16
Adjusting learning rate of group 0 to 2.0000e-05.
Adjusting learning rate of group 0 to 2.0000e-05.

Train loss_D: 0.03967086970806122
Train loss_G: 0.0
Test loss_G: 0.40701857422079357

=============== Epoch: 17
Adjusting learning rate of group 0 to 2.0000e-05.
Adjusting learning rate of group 0 to 2.0000e-05.

Train loss_D: 0.03379346802830696
Train loss_G: 0.0
Test loss_G: 0.4047631004026958

=============== Epoch: 18
Adjusting learning rate of group 0 to 2.0000e-05.
Adjusting learning rate of group 0 to 2.0000e-05.

Train loss_D: 0.02892264723777771
Train loss_G: 0.0
Test loss_G: 0.4027433161224638

=============== Epoch: 19
Adjusting learning rate of group 0 to 2.0000e-05.
Adjusting learning rate of group 0 to 2.0000e-05.

Train loss_D: 0.024874739348888397
Train loss_G: 4.251655578613281
Test loss_G: 0.40062022315604345

=============== Epoch: 20
Adjusting learning rate of group 0 to 2.0000e-05.
Adjusting learning rate of group 0 to 2.0000e-05.

Train loss_D: 0.026253508403897285
Train loss_G: 0.0
Test loss_G: 0.3989845791033336

=============== Epoch: 21
Adjusting learning rate of group 0 to 2.0000e-05.
Adjusting learning rate of group 0 to 2.0000e-05.

Train loss_D: 0.02212885208427906
Train loss_G: 0.0
Test loss_G: 0.397518841283662

=============== Epoch: 22
Adjusting learning rate of group 0 to 2.0000e-05.
Adjusting learning rate of group 0 to 2.0000e-05.

Train loss_D: 0.019095685333013535
Train loss_G: 0.0
Test loss_G: 0.3962052528347288

=============== Epoch: 23
Adjusting learning rate of group 0 to 2.0000e-05.
Adjusting learning rate of group 0 to 2.0000e-05.

Train loss_D: 0.016567159444093704
Train loss_G: 0.0
Test loss_G: 0.39502838786159244

=============== Epoch: 24
Adjusting learning rate of group 0 to 2.0000e-05.
Adjusting learning rate of group 0 to 2.0000e-05.

Train loss_D: 0.01444687694311142
Train loss_G: 0.0
Test loss_G: 0.3939744755625725

=============== Epoch: 25
Adjusting learning rate of group 0 to 2.0000e-05.
Adjusting learning rate of group 0 to 2.0000e-05.

Train loss_D: 0.012660949490964413
Train loss_G: 0.0
Test loss_G: 0.3930310851761273

=============== Epoch: 26
Adjusting learning rate of group 0 to 2.0000e-05.
Adjusting learning rate of group 0 to 2.0000e-05.

Train loss_D: 0.01114819385111332
Train loss_G: 0.0
Test loss_G: 0.3921873356614794

=============== Epoch: 27
Adjusting learning rate of group 0 to 2.0000e-05.
Adjusting learning rate of group 0 to 2.0000e-05.

Train loss_D: 0.009861798956990242
Train loss_G: 0.0
Test loss_G: 0.39143356467996326

=============== Epoch: 28
Adjusting learning rate of group 0 to 2.0000e-05.
Adjusting learning rate of group 0 to 2.0000e-05.

Train loss_D: 0.008759508840739727
Train loss_G: 0.0
Test loss_G: 0.39076118384088787

=============== Epoch: 29
Adjusting learning rate of group 0 to 2.0000e-05.
Adjusting learning rate of group 0 to 2.0000e-05.

Train loss_D: 0.007808349560946226
Train loss_G: 5.650394916534424
Test loss_G: 0.38990003722054617

=============== Epoch: 30
Adjusting learning rate of group 0 to 2.0000e-05.
Adjusting learning rate of group 0 to 2.0000e-05.

Train loss_D: 0.009852591902017593
Train loss_G: 0.0
Test loss_G: 0.38933281174727846

=============== Epoch: 31
Adjusting learning rate of group 0 to 2.0000e-05.
Adjusting learning rate of group 0 to 2.0000e-05.

Train loss_D: 0.008199229836463928
Train loss_G: 0.0
Test loss_G: 0.3888296037912369

=============== Epoch: 32
Adjusting learning rate of group 0 to 2.0000e-05.
Adjusting learning rate of group 0 to 2.0000e-05.

Train loss_D: 0.007202252745628357
Train loss_G: 0.0
Test loss_G: 0.38838456890412737

=============== Epoch: 33
Adjusting learning rate of group 0 to 2.0000e-05.
Adjusting learning rate of group 0 to 2.0000e-05.

Train loss_D: 0.006369099952280521
Train loss_G: 0.0
Test loss_G: 0.3879924299461501

=============== Epoch: 34
Adjusting learning rate of group 0 to 2.0000e-05.
Adjusting learning rate of group 0 to 2.0000e-05.

Train loss_D: 0.005657769739627838
Train loss_G: 0.0
Test loss_G: 0.38764842599630356

=============== Epoch: 35
Adjusting learning rate of group 0 to 2.0000e-05.
Adjusting learning rate of group 0 to 2.0000e-05.

Train loss_D: 0.005045436322689056
Train loss_G: 0.0
Test loss_G: 0.38734821655920576

=============== Epoch: 36
Adjusting learning rate of group 0 to 2.0000e-05.
Adjusting learning rate of group 0 to 2.0000e-05.

Train loss_D: 0.004514284431934357
Train loss_G: 0.0
Test loss_G: 0.38708801780428204

=============== Epoch: 37
Adjusting learning rate of group 0 to 2.0000e-05.
Adjusting learning rate of group 0 to 2.0000e-05.

Train loss_D: 0.004049152135848999
Train loss_G: 0.0
Test loss_G: 0.3868643417954445

=============== Epoch: 38
Adjusting learning rate of group 0 to 2.0000e-05.
Adjusting learning rate of group 0 to 2.0000e-05.

Train loss_D: 0.0036395476199686527
Train loss_G: 0.0
Test loss_G: 0.38667396030255724

=============== Epoch: 39
Adjusting learning rate of group 0 to 2.0000e-05.
Adjusting learning rate of group 0 to 2.0000e-05.

Train loss_D: 0.003276868723332882
Train loss_G: 6.8741044998168945
Test loss_G: 0.38586448452302385

=============== Epoch: 40
Adjusting learning rate of group 0 to 2.0000e-05.
Adjusting learning rate of group 0 to 2.0000e-05.

Train loss_D: 0.004812729544937611
Train loss_G: 0.0
Test loss_G: 0.3857173877102988

=============== Epoch: 41
Adjusting learning rate of group 0 to 2.0000e-05.
Adjusting learning rate of group 0 to 2.0000e-05.

Train loss_D: 0.0038864414673298597
Train loss_G: 0.0
Test loss_G: 0.3855957623038973

=============== Epoch: 42
Adjusting learning rate of group 0 to 2.0000e-05.
Adjusting learning rate of group 0 to 2.0000e-05.

Train loss_D: 0.003365979064255953
Train loss_G: 0.0
Test loss_G: 0.3854970123086657

=============== Epoch: 43
Adjusting learning rate of group 0 to 2.0000e-05.
Adjusting learning rate of group 0 to 2.0000e-05.

Train loss_D: 0.002977479249238968
Train loss_G: 0.0
Test loss_G: 0.3854187343801771

=============== Epoch: 44
Adjusting learning rate of group 0 to 2.0000e-05.
Adjusting learning rate of group 0 to 2.0000e-05.

Train loss_D: 0.0026523047126829624
Train loss_G: 0.0
Test loss_G: 0.38535866673503605

=============== Epoch: 45
Adjusting learning rate of group 0 to 2.0000e-05.
Adjusting learning rate of group 0 to 2.0000e-05.

Train loss_D: 0.0023741228505969048
Train loss_G: 0.0
Test loss_G: 0.3853147232106754

=============== Epoch: 46
Adjusting learning rate of group 0 to 2.0000e-05.
Adjusting learning rate of group 0 to 2.0000e-05.

Train loss_D: 0.002134511945769191
Train loss_G: 0.0
Test loss_G: 0.3852850635136877

=============== Epoch: 47
Adjusting learning rate of group 0 to 2.0000e-05.
Adjusting learning rate of group 0 to 2.0000e-05.

Train loss_D: 0.001925990334711969
Train loss_G: 0.0
Test loss_G: 0.3852678899254118

=============== Epoch: 48
Adjusting learning rate of group 0 to 2.0000e-05.
Adjusting learning rate of group 0 to 2.0000e-05.

Train loss_D: 0.0017425011610612273
Train loss_G: 0.0
Test loss_G: 0.38526158779859543

=============== Epoch: 49
Adjusting learning rate of group 0 to 2.0000e-06.
Adjusting learning rate of group 0 to 2.0000e-06.

Train loss_D: 0.00157930888235569
Train loss_G: 8.125219345092773
Test loss_G: 0.3848784736224583

