Adjusting learning rate of group 0 to 2.0000e-04.
Adjusting learning rate of group 0 to 2.0000e-04.
=============== Epoch: 0
Adjusting learning rate of group 0 to 2.0000e-05.
Adjusting learning rate of group 0 to 2.0000e-05.

Train loss_D: 390.06116820685565
Train loss_G: 0.5017714767079604
Test loss_G: 0.46640663487570627

=============== Epoch: 1
Adjusting learning rate of group 0 to 2.0000e-06.
Adjusting learning rate of group 0 to 2.0000e-06.

Train loss_D: 61.560563027858734
Train loss_G: 0.4795351671545129
Test loss_G: 0.46367409399577547

=============== Epoch: 2
Adjusting learning rate of group 0 to 2.0000e-07.
Adjusting learning rate of group 0 to 2.0000e-07.

Train loss_D: 44.839282274246216
Train loss_G: 0.5092615987125196
Test loss_G: 0.4655896042074476

=============== Epoch: 3
Adjusting learning rate of group 0 to 2.0000e-08.
Adjusting learning rate of group 0 to 2.0000e-08.

Train loss_D: 42.17910446226597
Train loss_G: 0.5428354959738882
Test loss_G: 0.4665836691856384

=============== Epoch: 4
Adjusting learning rate of group 0 to 2.0000e-09.
Adjusting learning rate of group 0 to 2.0000e-09.

Train loss_D: 41.727511182427406
Train loss_G: 0.5756020294992548
Test loss_G: 0.46677895954677034

=============== Epoch: 5
Adjusting learning rate of group 0 to 2.0000e-10.
Adjusting learning rate of group 0 to 2.0000e-10.

Train loss_D: 41.66485442966223
Train loss_G: 0.6079618679849725
Test loss_G: 0.4668073909623282

=============== Epoch: 6
Adjusting learning rate of group 0 to 2.0000e-11.
Adjusting learning rate of group 0 to 2.0000e-11.

Train loss_D: 41.6582535803318
Train loss_G: 0.6402247642215929
Test loss_G: 0.4668113333838327

=============== Epoch: 7
Adjusting learning rate of group 0 to 2.0000e-12.
Adjusting learning rate of group 0 to 2.0000e-12.

Train loss_D: 41.65806558728218
Train loss_G: 0.6724724424512762
Test loss_G: 0.466811865568161

=============== Epoch: 8
Adjusting learning rate of group 0 to 2.0000e-13.
Adjusting learning rate of group 0 to 2.0000e-13.

Train loss_D: 41.65806629508734
Train loss_G: 0.7047195654166373
Test loss_G: 0.4668119507176535

=============== Epoch: 9
Adjusting learning rate of group 0 to 2.0000e-14.
Adjusting learning rate of group 0 to 2.0000e-14.

Train loss_D: 41.65806643664837
Train loss_G: 0.7369667072045175
Test loss_G: 0.4668119507176535

=============== Epoch: 10
Adjusting learning rate of group 0 to 2.0000e-15.
Adjusting learning rate of group 0 to 2.0000e-15.

Train loss_D: 41.65806516259909
Train loss_G: 0.7692138364440516
Test loss_G: 0.4668119507176535

=============== Epoch: 11
Adjusting learning rate of group 0 to 2.0000e-16.
Adjusting learning rate of group 0 to 2.0000e-16.

Train loss_D: 41.658060774207115
Train loss_G: 0.8014609437239798
Test loss_G: 0.4668119507176535

=============== Epoch: 12
Adjusting learning rate of group 0 to 2.0000e-17.
Adjusting learning rate of group 0 to 2.0000e-17.

Train loss_D: 41.65806374698877
Train loss_G: 0.8337080761006004
Test loss_G: 0.4668119507176535

=============== Epoch: 13
Adjusting learning rate of group 0 to 2.0000e-18.
Adjusting learning rate of group 0 to 2.0000e-18.

Train loss_D: 41.65806530416012
Train loss_G: 0.8659551739692688
Test loss_G: 0.4668119507176535

=============== Epoch: 14
Adjusting learning rate of group 0 to 2.0000e-19.
Adjusting learning rate of group 0 to 2.0000e-19.

Train loss_D: 41.65806558728218
Train loss_G: 0.8982023910472268
Test loss_G: 0.4668119507176535

=============== Epoch: 15
Adjusting learning rate of group 0 to 2.0000e-20.
Adjusting learning rate of group 0 to 2.0000e-20.

Train loss_D: 41.65806303918362
Train loss_G: 0.9304494889158952
Test loss_G: 0.4668119507176535

=============== Epoch: 16
Adjusting learning rate of group 0 to 2.0000e-21.
Adjusting learning rate of group 0 to 2.0000e-21.

Train loss_D: 41.65806332230568
Train loss_G: 0.9626965648249576
Test loss_G: 0.4668119507176535

=============== Epoch: 17
Adjusting learning rate of group 0 to 2.0000e-22.
Adjusting learning rate of group 0 to 2.0000e-22.

Train loss_D: 41.65806332230568
Train loss_G: 0.9949437473949633
Test loss_G: 0.4668119507176535

=============== Epoch: 18
Adjusting learning rate of group 0 to 2.0000e-23.
Adjusting learning rate of group 0 to 2.0000e-23.

Train loss_D: 41.65806374698877
Train loss_G: 1.027190886045757
Test loss_G: 0.4668119507176535

=============== Epoch: 19
Adjusting learning rate of group 0 to 2.0000e-24.
Adjusting learning rate of group 0 to 2.0000e-24.

Train loss_D: 41.65806530416012
Train loss_G: 1.0594379713660793
Test loss_G: 0.4668119507176535

=============== Epoch: 20
Adjusting learning rate of group 0 to 2.0000e-25.
Adjusting learning rate of group 0 to 2.0000e-25.

Train loss_D: 41.65806459635496
Train loss_G: 1.091685138250652
Test loss_G: 0.4668119507176535

=============== Epoch: 21
Adjusting learning rate of group 0 to 2.0000e-26.
Adjusting learning rate of group 0 to 2.0000e-26.

Train loss_D: 41.6580665782094
Train loss_G: 1.1239322863127057
Test loss_G: 0.4668119507176535

=============== Epoch: 22
Adjusting learning rate of group 0 to 2.0000e-27.
Adjusting learning rate of group 0 to 2.0000e-27.

Train loss_D: 41.65806303918362
Train loss_G: 1.1561793528105084
Test loss_G: 0.4668119507176535

=============== Epoch: 23
Adjusting learning rate of group 0 to 2.0000e-28.
Adjusting learning rate of group 0 to 2.0000e-28.

Train loss_D: 41.658065021038055
Train loss_G: 1.1884265196950812
Test loss_G: 0.4668119507176535

=============== Epoch: 24
Adjusting learning rate of group 0 to 2.0000e-29.
Adjusting learning rate of group 0 to 2.0000e-29.

Train loss_D: 41.65806516259909
Train loss_G: 1.2206736112895764
Test loss_G: 0.4668119507176535

=============== Epoch: 25
Adjusting learning rate of group 0 to 2.0000e-30.
Adjusting learning rate of group 0 to 2.0000e-30.

Train loss_D: 41.65806332230568
Train loss_G: 1.2529207468032837
Test loss_G: 0.4668119507176535

=============== Epoch: 26
Adjusting learning rate of group 0 to 2.0000e-31.
Adjusting learning rate of group 0 to 2.0000e-31.

Train loss_D: 41.658062897622585
Train loss_G: 1.2851678697686446
Test loss_G: 0.4668119507176535

=============== Epoch: 27
Adjusting learning rate of group 0 to 2.0000e-32.
Adjusting learning rate of group 0 to 2.0000e-32.

Train loss_D: 41.65806841850281
Train loss_G: 1.3174149237181012
Test loss_G: 0.4668119507176535

=============== Epoch: 28
Adjusting learning rate of group 0 to 2.0000e-33.
Adjusting learning rate of group 0 to 2.0000e-33.

Train loss_D: 41.65806346386671
Train loss_G: 1.3496621909894442
Test loss_G: 0.4668119507176535

=============== Epoch: 29
Adjusting learning rate of group 0 to 2.0000e-34.
Adjusting learning rate of group 0 to 2.0000e-34.

Train loss_D: 41.65806303918362
Train loss_G: 1.3819093014064587
Test loss_G: 0.4668119507176535

=============== Epoch: 30
Adjusting learning rate of group 0 to 2.0000e-35.
Adjusting learning rate of group 0 to 2.0000e-35.

Train loss_D: 41.658065021038055
Train loss_G: 1.4141564055493003
Test loss_G: 0.4668119507176535

=============== Epoch: 31
Adjusting learning rate of group 0 to 2.0000e-36.
Adjusting learning rate of group 0 to 2.0000e-36.

Train loss_D: 41.65806374698877
Train loss_G: 1.4464035473371808
Test loss_G: 0.4668119507176535

=============== Epoch: 32
Adjusting learning rate of group 0 to 2.0000e-37.
Adjusting learning rate of group 0 to 2.0000e-37.

Train loss_D: 41.65806417167187
Train loss_G: 1.478650645205849
Test loss_G: 0.4668119507176535

=============== Epoch: 33
Adjusting learning rate of group 0 to 2.0000e-38.
Adjusting learning rate of group 0 to 2.0000e-38.

Train loss_D: 41.658063888549805
Train loss_G: 1.5108977681712101
Test loss_G: 0.4668119507176535

=============== Epoch: 34
Adjusting learning rate of group 0 to 2.0000e-39.
Adjusting learning rate of group 0 to 2.0000e-39.

Train loss_D: 41.65806318074465
Train loss_G: 1.543144985249168
Test loss_G: 0.4668119507176535

=============== Epoch: 35
Adjusting learning rate of group 0 to 2.0000e-40.
Adjusting learning rate of group 0 to 2.0000e-40.

Train loss_D: 41.65806530416012
Train loss_G: 1.575392114488702
Test loss_G: 0.4668119507176535

=============== Epoch: 36
Adjusting learning rate of group 0 to 2.0000e-41.
Adjusting learning rate of group 0 to 2.0000e-41.

Train loss_D: 41.658066011965275
Train loss_G: 1.6076392123573704
Test loss_G: 0.4668119507176535

=============== Epoch: 37
Adjusting learning rate of group 0 to 2.0000e-42.
Adjusting learning rate of group 0 to 2.0000e-42.

Train loss_D: 41.65806318074465
Train loss_G: 1.6398863102260388
Test loss_G: 0.4668119507176535

=============== Epoch: 38
Adjusting learning rate of group 0 to 2.0000e-43.
Adjusting learning rate of group 0 to 2.0000e-43.

Train loss_D: 41.658062897622585
Train loss_G: 1.6721334708364386
Test loss_G: 0.4668119507176535

=============== Epoch: 39
Adjusting learning rate of group 0 to 2.0000e-44.
Adjusting learning rate of group 0 to 2.0000e-44.

Train loss_D: 41.65806643664837
Train loss_G: 1.7043805498825877
Test loss_G: 0.4668119507176535

=============== Epoch: 40
Adjusting learning rate of group 0 to 2.0000e-45.
Adjusting learning rate of group 0 to 2.0000e-45.

Train loss_D: 41.658064879477024
Train loss_G: 1.7366277732347186
Test loss_G: 0.4668119507176535

=============== Epoch: 41
Adjusting learning rate of group 0 to 2.0000e-46.
Adjusting learning rate of group 0 to 2.0000e-46.

Train loss_D: 41.65806530416012
Train loss_G: 1.7688748836517334
Test loss_G: 0.4668119507176535

=============== Epoch: 42
Adjusting learning rate of group 0 to 2.0000e-47.
Adjusting learning rate of group 0 to 2.0000e-47.

Train loss_D: 41.65806473791599
Train loss_G: 1.8011220003429211
Test loss_G: 0.4668119507176535

=============== Epoch: 43
Adjusting learning rate of group 0 to 2.0000e-48.
Adjusting learning rate of group 0 to 2.0000e-48.

Train loss_D: 41.65806587040424
Train loss_G: 1.8333690668407239
Test loss_G: 0.4668119507176535

=============== Epoch: 44
Adjusting learning rate of group 0 to 2.0000e-49.
Adjusting learning rate of group 0 to 2.0000e-49.

Train loss_D: 41.658061765134335
Train loss_G: 1.8656162274511237
Test loss_G: 0.4668119507176535

=============== Epoch: 45
Adjusting learning rate of group 0 to 2.0000e-50.
Adjusting learning rate of group 0 to 2.0000e-50.

Train loss_D: 41.65806417167187
Train loss_G: 1.8978632688522339
Test loss_G: 0.4668119507176535

=============== Epoch: 46
Adjusting learning rate of group 0 to 2.0000e-51.
Adjusting learning rate of group 0 to 2.0000e-51.

Train loss_D: 41.6580643132329
Train loss_G: 1.9301105612202694
Test loss_G: 0.4668119507176535

=============== Epoch: 47
Adjusting learning rate of group 0 to 2.0000e-52.
Adjusting learning rate of group 0 to 2.0000e-52.

Train loss_D: 41.658064879477024
Train loss_G: 1.9623576841856305
Test loss_G: 0.4668119507176535

=============== Epoch: 48
Adjusting learning rate of group 0 to 2.0000e-53.
Adjusting learning rate of group 0 to 2.0000e-53.

Train loss_D: 41.65806261450052
Train loss_G: 1.9946047506834332
Test loss_G: 0.4668119507176535

=============== Epoch: 49
Adjusting learning rate of group 0 to 2.0000e-54.
Adjusting learning rate of group 0 to 2.0000e-54.

Train loss_D: 41.65806374698877
Train loss_G: 2.02685190501966
Test loss_G: 0.4668119507176535

