Adjusting learning rate of group 0 to 2.0000e-04.
Adjusting learning rate of group 0 to 2.0000e-04.
=============== Epoch: 0

Train loss_D: 811.4477867441601
Train loss_G: 0.0
Test loss_G: 0.5687049073832375

=============== Epoch: 1

Train loss_D: 6.099137967743445
Train loss_G: 0.0
Test loss_G: 0.5886523297854832

=============== Epoch: 2

Train loss_D: 0.29375715609421604
Train loss_G: 0.0
Test loss_G: 0.5897416515009744

=============== Epoch: 3

Train loss_D: 0.022605965117836746
Train loss_G: 0.0
Test loss_G: 0.5897626451083592

=============== Epoch: 4

Train loss_D: 0.001121294513630744
Train loss_G: 0.0
Test loss_G: 0.5897630453109741

=============== Epoch: 5

Train loss_D: 1.5430147737527378e-05
Train loss_G: 0.0
Test loss_G: 0.5897630495684487

=============== Epoch: 6

Train loss_D: 0.0
Train loss_G: 0.0
Test loss_G: 0.5897630495684487

=============== Epoch: 7

Train loss_D: 0.0
Train loss_G: 0.0
Test loss_G: 0.5897630495684487

=============== Epoch: 8

Train loss_D: 2601.0278492867947
Train loss_G: 0.0
Test loss_G: 0.5897630495684487

=============== Epoch: 9

Train loss_D: 368.02866035699844
Train loss_G: 0.4955472248165231
Test loss_G: 0.45478424642767223

=============== Epoch: 10

Train loss_D: 344.42287625931203
Train loss_G: 0.0
Test loss_G: 0.455214907016073

=============== Epoch: 11

Train loss_D: 82.61685231287265
Train loss_G: 0.0
Test loss_G: 0.4552251121827534

=============== Epoch: 12

Train loss_D: 100.13755056660739
Train loss_G: 0.0
Test loss_G: 0.4552253080265863

=============== Epoch: 13

Train loss_D: 24.370748188113794
Train loss_G: 0.0
Test loss_G: 0.45522531654153553

=============== Epoch: 14

Train loss_D: 31.728782823105576
Train loss_G: 0.0
Test loss_G: 0.45522531654153553

=============== Epoch: 15

Train loss_D: 5.366392067633569
Train loss_G: 0.0
Test loss_G: 0.45522531654153553

=============== Epoch: 16

Train loss_D: 148.12784928571637
Train loss_G: 0.0
Test loss_G: 0.45522531654153553

=============== Epoch: 17

Train loss_D: 2.6300362879846944
Train loss_G: 0.0
Test loss_G: 0.45522531654153553

=============== Epoch: 18

Train loss_D: 28.294450329857682
Train loss_G: 0.0
Test loss_G: 0.45522531654153553

=============== Epoch: 19

Train loss_D: 149.17804052919382
Train loss_G: 0.41351789236068726
Test loss_G: 0.4323830817426954

=============== Epoch: 20

Train loss_D: 175.066091760993
Train loss_G: 0.0
Test loss_G: 0.4329716329063688

=============== Epoch: 21

Train loss_D: 152.10104003548622
Train loss_G: 0.0
Test loss_G: 0.43299080218587604

=============== Epoch: 22

Train loss_D: 120.15181143954396
Train loss_G: 0.0
Test loss_G: 0.4329911470413208

=============== Epoch: 23

Train loss_D: 113.54469835199416
Train loss_G: 0.0
Test loss_G: 0.43299115768500734

=============== Epoch: 24

Train loss_D: 85.30376737285405
Train loss_G: 0.0
Test loss_G: 0.43299115342753275

=============== Epoch: 25

Train loss_D: 50.81038493476808
Train loss_G: 0.0
Test loss_G: 0.43299115342753275

=============== Epoch: 26

Train loss_D: 49.09666008641943
Train loss_G: 0.0
Test loss_G: 0.43299115342753275

=============== Epoch: 27

Train loss_D: 81.01334387203678
Train loss_G: 0.0
Test loss_G: 0.43299115342753275

=============== Epoch: 28

Train loss_D: 15.3677364543546
Train loss_G: 0.0
Test loss_G: 0.43299115342753275

=============== Epoch: 29

Train loss_D: 170.04567352682352
Train loss_G: 0.3470492151222731
Test loss_G: 0.4350484034844807

=============== Epoch: 30

Train loss_D: 122.11347302887589
Train loss_G: 0.0
Test loss_G: 0.4352965567793165

=============== Epoch: 31

Train loss_D: 101.23870874056593
Train loss_G: 0.0
Test loss_G: 0.4353481275694711

=============== Epoch: 32

Train loss_D: 39.266031433362514
Train loss_G: 0.0
Test loss_G: 0.4353490961449487

=============== Epoch: 33

Train loss_D: 77.82394079025835
Train loss_G: 0.0
Test loss_G: 0.4353491004024233

=============== Epoch: 34

Train loss_D: 46.25727908546105
Train loss_G: 0.0
Test loss_G: 0.4353490961449487

=============== Epoch: 35

Train loss_D: 153.50805482501164
Train loss_G: 0.0
Test loss_G: 0.4353490961449487

=============== Epoch: 36

Train loss_D: 50.472589515615255
Train loss_G: 0.0
Test loss_G: 0.4353490961449487

=============== Epoch: 37

Train loss_D: 26.94078501604963
Train loss_G: 0.0
Test loss_G: 0.4353490961449487

=============== Epoch: 38

Train loss_D: 43.69552465504967
Train loss_G: 0.0
Test loss_G: 0.4353490961449487

=============== Epoch: 39

Train loss_D: 151.5444660326466
Train loss_G: 0.2718325669043942
Test loss_G: 0.45067244342395235

=============== Epoch: 40

Train loss_D: 107.71482469141483
Train loss_G: 0.0
Test loss_G: 0.4441518634557724

=============== Epoch: 41

Train loss_D: 101.4313740208745
Train loss_G: 0.0
Test loss_G: 0.44426942084516796

=============== Epoch: 42

Train loss_D: 74.07979565579444
Train loss_G: 0.0
Test loss_G: 0.4442716347319739

=============== Epoch: 43

Train loss_D: 98.73958869185299
Train loss_G: 0.0
Test loss_G: 0.44427168156419483

=============== Epoch: 44

Train loss_D: 83.59599401568994
Train loss_G: 0.0
Test loss_G: 0.4442716751779829

=============== Epoch: 45

Train loss_D: 67.74509311467409
Train loss_G: 0.0
Test loss_G: 0.4442716751779829

=============== Epoch: 46

Train loss_D: 104.49269231874496
Train loss_G: 0.0
Test loss_G: 0.4442716751779829

=============== Epoch: 47

Train loss_D: 58.53513682167977
Train loss_G: 0.0
Test loss_G: 0.4442716751779829

=============== Epoch: 48

Train loss_D: 112.22204932756722
Train loss_G: 0.0
Test loss_G: 0.4442716751779829

=============== Epoch: 49

Train loss_D: 73.65113239642233
Train loss_G: 0.2070589932171922
Test loss_G: 0.4452370064599173

=============== Epoch: 50

Train loss_D: 157.77567167580128
Train loss_G: 0.0
Test loss_G: 0.4438702038356236

=============== Epoch: 51

Train loss_D: 116.06218020245433
Train loss_G: 0.0
Test loss_G: 0.4439324459859303

=============== Epoch: 52

Train loss_D: 120.65195587091148
Train loss_G: 0.0
Test loss_G: 0.44393361892019

=============== Epoch: 53

Train loss_D: 104.17999902367592
Train loss_G: 0.0
Test loss_G: 0.44393364020756315

=============== Epoch: 54

Train loss_D: 106.13720492646098
Train loss_G: 0.0
Test loss_G: 0.4439336380788258

=============== Epoch: 55

Train loss_D: 171.36097965668887
Train loss_G: 0.0
Test loss_G: 0.4439336380788258

=============== Epoch: 56

Train loss_D: 36.36589692346752
Train loss_G: 0.0
Test loss_G: 0.4439336380788258

=============== Epoch: 57

Train loss_D: 153.94316419865936
Train loss_G: 0.0
Test loss_G: 0.4439336380788258

=============== Epoch: 58

Train loss_D: 34.15706320852041
Train loss_G: 0.0
Test loss_G: 0.4439336380788258

=============== Epoch: 59

Train loss_D: 128.60375949554145
Train loss_G: 0.18079394455018796
Test loss_G: 0.4405194308076586

=============== Epoch: 60

Train loss_D: 70.56639463081956
Train loss_G: 0.0
Test loss_G: 0.4384221008845738

=============== Epoch: 61

Train loss_D: 111.53940636105835
Train loss_G: 0.0
Test loss_G: 0.43849089315959383

=============== Epoch: 62

Train loss_D: 70.39936884026974
Train loss_G: 0.0
Test loss_G: 0.43849217891693115

=============== Epoch: 63

Train loss_D: 102.02923899656162
Train loss_G: 0.0
Test loss_G: 0.4384922023330416

=============== Epoch: 64

Train loss_D: 55.12922985618934
Train loss_G: 0.0
Test loss_G: 0.43849220659051624

=============== Epoch: 65

Train loss_D: 32.55071939644404
Train loss_G: 0.0
Test loss_G: 0.43849220659051624

=============== Epoch: 66

Train loss_D: 32.406456781201996
Train loss_G: 0.0
Test loss_G: 0.43849220659051624

=============== Epoch: 67

Train loss_D: 25.73483570967801
Train loss_G: 0.0
Test loss_G: 0.43849220659051624

=============== Epoch: 68

Train loss_D: 26.592363519361243
Train loss_G: 0.0
Test loss_G: 0.43849220659051624

=============== Epoch: 69

Train loss_D: 123.95531061501242
Train loss_G: 0.1794597086937804
Test loss_G: 0.4329237129007067

=============== Epoch: 70

Train loss_D: 26.420439783483744
Train loss_G: 0.0
Test loss_G: 0.43365844019821714

=============== Epoch: 71

Train loss_D: 135.26976170449052
Train loss_G: 0.0
Test loss_G: 0.43371929228305817

=============== Epoch: 72

Train loss_D: 7.92024075682275
Train loss_G: 0.0
Test loss_G: 0.433720411998885

=============== Epoch: 73

Train loss_D: 31.66680784872733
Train loss_G: 0.0
Test loss_G: 0.43372045883110594

=============== Epoch: 74

Train loss_D: 71.13117474305909
Train loss_G: 0.0
Test loss_G: 0.4337204567023686

=============== Epoch: 75

Train loss_D: 7.800920140231028
Train loss_G: 0.0
Test loss_G: 0.4337204567023686

=============== Epoch: 76

Train loss_D: 39.689572662930004
Train loss_G: 0.0
Test loss_G: 0.4337204567023686

=============== Epoch: 77

Train loss_D: 31.747829697851557
Train loss_G: 0.0
Test loss_G: 0.4337204567023686

=============== Epoch: 78

Train loss_D: 19.228108382987557
Train loss_G: 0.0
Test loss_G: 0.4337204567023686

=============== Epoch: 79

Train loss_D: 22.190354742400814
Train loss_G: 0.1613603575449241
Test loss_G: 0.43105338513851166

=============== Epoch: 80

Train loss_D: 29.959814386675134
Train loss_G: 0.0
Test loss_G: 0.4314689359494618

=============== Epoch: 81

Train loss_D: 24.60916821670253
Train loss_G: 0.0
Test loss_G: 0.4315104080098016

=============== Epoch: 82

Train loss_D: 11.90917935804464
Train loss_G: 0.0
Test loss_G: 0.4315111743552344

=============== Epoch: 83

Train loss_D: 17.539012128225295
Train loss_G: 0.0
Test loss_G: 0.4315111828701837

=============== Epoch: 84

Train loss_D: 48.084477728116326
Train loss_G: 0.0
Test loss_G: 0.43151118074144634

=============== Epoch: 85

Train loss_D: 8.483301472093444
Train loss_G: 0.0
Test loss_G: 0.43151118074144634

=============== Epoch: 86

Train loss_D: 175.30465675028972
Train loss_G: 0.0
Test loss_G: 0.43151118074144634

=============== Epoch: 87

Train loss_D: 4.981873029959388
Train loss_G: 0.0
Test loss_G: 0.43151118074144634

=============== Epoch: 88

Train loss_D: 11.72423381273984
Train loss_G: 0.0
Test loss_G: 0.43151118074144634

=============== Epoch: 89

Train loss_D: 15.696575420966838
Train loss_G: 0.1582045813924388
Test loss_G: 0.428162408726556

=============== Epoch: 90

Train loss_D: 16.65997138703824
Train loss_G: 0.0
Test loss_G: 0.4291268927710397

=============== Epoch: 91

Train loss_D: 52.73418752095313
Train loss_G: 0.0
Test loss_G: 0.4291962193591254

=============== Epoch: 92

Train loss_D: 10.287565949198324
Train loss_G: 0.0
Test loss_G: 0.42919750937393736

=============== Epoch: 93

Train loss_D: 18.48706192296231
Train loss_G: 0.0
Test loss_G: 0.42919752427509855

=============== Epoch: 94

Train loss_D: 5.211109534924617
Train loss_G: 0.0
Test loss_G: 0.42919753917625975

=============== Epoch: 95

Train loss_D: 10.84992687299382
Train loss_G: 0.0
Test loss_G: 0.42919752427509855

=============== Epoch: 96

Train loss_D: 347.13444892708503
Train loss_G: 0.0
Test loss_G: 0.42919752427509855

=============== Epoch: 97

Train loss_D: 3.217126835428644
Train loss_G: 0.0
Test loss_G: 0.42919752427509855

=============== Epoch: 98

Train loss_D: 16.279240840522107
Train loss_G: 0.0
Test loss_G: 0.42919752427509855

=============== Epoch: 99

Train loss_D: 7.325970999459969
Train loss_G: 0.15203672020058884
Test loss_G: 0.42627438051359995

=============== Epoch: 100

Train loss_D: 18.568259921565186
Train loss_G: 0.0
Test loss_G: 0.4269912987947464

=============== Epoch: 101

Train loss_D: 97.69666671723826
Train loss_G: 0.0
Test loss_G: 0.42702520319393705

=============== Epoch: 102

Train loss_D: 3.9829843623156194
Train loss_G: 0.0
Test loss_G: 0.42702582265649525

=============== Epoch: 103

Train loss_D: 5.309726468854933
Train loss_G: 0.0
Test loss_G: 0.42702584181513104

=============== Epoch: 104

Train loss_D: 11.560486607195344
Train loss_G: 0.0
Test loss_G: 0.42702583968639374

=============== Epoch: 105

Train loss_D: 3.4984972484526224
Train loss_G: 0.0
Test loss_G: 0.42702583968639374

=============== Epoch: 106

Train loss_D: 492.68332721450133
Train loss_G: 0.0
Test loss_G: 0.42702583968639374

=============== Epoch: 107

Train loss_D: 1.3368066518305568
Train loss_G: 0.0
Test loss_G: 0.42702583968639374

=============== Epoch: 108

Train loss_D: 6.70943379306118
Train loss_G: 0.0
Test loss_G: 0.42702583968639374

=============== Epoch: 109

Train loss_D: 8.504529347235803
Train loss_G: 0.14496827517685137
Test loss_G: 0.42478027301175253

=============== Epoch: 110

Train loss_D: 17.224634326281375
Train loss_G: 0.0
Test loss_G: 0.42617470026016235

=============== Epoch: 111

Train loss_D: 8.03477432843647
Train loss_G: 0.0
Test loss_G: 0.42623652304921833

=============== Epoch: 112

Train loss_D: 7.095584472030168
Train loss_G: 0.0
Test loss_G: 0.42623765979494366

=============== Epoch: 113

Train loss_D: 6.631852055332274
Train loss_G: 0.0
Test loss_G: 0.4262376789535795

=============== Epoch: 114

Train loss_D: 3.669085092507885
Train loss_G: 0.0
Test loss_G: 0.42623768533979145

=============== Epoch: 115

Train loss_D: 99.96804768611037
Train loss_G: 0.0
Test loss_G: 0.42623768533979145

=============== Epoch: 116

Train loss_D: 2.23260184667015
Train loss_G: 0.0
Test loss_G: 0.42623768533979145

=============== Epoch: 117

Train loss_D: 4.347911777382251
Train loss_G: 0.0
Test loss_G: 0.42623768533979145

=============== Epoch: 118

Train loss_D: 8.750872913922649
Train loss_G: 0.0
Test loss_G: 0.42623768533979145

=============== Epoch: 119

Train loss_D: 13.979451913997764
Train loss_G: 0.142258998594786
Test loss_G: 0.4243153269801821

=============== Epoch: 120

Train loss_D: 0.9984845592844067
Train loss_G: 0.0
Test loss_G: 0.4247304264988218

=============== Epoch: 121

Train loss_D: 109.97469211397402
Train loss_G: 0.0
Test loss_G: 0.42475338918822153

=============== Epoch: 122

Train loss_D: 2.37045918025251
Train loss_G: 0.0
Test loss_G: 0.4247538170644215

=============== Epoch: 123

Train loss_D: 3.5917727741762064
Train loss_G: 0.0
Test loss_G: 0.4247538298368454

=============== Epoch: 124

Train loss_D: 6.410439888881228
Train loss_G: 0.0
Test loss_G: 0.42475382557937075

=============== Epoch: 125

Train loss_D: 2.1276248927315464
Train loss_G: 0.0
Test loss_G: 0.42475382557937075

=============== Epoch: 126

Train loss_D: 165.3994424803459
Train loss_G: 0.0
Test loss_G: 0.42475382557937075

=============== Epoch: 127

Train loss_D: 1.4271771125277155
Train loss_G: 0.0
Test loss_G: 0.42475382557937075

=============== Epoch: 128

Train loss_D: 0.40542734625341836
Train loss_G: 0.0
Test loss_G: 0.42475382557937075

=============== Epoch: 129

Train loss_D: 7.238965155722326
Train loss_G: 0.13678477233962008
Test loss_G: 0.4224626464503152

=============== Epoch: 130

Train loss_D: 52.53211408399511
Train loss_G: 0.0
Test loss_G: 0.42397500361715046

=============== Epoch: 131

Train loss_D: 1.7591268718133506
Train loss_G: 0.0
Test loss_G: 0.42402833487306324

=============== Epoch: 132

Train loss_D: 4.483622155996272
Train loss_G: 0.0
Test loss_G: 0.4240293268646513

=============== Epoch: 133

Train loss_D: 4.448950262609287
Train loss_G: 0.0
Test loss_G: 0.424029352409499

=============== Epoch: 134

Train loss_D: 9.430534516912303
Train loss_G: 0.0
Test loss_G: 0.424029352409499

=============== Epoch: 135

Train loss_D: 0.5005995785613777
Train loss_G: 0.0
Test loss_G: 0.424029352409499

=============== Epoch: 136

Train loss_D: 19.89426685660146
Train loss_G: 0.0
Test loss_G: 0.424029352409499

=============== Epoch: 137

Train loss_D: 0.374910667000222
Train loss_G: 0.0
Test loss_G: 0.424029352409499

=============== Epoch: 138

Train loss_D: 5.664128517521021
Train loss_G: 0.0
Test loss_G: 0.424029352409499

=============== Epoch: 139

Train loss_D: 0.21030160236841766
Train loss_G: 0.13369677882445485
Test loss_G: 0.42297673651150297

=============== Epoch: 140

Train loss_D: 264.202520886558
Train loss_G: 0.0
Test loss_G: 0.4233233502932957

=============== Epoch: 141

Train loss_D: 1.056571469802293
Train loss_G: 0.0
Test loss_G: 0.4233424024922507

=============== Epoch: 142

Train loss_D: 0.40822966091946
Train loss_G: 0.0
Test loss_G: 0.423342764377594

=============== Epoch: 143

Train loss_D: 4.184296841958712
Train loss_G: 0.0
Test loss_G: 0.4233427622488567

=============== Epoch: 144

Train loss_D: 87.42524986248463
Train loss_G: 0.0
Test loss_G: 0.4233427622488567

=============== Epoch: 145

Train loss_D: 2.187475722614181
Train loss_G: 0.0
Test loss_G: 0.4233427622488567

=============== Epoch: 146

Train loss_D: 0.3320704905927414
Train loss_G: 0.0
Test loss_G: 0.4233427622488567

=============== Epoch: 147

Train loss_D: 36.27348500470907
Train loss_G: 0.0
Test loss_G: 0.4233427622488567

=============== Epoch: 148

Train loss_D: 0.9085538875842758
Train loss_G: 0.0
Test loss_G: 0.4233427622488567

=============== Epoch: 149

Train loss_D: 9.12340005106671
Train loss_G: 0.1303799534706693
Test loss_G: 0.4212612680026463

=============== Epoch: 150

Train loss_D: 0.37507407819794025
Train loss_G: 0.0
Test loss_G: 0.4226999282836914

=============== Epoch: 151

Train loss_D: 77.60312067123232
Train loss_G: 0.0
Test loss_G: 0.422750072819846

=============== Epoch: 152

Train loss_D: 1.4044423403902329
Train loss_G: 0.0
Test loss_G: 0.4227509732757296

=============== Epoch: 153

Train loss_D: 0.2273570704855956
Train loss_G: 0.0
Test loss_G: 0.4227509945631027

=============== Epoch: 154

Train loss_D: 41.77875178463182
Train loss_G: 0.0
Test loss_G: 0.42275099030562807

=============== Epoch: 155

Train loss_D: 0.8347165894047066
Train loss_G: 0.0
Test loss_G: 0.4227509945631027

=============== Epoch: 156

Train loss_D: 0.17116320753120817
Train loss_G: 0.0
Test loss_G: 0.4227509945631027

=============== Epoch: 157

Train loss_D: 12.112800218992561
Train loss_G: 0.0
Test loss_G: 0.4227509945631027

=============== Epoch: 158

Train loss_D: 1.6855149454313505
Train loss_G: 0.0
Test loss_G: 0.4227509945631027

=============== Epoch: 159

Train loss_D: 5.874583290376904
Train loss_G: 0.12745989270900426
Test loss_G: 0.42176084220409393

=============== Epoch: 160

Train loss_D: 3.9470140862176777
Train loss_G: 0.0
Test loss_G: 0.421956975545202

=============== Epoch: 161

Train loss_D: 0.12297699329064926
Train loss_G: 0.0
Test loss_G: 0.42196854097502573

=============== Epoch: 162

Train loss_D: 284.36372600237655
Train loss_G: 0.0
Test loss_G: 0.4219687708786556

=============== Epoch: 163

Train loss_D: 1.2920561104974695
Train loss_G: 0.0
Test loss_G: 0.4219687751361302

=============== Epoch: 164

Train loss_D: 0.34401559628531686
Train loss_G: 0.0
Test loss_G: 0.4219687730073929

=============== Epoch: 165

Train loss_D: 1.5106878774058714
Train loss_G: 0.0
Test loss_G: 0.4219687730073929

=============== Epoch: 166

Train loss_D: 15.471942964799382
Train loss_G: 0.0
Test loss_G: 0.4219687730073929

=============== Epoch: 167

Train loss_D: 0.5549860525461554
Train loss_G: 0.0
Test loss_G: 0.4219687730073929

=============== Epoch: 168

Train loss_D: 0.9862070903400308
Train loss_G: 0.0
Test loss_G: 0.4219687730073929

=============== Epoch: 169

Train loss_D: 331.60188591713086
Train loss_G: 0.12526537125047885
Test loss_G: 0.42030424092497143

=============== Epoch: 170

Train loss_D: 1.1193338273214977
Train loss_G: 0.0
Test loss_G: 0.42166498729160856

=============== Epoch: 171

Train loss_D: 0.20507874433678808
Train loss_G: 0.0
Test loss_G: 0.4217183781521661

=============== Epoch: 172

Train loss_D: 4.1189760290581034
Train loss_G: 0.0
Test loss_G: 0.4217193531138556

=============== Epoch: 173

Train loss_D: 0.12737834003200987
Train loss_G: 0.0
Test loss_G: 0.42171937227249146

=============== Epoch: 174

Train loss_D: 9.81303302474771
Train loss_G: 0.0
Test loss_G: 0.4217193807874407

=============== Epoch: 175

Train loss_D: 0.16093665877269814
Train loss_G: 0.0
Test loss_G: 0.4217193807874407

=============== Epoch: 176

Train loss_D: 10.744937518692495
Train loss_G: 0.0
Test loss_G: 0.4217193807874407

=============== Epoch: 177

Train loss_D: 0.06154286810851772
Train loss_G: 0.0
Test loss_G: 0.4217193807874407

=============== Epoch: 178

Train loss_D: 551.001077538931
Train loss_G: 0.0
Test loss_G: 0.4217193807874407

=============== Epoch: 179

Train loss_D: 0.3249310253850126
Train loss_G: 0.12279971649772242
Test loss_G: 0.42119660334927694

=============== Epoch: 180

Train loss_D: 0.12285174654607545
Train loss_G: 0.0
Test loss_G: 0.4209417700767517

=============== Epoch: 181

Train loss_D: 2.8464312131800398
Train loss_G: 0.0
Test loss_G: 0.4209408334323338

=============== Epoch: 182

Train loss_D: 4.605839924435713
Train loss_G: 0.0
Test loss_G: 0.4209408185311726

=============== Epoch: 183

Train loss_D: 7.4668200480045925
Train loss_G: 0.0
Test loss_G: 0.42094082065990995

=============== Epoch: 184

Train loss_D: 0.35755222611715
Train loss_G: 0.0
Test loss_G: 0.42094082491738455

=============== Epoch: 185

Train loss_D: 19.794767112084628
Train loss_G: 0.0
Test loss_G: 0.42094082491738455

=============== Epoch: 186

Train loss_D: 0.09173518058014452
Train loss_G: 0.0
Test loss_G: 0.42094082491738455

=============== Epoch: 187

Train loss_D: 0.12768258634605445
Train loss_G: 0.0
Test loss_G: 0.42094082491738455

=============== Epoch: 188

Train loss_D: 15.543634573851705
Train loss_G: 0.0
Test loss_G: 0.42094082491738455

=============== Epoch: 189

Train loss_D: 0.08995617096843489
Train loss_G: 0.12112392171433098
Test loss_G: 0.4195424382175718

=============== Epoch: 190

Train loss_D: 478.19458168709207
Train loss_G: 0.0
Test loss_G: 0.42057741965566364

=============== Epoch: 191

Train loss_D: 0.2876134263769927
Train loss_G: 0.0
Test loss_G: 0.42062004123415264

=============== Epoch: 192

Train loss_D: 0.13551428423670586
Train loss_G: 0.0
Test loss_G: 0.4206208182232721

=============== Epoch: 193

Train loss_D: 7.456106988576721
Train loss_G: 0.0
Test loss_G: 0.42062083951064516

=============== Epoch: 194

Train loss_D: 0.46335655252914876
Train loss_G: 0.0
Test loss_G: 0.42062083312443327

=============== Epoch: 195

Train loss_D: 6.5366348991010454
Train loss_G: 0.0
Test loss_G: 0.42062083312443327

=============== Epoch: 196

Train loss_D: 0.1022680978931021
Train loss_G: 0.0
Test loss_G: 0.42062083312443327

=============== Epoch: 197

Train loss_D: 222.46290511679445
Train loss_G: 0.0
Test loss_G: 0.42062083312443327

=============== Epoch: 198

Train loss_D: 1.0021096395125824
Train loss_G: 0.0
Test loss_G: 0.42062083312443327

=============== Epoch: 199

Train loss_D: 0.13476911858015228
Train loss_G: 0.11897338926792145
Test loss_G: 0.42051088171345846

=============== Epoch: 200

Train loss_D: 16.534034665392028
Train loss_G: 0.0
Test loss_G: 0.42010583196367535

=============== Epoch: 201

Train loss_D: 0.34024174833029974
Train loss_G: 0.0
Test loss_G: 0.42010211305958883

=============== Epoch: 202

Train loss_D: 8.76696501774859
Train loss_G: 0.0
Test loss_G: 0.42010204919746946

=============== Epoch: 203

Train loss_D: 0.2270846332394285
Train loss_G: 0.0
Test loss_G: 0.42010205132620676

=============== Epoch: 204

Train loss_D: 34.68335269949057
Train loss_G: 0.0
Test loss_G: 0.42010205132620676

=============== Epoch: 205

Train loss_D: 1.406094926462174
Train loss_G: 0.0
Test loss_G: 0.42010205132620676

=============== Epoch: 206

Train loss_D: 0.3915268044656841
Train loss_G: 0.0
Test loss_G: 0.42010205132620676

=============== Epoch: 207

Train loss_D: 19.698803680985293
Train loss_G: 0.0
Test loss_G: 0.42010205132620676

=============== Epoch: 208

Train loss_D: 0.3114253400308371
Train loss_G: 0.0
Test loss_G: 0.42010205132620676

=============== Epoch: 209

Train loss_D: 9.798706088484323
Train loss_G: 0.11769902529685121
Test loss_G: 0.41930143748010906

=============== Epoch: 210

Train loss_D: 0.8257527301393566
Train loss_G: 0.0
Test loss_G: 0.4200227899210794

=============== Epoch: 211

Train loss_D: 0.09589920543658081
Train loss_G: 0.0
Test loss_G: 0.42007904606206076

=============== Epoch: 212

Train loss_D: 11.353963550899152
Train loss_G: 0.0
Test loss_G: 0.42008007424218313

=============== Epoch: 213

Train loss_D: 0.07697746428311802
Train loss_G: 0.0
Test loss_G: 0.4200801040445055

=============== Epoch: 214

Train loss_D: 32.756796966559705
Train loss_G: 0.0
Test loss_G: 0.4200801040445055

=============== Epoch: 215

Train loss_D: 0.5750628669829894
Train loss_G: 0.0
Test loss_G: 0.4200801040445055

=============== Epoch: 216

Train loss_D: 0.11849394910677802
Train loss_G: 0.0
Test loss_G: 0.4200801040445055

=============== Epoch: 217

Train loss_D: 12.863145504377826
Train loss_G: 0.0
Test loss_G: 0.4200801040445055

=============== Epoch: 218

Train loss_D: 0.08660642773247673
Train loss_G: 0.0
Test loss_G: 0.4200801040445055

=============== Epoch: 219

Train loss_D: 16.497776979428636
Train loss_G: 0.11572573863362011
Test loss_G: 0.4202360361814499

=============== Epoch: 220

Train loss_D: 0.32315087621736893
Train loss_G: 0.0
Test loss_G: 0.41956743810858044

=============== Epoch: 221

Train loss_D: 0.05122509639841155
Train loss_G: 0.0
Test loss_G: 0.41955805250576567

=============== Epoch: 222

Train loss_D: 17.747464748575567
Train loss_G: 0.0
Test loss_G: 0.4195578843355179

=============== Epoch: 223

Train loss_D: 0.2796561961313273
Train loss_G: 0.0
Test loss_G: 0.41955789072172983

=============== Epoch: 224

Train loss_D: 8.112810544815147
Train loss_G: 0.0
Test loss_G: 0.4195578843355179

=============== Epoch: 225

Train loss_D: 0.0820921192971582
Train loss_G: 0.0
Test loss_G: 0.4195578843355179

=============== Epoch: 226

Train loss_D: 9.927774736075662
Train loss_G: 0.0
Test loss_G: 0.4195578843355179

=============== Epoch: 227

Train loss_D: 0.08339859457464627
Train loss_G: 0.0
Test loss_G: 0.4195578843355179

=============== Epoch: 228

Train loss_D: 0.02265092215338882
Train loss_G: 0.0
Test loss_G: 0.4195578843355179

=============== Epoch: 229

Train loss_D: 21.32649550353392
Train loss_G: 0.1148321934436497
Test loss_G: 0.41953506001404356

=============== Epoch: 230

Train loss_D: 0.035349248890270246
Train loss_G: 0.0
Test loss_G: 0.42006251215934753

=============== Epoch: 231

Train loss_D: 52.237471590038695
Train loss_G: 0.0
Test loss_G: 0.42013353535107206

=============== Epoch: 232

Train loss_D: 1.0279086895061482
Train loss_G: 0.0
Test loss_G: 0.4201348466532571

=============== Epoch: 233

Train loss_D: 0.0716294351950637
Train loss_G: 0.0
Test loss_G: 0.42013487219810486

=============== Epoch: 234

Train loss_D: 180.44092927079691
Train loss_G: 0.0
Test loss_G: 0.4201348764555795

=============== Epoch: 235

Train loss_D: 0.5403559945771121
Train loss_G: 0.0
Test loss_G: 0.4201348764555795

=============== Epoch: 236

Train loss_D: 0.5007422232811223
Train loss_G: 0.0
Test loss_G: 0.4201348764555795

=============== Epoch: 237

Train loss_D: 22.91221084154313
Train loss_G: 0.0
Test loss_G: 0.4201348764555795

=============== Epoch: 238

Train loss_D: 0.2601464881809079
Train loss_G: 0.0
Test loss_G: 0.4201348764555795

=============== Epoch: 239

Train loss_D: 7.668635490328597
Train loss_G: 0.11344067203371148
Test loss_G: 0.41995352506637573

=============== Epoch: 240

Train loss_D: 0.37181763242551824
Train loss_G: 0.0
Test loss_G: 0.4188941184963499

=============== Epoch: 241

Train loss_D: 92.62505806677291
Train loss_G: 0.0
Test loss_G: 0.41887845524719786

=============== Epoch: 242

Train loss_D: 0.6872280135030451
Train loss_G: 0.0
Test loss_G: 0.41887817425387247

=============== Epoch: 243

Train loss_D: 0.16351589481928386
Train loss_G: 0.0
Test loss_G: 0.41887817425387247

=============== Epoch: 244

Train loss_D: 25.449815664944254
Train loss_G: 0.0
Test loss_G: 0.41887817425387247

=============== Epoch: 245

Train loss_D: 0.3139662012181361
Train loss_G: 0.0
Test loss_G: 0.41887817425387247

=============== Epoch: 246

Train loss_D: 5.649946970104793
Train loss_G: 0.0
Test loss_G: 0.41887817425387247

=============== Epoch: 247

Train loss_D: 6.974175473143987
Train loss_G: 0.0
Test loss_G: 0.41887817425387247

=============== Epoch: 248

Train loss_D: 0.10509975840977859
Train loss_G: 0.0
Test loss_G: 0.41887817425387247

=============== Epoch: 249

Train loss_D: 1121.463713097488
Train loss_G: 7.2415059553949455
Test loss_G: 0.49546806514263153

=============== Epoch: 250

Train loss_D: 159.99510116316378
Train loss_G: 0.0
Test loss_G: 0.49408447316714693

=============== Epoch: 251

Train loss_D: 87.22898944071494
Train loss_G: 0.0
Test loss_G: 0.49410014280251097

=============== Epoch: 252

Train loss_D: 2.62156141694868
Train loss_G: 0.0
Test loss_G: 0.49410044082573484

=============== Epoch: 253

Train loss_D: 111.97864230650885
Train loss_G: 0.0
Test loss_G: 0.49410044295447214

=============== Epoch: 254

Train loss_D: 1.72216023132205
Train loss_G: 0.0
Test loss_G: 0.4941004493406841

=============== Epoch: 255

Train loss_D: 0.27897234420015593
Train loss_G: 0.0
Test loss_G: 0.4941004493406841

=============== Epoch: 256

Train loss_D: 21.975898766469072
Train loss_G: 0.0
Test loss_G: 0.4941004493406841

=============== Epoch: 257

Train loss_D: 0.07834609942074167
Train loss_G: 0.0
Test loss_G: 0.4941004493406841

=============== Epoch: 258

Train loss_D: 0.02342521647619833
Train loss_G: 0.0
Test loss_G: 0.4941004493406841

=============== Epoch: 259

Train loss_D: 1468.2318554659407
Train loss_G: 6.336691762663816
Test loss_G: 0.5088369803769248

=============== Epoch: 260

Train loss_D: 373.2746853977442
Train loss_G: 0.0
Test loss_G: 0.5298621143613543

=============== Epoch: 261

Train loss_D: 318.995075982064
Train loss_G: 0.0
Test loss_G: 0.5304694899490902

=============== Epoch: 262

Train loss_D: 33.43748627882451
Train loss_G: 0.0
Test loss_G: 0.5304806573050362

=============== Epoch: 263

Train loss_D: 76.21516016870737
Train loss_G: 0.0
Test loss_G: 0.5304808616638184

=============== Epoch: 264

Train loss_D: 91.10037864139304
Train loss_G: 0.0
Test loss_G: 0.530480865921293

=============== Epoch: 265

Train loss_D: 43.59338453109376
Train loss_G: 0.0
Test loss_G: 0.530480865921293

=============== Epoch: 266

Train loss_D: 379.91348007525085
Train loss_G: 0.0
Test loss_G: 0.530480865921293

=============== Epoch: 267

Train loss_D: 4.171775792376138
Train loss_G: 0.0
Test loss_G: 0.530480865921293

=============== Epoch: 268

Train loss_D: 1.4369396474503446
Train loss_G: 0.0
Test loss_G: 0.530480865921293

=============== Epoch: 269

Train loss_D: 271.8103964696056
Train loss_G: 6.137116637276976
Test loss_G: 0.5572899026530129

=============== Epoch: 270

Train loss_D: 5.40936098363818
Train loss_G: 0.0
Test loss_G: 0.5134691489594323

=============== Epoch: 271

Train loss_D: 128.78842938111666
Train loss_G: 0.0
Test loss_G: 0.5128606664282935

=============== Epoch: 272

Train loss_D: 2.3673987642459906
Train loss_G: 0.0
Test loss_G: 0.5128496374402728

=============== Epoch: 273

Train loss_D: 0.37052046272947337
Train loss_G: 0.0
Test loss_G: 0.5128494437251773

=============== Epoch: 274

Train loss_D: 0.01708390847488772
Train loss_G: 0.0
Test loss_G: 0.5128494437251773

=============== Epoch: 275

Train loss_D: 515.4419450202707
Train loss_G: 0.0
Test loss_G: 0.5128494437251773

=============== Epoch: 276

Train loss_D: 0.21612088475581004
Train loss_G: 0.0
Test loss_G: 0.5128494437251773

=============== Epoch: 277

Train loss_D: 0.05836154856979192
Train loss_G: 0.0
Test loss_G: 0.5128494437251773

=============== Epoch: 278

Train loss_D: 0.014541430511826547
Train loss_G: 0.0
Test loss_G: 0.5128494437251773

=============== Epoch: 279

Train loss_D: 1043.08519240413
Train loss_G: 7.664411977717751
Test loss_G: 0.4958527833223343

=============== Epoch: 280

Train loss_D: 223.40999914333224
Train loss_G: 0.0
Test loss_G: 0.486623295715877

=============== Epoch: 281

Train loss_D: 167.95612537441775
Train loss_G: 0.0
Test loss_G: 0.48648918526513235

=============== Epoch: 282

Train loss_D: 13.74990203161724
Train loss_G: 0.0
Test loss_G: 0.48648673721722197

=============== Epoch: 283

Train loss_D: 109.49140509951394
Train loss_G: 0.0
Test loss_G: 0.4864867052861622

=============== Epoch: 284

Train loss_D: 14.0192415768106
Train loss_G: 0.0
Test loss_G: 0.4864867052861622

=============== Epoch: 285

Train loss_D: 99.73474089754745
Train loss_G: 0.0
Test loss_G: 0.4864867074148996

=============== Epoch: 286

Train loss_D: 0.7635371767973993
Train loss_G: 0.0
Test loss_G: 0.4864867074148996

=============== Epoch: 287

Train loss_D: 439.93130975871463
Train loss_G: 0.0
Test loss_G: 0.4864867074148996

=============== Epoch: 288

Train loss_D: 4.951992305344902
Train loss_G: 0.0
Test loss_G: 0.4864867074148996

=============== Epoch: 289

Train loss_D: 180.9140405887738
Train loss_G: 5.816710462695674
Test loss_G: 0.5123055960450854

=============== Epoch: 290

Train loss_D: 94.35974332597107
Train loss_G: 0.0
Test loss_G: 0.5057597926684788

=============== Epoch: 291

Train loss_D: 67.28846604068531
Train loss_G: 0.0
Test loss_G: 0.5056777958359037

=============== Epoch: 292

Train loss_D: 33.87217795840115
Train loss_G: 0.0
Test loss_G: 0.5056763184922082

=============== Epoch: 293

Train loss_D: 28.90439706313191
Train loss_G: 0.0
Test loss_G: 0.5056762844324112

=============== Epoch: 294

Train loss_D: 7.189114515087567
Train loss_G: 0.0
Test loss_G: 0.5056762801749366

=============== Epoch: 295

Train loss_D: 92.3995128456736
Train loss_G: 0.0
Test loss_G: 0.5056762844324112

=============== Epoch: 296

Train loss_D: 3.6072984194615856
Train loss_G: 0.0
Test loss_G: 0.5056762844324112

=============== Epoch: 297

Train loss_D: 13.158113643657998
Train loss_G: 0.0
Test loss_G: 0.5056762844324112

=============== Epoch: 298

Train loss_D: 5.504606370304828
Train loss_G: 0.0
Test loss_G: 0.5056762844324112

=============== Epoch: 299

Train loss_D: 1261.8889310494924
Train loss_G: 5.7267295090775745
Test loss_G: 0.494526275566646

=============== Epoch: 300

Train loss_D: 523.3414704799652
Train loss_G: 0.0
Test loss_G: 0.49011462926864624

=============== Epoch: 301

Train loss_D: 372.0526123717427
Train loss_G: 0.0
Test loss_G: 0.4900499326842172

=============== Epoch: 302

Train loss_D: 235.67422318086028
Train loss_G: 0.0
Test loss_G: 0.4900487597499575

=============== Epoch: 303

Train loss_D: 270.8687453567982
Train loss_G: 0.0
Test loss_G: 0.49004873420510975

=============== Epoch: 304

Train loss_D: 188.10394336655736
Train loss_G: 0.0
Test loss_G: 0.49004873420510975

=============== Epoch: 305

Train loss_D: 149.8397402279079
Train loss_G: 0.0
Test loss_G: 0.49004873420510975

=============== Epoch: 306

Train loss_D: 450.1022594505921
Train loss_G: 0.0
Test loss_G: 0.49004873420510975

=============== Epoch: 307

Train loss_D: 46.900838918052614
Train loss_G: 0.0
Test loss_G: 0.49004873420510975

=============== Epoch: 308

Train loss_D: 237.5624664062634
Train loss_G: 0.0
Test loss_G: 0.49004873420510975

=============== Epoch: 309

Train loss_D: 425.14119033515453
Train loss_G: 3.351912432595303
Test loss_G: 0.5277757516929081

=============== Epoch: 310

Train loss_D: 348.96724070608616
Train loss_G: 0.0
Test loss_G: 0.5232111385890416

=============== Epoch: 311

Train loss_D: 180.9769648918882
Train loss_G: 0.0
Test loss_G: 0.5231758058071136

=============== Epoch: 312

Train loss_D: 158.21675646444783
Train loss_G: 0.0
Test loss_G: 0.5231751842158181

=============== Epoch: 313

Train loss_D: 16.11017175251618
Train loss_G: 0.0
Test loss_G: 0.5231751842158181

=============== Epoch: 314

Train loss_D: 147.5453450968489
Train loss_G: 0.0
Test loss_G: 0.5231751757008689

=============== Epoch: 315

Train loss_D: 107.73092926712707
Train loss_G: 0.0
Test loss_G: 0.5231751799583435

=============== Epoch: 316

Train loss_D: 10.100845430395566
Train loss_G: 0.0
Test loss_G: 0.5231751799583435

=============== Epoch: 317

Train loss_D: 253.75065845175413
Train loss_G: 0.0
Test loss_G: 0.5231751799583435

=============== Epoch: 318

Train loss_D: 7.674925644299947
Train loss_G: 0.0
Test loss_G: 0.5231751799583435

=============== Epoch: 319

Train loss_D: 827.7500920062885
Train loss_G: 4.957287044901597
Test loss_G: 0.5201084230627332

=============== Epoch: 320

Train loss_D: 348.8304695338011
Train loss_G: 0.0
Test loss_G: 0.485815378172057

=============== Epoch: 321

Train loss_D: 159.0053485110402
Train loss_G: 0.0
Test loss_G: 0.48537658154964447

=============== Epoch: 322

Train loss_D: 156.67559722065926
Train loss_G: 0.0
Test loss_G: 0.485368617943355

=============== Epoch: 323

Train loss_D: 104.67285315040499
Train loss_G: 0.0
Test loss_G: 0.48536848383290426

=============== Epoch: 324

Train loss_D: 100.77794275712222
Train loss_G: 0.0
Test loss_G: 0.48536848383290426

=============== Epoch: 325

Train loss_D: 49.052624537143856
Train loss_G: 0.0
Test loss_G: 0.48536848170416697

=============== Epoch: 326

Train loss_D: 144.20122924726456
Train loss_G: 0.0
Test loss_G: 0.48536848170416697

=============== Epoch: 327

Train loss_D: 17.09360934048891
Train loss_G: 0.0
Test loss_G: 0.48536848170416697

=============== Epoch: 328

Train loss_D: 55.20760908490047
Train loss_G: 0.0
Test loss_G: 0.48536848170416697

=============== Epoch: 329

Train loss_D: 1078.3649382852018
Train loss_G: 4.684319082059358
Test loss_G: 0.4896789810487202

=============== Epoch: 330

Train loss_D: 620.143247961998
Train loss_G: 0.0
Test loss_G: 0.48010083394391195

=============== Epoch: 331

Train loss_D: 347.5612033158541
Train loss_G: 0.0
Test loss_G: 0.4799530420984541

=============== Epoch: 332

Train loss_D: 183.8074751123786
Train loss_G: 0.0
Test loss_G: 0.4799503641469138

=============== Epoch: 333

Train loss_D: 126.63617479801178
Train loss_G: 0.0
Test loss_G: 0.47995029602731976

=============== Epoch: 334

Train loss_D: 138.88220374844968
Train loss_G: 0.0
Test loss_G: 0.47995029389858246

=============== Epoch: 335

Train loss_D: 127.81506939139217
Train loss_G: 0.0
Test loss_G: 0.47995029389858246

=============== Epoch: 336

Train loss_D: 277.7798556275666
Train loss_G: 0.0
Test loss_G: 0.47995029389858246

=============== Epoch: 337

Train loss_D: 38.0434451601468
Train loss_G: 0.0
Test loss_G: 0.47995029389858246

=============== Epoch: 338

Train loss_D: 263.12348885880783
Train loss_G: 0.0
Test loss_G: 0.47995029389858246

=============== Epoch: 339

Train loss_D: 1143.3507675547153
Train loss_G: 3.888909135994158
Test loss_G: 0.4964134416409901

=============== Epoch: 340

Train loss_D: 716.5106641054153
Train loss_G: 0.0
Test loss_G: 0.4902487652642386

=============== Epoch: 341

Train loss_D: 213.45908471941948
Train loss_G: 0.0
Test loss_G: 0.49015181405203684

=============== Epoch: 342

Train loss_D: 212.89237836189568
Train loss_G: 0.0
Test loss_G: 0.49015005571501596

=============== Epoch: 343

Train loss_D: 40.56606991402805
Train loss_G: 0.0
Test loss_G: 0.4901500131402697

=============== Epoch: 344

Train loss_D: 110.72286024875939
Train loss_G: 0.0
Test loss_G: 0.490150015269007

=============== Epoch: 345

Train loss_D: 98.7712432956323
Train loss_G: 0.0
Test loss_G: 0.490150015269007

=============== Epoch: 346

Train loss_D: 107.10446965321898
Train loss_G: 0.0
Test loss_G: 0.490150015269007

=============== Epoch: 347

Train loss_D: 38.160316532012075
Train loss_G: 0.0
Test loss_G: 0.490150015269007

=============== Epoch: 348

Train loss_D: 126.38907130737789
Train loss_G: 0.0
Test loss_G: 0.490150015269007

=============== Epoch: 349

Train loss_D: 1242.9736549854279
Train loss_G: 2.662776092165395
Test loss_G: 0.4858809305088861

=============== Epoch: 350

Train loss_D: 503.4640451967716
Train loss_G: 0.0
Test loss_G: 0.4858283655984061

=============== Epoch: 351

Train loss_D: 146.94506543502212
Train loss_G: 0.0
Test loss_G: 0.4858372850077493

=============== Epoch: 352

Train loss_D: 386.25540118385106
Train loss_G: 0.0
Test loss_G: 0.48583744040557314

=============== Epoch: 353

Train loss_D: 28.15282764006406
Train loss_G: 0.0
Test loss_G: 0.4858374446630478

=============== Epoch: 354

Train loss_D: 192.27582141244784
Train loss_G: 0.0
Test loss_G: 0.4858374446630478

=============== Epoch: 355

Train loss_D: 166.92716280277818
Train loss_G: 0.0
Test loss_G: 0.4858374446630478

=============== Epoch: 356

Train loss_D: 16.41796046216041
Train loss_G: 0.0
Test loss_G: 0.4858374446630478

=============== Epoch: 357

Train loss_D: 96.75728008546866
Train loss_G: 0.0
Test loss_G: 0.4858374446630478

=============== Epoch: 358

Train loss_D: 64.23919253947679
Train loss_G: 0.0
Test loss_G: 0.4858374446630478

=============== Epoch: 359

Train loss_D: 1837.6280126795173
Train loss_G: 2.802964234038403
Test loss_G: 0.4755955764225551

=============== Epoch: 360

Train loss_D: 719.2467013597488
Train loss_G: 0.0
Test loss_G: 0.4846263165984835

=============== Epoch: 361

Train loss_D: 521.0771910250187
Train loss_G: 0.0
Test loss_G: 0.4848534549985613

=============== Epoch: 362

Train loss_D: 352.5865977033973
Train loss_G: 0.0
Test loss_G: 0.4848576145512717

=============== Epoch: 363

Train loss_D: 302.4359528236091
Train loss_G: 0.0
Test loss_G: 0.4848576933145523

=============== Epoch: 364

Train loss_D: 264.4238055422902
Train loss_G: 0.0
Test loss_G: 0.4848576933145523

=============== Epoch: 365

Train loss_D: 272.2618168182671
Train loss_G: 0.0
Test loss_G: 0.4848576933145523

=============== Epoch: 366

Train loss_D: 54.10584983229637
Train loss_G: 0.0
Test loss_G: 0.4848576933145523

=============== Epoch: 367

Train loss_D: 359.1387492516078
Train loss_G: 0.0
Test loss_G: 0.4848576933145523

=============== Epoch: 368

Train loss_D: 41.543662977870554
Train loss_G: 0.0
Test loss_G: 0.4848576933145523

=============== Epoch: 369

Train loss_D: 1134.78672029078
Train loss_G: 4.0743097819780045
Test loss_G: 0.49482652119227816

=============== Epoch: 370

Train loss_D: 507.7798987478018
Train loss_G: 0.0
Test loss_G: 0.4936300218105316

=============== Epoch: 371

Train loss_D: 254.1345487870276
Train loss_G: 0.0
Test loss_G: 0.4936156613486154

=============== Epoch: 372

Train loss_D: 102.9033806566149
Train loss_G: 0.0
Test loss_G: 0.4936154080288751

=============== Epoch: 373

Train loss_D: 108.33229879848659
Train loss_G: 0.0
Test loss_G: 0.4936153995139258

=============== Epoch: 374

Train loss_D: 216.03375283814967
Train loss_G: 0.0
Test loss_G: 0.4936154080288751

=============== Epoch: 375

Train loss_D: 180.29949686583132
Train loss_G: 0.0
Test loss_G: 0.4936154080288751

=============== Epoch: 376

Train loss_D: 169.67721513006836
Train loss_G: 0.0
Test loss_G: 0.4936154080288751

=============== Epoch: 377

Train loss_D: 162.51733834063634
Train loss_G: 0.0
Test loss_G: 0.4936154080288751

=============== Epoch: 378

Train loss_D: 152.69808052433655
Train loss_G: 0.0
Test loss_G: 0.4936154080288751

=============== Epoch: 379

Train loss_D: 1157.8196380734444
Train loss_G: 2.2560772660531496
Test loss_G: 0.4773158984524863

=============== Epoch: 380

Train loss_D: 323.0904759019613
Train loss_G: 0.0
Test loss_G: 0.47133652440139223

=============== Epoch: 381

Train loss_D: 155.45884565077722
Train loss_G: 0.0
Test loss_G: 0.47129126105989727

=============== Epoch: 382

Train loss_D: 133.47929141204804
Train loss_G: 0.0
Test loss_G: 0.4712904393672943

=============== Epoch: 383

Train loss_D: 62.10255528893322
Train loss_G: 0.0
Test loss_G: 0.4712904393672943

=============== Epoch: 384

Train loss_D: 116.04035946307704
Train loss_G: 0.0
Test loss_G: 0.471290437238557

=============== Epoch: 385

Train loss_D: 77.11283638561144
Train loss_G: 0.0
Test loss_G: 0.471290437238557

=============== Epoch: 386

Train loss_D: 102.79078583465889
Train loss_G: 0.0
Test loss_G: 0.471290437238557

=============== Epoch: 387

Train loss_D: 90.7594050753396
Train loss_G: 0.0
Test loss_G: 0.471290437238557

=============== Epoch: 388

Train loss_D: 80.02011418016627
Train loss_G: 0.0
Test loss_G: 0.471290437238557

=============== Epoch: 389

Train loss_D: 1368.3243100941181
Train loss_G: 1.999788492133743
Test loss_G: 0.46741533279418945

=============== Epoch: 390

Train loss_D: 402.7228187173605
Train loss_G: 0.0
Test loss_G: 0.4639925552265985

=============== Epoch: 391

Train loss_D: 182.28680166974664
Train loss_G: 0.0
Test loss_G: 0.4639503168208258

=============== Epoch: 392

Train loss_D: 203.56135351862758
Train loss_G: 0.0
Test loss_G: 0.46394955047539305

=============== Epoch: 393

Train loss_D: 38.565723817795515
Train loss_G: 0.0
Test loss_G: 0.46394954196044375

=============== Epoch: 394

Train loss_D: 213.71865777717903
Train loss_G: 0.0
Test loss_G: 0.46394954196044375

=============== Epoch: 395

Train loss_D: 100.98920428194106
Train loss_G: 0.0
Test loss_G: 0.46394954196044375

=============== Epoch: 396

Train loss_D: 25.054253831971437
Train loss_G: 0.0
Test loss_G: 0.46394954196044375

=============== Epoch: 397

Train loss_D: 125.4387345504947
Train loss_G: 0.0
Test loss_G: 0.46394954196044375

=============== Epoch: 398

Train loss_D: 81.06179838161916
Train loss_G: 0.0
Test loss_G: 0.46394954196044375

=============== Epoch: 399

Train loss_D: 1710.0916267931461
Train loss_G: 2.4243106081297525
Test loss_G: 0.5000251318727221

=============== Epoch: 400

Train loss_D: 718.9880183935165
Train loss_G: 0.0
Test loss_G: 0.49407223079885754

=============== Epoch: 401

Train loss_D: 407.176004588604
Train loss_G: 0.0
Test loss_G: 0.4939893973725183

=============== Epoch: 402

Train loss_D: 308.5243147863075
Train loss_G: 0.0
Test loss_G: 0.49398788809776306

=============== Epoch: 403

Train loss_D: 171.40257782582194
Train loss_G: 0.0
Test loss_G: 0.49398787106786457

=============== Epoch: 404

Train loss_D: 165.21042918087915
Train loss_G: 0.0
Test loss_G: 0.4939878668103899

=============== Epoch: 405

Train loss_D: 119.57885497668758
Train loss_G: 0.0
Test loss_G: 0.4939878668103899

=============== Epoch: 406

Train loss_D: 239.8259656475857
Train loss_G: 0.0
Test loss_G: 0.4939878668103899

=============== Epoch: 407

Train loss_D: 62.43374922173098
Train loss_G: 0.0
Test loss_G: 0.4939878668103899

=============== Epoch: 408

Train loss_D: 175.76175401592627
Train loss_G: 0.0
Test loss_G: 0.4939878668103899

=============== Epoch: 409

Train loss_D: 1271.1662818193436
Train loss_G: 2.036772701301073
Test loss_G: 0.5026598295995167

=============== Epoch: 410

Train loss_D: 684.4336150288582
Train loss_G: 0.0
Test loss_G: 0.5029715022870472

=============== Epoch: 411

Train loss_D: 257.74672934785485
Train loss_G: 0.0
Test loss_G: 0.5030000082084111

=============== Epoch: 412

Train loss_D: 194.98034513741732
Train loss_G: 0.0
Test loss_G: 0.5030005297490528

=============== Epoch: 413

Train loss_D: 194.4838250754401
Train loss_G: 0.0
Test loss_G: 0.5030005254915783

=============== Epoch: 414

Train loss_D: 179.82907147426158
Train loss_G: 0.0
Test loss_G: 0.5030005297490528

=============== Epoch: 415

Train loss_D: 152.33926302660257
Train loss_G: 0.0
Test loss_G: 0.5030005297490528

=============== Epoch: 416

Train loss_D: 130.49466726230457
Train loss_G: 0.0
Test loss_G: 0.5030005297490528

=============== Epoch: 417

Train loss_D: 113.55385574046522
Train loss_G: 0.0
Test loss_G: 0.5030005297490528

=============== Epoch: 418

Train loss_D: 99.9529761346057
Train loss_G: 0.0
Test loss_G: 0.5030005297490528

=============== Epoch: 419

Train loss_D: 1261.4952330589294
Train loss_G: 2.0209620085201765
Test loss_G: 0.4955859418426241

=============== Epoch: 420

Train loss_D: 524.8021022975445
Train loss_G: 0.0
Test loss_G: 0.49722250018801006

=============== Epoch: 421

Train loss_D: 269.80405811592937
Train loss_G: 0.0
Test loss_G: 0.4972733110189438

=============== Epoch: 422

Train loss_D: 201.5255408808589
Train loss_G: 0.0
Test loss_G: 0.49727424340588705

=============== Epoch: 423

Train loss_D: 160.5059121651575
Train loss_G: 0.0
Test loss_G: 0.49727427533694674

=============== Epoch: 424

Train loss_D: 135.7723819874227
Train loss_G: 0.0
Test loss_G: 0.49727427533694674

=============== Epoch: 425

Train loss_D: 166.51048156549223
Train loss_G: 0.0
Test loss_G: 0.49727427533694674

=============== Epoch: 426

Train loss_D: 39.52088896045461
Train loss_G: 0.0
Test loss_G: 0.49727427533694674

=============== Epoch: 427

Train loss_D: 128.62675964622758
Train loss_G: 0.0
Test loss_G: 0.49727427533694674

=============== Epoch: 428

Train loss_D: 130.4081193471793
Train loss_G: 0.0
Test loss_G: 0.49727427533694674

=============== Epoch: 429

Train loss_D: 1154.5237620472908
Train loss_G: 1.6877888096006293
Test loss_G: 0.5056237748691014

=============== Epoch: 430

Train loss_D: 718.2500052452087
Train loss_G: 0.0
Test loss_G: 0.49864034567560467

=============== Epoch: 431

Train loss_D: 195.36698235943913
Train loss_G: 0.0
Test loss_G: 0.4985699589763369

=============== Epoch: 432

Train loss_D: 135.21428521256894
Train loss_G: 0.0
Test loss_G: 0.4985686945063727

=============== Epoch: 433

Train loss_D: 107.12802254222333
Train loss_G: 0.0
Test loss_G: 0.498568662575313

=============== Epoch: 434

Train loss_D: 85.04000319726765
Train loss_G: 0.0
Test loss_G: 0.4985686583178384

=============== Epoch: 435

Train loss_D: 79.8315279809758
Train loss_G: 0.0
Test loss_G: 0.49856865406036377

=============== Epoch: 436

Train loss_D: 94.66248335875571
Train loss_G: 0.0
Test loss_G: 0.49856865406036377

=============== Epoch: 437

Train loss_D: 28.211903075687587
Train loss_G: 0.0
Test loss_G: 0.49856865406036377

=============== Epoch: 438

Train loss_D: 89.74168249161448
Train loss_G: 0.0
Test loss_G: 0.49856865406036377

=============== Epoch: 439

Train loss_D: 1088.5109805762768
Train loss_G: 1.4987976911820864
Test loss_G: 0.49460158390658243

=============== Epoch: 440

Train loss_D: 600.5828304886818
Train loss_G: 0.0
Test loss_G: 0.4950140118598938

=============== Epoch: 441

Train loss_D: 158.67537916079164
Train loss_G: 0.0
Test loss_G: 0.49504574281828745

=============== Epoch: 442

Train loss_D: 268.9325423864648
Train loss_G: 0.0
Test loss_G: 0.495046323963574

=============== Epoch: 443

Train loss_D: 125.73303116671741
Train loss_G: 0.0
Test loss_G: 0.4950463431222098

=============== Epoch: 444

Train loss_D: 222.8648061961867
Train loss_G: 0.0
Test loss_G: 0.49504634737968445

=============== Epoch: 445

Train loss_D: 39.11950650252402
Train loss_G: 0.0
Test loss_G: 0.49504634737968445

=============== Epoch: 446

Train loss_D: 152.06731679150835
Train loss_G: 0.0
Test loss_G: 0.49504634737968445

=============== Epoch: 447

Train loss_D: 156.24188630189747
Train loss_G: 0.0
Test loss_G: 0.49504634737968445

=============== Epoch: 448

Train loss_D: 178.3989856163971
Train loss_G: 0.0
Test loss_G: 0.49504634737968445

=============== Epoch: 449

Train loss_D: 1452.9017206132412
Train loss_G: 1.538159099848647
Test loss_G: 0.4905828663281032

=============== Epoch: 450

Train loss_D: 879.2008888721466
Train loss_G: 0.0
Test loss_G: 0.4862829510654722

=============== Epoch: 451

Train loss_D: 448.5847429782152
Train loss_G: 0.0
Test loss_G: 0.4862352354185922

=============== Epoch: 452

Train loss_D: 294.3917508274317
Train loss_G: 0.0
Test loss_G: 0.48623437540871756

=============== Epoch: 453

Train loss_D: 250.185227394104
Train loss_G: 0.0
Test loss_G: 0.4862343541213444

=============== Epoch: 454

Train loss_D: 190.7253541238606
Train loss_G: 0.0
Test loss_G: 0.4862343519926071

=============== Epoch: 455

Train loss_D: 200.77213739417493
Train loss_G: 0.0
Test loss_G: 0.4862343519926071

=============== Epoch: 456

Train loss_D: 147.51562005840242
Train loss_G: 0.0
Test loss_G: 0.4862343519926071

=============== Epoch: 457

Train loss_D: 126.1630089264363
Train loss_G: 0.0
Test loss_G: 0.4862343519926071

=============== Epoch: 458

Train loss_D: 122.92747603263706
Train loss_G: 0.0
Test loss_G: 0.4862343519926071

=============== Epoch: 459

Train loss_D: 1264.0179283544421
Train loss_G: 2.6124010227228465
Test loss_G: 0.4895667369876589

=============== Epoch: 460

Train loss_D: 621.4868308901787
Train loss_G: 0.0
Test loss_G: 0.4881584069558552

=============== Epoch: 461

Train loss_D: 253.65073826909065
Train loss_G: 0.0
Test loss_G: 0.488149887749127

=============== Epoch: 462

Train loss_D: 281.69804088398814
Train loss_G: 0.0
Test loss_G: 0.48814974299498964

=============== Epoch: 463

Train loss_D: 184.25007024221122
Train loss_G: 0.0
Test loss_G: 0.4881497472524643

=============== Epoch: 464

Train loss_D: 373.6393415713683
Train loss_G: 0.0
Test loss_G: 0.4881497472524643

=============== Epoch: 465

Train loss_D: 102.33936827629805
Train loss_G: 0.0
Test loss_G: 0.488149745123727

=============== Epoch: 466

Train loss_D: 58.974014532286674
Train loss_G: 0.0
Test loss_G: 0.488149745123727

=============== Epoch: 467

Train loss_D: 139.63092214229982
Train loss_G: 0.0
Test loss_G: 0.488149745123727

=============== Epoch: 468

Train loss_D: 111.31689894589363
Train loss_G: 0.0
Test loss_G: 0.488149745123727

=============== Epoch: 469

Train loss_D: 1708.7459617853165
Train loss_G: 2.0547431660325906
Test loss_G: 0.4889275176184518

=============== Epoch: 470

Train loss_D: 536.8210993111134
Train loss_G: 0.0
Test loss_G: 0.4849190648112978

=============== Epoch: 471

Train loss_D: 217.97302957624197
Train loss_G: 0.0
Test loss_G: 0.4848483183554241

=============== Epoch: 472

Train loss_D: 131.0112241115421
Train loss_G: 0.0
Test loss_G: 0.4848470389842987

=============== Epoch: 473

Train loss_D: 114.8941525327973
Train loss_G: 0.0
Test loss_G: 0.4848469964095524

=============== Epoch: 474

Train loss_D: 84.44578319805441
Train loss_G: 0.0
Test loss_G: 0.4848469878946032

=============== Epoch: 475

Train loss_D: 94.24245771334972
Train loss_G: 0.0
Test loss_G: 0.4848469964095524

=============== Epoch: 476

Train loss_D: 56.89633380388841
Train loss_G: 0.0
Test loss_G: 0.4848469964095524

=============== Epoch: 477

Train loss_D: 52.586330828722566
Train loss_G: 0.0
Test loss_G: 0.4848469964095524

=============== Epoch: 478

Train loss_D: 66.44591160246637
Train loss_G: 0.0
Test loss_G: 0.4848469964095524

=============== Epoch: 479

Train loss_D: 1633.3758081495762
Train loss_G: 2.299584428730764
Test loss_G: 0.49906944589955465

=============== Epoch: 480

Train loss_D: 650.5506945252419
Train loss_G: 0.0
Test loss_G: 0.4993927925825119

=============== Epoch: 481

Train loss_D: 392.67054468393326
Train loss_G: 0.0
Test loss_G: 0.4994114360639027

=============== Epoch: 482

Train loss_D: 336.4593585655093
Train loss_G: 0.0
Test loss_G: 0.49941177666187286

=============== Epoch: 483

Train loss_D: 234.012773450464
Train loss_G: 0.0
Test loss_G: 0.4994117873055594

=============== Epoch: 484

Train loss_D: 243.15677421167493
Train loss_G: 0.0
Test loss_G: 0.4994117873055594

=============== Epoch: 485

Train loss_D: 191.86062603071332
Train loss_G: 0.0
Test loss_G: 0.4994117873055594

=============== Epoch: 486

Train loss_D: 183.73324238322675
Train loss_G: 0.0
Test loss_G: 0.4994117873055594

=============== Epoch: 487

Train loss_D: 149.21819535642862
Train loss_G: 0.0
Test loss_G: 0.4994117873055594

=============== Epoch: 488

Train loss_D: 109.06995103694499
Train loss_G: 0.0
Test loss_G: 0.4994117873055594

=============== Epoch: 489

Train loss_D: 1361.5141491889954
Train loss_G: 2.3141640722751617
Test loss_G: 0.5027640547071185

=============== Epoch: 490

Train loss_D: 620.5071243643761
Train loss_G: 0.0
Test loss_G: 0.5014903332505908

=============== Epoch: 491

Train loss_D: 397.02764317393303
Train loss_G: 0.0
Test loss_G: 0.5014762112072536

=============== Epoch: 492

Train loss_D: 281.24477123841643
Train loss_G: 0.0
Test loss_G: 0.5014759600162506

=============== Epoch: 493

Train loss_D: 271.4219778999686
Train loss_G: 0.0
Test loss_G: 0.5014759515013013

=============== Epoch: 494

Train loss_D: 235.46837001293898
Train loss_G: 0.0
Test loss_G: 0.5014759600162506

=============== Epoch: 495

Train loss_D: 278.5857949964702
Train loss_G: 0.0
Test loss_G: 0.5014759600162506

=============== Epoch: 496

Train loss_D: 226.47950874641538
Train loss_G: 0.0
Test loss_G: 0.5014759600162506

=============== Epoch: 497

Train loss_D: 94.32728109881282
Train loss_G: 0.0
Test loss_G: 0.5014759600162506

=============== Epoch: 498

Train loss_D: 202.97839331813157
Train loss_G: 0.0
Test loss_G: 0.5014759600162506

=============== Epoch: 499

Train loss_D: 1224.0981913208961
Train loss_G: 1.5611961719236875
Test loss_G: 0.5097322804587228

