Adjusting learning rate of group 0 to 2.0000e-04.
=============== Epoch: 0

Train loss_D: 0.5942705869674683
Train loss_G: 5.408935546875
Test loss_G: 0.449434940304075

=============== Epoch: 1

Train loss_D: 9.291305541992188
Train loss_G: 2.4400746822357178
Test loss_G: 0.4455782047339848

=============== Epoch: 2

Train loss_D: 2.867011785507202
Train loss_G: 1.2728837728500366
Test loss_G: 0.441630414554051

=============== Epoch: 3

Train loss_D: 0.6563391089439392
Train loss_G: 0.783136248588562
Test loss_G: 0.43771811042513165

=============== Epoch: 4

Train loss_D: 0.3142710328102112
Train loss_G: 0.6047289371490479
Test loss_G: 0.43392120940344675

=============== Epoch: 5

Train loss_D: 0.3560634255409241
Train loss_G: 0.5579255223274231
Test loss_G: 0.43021784935678753

=============== Epoch: 6

Train loss_D: 0.3819483518600464
Train loss_G: 0.57657790184021
Test loss_G: 0.4265626583780561

=============== Epoch: 7

Train loss_D: 0.33856624364852905
Train loss_G: 0.6473507881164551
Test loss_G: 0.4229524689061301

=============== Epoch: 8

Train loss_D: 0.25553491711616516
Train loss_G: 0.7669575214385986
Test loss_G: 0.4194883533886501

=============== Epoch: 9

Train loss_D: 0.17433954775333405
Train loss_G: 0.9220752716064453
Test loss_G: 0.416312256029674

=============== Epoch: 10

Train loss_D: 0.11777310073375702
Train loss_G: 1.0915457010269165
Test loss_G: 0.41351836919784546

=============== Epoch: 11

Train loss_D: 0.08639700710773468
Train loss_G: 1.2556123733520508
Test loss_G: 0.4111102521419525

=============== Epoch: 12

Train loss_D: 0.07189147174358368
Train loss_G: 1.3965036869049072
Test loss_G: 0.4090308632169451

=============== Epoch: 13

Train loss_D: 0.06634917855262756
Train loss_G: 1.4957070350646973
Test loss_G: 0.407255870955331

=============== Epoch: 14

Train loss_D: 0.06450997292995453
Train loss_G: 1.5373791456222534
Test loss_G: 0.40576958656311035

=============== Epoch: 15

Train loss_D: 0.06566348671913147
Train loss_G: 1.5205206871032715
Test loss_G: 0.40457880922726225

=============== Epoch: 16

Train loss_D: 0.07481643557548523
Train loss_G: 1.4733141660690308
Test loss_G: 0.4036142272608621

=============== Epoch: 17

Train loss_D: 0.09527382999658585
Train loss_G: 1.4512865543365479
Test loss_G: 0.402647716658456

=============== Epoch: 18

Train loss_D: 0.11566928029060364
Train loss_G: 1.4951059818267822
Test loss_G: 0.4014413058757782

=============== Epoch: 19

Train loss_D: 0.12362337857484818
Train loss_G: 1.5940932035446167
Test loss_G: 0.3998466730117798

=============== Epoch: 20

Train loss_D: 0.13163678348064423
Train loss_G: 1.6791644096374512
Test loss_G: 0.39767358132771086

=============== Epoch: 21

Train loss_D: 0.14869265258312225
Train loss_G: 1.6652870178222656
Test loss_G: 0.39470223018101286

=============== Epoch: 22

Train loss_D: 0.15883614122867584
Train loss_G: 1.5589313507080078
Test loss_G: 0.3906823992729187

=============== Epoch: 23

Train loss_D: 0.16222240030765533
Train loss_G: 1.4711331129074097
Test loss_G: 0.385449013539723

=============== Epoch: 24

Train loss_D: 0.1664777398109436
Train loss_G: 1.4971206188201904
Test loss_G: 0.37894198298454285

=============== Epoch: 25

Train loss_D: 0.16384586691856384
Train loss_G: 1.5928549766540527
Test loss_G: 0.37127586347716196

=============== Epoch: 26

Train loss_D: 0.16755665838718414
Train loss_G: 1.5273295640945435
Test loss_G: 0.362789728811809

=============== Epoch: 27

Train loss_D: 0.16292554140090942
Train loss_G: 1.3613418340682983
Test loss_G: 0.35393883500780376

=============== Epoch: 28

Train loss_D: 0.16459409892559052
Train loss_G: 1.3982298374176025
Test loss_G: 0.3453004998820169

=============== Epoch: 29

Train loss_D: 0.16751691699028015
Train loss_G: 1.4951387643814087
Test loss_G: 0.33743575641087126

=============== Epoch: 30

Train loss_D: 0.1958950161933899
Train loss_G: 1.0877963304519653
Test loss_G: 0.33060632007462637

=============== Epoch: 31

Train loss_D: 0.2642720341682434
Train loss_G: 1.4433143138885498
Test loss_G: 0.3252285506044115

=============== Epoch: 32

Train loss_D: 0.37624549865722656
Train loss_G: 0.6564644575119019
Test loss_G: 0.3208224858556475

=============== Epoch: 33

Train loss_D: 0.6104907989501953
Train loss_G: 1.0083123445510864
Test loss_G: 0.31743136048316956

=============== Epoch: 34

Train loss_D: 0.6118856072425842
Train loss_G: 0.8486114144325256
Test loss_G: 0.314715496131352

=============== Epoch: 35

Train loss_D: 0.7307720184326172
Train loss_G: 0.5530784726142883
Test loss_G: 0.3122957135949816

=============== Epoch: 36

Train loss_D: 0.8230236172676086
Train loss_G: 0.716942548751831
Test loss_G: 0.3100461959838867

=============== Epoch: 37

Train loss_D: 0.7056156396865845
Train loss_G: 0.8953201770782471
Test loss_G: 0.30778190067836214

=============== Epoch: 38

Train loss_D: 0.6720504760742188
Train loss_G: 0.7561688423156738
Test loss_G: 0.30530320746558054

=============== Epoch: 39

Train loss_D: 0.501222550868988
Train loss_G: 0.726709246635437
Test loss_G: 0.3025061573301043

=============== Epoch: 40

Train loss_D: 0.4309660494327545
Train loss_G: 0.8771796226501465
Test loss_G: 0.2993113228252956

=============== Epoch: 41

Train loss_D: 0.37145546078681946
Train loss_G: 1.0215790271759033
Test loss_G: 0.2957886925765446

=============== Epoch: 42

Train loss_D: 0.38116005063056946
Train loss_G: 0.9117128252983093
Test loss_G: 0.29215891446386066

=============== Epoch: 43

Train loss_D: 0.36018407344818115
Train loss_G: 0.7305513024330139
Test loss_G: 0.28866924558367046

=============== Epoch: 44

Train loss_D: 0.38314512372016907
Train loss_G: 0.8498091697692871
Test loss_G: 0.28545813049588886

=============== Epoch: 45

Train loss_D: 0.3904745578765869
Train loss_G: 0.9823029637336731
Test loss_G: 0.2826540044375828

=============== Epoch: 46

Train loss_D: 0.4915482699871063
Train loss_G: 0.4073962867259979
Test loss_G: 0.2803580548082079

=============== Epoch: 47

Train loss_D: 0.7992815971374512
Train loss_G: 0.9646142721176147
Test loss_G: 0.2785569301673344

=============== Epoch: 48

Train loss_D: 0.975522518157959
Train loss_G: 0.34432244300842285
Test loss_G: 0.277309102671487

=============== Epoch: 49

Train loss_D: 1.0611662864685059
Train loss_G: 0.33961132168769836
Test loss_G: 0.27656883001327515

=============== Epoch: 50

Train loss_D: 1.1130082607269287
Train loss_G: 0.4873565435409546
Test loss_G: 0.2762568039553506

=============== Epoch: 51

Train loss_D: 1.2076938152313232
Train loss_G: 0.41117507219314575
Test loss_G: 0.2762233742645809

=============== Epoch: 52

Train loss_D: 1.1223307847976685
Train loss_G: 0.3233400583267212
Test loss_G: 0.2763262859412602

=============== Epoch: 53

Train loss_D: 1.0274155139923096
Train loss_G: 0.318977415561676
Test loss_G: 0.27645217946597506

=============== Epoch: 54

Train loss_D: 0.9365042448043823
Train loss_G: 0.3721480071544647
Test loss_G: 0.2765042185783386

=============== Epoch: 55

Train loss_D: 0.8248435854911804
Train loss_G: 0.44380587339401245
Test loss_G: 0.27640972818647114

=============== Epoch: 56

Train loss_D: 0.7466404438018799
Train loss_G: 0.48645472526550293
Test loss_G: 0.2761296885354178

=============== Epoch: 57

Train loss_D: 0.6801897287368774
Train loss_G: 0.486355185508728
Test loss_G: 0.2756571003368923

=============== Epoch: 58

Train loss_D: 0.6117638945579529
Train loss_G: 0.4629380702972412
Test loss_G: 0.27500772050448824

=============== Epoch: 59

Train loss_D: 0.5615799427032471
Train loss_G: 0.44355490803718567
Test loss_G: 0.2742062977382115

=============== Epoch: 60

Train loss_D: 0.5333554148674011
Train loss_G: 0.44959306716918945
Test loss_G: 0.27327466011047363

=============== Epoch: 61

Train loss_D: 0.5066331028938293
Train loss_G: 0.4908534288406372
Test loss_G: 0.2722298247473581

=============== Epoch: 62

Train loss_D: 0.47126874327659607
Train loss_G: 0.5641465783119202
Test loss_G: 0.2710930407047272

=============== Epoch: 63

Train loss_D: 0.4386180341243744
Train loss_G: 0.6373113393783569
Test loss_G: 0.26990226336887907

=============== Epoch: 64

Train loss_D: 0.4163062274456024
Train loss_G: 0.6518181562423706
Test loss_G: 0.2687148664678846

=============== Epoch: 65

Train loss_D: 0.39045217633247375
Train loss_G: 0.5913242697715759
Test loss_G: 0.2675888070038387

=============== Epoch: 66

Train loss_D: 0.37159889936447144
Train loss_G: 0.5633016228675842
Test loss_G: 0.26659077405929565

=============== Epoch: 67

Train loss_D: 0.3767172396183014
Train loss_G: 0.6757971048355103
Test loss_G: 0.2658170589378902

=============== Epoch: 68

Train loss_D: 0.37103626132011414
Train loss_G: 0.7836419939994812
Test loss_G: 0.2653914306844984

=============== Epoch: 69

Train loss_D: 0.41096508502960205
Train loss_G: 0.5855733156204224
Test loss_G: 0.26535784346716745

=============== Epoch: 70

Train loss_D: 0.46396201848983765
Train loss_G: 0.6547648310661316
Test loss_G: 0.2658433360712869

=============== Epoch: 71

Train loss_D: 0.5444822311401367
Train loss_G: 0.6630856394767761
Test loss_G: 0.2669487851006644

=============== Epoch: 72

Train loss_D: 0.7011432647705078
Train loss_G: 0.3844013810157776
Test loss_G: 0.2684858483927591

=============== Epoch: 73

Train loss_D: 0.9550997018814087
Train loss_G: 0.7397188544273376
Test loss_G: 0.27079663957868305

=============== Epoch: 74

Train loss_D: 1.2742509841918945
Train loss_G: 0.3700084090232849
Test loss_G: 0.27340666736875263

=============== Epoch: 75

Train loss_D: 1.3159009218215942
Train loss_G: 0.2620980441570282
Test loss_G: 0.2760069455419268

=============== Epoch: 76

Train loss_D: 1.4947361946105957
Train loss_G: 0.31989386677742004
Test loss_G: 0.2785519063472748

=============== Epoch: 77

Train loss_D: 1.4388247728347778
Train loss_G: 0.36704468727111816
Test loss_G: 0.2809968250138419

=============== Epoch: 78

Train loss_D: 1.4186387062072754
Train loss_G: 0.34518522024154663
Test loss_G: 0.28324420963014874

=============== Epoch: 79

Train loss_D: 1.302164077758789
Train loss_G: 0.3079739511013031
Test loss_G: 0.28523529853139606

=============== Epoch: 80

Train loss_D: 1.162468671798706
Train loss_G: 0.2941892147064209
Test loss_G: 0.28696120211056303

=============== Epoch: 81

Train loss_D: 1.0511033535003662
Train loss_G: 0.3041336238384247
Test loss_G: 0.28842473881585257

=============== Epoch: 82

Train loss_D: 0.9391615390777588
Train loss_G: 0.33142831921577454
Test loss_G: 0.28962392466408865

=============== Epoch: 83

Train loss_D: 0.8318591117858887
Train loss_G: 0.36995959281921387
Test loss_G: 0.29054764338902067

=============== Epoch: 84

Train loss_D: 0.748496413230896
Train loss_G: 0.40913110971450806
Test loss_G: 0.2911802700587681

=============== Epoch: 85

Train loss_D: 0.6945595741271973
Train loss_G: 0.4413455128669739
Test loss_G: 0.2915140390396118

=============== Epoch: 86

Train loss_D: 0.6593233346939087
Train loss_G: 0.46285468339920044
Test loss_G: 0.2915561624935695

=============== Epoch: 87

Train loss_D: 0.6331490278244019
Train loss_G: 0.47398847341537476
Test loss_G: 0.2913307973316738

=============== Epoch: 88

Train loss_D: 0.6107932329177856
Train loss_G: 0.4775669574737549
Test loss_G: 0.29087126680782865

=============== Epoch: 89

Train loss_D: 0.5898933410644531
Train loss_G: 0.4770289957523346
Test loss_G: 0.2902115455695561

=============== Epoch: 90

Train loss_D: 0.5693075060844421
Train loss_G: 0.47593146562576294
Test loss_G: 0.2893745558602469

=============== Epoch: 91

Train loss_D: 0.5483080148696899
Train loss_G: 0.47789013385772705
Test loss_G: 0.28836070213999065

=============== Epoch: 92

Train loss_D: 0.5258766412734985
Train loss_G: 0.4879525303840637
Test loss_G: 0.28714278766087126

=============== Epoch: 93

Train loss_D: 0.4996776878833771
Train loss_G: 0.5127651691436768
Test loss_G: 0.28567449535642353

=============== Epoch: 94

Train loss_D: 0.4662407338619232
Train loss_G: 0.5649909377098083
Test loss_G: 0.283900329044887

=============== Epoch: 95

Train loss_D: 0.4232802391052246
Train loss_G: 0.6647519469261169
Test loss_G: 0.28178973283086506

=============== Epoch: 96

Train loss_D: 0.3779665231704712
Train loss_G: 0.8333328366279602
Test loss_G: 0.2793988755771092

=============== Epoch: 97

Train loss_D: 0.35313814878463745
Train loss_G: 1.0144944190979004
Test loss_G: 0.27688770634787424

=============== Epoch: 98

Train loss_D: 0.35608190298080444
Train loss_G: 1.0124505758285522
Test loss_G: 0.2744415743010385

=============== Epoch: 99

Train loss_D: 0.3400874137878418
Train loss_G: 0.8426936268806458
Test loss_G: 0.2722181464944567

=============== Epoch: 100

Train loss_D: 0.3698425889015198
Train loss_G: 0.8235228061676025
Test loss_G: 0.27040223138672964

=============== Epoch: 101

Train loss_D: 0.4615996479988098
Train loss_G: 1.0942065715789795
Test loss_G: 0.26926598804337637

=============== Epoch: 102

Train loss_D: 0.7102669477462769
Train loss_G: 0.3924686312675476
Test loss_G: 0.2686294104371752

=============== Epoch: 103

Train loss_D: 1.0684683322906494
Train loss_G: 0.451668381690979
Test loss_G: 0.2685714619500296

=============== Epoch: 104

Train loss_D: 1.3003488779067993
Train loss_G: 0.4233741760253906
Test loss_G: 0.26905669059072224

=============== Epoch: 105

Train loss_D: 1.6504793167114258
Train loss_G: 0.2099585235118866
Test loss_G: 0.2697861407484327

=============== Epoch: 106

Train loss_D: 1.6484639644622803
Train loss_G: 0.1985064446926117
Test loss_G: 0.2706602045467922

=============== Epoch: 107

Train loss_D: 1.5748075246810913
Train loss_G: 0.22756396234035492
Test loss_G: 0.2716364562511444

=============== Epoch: 108

Train loss_D: 1.3382115364074707
Train loss_G: 0.28958824276924133
Test loss_G: 0.27268136399132864

=============== Epoch: 109

Train loss_D: 1.1606042385101318
Train loss_G: 0.3383418917655945
Test loss_G: 0.27374311855861116

=============== Epoch: 110

Train loss_D: 1.0215927362442017
Train loss_G: 0.3567480444908142
Test loss_G: 0.2747702555997031

=============== Epoch: 111

Train loss_D: 0.8893117904663086
Train loss_G: 0.3714844584465027
Test loss_G: 0.2757253774574825

=============== Epoch: 112

Train loss_D: 0.8041545748710632
Train loss_G: 0.3953813910484314
Test loss_G: 0.2765841356345585

=============== Epoch: 113

Train loss_D: 0.7582544088363647
Train loss_G: 0.4282202124595642
Test loss_G: 0.2773350477218628

=============== Epoch: 114

Train loss_D: 0.735005259513855
Train loss_G: 0.4623813033103943
Test loss_G: 0.2779775985649654

=============== Epoch: 115

Train loss_D: 0.7275580167770386
Train loss_G: 0.4908071756362915
Test loss_G: 0.2785167694091797

=============== Epoch: 116

Train loss_D: 0.7296593189239502
Train loss_G: 0.5106088519096375
Test loss_G: 0.2789592146873474

=============== Epoch: 117

Train loss_D: 0.7345812320709229
Train loss_G: 0.5210060477256775
Test loss_G: 0.27931175913129536

=============== Epoch: 118

Train loss_D: 0.7376959323883057
Train loss_G: 0.5228395462036133
Test loss_G: 0.2795810614313398

=============== Epoch: 119

Train loss_D: 0.7366350889205933
Train loss_G: 0.5171517133712769
Test loss_G: 0.27977345670972553

=============== Epoch: 120

Train loss_D: 0.7308504581451416
Train loss_G: 0.5050026178359985
Test loss_G: 0.2798951395920345

=============== Epoch: 121

Train loss_D: 0.721224844455719
Train loss_G: 0.48798269033432007
Test loss_G: 0.27995103171893526

=============== Epoch: 122

Train loss_D: 0.7095303535461426
Train loss_G: 0.4683617055416107
Test loss_G: 0.2799449052129473

=============== Epoch: 123

Train loss_D: 0.6976827383041382
Train loss_G: 0.4481319785118103
Test loss_G: 0.27987973604883465

=============== Epoch: 124

Train loss_D: 0.6870706081390381
Train loss_G: 0.4289703965187073
Test loss_G: 0.2797579424721854

=============== Epoch: 125

Train loss_D: 0.6781090497970581
Train loss_G: 0.4119187593460083
Test loss_G: 0.2795813339097159

=============== Epoch: 126

Train loss_D: 0.6706427335739136
Train loss_G: 0.397535502910614
Test loss_G: 0.2793515111718859

=============== Epoch: 127

Train loss_D: 0.6644561886787415
Train loss_G: 0.38621801137924194
Test loss_G: 0.2790688531739371

=============== Epoch: 128

Train loss_D: 0.6590424180030823
Train loss_G: 0.37814489006996155
Test loss_G: 0.2787339687347412

=============== Epoch: 129

Train loss_D: 0.6537625193595886
Train loss_G: 0.37344929575920105
Test loss_G: 0.2783473644937788

=============== Epoch: 130

Train loss_D: 0.6477360129356384
Train loss_G: 0.37242478132247925
Test loss_G: 0.2779096322400229

=============== Epoch: 131

Train loss_D: 0.6402404308319092
Train loss_G: 0.3754276633262634
Test loss_G: 0.2774202653339931

=============== Epoch: 132

Train loss_D: 0.6309155225753784
Train loss_G: 0.3828788995742798
Test loss_G: 0.2768779397010803

=============== Epoch: 133

Train loss_D: 0.6197397112846375
Train loss_G: 0.394953191280365
Test loss_G: 0.27628164631979807

=============== Epoch: 134

Train loss_D: 0.6073803305625916
Train loss_G: 0.41126978397369385
Test loss_G: 0.27563085300581797

=============== Epoch: 135

Train loss_D: 0.5953037738800049
Train loss_G: 0.4300852417945862
Test loss_G: 0.27492600679397583

=============== Epoch: 136

Train loss_D: 0.5850472450256348
Train loss_G: 0.4481099247932434
Test loss_G: 0.274167286498206

=============== Epoch: 137

Train loss_D: 0.5762256383895874
Train loss_G: 0.46145325899124146
Test loss_G: 0.27335475172315327

=============== Epoch: 138

Train loss_D: 0.5668532252311707
Train loss_G: 0.46706193685531616
Test loss_G: 0.27248774256025043

=============== Epoch: 139

Train loss_D: 0.5546557307243347
Train loss_G: 0.4639929234981537
Test loss_G: 0.2715648923601423

=============== Epoch: 140

Train loss_D: 0.5391906499862671
Train loss_G: 0.4536096155643463
Test loss_G: 0.2705846514020647

=============== Epoch: 141

Train loss_D: 0.5223220586776733
Train loss_G: 0.43963515758514404
Test loss_G: 0.2695451421397073

=============== Epoch: 142

Train loss_D: 0.5068381428718567
Train loss_G: 0.4275873303413391
Test loss_G: 0.26844540664127897

=============== Epoch: 143

Train loss_D: 0.49377211928367615
Train loss_G: 0.4234052300453186
Test loss_G: 0.26728466153144836

=============== Epoch: 144

Train loss_D: 0.48126041889190674
Train loss_G: 0.43230170011520386
Test loss_G: 0.2660657252584185

=============== Epoch: 145

Train loss_D: 0.4665186107158661
Train loss_G: 0.45591408014297485
Test loss_G: 0.26479486908231464

=============== Epoch: 146

Train loss_D: 0.4504114091396332
Train loss_G: 0.49018925428390503
Test loss_G: 0.2634798288345337

=============== Epoch: 147

Train loss_D: 0.4385475218296051
Train loss_G: 0.522007167339325
Test loss_G: 0.2621299794742039

=============== Epoch: 148

Train loss_D: 0.43490561842918396
Train loss_G: 0.5328068733215332
Test loss_G: 0.2607618400028774

=============== Epoch: 149

Train loss_D: 0.4362041652202606
Train loss_G: 0.51503586769104
Test loss_G: 0.2594093212059566

=============== Epoch: 150

Train loss_D: 0.44252723455429077
Train loss_G: 0.48390963673591614
Test loss_G: 0.258122376033238

=============== Epoch: 151

Train loss_D: 0.4613937735557556
Train loss_G: 0.4636886715888977
Test loss_G: 0.25696882605552673

=============== Epoch: 152

Train loss_D: 0.4908316731452942
Train loss_G: 0.4618440866470337
Test loss_G: 0.256034540278571

=============== Epoch: 153

Train loss_D: 0.5274572372436523
Train loss_G: 0.4649946391582489
Test loss_G: 0.25541648268699646

=============== Epoch: 154

Train loss_D: 0.5765286684036255
Train loss_G: 0.44108861684799194
Test loss_G: 0.25519621797970365

=============== Epoch: 155

Train loss_D: 0.6295220851898193
Train loss_G: 0.3904969096183777
Test loss_G: 0.25539168289729525

=============== Epoch: 156

Train loss_D: 0.6776093244552612
Train loss_G: 0.3541859984397888
Test loss_G: 0.2559489480086735

=============== Epoch: 157

Train loss_D: 0.7246344089508057
Train loss_G: 0.35287582874298096
Test loss_G: 0.2568007835320064

=============== Epoch: 158

Train loss_D: 0.759952187538147
Train loss_G: 0.36456847190856934
Test loss_G: 0.25789498005594524

=============== Epoch: 159

Train loss_D: 0.7887274026870728
Train loss_G: 0.3566589951515198
Test loss_G: 0.25918977175440105

=============== Epoch: 160

Train loss_D: 0.8029029369354248
Train loss_G: 0.33527806401252747
Test loss_G: 0.2606507795197623

=============== Epoch: 161

Train loss_D: 0.801660418510437
Train loss_G: 0.3214367628097534
Test loss_G: 0.26224606803485323

=============== Epoch: 162

Train loss_D: 0.7924208641052246
Train loss_G: 0.3200092613697052
Test loss_G: 0.2639100083283016

=============== Epoch: 163

Train loss_D: 0.7798395156860352
Train loss_G: 0.32579755783081055
Test loss_G: 0.26553783246449064

=============== Epoch: 164

Train loss_D: 0.7684093713760376
Train loss_G: 0.3351220488548279
Test loss_G: 0.26700587783540997

=============== Epoch: 165

Train loss_D: 0.7544793486595154
Train loss_G: 0.3510975241661072
Test loss_G: 0.26818586247307913

=============== Epoch: 166

Train loss_D: 0.7348573207855225
Train loss_G: 0.37777674198150635
Test loss_G: 0.2690014924321856

=============== Epoch: 167

Train loss_D: 0.717684268951416
Train loss_G: 0.4128381609916687
Test loss_G: 0.269444933959416

=============== Epoch: 168

Train loss_D: 0.7134436368942261
Train loss_G: 0.4438903331756592
Test loss_G: 0.2695621337209429

=============== Epoch: 169

Train loss_D: 0.7204281091690063
Train loss_G: 0.45956671237945557
Test loss_G: 0.2694278955459595

=============== Epoch: 170

Train loss_D: 0.7280076146125793
Train loss_G: 0.4494020938873291
Test loss_G: 0.2691241843359811

=============== Epoch: 171

Train loss_D: 0.7288352251052856
Train loss_G: 0.4132453203201294
Test loss_G: 0.2687316451753889

=============== Epoch: 172

Train loss_D: 0.726507842540741
Train loss_G: 0.3637534976005554
Test loss_G: 0.2683182784489223

=============== Epoch: 173

Train loss_D: 0.7323095798492432
Train loss_G: 0.3181290924549103
Test loss_G: 0.26792568819863455

=============== Epoch: 174

Train loss_D: 0.7496465444564819
Train loss_G: 0.28820478916168213
Test loss_G: 0.26757556200027466

=============== Epoch: 175

Train loss_D: 0.7702645063400269
Train loss_G: 0.2788662314414978
Test loss_G: 0.2672767639160156

=============== Epoch: 176

Train loss_D: 0.7806664705276489
Train loss_G: 0.2865140438079834
Test loss_G: 0.26702819977487835

=============== Epoch: 177

Train loss_D: 0.7791167497634888
Train loss_G: 0.3046143352985382
Test loss_G: 0.26682224018233164

=============== Epoch: 178

Train loss_D: 0.7739317417144775
Train loss_G: 0.32458457350730896
Test loss_G: 0.26664927176066805

=============== Epoch: 179

Train loss_D: 0.7702915668487549
Train loss_G: 0.33925285935401917
Test loss_G: 0.2665025847298758

=============== Epoch: 180

Train loss_D: 0.7649819850921631
Train loss_G: 0.3457036316394806
Test loss_G: 0.2663783005305699

=============== Epoch: 181

Train loss_D: 0.755159854888916
Train loss_G: 0.3457193672657013
Test loss_G: 0.26627857770238605

=============== Epoch: 182

Train loss_D: 0.7421832084655762
Train loss_G: 0.34313124418258667
Test loss_G: 0.2662107135568346

=============== Epoch: 183

Train loss_D: 0.729000449180603
Train loss_G: 0.3402346968650818
Test loss_G: 0.26617877398218426

=============== Epoch: 184

Train loss_D: 0.7163039445877075
Train loss_G: 0.33722198009490967
Test loss_G: 0.2661827376910618

=============== Epoch: 185

Train loss_D: 0.7054767608642578
Train loss_G: 0.3347182869911194
Test loss_G: 0.26621894751276287

=============== Epoch: 186

Train loss_D: 0.6962161660194397
Train loss_G: 0.33234673738479614
Test loss_G: 0.26628004227365765

=============== Epoch: 187

Train loss_D: 0.6885852813720703
Train loss_G: 0.3304666578769684
Test loss_G: 0.2663568343435015

=============== Epoch: 188

Train loss_D: 0.6820343732833862
Train loss_G: 0.3293607831001282
Test loss_G: 0.2664384586470468

=============== Epoch: 189

Train loss_D: 0.6761223673820496
Train loss_G: 0.3291451334953308
Test loss_G: 0.26651167018072947

=============== Epoch: 190

Train loss_D: 0.6705583930015564
Train loss_G: 0.32967162132263184
Test loss_G: 0.26656584654535564

=============== Epoch: 191

Train loss_D: 0.6651701331138611
Train loss_G: 0.33052772283554077
Test loss_G: 0.2665913871356419

=============== Epoch: 192

Train loss_D: 0.6599602103233337
Train loss_G: 0.3313685357570648
Test loss_G: 0.266581267118454

=============== Epoch: 193

Train loss_D: 0.6550023555755615
Train loss_G: 0.3317851424217224
Test loss_G: 0.26653047118868145

=============== Epoch: 194

Train loss_D: 0.650406539440155
Train loss_G: 0.331487238407135
Test loss_G: 0.26643429483686176

=============== Epoch: 195

Train loss_D: 0.6464387774467468
Train loss_G: 0.3305394649505615
Test loss_G: 0.266289974961962

=============== Epoch: 196

Train loss_D: 0.6434944272041321
Train loss_G: 0.329489141702652
Test loss_G: 0.2660958298615047

=============== Epoch: 197

Train loss_D: 0.6420853137969971
Train loss_G: 0.3292831480503082
Test loss_G: 0.2658518595354898

=============== Epoch: 198

Train loss_D: 0.6427819728851318
Train loss_G: 0.33049672842025757
Test loss_G: 0.2655562588146755

=============== Epoch: 199

Train loss_D: 0.646251380443573
Train loss_G: 0.3327029049396515
Test loss_G: 0.2652066775730678

=============== Epoch: 200

Train loss_D: 0.6533937454223633
Train loss_G: 0.33394908905029297
Test loss_G: 0.26480639406612944

=============== Epoch: 201

Train loss_D: 0.6651922464370728
Train loss_G: 0.33109167218208313
Test loss_G: 0.2643561618668692

=============== Epoch: 202

Train loss_D: 0.682012677192688
Train loss_G: 0.32309770584106445
Test loss_G: 0.26385002051080975

=============== Epoch: 203

Train loss_D: 0.7034463882446289
Train loss_G: 0.3137791156768799
Test loss_G: 0.2632808727877481

=============== Epoch: 204

Train loss_D: 0.7280123233795166
Train loss_G: 0.3062579333782196
Test loss_G: 0.2626460577760424

=============== Epoch: 205

Train loss_D: 0.752910852432251
Train loss_G: 0.299639493227005
Test loss_G: 0.2619543288435255

=============== Epoch: 206

Train loss_D: 0.7740658521652222
Train loss_G: 0.2935061752796173
Test loss_G: 0.26123447503362385

=============== Epoch: 207

Train loss_D: 0.7854614853858948
Train loss_G: 0.2911520302295685
Test loss_G: 0.2605149916240147

=============== Epoch: 208

Train loss_D: 0.7820250988006592
Train loss_G: 0.2963317334651947
Test loss_G: 0.259815867458071

=============== Epoch: 209

Train loss_D: 0.7669545412063599
Train loss_G: 0.30638784170150757
Test loss_G: 0.25916266441345215

=============== Epoch: 210

Train loss_D: 0.7488703727722168
Train loss_G: 0.314250111579895
Test loss_G: 0.258589220898492

=============== Epoch: 211

Train loss_D: 0.7321629524230957
Train loss_G: 0.31410640478134155
Test loss_G: 0.2581250624997275

=============== Epoch: 212

Train loss_D: 0.718535304069519
Train loss_G: 0.30595749616622925
Test loss_G: 0.2577929837363107

=============== Epoch: 213

Train loss_D: 0.707861602306366
Train loss_G: 0.29562702775001526
Test loss_G: 0.25760416047913687

=============== Epoch: 214

Train loss_D: 0.7010378241539001
Train loss_G: 0.28888529539108276
Test loss_G: 0.2575635867459433

=============== Epoch: 215

Train loss_D: 0.6978442072868347
Train loss_G: 0.2876005172729492
Test loss_G: 0.2576673414025988

=============== Epoch: 216

Train loss_D: 0.6963080167770386
Train loss_G: 0.2896438241004944
Test loss_G: 0.2579061985015869

=============== Epoch: 217

Train loss_D: 0.695402979850769
Train loss_G: 0.29074621200561523
Test loss_G: 0.25825596281460356

=============== Epoch: 218

Train loss_D: 0.6944959163665771
Train loss_G: 0.28796231746673584
Test loss_G: 0.2586780147893088

=============== Epoch: 219

Train loss_D: 0.6925102472305298
Train loss_G: 0.28340569138526917
Test loss_G: 0.25912295494760784

=============== Epoch: 220

Train loss_D: 0.6892379522323608
Train loss_G: 0.28189000487327576
Test loss_G: 0.2595427802630833

=============== Epoch: 221

Train loss_D: 0.6858522891998291
Train loss_G: 0.2847909927368164
Test loss_G: 0.2598940517221178

=============== Epoch: 222

Train loss_D: 0.6831599473953247
Train loss_G: 0.28696417808532715
Test loss_G: 0.2601314059325627

=============== Epoch: 223

Train loss_D: 0.6821349859237671
Train loss_G: 0.28405317664146423
Test loss_G: 0.260209036724908

=============== Epoch: 224

Train loss_D: 0.6819299459457397
Train loss_G: 0.278937429189682
Test loss_G: 0.2600859659058707

=============== Epoch: 225

Train loss_D: 0.6828601360321045
Train loss_G: 0.27874556183815
Test loss_G: 0.25974309870174955

=============== Epoch: 226

Train loss_D: 0.6847225427627563
Train loss_G: 0.2840844392776489
Test loss_G: 0.25918811559677124

=============== Epoch: 227

Train loss_D: 0.6877985000610352
Train loss_G: 0.2845458984375
Test loss_G: 0.25842873964990887

=============== Epoch: 228

Train loss_D: 0.6929709315299988
Train loss_G: 0.2769744396209717
Test loss_G: 0.25747432879039217

=============== Epoch: 229

Train loss_D: 0.699759304523468
Train loss_G: 0.27643972635269165
Test loss_G: 0.2563643072332655

=============== Epoch: 230

Train loss_D: 0.7075724601745605
Train loss_G: 0.2818949818611145
Test loss_G: 0.25515675118991304

=============== Epoch: 231

Train loss_D: 0.7159017324447632
Train loss_G: 0.2752339243888855
Test loss_G: 0.2538925153868539

=============== Epoch: 232

Train loss_D: 0.7236337661743164
Train loss_G: 0.27295297384262085
Test loss_G: 0.2526157626083919

=============== Epoch: 233

Train loss_D: 0.7302464842796326
Train loss_G: 0.2809441089630127
Test loss_G: 0.25137478964669363

=============== Epoch: 234

Train loss_D: 0.7345037460327148
Train loss_G: 0.2748714089393616
Test loss_G: 0.25017804546015604

=============== Epoch: 235

Train loss_D: 0.7356778383255005
Train loss_G: 0.2757854759693146
Test loss_G: 0.24903204611369542

=============== Epoch: 236

Train loss_D: 0.7341715693473816
Train loss_G: 0.284909188747406
Test loss_G: 0.2479411917073386

=============== Epoch: 237

Train loss_D: 0.7305704951286316
Train loss_G: 0.2824845612049103
Test loss_G: 0.24689390403883799

=============== Epoch: 238

Train loss_D: 0.7259566783905029
Train loss_G: 0.287528395652771
Test loss_G: 0.2458937849317278

=============== Epoch: 239

Train loss_D: 0.720808744430542
Train loss_G: 0.2970103621482849
Test loss_G: 0.2449612787791661

=============== Epoch: 240

Train loss_D: 0.7152444124221802
Train loss_G: 0.29564374685287476
Test loss_G: 0.24410677807671682

=============== Epoch: 241

Train loss_D: 0.7096216678619385
Train loss_G: 0.30716490745544434
Test loss_G: 0.24334173968860082

=============== Epoch: 242

Train loss_D: 0.704504132270813
Train loss_G: 0.3035539984703064
Test loss_G: 0.24265856402260916

=============== Epoch: 243

Train loss_D: 0.7003787755966187
Train loss_G: 0.3214765787124634
Test loss_G: 0.24206254099096572

=============== Epoch: 244

Train loss_D: 0.6970726251602173
Train loss_G: 0.29756247997283936
Test loss_G: 0.24154193273612432

=============== Epoch: 245

Train loss_D: 0.6956072449684143
Train loss_G: 0.3712478280067444
Test loss_G: 0.24113766636167253

=============== Epoch: 246

Train loss_D: 0.7018808126449585
Train loss_G: 0.25366953015327454
Test loss_G: 0.24081366189888545

=============== Epoch: 247

Train loss_D: 0.7171257734298706
Train loss_G: 0.39069294929504395
Test loss_G: 0.24063355794974736

=============== Epoch: 248

Train loss_D: 0.710519015789032
Train loss_G: 0.3381064236164093
Test loss_G: 0.240578008549554

=============== Epoch: 249

Train loss_D: 0.6978699564933777
Train loss_G: 0.25663435459136963
Test loss_G: 0.24062485992908478

=============== Epoch: 250

Train loss_D: 0.7196942567825317
Train loss_G: 0.3533842861652374
Test loss_G: 0.2408104624067034

=============== Epoch: 251

Train loss_D: 0.7092559933662415
Train loss_G: 0.35446232557296753
Test loss_G: 0.24112097706113542

=============== Epoch: 252

Train loss_D: 0.715912938117981
Train loss_G: 0.25986796617507935
Test loss_G: 0.24151974490710668

=============== Epoch: 253

Train loss_D: 0.7228679656982422
Train loss_G: 0.2882104814052582
Test loss_G: 0.2420005989926202

=============== Epoch: 254

Train loss_D: 0.7152152061462402
Train loss_G: 0.3459213972091675
Test loss_G: 0.24260017275810242

=============== Epoch: 255

Train loss_D: 0.7279878854751587
Train loss_G: 0.2881617546081543
Test loss_G: 0.24330816524369375

=============== Epoch: 256

Train loss_D: 0.7177245616912842
Train loss_G: 0.24716109037399292
Test loss_G: 0.24410530499049596

=============== Epoch: 257

Train loss_D: 0.7250764966011047
Train loss_G: 0.2815742492675781
Test loss_G: 0.24499966417040145

=============== Epoch: 258

Train loss_D: 0.717153787612915
Train loss_G: 0.3108459711074829
Test loss_G: 0.2460102481501443

=============== Epoch: 259

Train loss_D: 0.7240298986434937
Train loss_G: 0.27120736241340637
Test loss_G: 0.2471051322562354

=============== Epoch: 260

Train loss_D: 0.7174391746520996
Train loss_G: 0.2427625209093094
Test loss_G: 0.24822748345988138

=============== Epoch: 261

Train loss_D: 0.7214759588241577
Train loss_G: 0.2630915343761444
Test loss_G: 0.2493536514895303

=============== Epoch: 262

Train loss_D: 0.7169294357299805
Train loss_G: 0.2892201542854309
Test loss_G: 0.250479131937027

=============== Epoch: 263

Train loss_D: 0.7211382389068604
Train loss_G: 0.2700297236442566
Test loss_G: 0.25154990809304373

=============== Epoch: 264

Train loss_D: 0.7179574966430664
Train loss_G: 0.2455756962299347
Test loss_G: 0.25249934622219633

=============== Epoch: 265

Train loss_D: 0.7195569276809692
Train loss_G: 0.25917091965675354
Test loss_G: 0.253300347498485

=============== Epoch: 266

Train loss_D: 0.7163289785385132
Train loss_G: 0.29831740260124207
Test loss_G: 0.25404518629823414

=============== Epoch: 267

Train loss_D: 0.7251498699188232
Train loss_G: 0.2627553939819336
Test loss_G: 0.25462244876793455

=============== Epoch: 268

Train loss_D: 0.729846715927124
Train loss_G: 0.23254694044589996
Test loss_G: 0.25490349318299976

=============== Epoch: 269

Train loss_D: 0.7475055456161499
Train loss_G: 0.2618559002876282
Test loss_G: 0.25493757000991274

=============== Epoch: 270

Train loss_D: 0.7557643055915833
Train loss_G: 0.2708137333393097
Test loss_G: 0.25475003676755087

=============== Epoch: 271

Train loss_D: 0.7690644860267639
Train loss_G: 0.23544515669345856
Test loss_G: 0.25423724949359894

=============== Epoch: 272

Train loss_D: 0.7745981812477112
Train loss_G: 0.2360609769821167
Test loss_G: 0.2534350837979998

=============== Epoch: 273

Train loss_D: 0.7761515378952026
Train loss_G: 0.26401472091674805
Test loss_G: 0.25246599529470715

=============== Epoch: 274

Train loss_D: 0.7739272713661194
Train loss_G: 0.26196181774139404
Test loss_G: 0.2513662576675415

=============== Epoch: 275

Train loss_D: 0.7667019963264465
Train loss_G: 0.2427089661359787
Test loss_G: 0.250127803002085

=============== Epoch: 276

Train loss_D: 0.7572365999221802
Train loss_G: 0.24704685807228088
Test loss_G: 0.24880512271608626

=============== Epoch: 277

Train loss_D: 0.7451207041740417
Train loss_G: 0.2703810930252075
Test loss_G: 0.24748148449829646

=============== Epoch: 278

Train loss_D: 0.731665849685669
Train loss_G: 0.27947598695755005
Test loss_G: 0.24619089279856002

=============== Epoch: 279

Train loss_D: 0.7197309732437134
Train loss_G: 0.2680113911628723
Test loss_G: 0.24493496971470968

=============== Epoch: 280

Train loss_D: 0.7081411480903625
Train loss_G: 0.26434069871902466
Test loss_G: 0.2437294317143304

=============== Epoch: 281

Train loss_D: 0.7000448703765869
Train loss_G: 0.28092753887176514
Test loss_G: 0.2426001386983054

=============== Epoch: 282

Train loss_D: 0.691860556602478
Train loss_G: 0.29778459668159485
Test loss_G: 0.24157334225518362

=============== Epoch: 283

Train loss_D: 0.6873090267181396
Train loss_G: 0.29311519861221313
Test loss_G: 0.240658272589956

=============== Epoch: 284

Train loss_D: 0.6832852959632874
Train loss_G: 0.2820313572883606
Test loss_G: 0.23985638788768224

=============== Epoch: 285

Train loss_D: 0.6818623542785645
Train loss_G: 0.2892957627773285
Test loss_G: 0.23916426513876235

=============== Epoch: 286

Train loss_D: 0.6804417371749878
Train loss_G: 0.3059551417827606
Test loss_G: 0.2385657834155219

=============== Epoch: 287

Train loss_D: 0.6807380318641663
Train loss_G: 0.3030136823654175
Test loss_G: 0.2380284390279225

=============== Epoch: 288

Train loss_D: 0.681934654712677
Train loss_G: 0.28864744305610657
Test loss_G: 0.23751120695046016

=============== Epoch: 289

Train loss_D: 0.6843681335449219
Train loss_G: 0.2925646901130676
Test loss_G: 0.23699102870055608

=============== Epoch: 290

Train loss_D: 0.6867893934249878
Train loss_G: 0.304330050945282
Test loss_G: 0.23645832708903722

=============== Epoch: 291

Train loss_D: 0.6902064085006714
Train loss_G: 0.29483771324157715
Test loss_G: 0.23592297732830048

=============== Epoch: 292

Train loss_D: 0.6933966875076294
Train loss_G: 0.28250089287757874
Test loss_G: 0.23540772923401423

=============== Epoch: 293

Train loss_D: 0.697601318359375
Train loss_G: 0.28979891538619995
Test loss_G: 0.234922679407256

=============== Epoch: 294

Train loss_D: 0.7014468312263489
Train loss_G: 0.2909436821937561
Test loss_G: 0.23448357837540762

=============== Epoch: 295

Train loss_D: 0.7060979008674622
Train loss_G: 0.27551382780075073
Test loss_G: 0.23411059379577637

=============== Epoch: 296

Train loss_D: 0.7104722261428833
Train loss_G: 0.2729014456272125
Test loss_G: 0.23379998973437718

=============== Epoch: 297

Train loss_D: 0.7148159146308899
Train loss_G: 0.2792125344276428
Test loss_G: 0.23353277572563716

=============== Epoch: 298

Train loss_D: 0.7192288637161255
Train loss_G: 0.2681022882461548
Test loss_G: 0.23331893980503082

=============== Epoch: 299

Train loss_D: 0.7228027582168579
Train loss_G: 0.25853413343429565
Test loss_G: 0.23318318384034292

=============== Epoch: 300

Train loss_D: 0.7257324457168579
Train loss_G: 0.2639950215816498
Test loss_G: 0.23314563717160905

=============== Epoch: 301

Train loss_D: 0.7268608808517456
Train loss_G: 0.262474924325943
Test loss_G: 0.2332223802804947

=============== Epoch: 302

Train loss_D: 0.7264809012413025
Train loss_G: 0.25276249647140503
Test loss_G: 0.23342426334108626

=============== Epoch: 303

Train loss_D: 0.7240188717842102
Train loss_G: 0.25233030319213867
Test loss_G: 0.23373971027987345

=============== Epoch: 304

Train loss_D: 0.7198241949081421
Train loss_G: 0.25776711106300354
Test loss_G: 0.23414573073387146

=============== Epoch: 305

Train loss_D: 0.7146649360656738
Train loss_G: 0.25633400678634644
Test loss_G: 0.23461207747459412

=============== Epoch: 306

Train loss_D: 0.7088203430175781
Train loss_G: 0.2515745759010315
Test loss_G: 0.23510045451777323

=============== Epoch: 307

Train loss_D: 0.702728271484375
Train loss_G: 0.2537023723125458
Test loss_G: 0.23556095148835862

=============== Epoch: 308

Train loss_D: 0.6968541145324707
Train loss_G: 0.25877687335014343
Test loss_G: 0.23596137974943435

=============== Epoch: 309

Train loss_D: 0.6922215223312378
Train loss_G: 0.2567220628261566
Test loss_G: 0.23627709703786032

=============== Epoch: 310

Train loss_D: 0.6891722679138184
Train loss_G: 0.2530097961425781
Test loss_G: 0.23651090902941568

=============== Epoch: 311

Train loss_D: 0.6882035732269287
Train loss_G: 0.25738924741744995
Test loss_G: 0.23668154222624643

=============== Epoch: 312

Train loss_D: 0.6894115209579468
Train loss_G: 0.25883811712265015
Test loss_G: 0.23681896924972534

=============== Epoch: 313

Train loss_D: 0.6931328773498535
Train loss_G: 0.25233617424964905
Test loss_G: 0.2369309174163001

=============== Epoch: 314

Train loss_D: 0.6986608505249023
Train loss_G: 0.2553456723690033
Test loss_G: 0.23699350655078888

=============== Epoch: 315

Train loss_D: 0.705372154712677
Train loss_G: 0.2582327127456665
Test loss_G: 0.23702055854456766

=============== Epoch: 316

Train loss_D: 0.7133680582046509
Train loss_G: 0.2459445595741272
Test loss_G: 0.23704127541610173

=============== Epoch: 317

Train loss_D: 0.7211562991142273
Train loss_G: 0.2555374503135681
Test loss_G: 0.23709871300629207

=============== Epoch: 318

Train loss_D: 0.7277629375457764
Train loss_G: 0.2516899108886719
Test loss_G: 0.2371624367577689

=============== Epoch: 319

Train loss_D: 0.7326291799545288
Train loss_G: 0.24691742658615112
Test loss_G: 0.23719065955707005

=============== Epoch: 320

Train loss_D: 0.7354656457901001
Train loss_G: 0.25579380989074707
Test loss_G: 0.23719435930252075

=============== Epoch: 321

Train loss_D: 0.7360066175460815
Train loss_G: 0.2534556984901428
Test loss_G: 0.23717699944972992

=============== Epoch: 322

Train loss_D: 0.7339472770690918
Train loss_G: 0.251699298620224
Test loss_G: 0.23711148755890982

=============== Epoch: 323

Train loss_D: 0.7295857667922974
Train loss_G: 0.2599722146987915
Test loss_G: 0.23701282271317073

=============== Epoch: 324

Train loss_D: 0.7240868210792542
Train loss_G: 0.2620745897293091
Test loss_G: 0.23690683926854814

=============== Epoch: 325

Train loss_D: 0.718132495880127
Train loss_G: 0.258096843957901
Test loss_G: 0.2367864570447377

=============== Epoch: 326

Train loss_D: 0.7116588950157166
Train loss_G: 0.2617596983909607
Test loss_G: 0.236700068627085

=============== Epoch: 327

Train loss_D: 0.7055999040603638
Train loss_G: 0.2677691578865051
Test loss_G: 0.23665861572538102

=============== Epoch: 328

Train loss_D: 0.7005821466445923
Train loss_G: 0.26485520601272583
Test loss_G: 0.23664053423064096

=============== Epoch: 329

Train loss_D: 0.6961797475814819
Train loss_G: 0.26155397295951843
Test loss_G: 0.23665154831750052

=============== Epoch: 330

Train loss_D: 0.6927619576454163
Train loss_G: 0.2660413682460785
Test loss_G: 0.23667881531374796

=============== Epoch: 331

Train loss_D: 0.6900064945220947
Train loss_G: 0.26759257912635803
Test loss_G: 0.23675283363887242

=============== Epoch: 332

Train loss_D: 0.6880440711975098
Train loss_G: 0.2616274058818817
Test loss_G: 0.2368286613907133

=============== Epoch: 333

Train loss_D: 0.6866934895515442
Train loss_G: 0.26180922985076904
Test loss_G: 0.23692983176027024

=============== Epoch: 334

Train loss_D: 0.6859479546546936
Train loss_G: 0.26545506715774536
Test loss_G: 0.2370525939123971

=============== Epoch: 335

Train loss_D: 0.6858518123626709
Train loss_G: 0.25926804542541504
Test loss_G: 0.23718574004513876

=============== Epoch: 336

Train loss_D: 0.6862176656723022
Train loss_G: 0.25768211483955383
Test loss_G: 0.237285281930651

=============== Epoch: 337

Train loss_D: 0.6871817111968994
Train loss_G: 0.2613517940044403
Test loss_G: 0.23740512132644653

=============== Epoch: 338

Train loss_D: 0.6887052655220032
Train loss_G: 0.2535768449306488
Test loss_G: 0.23748657745974405

=============== Epoch: 339

Train loss_D: 0.6906487941741943
Train loss_G: 0.255636602640152
Test loss_G: 0.23754916872297013

=============== Epoch: 340

Train loss_D: 0.6930155158042908
Train loss_G: 0.2543604373931885
Test loss_G: 0.23751741434846604

=============== Epoch: 341

Train loss_D: 0.6958935260772705
Train loss_G: 0.24837835133075714
Test loss_G: 0.2374880952494485

=============== Epoch: 342

Train loss_D: 0.6992172002792358
Train loss_G: 0.25405994057655334
Test loss_G: 0.23736547572272165

=============== Epoch: 343

Train loss_D: 0.7028329968452454
Train loss_G: 0.24210143089294434
Test loss_G: 0.23731848384652818

=============== Epoch: 344

Train loss_D: 0.7065011262893677
Train loss_G: 0.25216639041900635
Test loss_G: 0.23727793565818242

=============== Epoch: 345

Train loss_D: 0.7099753618240356
Train loss_G: 0.23972320556640625
Test loss_G: 0.2372272482940129

=============== Epoch: 346

Train loss_D: 0.7128567695617676
Train loss_G: 0.24533626437187195
Test loss_G: 0.2371825213943209

=============== Epoch: 347

Train loss_D: 0.7149783372879028
Train loss_G: 0.2433851659297943
Test loss_G: 0.23709313145705632

=============== Epoch: 348

Train loss_D: 0.7163200378417969
Train loss_G: 0.2373809516429901
Test loss_G: 0.23704611829348973

=============== Epoch: 349

Train loss_D: 0.7166032791137695
Train loss_G: 0.24426865577697754
Test loss_G: 0.23702827734606607

=============== Epoch: 350

Train loss_D: 0.71573805809021
Train loss_G: 0.23997394740581512
Test loss_G: 0.23715085642678396

=============== Epoch: 351

Train loss_D: 0.713718831539154
Train loss_G: 0.23805369436740875
Test loss_G: 0.23725955614021846

=============== Epoch: 352

Train loss_D: 0.7108858823776245
Train loss_G: 0.24391944706439972
Test loss_G: 0.23737298803670065

=============== Epoch: 353

Train loss_D: 0.7077283263206482
Train loss_G: 0.24121975898742676
Test loss_G: 0.23758462497166224

=============== Epoch: 354

Train loss_D: 0.7041975855827332
Train loss_G: 0.23920004069805145
Test loss_G: 0.23790736070701055

=============== Epoch: 355

Train loss_D: 0.7007368206977844
Train loss_G: 0.24404478073120117
Test loss_G: 0.23798851455960954

=============== Epoch: 356

Train loss_D: 0.6976884603500366
Train loss_G: 0.2437220811843872
Test loss_G: 0.23844309151172638

=============== Epoch: 357

Train loss_D: 0.6950711011886597
Train loss_G: 0.24042516946792603
Test loss_G: 0.2386879665510995

=============== Epoch: 358

Train loss_D: 0.6929799318313599
Train loss_G: 0.24271559715270996
Test loss_G: 0.23896827016557967

=============== Epoch: 359

Train loss_D: 0.6914957761764526
Train loss_G: 0.24481254816055298
Test loss_G: 0.23932332226208278

=============== Epoch: 360

Train loss_D: 0.69071364402771
Train loss_G: 0.24203750491142273
Test loss_G: 0.23941342106887273

=============== Epoch: 361

Train loss_D: 0.6901036500930786
Train loss_G: 0.24131201207637787
Test loss_G: 0.23977807589939662

=============== Epoch: 362

Train loss_D: 0.6901600360870361
Train loss_G: 0.24367566406726837
Test loss_G: 0.2398963464157922

=============== Epoch: 363

Train loss_D: 0.6906202435493469
Train loss_G: 0.243547722697258
Test loss_G: 0.24010771087237767

=============== Epoch: 364

Train loss_D: 0.6913522481918335
Train loss_G: 0.24137915670871735
Test loss_G: 0.24029994862420218

=============== Epoch: 365

Train loss_D: 0.692236065864563
Train loss_G: 0.2419951856136322
Test loss_G: 0.2403681640114103

=============== Epoch: 366

Train loss_D: 0.6932845711708069
Train loss_G: 0.24366116523742676
Test loss_G: 0.24064149175371444

=============== Epoch: 367

Train loss_D: 0.6945821046829224
Train loss_G: 0.24267157912254333
Test loss_G: 0.24057246106011526

=============== Epoch: 368

Train loss_D: 0.6952974796295166
Train loss_G: 0.24204584956169128
Test loss_G: 0.24066440761089325

=============== Epoch: 369

Train loss_D: 0.695537805557251
Train loss_G: 0.2443464994430542
Test loss_G: 0.24070184145654952

=============== Epoch: 370

Train loss_D: 0.6961939930915833
Train loss_G: 0.24390460550785065
Test loss_G: 0.24052595027855464

=============== Epoch: 371

Train loss_D: 0.6968953013420105
Train loss_G: 0.24092932045459747
Test loss_G: 0.24061375430652074

=============== Epoch: 372

Train loss_D: 0.6975978016853333
Train loss_G: 0.2411925196647644
Test loss_G: 0.24046348461083003

=============== Epoch: 373

Train loss_D: 0.6981685161590576
Train loss_G: 0.2436220347881317
Test loss_G: 0.2402615589754922

=============== Epoch: 374

Train loss_D: 0.6985212564468384
Train loss_G: 0.2422502189874649
Test loss_G: 0.24030597082206182

=============== Epoch: 375

Train loss_D: 0.698697566986084
Train loss_G: 0.24041655659675598
Test loss_G: 0.24023018138749258

=============== Epoch: 376

Train loss_D: 0.6986328363418579
Train loss_G: 0.2421739101409912
Test loss_G: 0.23990861645766667

=============== Epoch: 377

Train loss_D: 0.6983544826507568
Train loss_G: 0.24337276816368103
Test loss_G: 0.23994026226656778

=============== Epoch: 378

Train loss_D: 0.6979862451553345
Train loss_G: 0.24182456731796265
Test loss_G: 0.23960820053304946

=============== Epoch: 379

Train loss_D: 0.6973916888237
Train loss_G: 0.24093590676784515
Test loss_G: 0.23962720589978354

=============== Epoch: 380

Train loss_D: 0.6968367099761963
Train loss_G: 0.24256901443004608
Test loss_G: 0.23906114484582627

=============== Epoch: 381

Train loss_D: 0.6961239576339722
Train loss_G: 0.24313688278198242
Test loss_G: 0.23914068511554173

=============== Epoch: 382

Train loss_D: 0.6955177783966064
Train loss_G: 0.24158552289009094
Test loss_G: 0.23880534725529806

=============== Epoch: 383

Train loss_D: 0.6948670744895935
Train loss_G: 0.2411787062883377
Test loss_G: 0.23869345017841884

=============== Epoch: 384

Train loss_D: 0.6944073438644409
Train loss_G: 0.24320143461227417
Test loss_G: 0.2384245523384639

=============== Epoch: 385

Train loss_D: 0.6937617063522339
Train loss_G: 0.24243569374084473
Test loss_G: 0.23848545338426316

=============== Epoch: 386

Train loss_D: 0.6935219764709473
Train loss_G: 0.24149905145168304
Test loss_G: 0.23812749981880188

=============== Epoch: 387

Train loss_D: 0.6930112838745117
Train loss_G: 0.24121861159801483
Test loss_G: 0.23833524329321726

=============== Epoch: 388

Train loss_D: 0.6931038498878479
Train loss_G: 0.24382586777210236
Test loss_G: 0.23764162617070334

=============== Epoch: 389

Train loss_D: 0.6925696730613708
Train loss_G: 0.2413903921842575
Test loss_G: 0.23799667613846914

=============== Epoch: 390

Train loss_D: 0.692962646484375
Train loss_G: 0.24216018617153168
Test loss_G: 0.23729001411369868

=============== Epoch: 391

Train loss_D: 0.6924268007278442
Train loss_G: 0.24153201282024384
Test loss_G: 0.2375568151473999

=============== Epoch: 392

Train loss_D: 0.6929190754890442
Train loss_G: 0.24342592060565948
Test loss_G: 0.2370306806904929

=============== Epoch: 393

Train loss_D: 0.6926567554473877
Train loss_G: 0.24132776260375977
Test loss_G: 0.23710036064897264

=============== Epoch: 394

Train loss_D: 0.6929330825805664
Train loss_G: 0.2407694011926651
Test loss_G: 0.2368622592517308

=============== Epoch: 395

Train loss_D: 0.6929084062576294
Train loss_G: 0.24121244251728058
Test loss_G: 0.23665566103799002

=============== Epoch: 396

Train loss_D: 0.6930511593818665
Train loss_G: 0.24128633737564087
Test loss_G: 0.2364486370767866

=============== Epoch: 397

Train loss_D: 0.6931259632110596
Train loss_G: 0.23997004330158234
Test loss_G: 0.23636149082865035

=============== Epoch: 398

Train loss_D: 0.6932238936424255
Train loss_G: 0.23961609601974487
Test loss_G: 0.2361601165362767

=============== Epoch: 399

Train loss_D: 0.6933021545410156
Train loss_G: 0.2402382791042328
Test loss_G: 0.23603488079139165

=============== Epoch: 400

Train loss_D: 0.69338458776474
Train loss_G: 0.24018391966819763
Test loss_G: 0.23571405666215078

=============== Epoch: 401

Train loss_D: 0.6933072805404663
Train loss_G: 0.23830023407936096
Test loss_G: 0.23581427548612868

=============== Epoch: 402

Train loss_D: 0.6934847831726074
Train loss_G: 0.23969823122024536
Test loss_G: 0.23531976342201233

=============== Epoch: 403

Train loss_D: 0.693137526512146
Train loss_G: 0.2381075769662857
Test loss_G: 0.23562552886349813

=============== Epoch: 404

Train loss_D: 0.6937527060508728
Train loss_G: 0.24269458651542664
Test loss_G: 0.23493705689907074

=============== Epoch: 405

Train loss_D: 0.6929439306259155
Train loss_G: 0.23601268231868744
Test loss_G: 0.23542802461556026

=============== Epoch: 406

Train loss_D: 0.6937965750694275
Train loss_G: 0.24249325692653656
Test loss_G: 0.23496063692229135

=============== Epoch: 407

Train loss_D: 0.6930838227272034
Train loss_G: 0.2401709109544754
Test loss_G: 0.23505669406482152

=============== Epoch: 408

Train loss_D: 0.6931254863739014
Train loss_G: 0.23540721833705902
Test loss_G: 0.23510135497365678

=============== Epoch: 409

Train loss_D: 0.6931812763214111
Train loss_G: 0.23976336419582367
Test loss_G: 0.23481476732662745

=============== Epoch: 410

Train loss_D: 0.6927905678749084
Train loss_G: 0.23861391842365265
Test loss_G: 0.2350293802363532

=============== Epoch: 411

Train loss_D: 0.6928837299346924
Train loss_G: 0.237172931432724
Test loss_G: 0.23462870717048645

=============== Epoch: 412

Train loss_D: 0.6925817131996155
Train loss_G: 0.23587971925735474
Test loss_G: 0.23497695795127324

=============== Epoch: 413

Train loss_D: 0.6926788091659546
Train loss_G: 0.2403704673051834
Test loss_G: 0.23465293645858765

=============== Epoch: 414

Train loss_D: 0.6924738883972168
Train loss_G: 0.2351023256778717
Test loss_G: 0.23491560348442622

=============== Epoch: 415

Train loss_D: 0.6924763917922974
Train loss_G: 0.23722520470619202
Test loss_G: 0.23464747837611608

=============== Epoch: 416

Train loss_D: 0.6921900510787964
Train loss_G: 0.23715823888778687
Test loss_G: 0.23478997818061284

=============== Epoch: 417

Train loss_D: 0.6922003030776978
Train loss_G: 0.2375560849905014
Test loss_G: 0.23446995232786452

=============== Epoch: 418

Train loss_D: 0.6920943260192871
Train loss_G: 0.2340087592601776
Test loss_G: 0.23482024031026022

=============== Epoch: 419

Train loss_D: 0.6921030282974243
Train loss_G: 0.2392096370458603
Test loss_G: 0.23453922782625472

=============== Epoch: 420

Train loss_D: 0.6920120716094971
Train loss_G: 0.23501403629779816
Test loss_G: 0.2349535971879959

=============== Epoch: 421

Train loss_D: 0.6919603943824768
Train loss_G: 0.23737767338752747
Test loss_G: 0.23464839799063547

=============== Epoch: 422

Train loss_D: 0.6918823719024658
Train loss_G: 0.23518870770931244
Test loss_G: 0.2350210781608309

=============== Epoch: 423

Train loss_D: 0.691855788230896
Train loss_G: 0.23910535871982574
Test loss_G: 0.23473467358521052

=============== Epoch: 424

Train loss_D: 0.6919190883636475
Train loss_G: 0.23379302024841309
Test loss_G: 0.23498353574957168

=============== Epoch: 425

Train loss_D: 0.6918398141860962
Train loss_G: 0.237868532538414
Test loss_G: 0.23487553000450134

=============== Epoch: 426

Train loss_D: 0.6919070482254028
Train loss_G: 0.2355724722146988
Test loss_G: 0.2351485618523189

=============== Epoch: 427

Train loss_D: 0.691815197467804
Train loss_G: 0.23608814179897308
Test loss_G: 0.2350266980273383

=============== Epoch: 428

Train loss_D: 0.6918647289276123
Train loss_G: 0.23526990413665771
Test loss_G: 0.2351880350283214

=============== Epoch: 429

Train loss_D: 0.6918553709983826
Train loss_G: 0.23776474595069885
Test loss_G: 0.2351274107183729

=============== Epoch: 430

Train loss_D: 0.692003607749939
Train loss_G: 0.23311974108219147
Test loss_G: 0.23541214849267686

=============== Epoch: 431

Train loss_D: 0.6920263767242432
Train loss_G: 0.23962202668190002
Test loss_G: 0.23515833488532475

=============== Epoch: 432

Train loss_D: 0.6921525001525879
Train loss_G: 0.23274293541908264
Test loss_G: 0.2356085968869073

=============== Epoch: 433

Train loss_D: 0.6921021938323975
Train loss_G: 0.24078842997550964
Test loss_G: 0.23507964611053467

=============== Epoch: 434

Train loss_D: 0.6922104954719543
Train loss_G: 0.23328296840190887
Test loss_G: 0.23565090128353663

=============== Epoch: 435

Train loss_D: 0.6921542286872864
Train loss_G: 0.23889422416687012
Test loss_G: 0.23546130529471807

=============== Epoch: 436

Train loss_D: 0.6921646595001221
Train loss_G: 0.2355550080537796
Test loss_G: 0.23557568235056742

=============== Epoch: 437

Train loss_D: 0.692090630531311
Train loss_G: 0.23508772253990173
Test loss_G: 0.23546506464481354

=============== Epoch: 438

Train loss_D: 0.6920744180679321
Train loss_G: 0.23765893280506134
Test loss_G: 0.23544382197516306

=============== Epoch: 439

Train loss_D: 0.692104697227478
Train loss_G: 0.2347133308649063
Test loss_G: 0.2354861923626491

=============== Epoch: 440

Train loss_D: 0.6920492649078369
Train loss_G: 0.2364429235458374
Test loss_G: 0.23554769584110805

=============== Epoch: 441

Train loss_D: 0.6919917464256287
Train loss_G: 0.23621970415115356
Test loss_G: 0.23553921282291412

=============== Epoch: 442

Train loss_D: 0.6920170187950134
Train loss_G: 0.2358763962984085
Test loss_G: 0.23541530966758728

=============== Epoch: 443

Train loss_D: 0.6919057965278625
Train loss_G: 0.23643751442432404
Test loss_G: 0.23546920716762543

=============== Epoch: 444

Train loss_D: 0.6919318437576294
Train loss_G: 0.23724590241909027
Test loss_G: 0.23558972775936127

=============== Epoch: 445

Train loss_D: 0.6918352842330933
Train loss_G: 0.23546399176120758
Test loss_G: 0.2356066597359521

=============== Epoch: 446

Train loss_D: 0.6918925642967224
Train loss_G: 0.23944421112537384
Test loss_G: 0.23551900046212332

=============== Epoch: 447

Train loss_D: 0.6917098760604858
Train loss_G: 0.2334667295217514
Test loss_G: 0.2357559757573264

=============== Epoch: 448

Train loss_D: 0.6918756365776062
Train loss_G: 0.24312976002693176
Test loss_G: 0.23539610632828303

=============== Epoch: 449

Train loss_D: 0.6917856335639954
Train loss_G: 0.2284281998872757
Test loss_G: 0.23601547522204264

=============== Epoch: 450

Train loss_D: 0.692375659942627
Train loss_G: 0.25366097688674927
Test loss_G: 0.23550450588975633

=============== Epoch: 451

Train loss_D: 0.6928770542144775
Train loss_G: 0.22096781432628632
Test loss_G: 0.2359656627689089

=============== Epoch: 452

Train loss_D: 0.6939855217933655
Train loss_G: 0.2593437135219574
Test loss_G: 0.235495959009443

=============== Epoch: 453

Train loss_D: 0.693588137626648
Train loss_G: 0.22630169987678528
Test loss_G: 0.23549512241567885

=============== Epoch: 454

Train loss_D: 0.6921589374542236
Train loss_G: 0.2384546548128128
Test loss_G: 0.23542165756225586

=============== Epoch: 455

Train loss_D: 0.6912063360214233
Train loss_G: 0.24865610897541046
Test loss_G: 0.2352444657257625

=============== Epoch: 456

Train loss_D: 0.6919243335723877
Train loss_G: 0.2197098582983017
Test loss_G: 0.235251499073846

=============== Epoch: 457

Train loss_D: 0.6932340264320374
Train loss_G: 0.25604376196861267
Test loss_G: 0.23487556619303568

=============== Epoch: 458

Train loss_D: 0.6930462718009949
Train loss_G: 0.22535040974617004
Test loss_G: 0.2350184108529772

=============== Epoch: 459

Train loss_D: 0.6923198103904724
Train loss_G: 0.24400760233402252
Test loss_G: 0.23459905598844802

=============== Epoch: 460

Train loss_D: 0.6911390423774719
Train loss_G: 0.2389216125011444
Test loss_G: 0.23478071604456222

=============== Epoch: 461

Train loss_D: 0.6910295486450195
Train loss_G: 0.22959886491298676
Test loss_G: 0.23463838228157588

=============== Epoch: 462

Train loss_D: 0.6911840438842773
Train loss_G: 0.24662300944328308
Test loss_G: 0.23469885545117514

=============== Epoch: 463

Train loss_D: 0.6914767622947693
Train loss_G: 0.22655600309371948
Test loss_G: 0.2347280297960554

=============== Epoch: 464

Train loss_D: 0.6915125250816345
Train loss_G: 0.24649178981781006
Test loss_G: 0.23440099826880864

=============== Epoch: 465

Train loss_D: 0.6912639141082764
Train loss_G: 0.22868160903453827
Test loss_G: 0.23490023612976074

=============== Epoch: 466

Train loss_D: 0.6913249492645264
Train loss_G: 0.24483567476272583
Test loss_G: 0.2344468023095812

=============== Epoch: 467

Train loss_D: 0.6910210251808167
Train loss_G: 0.23023995757102966
Test loss_G: 0.23494852227824076

=============== Epoch: 468

Train loss_D: 0.6909865140914917
Train loss_G: 0.24154497683048248
Test loss_G: 0.23479668583188737

=============== Epoch: 469

Train loss_D: 0.690636396408081
Train loss_G: 0.23353759944438934
Test loss_G: 0.23487591530595506

=============== Epoch: 470

Train loss_D: 0.6906481385231018
Train loss_G: 0.23966450989246368
Test loss_G: 0.23486810284001486

=============== Epoch: 471

Train loss_D: 0.6904335021972656
Train loss_G: 0.23268480598926544
Test loss_G: 0.23502507380076818

=============== Epoch: 472

Train loss_D: 0.6904906034469604
Train loss_G: 0.24044020473957062
Test loss_G: 0.23471658570425852

=============== Epoch: 473

Train loss_D: 0.6903666257858276
Train loss_G: 0.23036672174930573
Test loss_G: 0.23507817089557648

=============== Epoch: 474

Train loss_D: 0.6905894875526428
Train loss_G: 0.24952398240566254
Test loss_G: 0.2348064077751977

=============== Epoch: 475

Train loss_D: 0.691142201423645
Train loss_G: 0.21621616184711456
Test loss_G: 0.2352226631981986

=============== Epoch: 476

Train loss_D: 0.6933002471923828
Train loss_G: 0.27561289072036743
Test loss_G: 0.2346792710678918

=============== Epoch: 477

Train loss_D: 0.6980728507041931
Train loss_G: 0.19982601702213287
Test loss_G: 0.23526084848812648

=============== Epoch: 478

Train loss_D: 0.7016628980636597
Train loss_G: 0.2721090614795685
Test loss_G: 0.23503900638648442

=============== Epoch: 479

Train loss_D: 0.69593346118927
Train loss_G: 0.23754674196243286
Test loss_G: 0.23533256564821517

=============== Epoch: 480

Train loss_D: 0.6899648904800415
Train loss_G: 0.20956353843212128
Test loss_G: 0.23518415008272445

=============== Epoch: 481

Train loss_D: 0.6952524781227112
Train loss_G: 0.27889692783355713
Test loss_G: 0.2348541638680867

=============== Epoch: 482

Train loss_D: 0.6982300281524658
Train loss_G: 0.2238500416278839
Test loss_G: 0.23524342903069087

=============== Epoch: 483

Train loss_D: 0.6911424398422241
Train loss_G: 0.22167089581489563
Test loss_G: 0.23489570830549514

=============== Epoch: 484

Train loss_D: 0.6912551522254944
Train loss_G: 0.27402064204216003
Test loss_G: 0.23501578399113246

=============== Epoch: 485

Train loss_D: 0.6960342526435852
Train loss_G: 0.21937504410743713
Test loss_G: 0.23504080091203963

=============== Epoch: 486

Train loss_D: 0.6920236349105835
Train loss_G: 0.23092982172966003
Test loss_G: 0.23482450204236166

=============== Epoch: 487

Train loss_D: 0.689667820930481
Train loss_G: 0.26326969265937805
Test loss_G: 0.2349544678415571

=============== Epoch: 488

Train loss_D: 0.6930257081985474
Train loss_G: 0.2245446741580963
Test loss_G: 0.23484832899911062

=============== Epoch: 489

Train loss_D: 0.6904747486114502
Train loss_G: 0.22405555844306946
Test loss_G: 0.23493616921561106

=============== Epoch: 490

Train loss_D: 0.6902675032615662
Train loss_G: 0.2596033811569214
Test loss_G: 0.2349782543522971

=============== Epoch: 491

Train loss_D: 0.6917812824249268
Train loss_G: 0.23123151063919067
Test loss_G: 0.23515059692519052

=============== Epoch: 492

Train loss_D: 0.6895042657852173
Train loss_G: 0.22795826196670532
Test loss_G: 0.23489047161170415

=============== Epoch: 493

Train loss_D: 0.6894818544387817
Train loss_G: 0.2568640410900116
Test loss_G: 0.23531807107584818

=============== Epoch: 494

Train loss_D: 0.6909186840057373
Train loss_G: 0.23119260370731354
Test loss_G: 0.23491568224770681

=============== Epoch: 495

Train loss_D: 0.6890882253646851
Train loss_G: 0.22719703614711761
Test loss_G: 0.23535719088145665

=============== Epoch: 496

Train loss_D: 0.6896167993545532
Train loss_G: 0.2548016905784607
Test loss_G: 0.23506467257227218

=============== Epoch: 497

Train loss_D: 0.6900030374526978
Train loss_G: 0.2321162223815918
Test loss_G: 0.23555839487484523

=============== Epoch: 498

Train loss_D: 0.6895902156829834
Train loss_G: 0.23502299189567566
Test loss_G: 0.234814030783517

=============== Epoch: 499

Train loss_D: 0.6886672973632812
Train loss_G: 0.2491995096206665
Test loss_G: 0.23528085010392324

