Adjusting learning rate of group 0 to 4.0000e-04.
Adjusting learning rate of group 0 to 4.0000e-04.
=============== Epoch: 0
Adjusting learning rate of group 0 to 4.0000e-05.
Adjusting learning rate of group 0 to 4.0000e-04.

Train loss_D: 0.7461990118026733
Train loss_G: 0.5772037506103516
Test loss_G: 0.45325986189501627

=============== Epoch: 1
Adjusting learning rate of group 0 to 4.0000e-06.
Adjusting learning rate of group 0 to 3.9999e-04.

Train loss_D: 12.947423934936523
Train loss_G: 0.5459187030792236
Test loss_G: 0.4261416516133717

=============== Epoch: 2
Adjusting learning rate of group 0 to 4.0000e-07.
Adjusting learning rate of group 0 to 3.9997e-04.

Train loss_D: 6.731400966644287
Train loss_G: 0.5156904458999634
Test loss_G: 0.4026880743248122

=============== Epoch: 3
Adjusting learning rate of group 0 to 4.0000e-08.
Adjusting learning rate of group 0 to 3.9995e-04.

Train loss_D: 6.10813045501709
Train loss_G: 0.4867664575576782
Test loss_G: 0.38252478518656324

=============== Epoch: 4
Adjusting learning rate of group 0 to 4.0000e-09.
Adjusting learning rate of group 0 to 3.9992e-04.

Train loss_D: 5.886376857757568
Train loss_G: 0.45938462018966675
Test loss_G: 0.3652792423963547

=============== Epoch: 5
Adjusting learning rate of group 0 to 4.0000e-10.
Adjusting learning rate of group 0 to 3.9989e-04.

Train loss_D: 5.799174785614014
Train loss_G: 0.43379145860671997
Test loss_G: 0.3505773980702673

=============== Epoch: 6
Adjusting learning rate of group 0 to 4.0000e-11.
Adjusting learning rate of group 0 to 3.9985e-04.

Train loss_D: 5.763713836669922
Train loss_G: 0.41015398502349854
Test loss_G: 0.33806225657463074

=============== Epoch: 7
Adjusting learning rate of group 0 to 4.0000e-12.
Adjusting learning rate of group 0 to 3.9981e-04.

Train loss_D: 5.746435165405273
Train loss_G: 0.388540118932724
Test loss_G: 0.3274079422865595

=============== Epoch: 8
Adjusting learning rate of group 0 to 4.0000e-13.
Adjusting learning rate of group 0 to 3.9976e-04.

Train loss_D: 5.736298084259033
Train loss_G: 0.36890709400177
Test loss_G: 0.3183265211326735

=============== Epoch: 9
Adjusting learning rate of group 0 to 4.0000e-14.
Adjusting learning rate of group 0 to 3.9970e-04.

Train loss_D: 5.729612827301025
Train loss_G: 0.3511364161968231
Test loss_G: 0.31055496845926556

=============== Epoch: 10
Adjusting learning rate of group 0 to 4.0000e-15.
Adjusting learning rate of group 0 to 3.9964e-04.

Train loss_D: 5.724930763244629
Train loss_G: 0.3350543677806854
Test loss_G: 0.30386231413909365

=============== Epoch: 11
Adjusting learning rate of group 0 to 4.0000e-16.
Adjusting learning rate of group 0 to 3.9957e-04.

Train loss_D: 5.721546649932861
Train loss_G: 0.3204701542854309
Test loss_G: 0.29804899224213194

=============== Epoch: 12
Adjusting learning rate of group 0 to 4.0000e-17.
Adjusting learning rate of group 0 to 3.9949e-04.

Train loss_D: 5.719051837921143
Train loss_G: 0.30721479654312134
Test loss_G: 0.2929545140692166

=============== Epoch: 13
Adjusting learning rate of group 0 to 4.0000e-18.
Adjusting learning rate of group 0 to 3.9941e-04.

Train loss_D: 5.717191696166992
Train loss_G: 0.2951486110687256
Test loss_G: 0.2884564570018223

=============== Epoch: 14
Adjusting learning rate of group 0 to 4.0000e-19.
Adjusting learning rate of group 0 to 3.9932e-04.

Train loss_D: 5.715789794921875
Train loss_G: 0.2841426134109497
Test loss_G: 0.2844614429133279

=============== Epoch: 15
Adjusting learning rate of group 0 to 4.0000e-20.
Adjusting learning rate of group 0 to 3.9923e-04.

Train loss_D: 5.714720726013184
Train loss_G: 0.27410218119621277
Test loss_G: 0.28090188120092663

=============== Epoch: 16
Adjusting learning rate of group 0 to 4.0000e-21.
Adjusting learning rate of group 0 to 3.9913e-04.

Train loss_D: 5.713899612426758
Train loss_G: 0.2649489641189575
Test loss_G: 0.27772951126098633

=============== Epoch: 17
Adjusting learning rate of group 0 to 4.0000e-22.
Adjusting learning rate of group 0 to 3.9903e-04.

Train loss_D: 5.713263511657715
Train loss_G: 0.25660061836242676
Test loss_G: 0.27490908546107157

=============== Epoch: 18
Adjusting learning rate of group 0 to 4.0000e-23.
Adjusting learning rate of group 0 to 3.9892e-04.

Train loss_D: 5.712764739990234
Train loss_G: 0.2489626109600067
Test loss_G: 0.27241496422461103

=============== Epoch: 19
Adjusting learning rate of group 0 to 4.0000e-24.
Adjusting learning rate of group 0 to 3.9880e-04.

Train loss_D: 5.712370872497559
Train loss_G: 0.24193286895751953
Test loss_G: 0.27022718105997356

=============== Epoch: 20
Adjusting learning rate of group 0 to 4.0000e-25.
Adjusting learning rate of group 0 to 3.9868e-04.

Train loss_D: 5.7120585441589355
Train loss_G: 0.23541104793548584
Test loss_G: 0.2683302621756281

=============== Epoch: 21
Adjusting learning rate of group 0 to 4.0000e-26.
Adjusting learning rate of group 0 to 3.9855e-04.

Train loss_D: 5.7118072509765625
Train loss_G: 0.22929462790489197
Test loss_G: 0.2667097789900644

=============== Epoch: 22
Adjusting learning rate of group 0 to 4.0000e-27.
Adjusting learning rate of group 0 to 3.9841e-04.

Train loss_D: 5.711605072021484
Train loss_G: 0.22348587214946747
Test loss_G: 0.2653483312044825

=============== Epoch: 23
Adjusting learning rate of group 0 to 4.0000e-28.
Adjusting learning rate of group 0 to 3.9827e-04.

Train loss_D: 5.711440563201904
Train loss_G: 0.21789860725402832
Test loss_G: 0.26422454363533426

=============== Epoch: 24
Adjusting learning rate of group 0 to 4.0000e-29.
Adjusting learning rate of group 0 to 3.9812e-04.

Train loss_D: 5.711305141448975
Train loss_G: 0.21245154738426208
Test loss_G: 0.26331054366060663

=============== Epoch: 25
Adjusting learning rate of group 0 to 4.0000e-30.
Adjusting learning rate of group 0 to 3.9797e-04.

Train loss_D: 5.71119499206543
Train loss_G: 0.20707136392593384
Test loss_G: 0.2625741016651903

=============== Epoch: 26
Adjusting learning rate of group 0 to 4.0000e-31.
Adjusting learning rate of group 0 to 3.9781e-04.

Train loss_D: 5.7111029624938965
Train loss_G: 0.2016977071762085
Test loss_G: 0.26197897270321846

=============== Epoch: 27
Adjusting learning rate of group 0 to 4.0000e-32.
Adjusting learning rate of group 0 to 3.9765e-04.

Train loss_D: 5.711026668548584
Train loss_G: 0.1962730884552002
Test loss_G: 0.2614862115255424

=============== Epoch: 28
Adjusting learning rate of group 0 to 4.0000e-33.
Adjusting learning rate of group 0 to 3.9748e-04.

Train loss_D: 5.710963726043701
Train loss_G: 0.1907482147216797
Test loss_G: 0.26105891913175583

=============== Epoch: 29
Adjusting learning rate of group 0 to 4.0000e-34.
Adjusting learning rate of group 0 to 3.9730e-04.

Train loss_D: 5.710910320281982
Train loss_G: 0.18508198857307434
Test loss_G: 0.26066282391548157

=============== Epoch: 30
Adjusting learning rate of group 0 to 4.0000e-35.
Adjusting learning rate of group 0 to 3.9712e-04.

Train loss_D: 5.710865497589111
Train loss_G: 0.17924663424491882
Test loss_G: 0.26027286957417217

=============== Epoch: 31
Adjusting learning rate of group 0 to 4.0000e-36.
Adjusting learning rate of group 0 to 3.9693e-04.

Train loss_D: 5.71082878112793
Train loss_G: 0.17323258519172668
Test loss_G: 0.2598731038825853

=============== Epoch: 32
Adjusting learning rate of group 0 to 4.0000e-37.
Adjusting learning rate of group 0 to 3.9674e-04.

Train loss_D: 5.710795879364014
Train loss_G: 0.1670558899641037
Test loss_G: 0.2594596174146448

=============== Epoch: 33
Adjusting learning rate of group 0 to 4.0000e-38.
Adjusting learning rate of group 0 to 3.9654e-04.

Train loss_D: 5.710768222808838
Train loss_G: 0.16075438261032104
Test loss_G: 0.25903898424335886

=============== Epoch: 34
Adjusting learning rate of group 0 to 4.0000e-39.
Adjusting learning rate of group 0 to 3.9633e-04.

Train loss_D: 5.710744857788086
Train loss_G: 0.15439200401306152
Test loss_G: 0.25862777339560644

=============== Epoch: 35
Adjusting learning rate of group 0 to 4.0000e-40.
Adjusting learning rate of group 0 to 3.9612e-04.

Train loss_D: 5.7107253074646
Train loss_G: 0.14804653823375702
Test loss_G: 0.25824817003948347

=============== Epoch: 36
Adjusting learning rate of group 0 to 4.0000e-41.
Adjusting learning rate of group 0 to 3.9590e-04.

Train loss_D: 5.710709571838379
Train loss_G: 0.14180099964141846
Test loss_G: 0.2579240101788725

=============== Epoch: 37
Adjusting learning rate of group 0 to 4.0000e-42.
Adjusting learning rate of group 0 to 3.9567e-04.

Train loss_D: 5.710695266723633
Train loss_G: 0.13572752475738525
Test loss_G: 0.2576759638530867

=============== Epoch: 38
Adjusting learning rate of group 0 to 4.0000e-43.
Adjusting learning rate of group 0 to 3.9545e-04.

Train loss_D: 5.710681915283203
Train loss_G: 0.12988576292991638
Test loss_G: 0.25752140262297224

=============== Epoch: 39
Adjusting learning rate of group 0 to 4.0000e-44.
Adjusting learning rate of group 0 to 3.9521e-04.

Train loss_D: 5.7106709480285645
Train loss_G: 0.12431978434324265
Test loss_G: 0.2574708866221564

=============== Epoch: 40
Adjusting learning rate of group 0 to 4.0000e-45.
Adjusting learning rate of group 0 to 3.9497e-04.

Train loss_D: 5.710663795471191
Train loss_G: 0.11905768513679504
Test loss_G: 0.25752829600657734

=============== Epoch: 41
Adjusting learning rate of group 0 to 4.0000e-46.
Adjusting learning rate of group 0 to 3.9472e-04.

Train loss_D: 5.710655212402344
Train loss_G: 0.1141151636838913
Test loss_G: 0.257692637188094

=============== Epoch: 42
Adjusting learning rate of group 0 to 4.0000e-47.
Adjusting learning rate of group 0 to 3.9447e-04.

Train loss_D: 5.710648536682129
Train loss_G: 0.10949873179197311
Test loss_G: 0.25795391308409826

=============== Epoch: 43
Adjusting learning rate of group 0 to 4.0000e-48.
Adjusting learning rate of group 0 to 3.9421e-04.

Train loss_D: 5.7106428146362305
Train loss_G: 0.10520415008068085
Test loss_G: 0.258299928690706

=============== Epoch: 44
Adjusting learning rate of group 0 to 4.0000e-49.
Adjusting learning rate of group 0 to 3.9394e-04.

Train loss_D: 5.710636615753174
Train loss_G: 0.10121950507164001
Test loss_G: 0.2587177897138255

=============== Epoch: 45
Adjusting learning rate of group 0 to 4.0000e-50.
Adjusting learning rate of group 0 to 3.9367e-04.

Train loss_D: 5.710632801055908
Train loss_G: 0.09752291440963745
Test loss_G: 0.25919170677661896

=============== Epoch: 46
Adjusting learning rate of group 0 to 4.0000e-51.
Adjusting learning rate of group 0 to 3.9340e-04.

Train loss_D: 5.710628986358643
Train loss_G: 0.0940907821059227
Test loss_G: 0.25971135071345736

=============== Epoch: 47
Adjusting learning rate of group 0 to 4.0000e-52.
Adjusting learning rate of group 0 to 3.9311e-04.

Train loss_D: 5.710626125335693
Train loss_G: 0.09089668840169907
Test loss_G: 0.2602686126317297

=============== Epoch: 48
Adjusting learning rate of group 0 to 4.0000e-53.
Adjusting learning rate of group 0 to 3.9283e-04.

Train loss_D: 5.710622310638428
Train loss_G: 0.08791627734899521
Test loss_G: 0.26085951764668736

=============== Epoch: 49
Adjusting learning rate of group 0 to 4.0000e-54.
Adjusting learning rate of group 0 to 3.9253e-04.

Train loss_D: 5.710619926452637
Train loss_G: 0.08512839674949646
Test loss_G: 0.2614819322313581

=============== Epoch: 50
Adjusting learning rate of group 0 to 4.0000e-55.
Adjusting learning rate of group 0 to 3.9223e-04.

Train loss_D: 5.710617542266846
Train loss_G: 0.0825137197971344
Test loss_G: 0.26213979508195606

=============== Epoch: 51
Adjusting learning rate of group 0 to 4.0000e-56.
Adjusting learning rate of group 0 to 3.9193e-04.

Train loss_D: 5.710616588592529
Train loss_G: 0.08005049079656601
Test loss_G: 0.26283833757042885

=============== Epoch: 52
Adjusting learning rate of group 0 to 4.0000e-57.
Adjusting learning rate of group 0 to 3.9162e-04.

Train loss_D: 5.710615158081055
Train loss_G: 0.07772213220596313
Test loss_G: 0.2635780876236303

=============== Epoch: 53
Adjusting learning rate of group 0 to 4.0000e-58.
Adjusting learning rate of group 0 to 3.9130e-04.

Train loss_D: 5.71061372756958
Train loss_G: 0.07552168518304825
Test loss_G: 0.26435084481324467

=============== Epoch: 54
Adjusting learning rate of group 0 to 4.0000e-59.
Adjusting learning rate of group 0 to 3.9098e-04.

Train loss_D: 5.710611343383789
Train loss_G: 0.07343509793281555
Test loss_G: 0.26516033921922955

=============== Epoch: 55
Adjusting learning rate of group 0 to 4.0000e-60.
Adjusting learning rate of group 0 to 3.9065e-04.

Train loss_D: 5.710610866546631
Train loss_G: 0.07145290076732635
Test loss_G: 0.26601019501686096

=============== Epoch: 56
Adjusting learning rate of group 0 to 4.0000e-61.
Adjusting learning rate of group 0 to 3.9031e-04.

Train loss_D: 5.710610866546631
Train loss_G: 0.06957210600376129
Test loss_G: 0.2669122102005141

=============== Epoch: 57
Adjusting learning rate of group 0 to 4.0000e-62.
Adjusting learning rate of group 0 to 3.8997e-04.

Train loss_D: 5.7106099128723145
Train loss_G: 0.06778700649738312
Test loss_G: 0.2678609352026667

=============== Epoch: 58
Adjusting learning rate of group 0 to 4.0000e-63.
Adjusting learning rate of group 0 to 3.8963e-04.

Train loss_D: 5.710609436035156
Train loss_G: 0.06608861684799194
Test loss_G: 0.2688520465578352

=============== Epoch: 59
Adjusting learning rate of group 0 to 4.0000e-64.
Adjusting learning rate of group 0 to 3.8928e-04.

Train loss_D: 5.71060848236084
Train loss_G: 0.06448913365602493
Test loss_G: 0.2698817455342838

=============== Epoch: 60
Adjusting learning rate of group 0 to 4.0000e-65.
Adjusting learning rate of group 0 to 3.8892e-04.

Train loss_D: 5.710609436035156
Train loss_G: 0.0629863515496254
Test loss_G: 0.27094960319144384

=============== Epoch: 61
Adjusting learning rate of group 0 to 4.0000e-66.
Adjusting learning rate of group 0 to 3.8856e-04.

Train loss_D: 5.710607528686523
Train loss_G: 0.06159041449427605
Test loss_G: 0.2720484137535095

=============== Epoch: 62
Adjusting learning rate of group 0 to 4.0000e-67.
Adjusting learning rate of group 0 to 3.8819e-04.

Train loss_D: 5.710607051849365
Train loss_G: 0.060308679938316345
Test loss_G: 0.27318522546972546

=============== Epoch: 63
Adjusting learning rate of group 0 to 4.0000e-68.
Adjusting learning rate of group 0 to 3.8781e-04.

Train loss_D: 5.71060848236084
Train loss_G: 0.059119872748851776
Test loss_G: 0.2743399015494755

=============== Epoch: 64
Adjusting learning rate of group 0 to 4.0000e-69.
Adjusting learning rate of group 0 to 3.8743e-04.

Train loss_D: 5.710607528686523
Train loss_G: 0.05807006359100342
Test loss_G: 0.27556826174259186

=============== Epoch: 65
Adjusting learning rate of group 0 to 4.0000e-70.
Adjusting learning rate of group 0 to 3.8705e-04.

Train loss_D: 5.710607051849365
Train loss_G: 0.056930385529994965
Test loss_G: 0.27674009650945663

=============== Epoch: 66
Adjusting learning rate of group 0 to 4.0000e-71.
Adjusting learning rate of group 0 to 3.8666e-04.

Train loss_D: 5.710607051849365
Train loss_G: 0.0557943731546402
Test loss_G: 0.27807011881044935

=============== Epoch: 67
Adjusting learning rate of group 0 to 4.0000e-72.
Adjusting learning rate of group 0 to 3.8626e-04.

Train loss_D: 5.710607051849365
Train loss_G: 0.05485817790031433
Test loss_G: 0.2792898693255016

=============== Epoch: 68
Adjusting learning rate of group 0 to 4.0000e-73.
Adjusting learning rate of group 0 to 3.8586e-04.

Train loss_D: 5.710606098175049
Train loss_G: 0.05401138961315155
Test loss_G: 0.2805898743016379

=============== Epoch: 69
Adjusting learning rate of group 0 to 4.0000e-74.
Adjusting learning rate of group 0 to 3.8545e-04.

Train loss_D: 5.710606098175049
Train loss_G: 0.05316522344946861
Test loss_G: 0.2818672401564462

=============== Epoch: 70
Adjusting learning rate of group 0 to 4.0000e-75.
Adjusting learning rate of group 0 to 3.8504e-04.

Train loss_D: 5.710605621337891
Train loss_G: 0.05254518985748291
Test loss_G: 0.2831400441271918

=============== Epoch: 71
Adjusting learning rate of group 0 to 4.0000e-76.
Adjusting learning rate of group 0 to 3.8462e-04.

Train loss_D: 5.710606098175049
Train loss_G: 0.05173632502555847
Test loss_G: 0.28454296929495676

=============== Epoch: 72
Adjusting learning rate of group 0 to 4.0000e-77.
Adjusting learning rate of group 0 to 3.8419e-04.

Train loss_D: 5.710605144500732
Train loss_G: 0.051107510924339294
Test loss_G: 0.28568144355501446

=============== Epoch: 73
Adjusting learning rate of group 0 to 4.0000e-78.
Adjusting learning rate of group 0 to 3.8376e-04.

Train loss_D: 5.710606098175049
Train loss_G: 0.05047350376844406
Test loss_G: 0.28708942234516144

=============== Epoch: 74
Adjusting learning rate of group 0 to 4.0000e-79.
Adjusting learning rate of group 0 to 3.8333e-04.

Train loss_D: 5.710605621337891
Train loss_G: 0.049938589334487915
Test loss_G: 0.28816562784569605

=============== Epoch: 75
Adjusting learning rate of group 0 to 4.0000e-80.
Adjusting learning rate of group 0 to 3.8289e-04.

Train loss_D: 5.710606098175049
Train loss_G: 0.049307435750961304
Test loss_G: 0.289366069648947

=============== Epoch: 76
Adjusting learning rate of group 0 to 4.0000e-81.
Adjusting learning rate of group 0 to 3.8244e-04.

Train loss_D: 5.710606098175049
Train loss_G: 0.048601679503917694
Test loss_G: 0.2907585437808718

=============== Epoch: 77
Adjusting learning rate of group 0 to 4.0000e-82.
Adjusting learning rate of group 0 to 3.8199e-04.

Train loss_D: 5.710606098175049
Train loss_G: 0.048045020550489426
Test loss_G: 0.2916302297796522

=============== Epoch: 78
Adjusting learning rate of group 0 to 4.0000e-83.
Adjusting learning rate of group 0 to 3.8153e-04.

Train loss_D: 5.710606098175049
Train loss_G: 0.04731018468737602
Test loss_G: 0.2927428036928177

=============== Epoch: 79
Adjusting learning rate of group 0 to 4.0000e-84.
Adjusting learning rate of group 0 to 3.8107e-04.

Train loss_D: 5.710606098175049
Train loss_G: 0.04679373651742935
Test loss_G: 0.2938660659960338

=============== Epoch: 80
Adjusting learning rate of group 0 to 4.0000e-85.
Adjusting learning rate of group 0 to 3.8060e-04.

Train loss_D: 5.710604667663574
Train loss_G: 0.046226635575294495
Test loss_G: 0.2946149419460978

=============== Epoch: 81
Adjusting learning rate of group 0 to 4.0000e-86.
Adjusting learning rate of group 0 to 3.8013e-04.

Train loss_D: 5.710604667663574
Train loss_G: 0.04557272419333458
Test loss_G: 0.29551734243120464

=============== Epoch: 82
Adjusting learning rate of group 0 to 4.0000e-87.
Adjusting learning rate of group 0 to 3.7965e-04.

Train loss_D: 5.710604190826416
Train loss_G: 0.04512610286474228
Test loss_G: 0.296204785151141

=============== Epoch: 83
Adjusting learning rate of group 0 to 4.0000e-88.
Adjusting learning rate of group 0 to 3.7916e-04.

Train loss_D: 5.710605621337891
Train loss_G: 0.04438217729330063
Test loss_G: 0.2968220572386469

=============== Epoch: 84
Adjusting learning rate of group 0 to 4.0000e-89.
Adjusting learning rate of group 0 to 3.7867e-04.

Train loss_D: 5.710605621337891
Train loss_G: 0.04393927752971649
Test loss_G: 0.29742084656442913

=============== Epoch: 85
Adjusting learning rate of group 0 to 4.0000e-90.
Adjusting learning rate of group 0 to 3.7818e-04.

Train loss_D: 5.710606098175049
Train loss_G: 0.04334915801882744
Test loss_G: 0.29770767582314356

=============== Epoch: 86
Adjusting learning rate of group 0 to 4.0000e-91.
Adjusting learning rate of group 0 to 3.7768e-04.

Train loss_D: 5.710605144500732
Train loss_G: 0.04293867200613022
Test loss_G: 0.2983035796454975

=============== Epoch: 87
Adjusting learning rate of group 0 to 4.0000e-92.
Adjusting learning rate of group 0 to 3.7717e-04.

Train loss_D: 5.710605144500732
Train loss_G: 0.04266839474439621
Test loss_G: 0.2983709030917713

=============== Epoch: 88
Adjusting learning rate of group 0 to 4.0000e-93.
Adjusting learning rate of group 0 to 3.7666e-04.

Train loss_D: 5.710605144500732
Train loss_G: 0.041773609817028046
Test loss_G: 0.29861175056014744

=============== Epoch: 89
Adjusting learning rate of group 0 to 4.0000e-94.
Adjusting learning rate of group 0 to 3.7614e-04.

Train loss_D: 5.710604667663574
Train loss_G: 0.041393205523490906
Test loss_G: 0.2989572914583342

=============== Epoch: 90
Adjusting learning rate of group 0 to 4.0000e-95.
Adjusting learning rate of group 0 to 3.7562e-04.

Train loss_D: 5.710604667663574
Train loss_G: 0.04104991257190704
Test loss_G: 0.29865959925310953

=============== Epoch: 91
Adjusting learning rate of group 0 to 4.0000e-96.
Adjusting learning rate of group 0 to 3.7509e-04.

Train loss_D: 5.710605144500732
Train loss_G: 0.040619298815727234
Test loss_G: 0.2987572816865785

=============== Epoch: 92
Adjusting learning rate of group 0 to 4.0000e-97.
Adjusting learning rate of group 0 to 3.7456e-04.

Train loss_D: 5.710604190826416
Train loss_G: 0.040126021951436996
Test loss_G: 0.29863915911742617

=============== Epoch: 93
Adjusting learning rate of group 0 to 4.0000e-98.
Adjusting learning rate of group 0 to 3.7402e-04.

Train loss_D: 5.710605144500732
Train loss_G: 0.03970919921994209
Test loss_G: 0.29821742538894924

=============== Epoch: 94
Adjusting learning rate of group 0 to 4.0000e-99.
Adjusting learning rate of group 0 to 3.7348e-04.

Train loss_D: 5.710604667663574
Train loss_G: 0.03926939517259598
Test loss_G: 0.298152785216059

=============== Epoch: 95
Adjusting learning rate of group 0 to 4.0000e-100.
Adjusting learning rate of group 0 to 3.7293e-04.

Train loss_D: 5.710605621337891
Train loss_G: 0.03888089209794998
Test loss_G: 0.2976010761090687

=============== Epoch: 96
Adjusting learning rate of group 0 to 4.0000e-101.
Adjusting learning rate of group 0 to 3.7238e-04.

Train loss_D: 5.710605144500732
Train loss_G: 0.038490939885377884
Test loss_G: 0.29745519906282425

=============== Epoch: 97
Adjusting learning rate of group 0 to 4.0000e-102.
Adjusting learning rate of group 0 to 3.7182e-04.

Train loss_D: 5.710605144500732
Train loss_G: 0.038227878510951996
Test loss_G: 0.29662474564143587

=============== Epoch: 98
Adjusting learning rate of group 0 to 4.0000e-103.
Adjusting learning rate of group 0 to 3.7125e-04.

Train loss_D: 5.710604667663574
Train loss_G: 0.037945933640003204
Test loss_G: 0.2965200511472566

=============== Epoch: 99
Adjusting learning rate of group 0 to 4.0000e-104.
Adjusting learning rate of group 0 to 3.7069e-04.

Train loss_D: 5.710604667663574
Train loss_G: 0.037711597979068756
Test loss_G: 0.2955625717129026

=============== Epoch: 100
Adjusting learning rate of group 0 to 4.0000e-105.
Adjusting learning rate of group 0 to 3.7011e-04.

Train loss_D: 5.710604667663574
Train loss_G: 0.037337254732847214
Test loss_G: 0.2953391117709024

=============== Epoch: 101
Adjusting learning rate of group 0 to 4.0000e-106.
Adjusting learning rate of group 0 to 3.6953e-04.

Train loss_D: 5.710604667663574
Train loss_G: 0.0371343195438385
Test loss_G: 0.2943934862102781

=============== Epoch: 102
Adjusting learning rate of group 0 to 4.0000e-107.
Adjusting learning rate of group 0 to 3.6895e-04.

Train loss_D: 5.710605621337891
Train loss_G: 0.03684356063604355
Test loss_G: 0.2941872328519821

=============== Epoch: 103
Adjusting learning rate of group 0 to 4.0000e-108.
Adjusting learning rate of group 0 to 3.6836e-04.

Train loss_D: 5.710604667663574
Train loss_G: 0.03646876662969589
Test loss_G: 0.2931447720953396

=============== Epoch: 104
Adjusting learning rate of group 0 to 4.0000e-109.
Adjusting learning rate of group 0 to 3.6776e-04.

Train loss_D: 5.710605144500732
Train loss_G: 0.03624792397022247
Test loss_G: 0.29293408351285116

=============== Epoch: 105
Adjusting learning rate of group 0 to 4.0000e-110.
Adjusting learning rate of group 0 to 3.6716e-04.

Train loss_D: 5.710605144500732
Train loss_G: 0.035815075039863586
Test loss_G: 0.29176028285707745

=============== Epoch: 106
Adjusting learning rate of group 0 to 4.0000e-111.
Adjusting learning rate of group 0 to 3.6656e-04.

Train loss_D: 5.710604190826416
Train loss_G: 0.03568316996097565
Test loss_G: 0.29174826400620596

=============== Epoch: 107
Adjusting learning rate of group 0 to 4.0000e-112.
Adjusting learning rate of group 0 to 3.6595e-04.

Train loss_D: 5.710604667663574
Train loss_G: 0.035383887588977814
Test loss_G: 0.2904241627880505

=============== Epoch: 108
Adjusting learning rate of group 0 to 4.0000e-113.
Adjusting learning rate of group 0 to 3.6534e-04.

Train loss_D: 5.710605144500732
Train loss_G: 0.03513869643211365
Test loss_G: 0.2900826877781323

=============== Epoch: 109
Adjusting learning rate of group 0 to 4.0000e-114.
Adjusting learning rate of group 0 to 3.6472e-04.

Train loss_D: 5.710604667663574
Train loss_G: 0.03489582985639572
Test loss_G: 0.28864013829401564

=============== Epoch: 110
Adjusting learning rate of group 0 to 4.0000e-115.
Adjusting learning rate of group 0 to 3.6409e-04.

Train loss_D: 5.710605144500732
Train loss_G: 0.03483886271715164
Test loss_G: 0.28868504826511654

=============== Epoch: 111
Adjusting learning rate of group 0 to 4.0000e-116.
Adjusting learning rate of group 0 to 3.6346e-04.

Train loss_D: 5.710605144500732
Train loss_G: 0.03464940935373306
Test loss_G: 0.2868673471467836

=============== Epoch: 112
Adjusting learning rate of group 0 to 4.0000e-117.
Adjusting learning rate of group 0 to 3.6283e-04.

Train loss_D: 5.710604190826416
Train loss_G: 0.034524112939834595
Test loss_G: 0.28719000411885126

=============== Epoch: 113
Adjusting learning rate of group 0 to 4.0000e-118.
Adjusting learning rate of group 0 to 3.6219e-04.

Train loss_D: 5.710603713989258
Train loss_G: 0.034577857702970505
Test loss_G: 0.28496524478707996

=============== Epoch: 114
Adjusting learning rate of group 0 to 4.0000e-119.
Adjusting learning rate of group 0 to 3.6155e-04.

Train loss_D: 5.710605144500732
Train loss_G: 0.03450849652290344
Test loss_G: 0.28557334733860834

=============== Epoch: 115
Adjusting learning rate of group 0 to 4.0000e-120.
Adjusting learning rate of group 0 to 3.6090e-04.

Train loss_D: 5.710603713989258
Train loss_G: 0.034316256642341614
Test loss_G: 0.2833230857338224

=============== Epoch: 116
Adjusting learning rate of group 0 to 4.0000e-121.
Adjusting learning rate of group 0 to 3.6024e-04.

Train loss_D: 5.710606098175049
Train loss_G: 0.03429533168673515
Test loss_G: 0.283807781125818

=============== Epoch: 117
Adjusting learning rate of group 0 to 4.0000e-122.
Adjusting learning rate of group 0 to 3.5958e-04.

Train loss_D: 5.7106032371521
Train loss_G: 0.03404856100678444
Test loss_G: 0.28175885123865946

=============== Epoch: 118
Adjusting learning rate of group 0 to 4.0000e-123.
Adjusting learning rate of group 0 to 3.5892e-04.

Train loss_D: 5.710604190826416
Train loss_G: 0.033881790935993195
Test loss_G: 0.28196215416703907

=============== Epoch: 119
Adjusting learning rate of group 0 to 4.0000e-124.
Adjusting learning rate of group 0 to 3.5825e-04.

Train loss_D: 5.710604667663574
Train loss_G: 0.033572107553482056
Test loss_G: 0.28040216650281635

=============== Epoch: 120
Adjusting learning rate of group 0 to 4.0000e-125.
Adjusting learning rate of group 0 to 3.5758e-04.

Train loss_D: 5.710605144500732
Train loss_G: 0.033090051263570786
Test loss_G: 0.27997447763170513

=============== Epoch: 121
Adjusting learning rate of group 0 to 4.0000e-126.
Adjusting learning rate of group 0 to 3.5690e-04.

Train loss_D: 5.710605144500732
Train loss_G: 0.03275949880480766
Test loss_G: 0.2786988339253834

=============== Epoch: 122
Adjusting learning rate of group 0 to 4.0000e-127.
Adjusting learning rate of group 0 to 3.5622e-04.

Train loss_D: 5.710605621337891
Train loss_G: 0.032494597136974335
Test loss_G: 0.27837694862059187

=============== Epoch: 123
Adjusting learning rate of group 0 to 4.0000e-128.
Adjusting learning rate of group 0 to 3.5553e-04.

Train loss_D: 5.710605621337891
Train loss_G: 0.03222306817770004
Test loss_G: 0.27708981186151505

=============== Epoch: 124
Adjusting learning rate of group 0 to 4.0000e-129.
Adjusting learning rate of group 0 to 3.5484e-04.

Train loss_D: 5.710605621337891
Train loss_G: 0.03201337903738022
Test loss_G: 0.2769985922745296

=============== Epoch: 125
Adjusting learning rate of group 0 to 4.0000e-130.
Adjusting learning rate of group 0 to 3.5414e-04.

Train loss_D: 5.710604667663574
Train loss_G: 0.03184383362531662
Test loss_G: 0.2754303993923323

=============== Epoch: 126
Adjusting learning rate of group 0 to 4.0000e-131.
Adjusting learning rate of group 0 to 3.5344e-04.

Train loss_D: 5.710605144500732
Train loss_G: 0.03198465332388878
Test loss_G: 0.2759493312665394

=============== Epoch: 127
Adjusting learning rate of group 0 to 4.0000e-132.
Adjusting learning rate of group 0 to 3.5274e-04.

Train loss_D: 5.710604190826416
Train loss_G: 0.03225494548678398
Test loss_G: 0.27359458059072495

=============== Epoch: 128
Adjusting learning rate of group 0 to 4.0000e-133.
Adjusting learning rate of group 0 to 3.5203e-04.

Train loss_D: 5.710604667663574
Train loss_G: 0.03285225108265877
Test loss_G: 0.2748174156461443

=============== Epoch: 129
Adjusting learning rate of group 0 to 4.0000e-134.
Adjusting learning rate of group 0 to 3.5131e-04.

Train loss_D: 5.7106032371521
Train loss_G: 0.0337459072470665
Test loss_G: 0.27239268698862623

=============== Epoch: 130
Adjusting learning rate of group 0 to 4.0000e-135.
Adjusting learning rate of group 0 to 3.5059e-04.

Train loss_D: 5.710606575012207
Train loss_G: 0.03367571532726288
Test loss_G: 0.27346187617097584

=============== Epoch: 131
Adjusting learning rate of group 0 to 4.0000e-136.
Adjusting learning rate of group 0 to 3.4987e-04.

Train loss_D: 5.710604667663574
Train loss_G: 0.03299487382173538
Test loss_G: 0.2719640891466822

=============== Epoch: 132
Adjusting learning rate of group 0 to 4.0000e-137.
Adjusting learning rate of group 0 to 3.4914e-04.

Train loss_D: 5.710605144500732
Train loss_G: 0.03196389228105545
Test loss_G: 0.2716937405722482

=============== Epoch: 133
Adjusting learning rate of group 0 to 4.0000e-138.
Adjusting learning rate of group 0 to 3.4841e-04.

Train loss_D: 5.710604190826416
Train loss_G: 0.03135853260755539
Test loss_G: 0.27103126155478613

=============== Epoch: 134
Adjusting learning rate of group 0 to 4.0000e-139.
Adjusting learning rate of group 0 to 3.4767e-04.

Train loss_D: 5.710605621337891
Train loss_G: 0.03104574792087078
Test loss_G: 0.27013010372008595

=============== Epoch: 135
Adjusting learning rate of group 0 to 4.0000e-140.
Adjusting learning rate of group 0 to 3.4693e-04.

Train loss_D: 5.710604667663574
Train loss_G: 0.030664846301078796
Test loss_G: 0.26993600013000624

=============== Epoch: 136
Adjusting learning rate of group 0 to 4.0000e-141.
Adjusting learning rate of group 0 to 3.4618e-04.

Train loss_D: 5.710604190826416
Train loss_G: 0.03044331632554531
Test loss_G: 0.26869100279041697

=============== Epoch: 137
Adjusting learning rate of group 0 to 4.0000e-142.
Adjusting learning rate of group 0 to 3.4543e-04.

Train loss_D: 5.710604190826416
Train loss_G: 0.030402949079871178
Test loss_G: 0.26875766100628035

=============== Epoch: 138
Adjusting learning rate of group 0 to 4.0000e-143.
Adjusting learning rate of group 0 to 3.4468e-04.

Train loss_D: 5.710604190826416
Train loss_G: 0.030247867107391357
Test loss_G: 0.26712389449988094

=============== Epoch: 139
Adjusting learning rate of group 0 to 4.0000e-144.
Adjusting learning rate of group 0 to 3.4392e-04.

Train loss_D: 5.710605621337891
Train loss_G: 0.03039393573999405
Test loss_G: 0.2678732100342001

=============== Epoch: 140
Adjusting learning rate of group 0 to 4.0000e-145.
Adjusting learning rate of group 0 to 3.4316e-04.

Train loss_D: 5.710604667663574
Train loss_G: 0.030878698453307152
Test loss_G: 0.2659626810678414

=============== Epoch: 141
Adjusting learning rate of group 0 to 4.0000e-146.
Adjusting learning rate of group 0 to 3.4239e-04.

Train loss_D: 5.710605621337891
Train loss_G: 0.03137482330203056
Test loss_G: 0.26693184514130863

=============== Epoch: 142
Adjusting learning rate of group 0 to 4.0000e-147.
Adjusting learning rate of group 0 to 3.4162e-04.

Train loss_D: 5.710603713989258
Train loss_G: 0.031944356858730316
Test loss_G: 0.2650050526218755

=============== Epoch: 143
Adjusting learning rate of group 0 to 4.0000e-148.
Adjusting learning rate of group 0 to 3.4084e-04.

Train loss_D: 5.710605144500732
Train loss_G: 0.03129757195711136
Test loss_G: 0.26578023231455256

=============== Epoch: 144
Adjusting learning rate of group 0 to 4.0000e-149.
Adjusting learning rate of group 0 to 3.4006e-04.

Train loss_D: 5.7106032371521
Train loss_G: 0.030730023980140686
Test loss_G: 0.26469599668468746

=============== Epoch: 145
Adjusting learning rate of group 0 to 4.0000e-150.
Adjusting learning rate of group 0 to 3.3927e-04.

Train loss_D: 5.710605144500732
Train loss_G: 0.029916372150182724
Test loss_G: 0.26470086138163296

=============== Epoch: 146
Adjusting learning rate of group 0 to 4.0000e-151.
Adjusting learning rate of group 0 to 3.3848e-04.

Train loss_D: 5.710604667663574
Train loss_G: 0.029398594051599503
Test loss_G: 0.2640810901565211

=============== Epoch: 147
Adjusting learning rate of group 0 to 4.0000e-152.
Adjusting learning rate of group 0 to 3.3769e-04.

Train loss_D: 5.710605144500732
Train loss_G: 0.029102563858032227
Test loss_G: 0.2636301719716617

=============== Epoch: 148
Adjusting learning rate of group 0 to 4.0000e-153.
Adjusting learning rate of group 0 to 3.3689e-04.

Train loss_D: 5.710605144500732
Train loss_G: 0.028881346806883812
Test loss_G: 0.2631522496896131

=============== Epoch: 149
Adjusting learning rate of group 0 to 4.0000e-154.
Adjusting learning rate of group 0 to 3.3609e-04.

Train loss_D: 5.710605144500732
Train loss_G: 0.028596803545951843
Test loss_G: 0.2625685701412814

=============== Epoch: 150
Adjusting learning rate of group 0 to 4.0000e-155.
Adjusting learning rate of group 0 to 3.3529e-04.

Train loss_D: 5.710605144500732
Train loss_G: 0.028523117303848267
Test loss_G: 0.2624683098069259

=============== Epoch: 151
Adjusting learning rate of group 0 to 4.0000e-156.
Adjusting learning rate of group 0 to 3.3448e-04.

Train loss_D: 5.710604190826416
Train loss_G: 0.028491660952568054
Test loss_G: 0.2614331160272871

=============== Epoch: 152
Adjusting learning rate of group 0 to 4.0000e-157.
Adjusting learning rate of group 0 to 3.3366e-04.

Train loss_D: 5.710606098175049
Train loss_G: 0.028913941234350204
Test loss_G: 0.26216896250844

=============== Epoch: 153
Adjusting learning rate of group 0 to 4.0000e-158.
Adjusting learning rate of group 0 to 3.3285e-04.

Train loss_D: 5.710603713989258
Train loss_G: 0.030508777126669884
Test loss_G: 0.26009809012923923

=============== Epoch: 154
Adjusting learning rate of group 0 to 4.0000e-159.
Adjusting learning rate of group 0 to 3.3202e-04.

Train loss_D: 5.710606575012207
Train loss_G: 0.032893210649490356
Test loss_G: 0.2616861920271601

=============== Epoch: 155
Adjusting learning rate of group 0 to 4.0000e-160.
Adjusting learning rate of group 0 to 3.3120e-04.

Train loss_D: 5.710603713989258
Train loss_G: 0.03295375779271126
Test loss_G: 0.25996384769678116

=============== Epoch: 156
Adjusting learning rate of group 0 to 4.0000e-161.
Adjusting learning rate of group 0 to 3.3037e-04.

Train loss_D: 5.710605621337891
Train loss_G: 0.030315279960632324
Test loss_G: 0.26039908613477436

=============== Epoch: 157
Adjusting learning rate of group 0 to 4.0000e-162.
Adjusting learning rate of group 0 to 3.2953e-04.

Train loss_D: 5.710605621337891
Train loss_G: 0.029499899595975876
Test loss_G: 0.2603286701653685

=============== Epoch: 158
Adjusting learning rate of group 0 to 4.0000e-163.
Adjusting learning rate of group 0 to 3.2870e-04.

Train loss_D: 5.710603713989258
Train loss_G: 0.029381655156612396
Test loss_G: 0.25953759465898785

=============== Epoch: 159
Adjusting learning rate of group 0 to 4.0000e-164.
Adjusting learning rate of group 0 to 3.2786e-04.

Train loss_D: 5.710605621337891
Train loss_G: 0.02928362600505352
Test loss_G: 0.25994323726211277

=============== Epoch: 160
Adjusting learning rate of group 0 to 4.0000e-165.
Adjusting learning rate of group 0 to 3.2701e-04.

Train loss_D: 5.710604667663574
Train loss_G: 0.029138710349798203
Test loss_G: 0.2587474611188684

=============== Epoch: 161
Adjusting learning rate of group 0 to 4.0000e-166.
Adjusting learning rate of group 0 to 3.2616e-04.

Train loss_D: 5.710604667663574
Train loss_G: 0.028450865298509598
Test loss_G: 0.25932797363826204

=============== Epoch: 162
Adjusting learning rate of group 0 to 4.0000e-167.
Adjusting learning rate of group 0 to 3.2531e-04.

Train loss_D: 5.710604667663574
Train loss_G: 0.028104832395911217
Test loss_G: 0.25821995948042187

=============== Epoch: 163
Adjusting learning rate of group 0 to 4.0000e-168.
Adjusting learning rate of group 0 to 3.2445e-04.

Train loss_D: 5.710605621337891
Train loss_G: 0.02747708186507225
Test loss_G: 0.2584162950515747

=============== Epoch: 164
Adjusting learning rate of group 0 to 4.0000e-169.
Adjusting learning rate of group 0 to 3.2359e-04.

Train loss_D: 5.710605144500732
Train loss_G: 0.027208730578422546
Test loss_G: 0.257373647498233

=============== Epoch: 165
Adjusting learning rate of group 0 to 4.0000e-170.
Adjusting learning rate of group 0 to 3.2273e-04.

Train loss_D: 5.710604667663574
Train loss_G: 0.027101386338472366
Test loss_G: 0.25769384631088804

=============== Epoch: 166
Adjusting learning rate of group 0 to 4.0000e-171.
Adjusting learning rate of group 0 to 3.2186e-04.

Train loss_D: 5.710604667663574
Train loss_G: 0.0270543210208416
Test loss_G: 0.2565188908151218

=============== Epoch: 167
Adjusting learning rate of group 0 to 4.0000e-172.
Adjusting learning rate of group 0 to 3.2099e-04.

Train loss_D: 5.710604667663574
Train loss_G: 0.02697073481976986
Test loss_G: 0.2571743205189705

=============== Epoch: 168
Adjusting learning rate of group 0 to 4.0000e-173.
Adjusting learning rate of group 0 to 3.2011e-04.

Train loss_D: 5.710604667663574
Train loss_G: 0.02763097733259201
Test loss_G: 0.2556034294622285

=============== Epoch: 169
Adjusting learning rate of group 0 to 4.0000e-174.
Adjusting learning rate of group 0 to 3.1924e-04.

Train loss_D: 5.710605144500732
Train loss_G: 0.028991512954235077
Test loss_G: 0.2567716682595866

=============== Epoch: 170
Adjusting learning rate of group 0 to 4.0000e-175.
Adjusting learning rate of group 0 to 3.1835e-04.

Train loss_D: 5.7106032371521
Train loss_G: 0.030632732436060905
Test loss_G: 0.25519200201545444

=============== Epoch: 171
Adjusting learning rate of group 0 to 4.0000e-176.
Adjusting learning rate of group 0 to 3.1747e-04.

Train loss_D: 5.710605621337891
Train loss_G: 0.030264034867286682
Test loss_G: 0.25580269151500296

=============== Epoch: 172
Adjusting learning rate of group 0 to 4.0000e-177.
Adjusting learning rate of group 0 to 3.1658e-04.

Train loss_D: 5.710604190826416
Train loss_G: 0.028631161898374557
Test loss_G: 0.2553747849805014

=============== Epoch: 173
Adjusting learning rate of group 0 to 4.0000e-178.
Adjusting learning rate of group 0 to 3.1569e-04.

Train loss_D: 5.710604667663574
Train loss_G: 0.02742234617471695
Test loss_G: 0.255084398069552

=============== Epoch: 174
Adjusting learning rate of group 0 to 4.0000e-179.
Adjusting learning rate of group 0 to 3.1479e-04.

Train loss_D: 5.710604667663574
Train loss_G: 0.02722015045583248
Test loss_G: 0.25513380925570217

=============== Epoch: 175
Adjusting learning rate of group 0 to 4.0000e-180.
Adjusting learning rate of group 0 to 3.1389e-04.

Train loss_D: 5.710604190826416
Train loss_G: 0.027156367897987366
Test loss_G: 0.254262342516865

=============== Epoch: 176
Adjusting learning rate of group 0 to 4.0000e-181.
Adjusting learning rate of group 0 to 3.1299e-04.

Train loss_D: 5.710606098175049
Train loss_G: 0.027249101549386978
Test loss_G: 0.2547909010733877

=============== Epoch: 177
Adjusting learning rate of group 0 to 4.0000e-182.
Adjusting learning rate of group 0 to 3.1208e-04.

Train loss_D: 5.710603713989258
Train loss_G: 0.027461566030979156
Test loss_G: 0.25363205692597796

=============== Epoch: 178
Adjusting learning rate of group 0 to 4.0000e-183.
Adjusting learning rate of group 0 to 3.1117e-04.

Train loss_D: 5.710605144500732
Train loss_G: 0.027269579470157623
Test loss_G: 0.25442793113844736

=============== Epoch: 179
Adjusting learning rate of group 0 to 4.0000e-184.
Adjusting learning rate of group 0 to 3.1026e-04.

Train loss_D: 5.710603713989258
Train loss_G: 0.027234073728322983
Test loss_G: 0.2533406413027218

=============== Epoch: 180
Adjusting learning rate of group 0 to 4.0000e-185.
Adjusting learning rate of group 0 to 3.0934e-04.

Train loss_D: 5.710606098175049
Train loss_G: 0.02677628956735134
Test loss_G: 0.25388568905847414

=============== Epoch: 181
Adjusting learning rate of group 0 to 4.0000e-186.
Adjusting learning rate of group 0 to 3.0842e-04.

Train loss_D: 5.710603713989258
Train loss_G: 0.026621555909514427
Test loss_G: 0.25303698437554495

=============== Epoch: 182
Adjusting learning rate of group 0 to 4.0000e-187.
Adjusting learning rate of group 0 to 3.0750e-04.

Train loss_D: 5.710605144500732
Train loss_G: 0.02631138265132904
Test loss_G: 0.2534442214029176

=============== Epoch: 183
Adjusting learning rate of group 0 to 4.0000e-188.
Adjusting learning rate of group 0 to 3.0657e-04.

Train loss_D: 5.7106032371521
Train loss_G: 0.026359496638178825
Test loss_G: 0.2524416616984776

=============== Epoch: 184
Adjusting learning rate of group 0 to 4.0000e-189.
Adjusting learning rate of group 0 to 3.0564e-04.

Train loss_D: 5.710605144500732
Train loss_G: 0.026345042511820793
Test loss_G: 0.25305918976664543

=============== Epoch: 185
Adjusting learning rate of group 0 to 4.0000e-190.
Adjusting learning rate of group 0 to 3.0471e-04.

Train loss_D: 5.710604190826416
Train loss_G: 0.02667788416147232
Test loss_G: 0.2520478814840317

=============== Epoch: 186
Adjusting learning rate of group 0 to 4.0000e-191.
Adjusting learning rate of group 0 to 3.0377e-04.

Train loss_D: 5.710606098175049
Train loss_G: 0.027010474354028702
Test loss_G: 0.25271042968545643

=============== Epoch: 187
Adjusting learning rate of group 0 to 4.0000e-192.
Adjusting learning rate of group 0 to 3.0284e-04.

Train loss_D: 5.7106032371521
Train loss_G: 0.027249272912740707
Test loss_G: 0.2517281605729035

=============== Epoch: 188
Adjusting learning rate of group 0 to 4.0000e-193.
Adjusting learning rate of group 0 to 3.0189e-04.

Train loss_D: 5.710606575012207
Train loss_G: 0.026875704526901245
Test loss_G: 0.25224046994532856

=============== Epoch: 189
Adjusting learning rate of group 0 to 4.0000e-194.
Adjusting learning rate of group 0 to 3.0095e-04.

Train loss_D: 5.710604667663574
Train loss_G: 0.02652086690068245
Test loss_G: 0.25142511246459825

=============== Epoch: 190
Adjusting learning rate of group 0 to 4.0000e-195.
Adjusting learning rate of group 0 to 3.0000e-04.

Train loss_D: 5.710605144500732
Train loss_G: 0.02587703987956047
Test loss_G: 0.2518811007695539

=============== Epoch: 191
Adjusting learning rate of group 0 to 4.0000e-196.
Adjusting learning rate of group 0 to 2.9905e-04.

Train loss_D: 5.710604667663574
Train loss_G: 0.025589270517230034
Test loss_G: 0.25126592282738003

=============== Epoch: 192
Adjusting learning rate of group 0 to 4.0000e-197.
Adjusting learning rate of group 0 to 2.9809e-04.

Train loss_D: 5.710604667663574
Train loss_G: 0.025379076600074768
Test loss_G: 0.251723336321967

=============== Epoch: 193
Adjusting learning rate of group 0 to 4.0000e-198.
Adjusting learning rate of group 0 to 2.9714e-04.

Train loss_D: 5.710604667663574
Train loss_G: 0.02539980225265026
Test loss_G: 0.25073991609471186

=============== Epoch: 194
Adjusting learning rate of group 0 to 4.0000e-199.
Adjusting learning rate of group 0 to 2.9618e-04.

Train loss_D: 5.710605144500732
Train loss_G: 0.025717858225107193
Test loss_G: 0.2515916297478335

=============== Epoch: 195
Adjusting learning rate of group 0 to 4.0000e-200.
Adjusting learning rate of group 0 to 2.9521e-04.

Train loss_D: 5.710604190826416
Train loss_G: 0.026511704549193382
Test loss_G: 0.2503203558070319

=============== Epoch: 196
Adjusting learning rate of group 0 to 4.0000e-201.
Adjusting learning rate of group 0 to 2.9425e-04.

Train loss_D: 5.710606098175049
Train loss_G: 0.027326978743076324
Test loss_G: 0.25115541155849186

=============== Epoch: 197
Adjusting learning rate of group 0 to 4.0000e-202.
Adjusting learning rate of group 0 to 2.9328e-04.

Train loss_D: 5.710604190826416
Train loss_G: 0.02727709710597992
Test loss_G: 0.2502069851117475

=============== Epoch: 198
Adjusting learning rate of group 0 to 4.0000e-203.
Adjusting learning rate of group 0 to 2.9231e-04.

Train loss_D: 5.710605144500732
Train loss_G: 0.02607554756104946
Test loss_G: 0.2505650408565998

=============== Epoch: 199
Adjusting learning rate of group 0 to 4.0000e-204.
Adjusting learning rate of group 0 to 2.9134e-04.

Train loss_D: 5.710604667663574
Train loss_G: 0.02531881257891655
Test loss_G: 0.2501087875238487

