Adjusting learning rate of group 0 to 2.0000e-04.
=============== Epoch: 0
Adjusting learning rate of group 0 to 1.9997e-04.

Train loss: 0.3209004704599027
Test loss: 0.2505138942173549

=============== Epoch: 1
Adjusting learning rate of group 0 to 1.9989e-04.

Train loss: 0.2289246811910912
Test loss: 0.21485331814203942

=============== Epoch: 2
Adjusting learning rate of group 0 to 1.9976e-04.

Train loss: 0.2105544337519893
Test loss: 0.2050797822219985

=============== Epoch: 3
Adjusting learning rate of group 0 to 1.9957e-04.

Train loss: 0.20454398526085749
Test loss: 0.20530475516404426

=============== Epoch: 4
Adjusting learning rate of group 0 to 1.9932e-04.

Train loss: 0.20249702080532356
Test loss: 0.20545792526432446

=============== Epoch: 5
Adjusting learning rate of group 0 to 1.9903e-04.

Train loss: 0.20024463909643667
Test loss: 0.20529710075684957

=============== Epoch: 6
Adjusting learning rate of group 0 to 1.9868e-04.

Train loss: 0.19824291555969803
Test loss: 0.20395904992307937

=============== Epoch: 7
Adjusting learning rate of group 0 to 1.9827e-04.

Train loss: 0.19585332020565316
Test loss: 0.20442900008388928

=============== Epoch: 8
Adjusting learning rate of group 0 to 1.9781e-04.

Train loss: 0.19295995202329425
Test loss: 0.2065523410482066

=============== Epoch: 9
Adjusting learning rate of group 0 to 1.9730e-04.

Train loss: 0.19029334077128657
Test loss: 0.20689074375799724

=============== Epoch: 10
Adjusting learning rate of group 0 to 1.9674e-04.

Train loss: 0.1876869268991329
Test loss: 0.20728545210191182

=============== Epoch: 11
Adjusting learning rate of group 0 to 1.9613e-04.

Train loss: 0.18537244840904518
Test loss: 0.21103290149143764

=============== Epoch: 12
Adjusting learning rate of group 0 to 1.9546e-04.

Train loss: 0.18322435794053255
Test loss: 0.21498470593776023

=============== Epoch: 13
Adjusting learning rate of group 0 to 1.9474e-04.

Train loss: 0.18116626927146204
Test loss: 0.21241468616894313

=============== Epoch: 14
Adjusting learning rate of group 0 to 1.9397e-04.

Train loss: 0.17930511887426728
Test loss: 0.21379977145365306

=============== Epoch: 15
Adjusting learning rate of group 0 to 1.9315e-04.

Train loss: 0.17775440635504547
Test loss: 0.21333651883261545

=============== Epoch: 16
Adjusting learning rate of group 0 to 1.9228e-04.

Train loss: 0.17632971163149233
Test loss: 0.21351813524961472

=============== Epoch: 17
Adjusting learning rate of group 0 to 1.9135e-04.

Train loss: 0.1752036910366129
Test loss: 0.21255111481462205

=============== Epoch: 18
Adjusting learning rate of group 0 to 1.9038e-04.

Train loss: 0.17415395809544457
Test loss: 0.21358750175152505

=============== Epoch: 19
Adjusting learning rate of group 0 to 1.8936e-04.

Train loss: 0.17305788530243768
Test loss: 0.21473697572946548

=============== Epoch: 20
Adjusting learning rate of group 0 to 1.8829e-04.

Train loss: 0.17198567809881987
Test loss: 0.21583589645368711

=============== Epoch: 21
Adjusting learning rate of group 0 to 1.8718e-04.

Train loss: 0.1711282310662446
Test loss: 0.21740190046174185

=============== Epoch: 22
Adjusting learning rate of group 0 to 1.8601e-04.

Train loss: 0.17021239830387963
Test loss: 0.2146798340337617

=============== Epoch: 23
Adjusting learning rate of group 0 to 1.8480e-04.

Train loss: 0.1695291366842058
Test loss: 0.21627990688596452

=============== Epoch: 24
Adjusting learning rate of group 0 to 1.8355e-04.

Train loss: 0.16873411646595707
Test loss: 0.21784137349043572

=============== Epoch: 25
Adjusting learning rate of group 0 to 1.8225e-04.

Train loss: 0.1682841959926817
Test loss: 0.2197590566107205

=============== Epoch: 26
Adjusting learning rate of group 0 to 1.8090e-04.

Train loss: 0.16781310979966765
Test loss: 0.2181445945586477

=============== Epoch: 27
Adjusting learning rate of group 0 to 1.7951e-04.

Train loss: 0.16729286302019047
Test loss: 0.2172457692878587

=============== Epoch: 28
Adjusting learning rate of group 0 to 1.7808e-04.

Train loss: 0.16647294020211256
Test loss: 0.2169353344610759

=============== Epoch: 29
Adjusting learning rate of group 0 to 1.7660e-04.

Train loss: 0.16576171153121524
Test loss: 0.21611647893275535

=============== Epoch: 30
Adjusting learning rate of group 0 to 1.7509e-04.

Train loss: 0.16531670733734413
Test loss: 0.21825345765267098

=============== Epoch: 31
Adjusting learning rate of group 0 to 1.7353e-04.

Train loss: 0.16463775204287634
Test loss: 0.21930077246257237

=============== Epoch: 32
Adjusting learning rate of group 0 to 1.7193e-04.

Train loss: 0.16401466948014717
Test loss: 0.2179139256477356

=============== Epoch: 33
Adjusting learning rate of group 0 to 1.7030e-04.

Train loss: 0.16346204159436403
Test loss: 0.21779990675193922

=============== Epoch: 34
Adjusting learning rate of group 0 to 1.6862e-04.

Train loss: 0.1631975359386868
Test loss: 0.21880318756614411

=============== Epoch: 35
Adjusting learning rate of group 0 to 1.6691e-04.

Train loss: 0.16259355202869133
Test loss: 0.21815590081470354

=============== Epoch: 36
Adjusting learning rate of group 0 to 1.6517e-04.

Train loss: 0.16206670359328942
Test loss: 0.22038095071911812

=============== Epoch: 37
Adjusting learning rate of group 0 to 1.6338e-04.

Train loss: 0.16154605359942825
Test loss: 0.22019002799476897

=============== Epoch: 38
Adjusting learning rate of group 0 to 1.6157e-04.

Train loss: 0.16099384912738093
Test loss: 0.22106890380382538

=============== Epoch: 39
Adjusting learning rate of group 0 to 1.5972e-04.

Train loss: 0.16049989848225205
Test loss: 0.21870732679963112

=============== Epoch: 40
Adjusting learning rate of group 0 to 1.5783e-04.

Train loss: 0.16011343366569944
Test loss: 0.2186795063316822

=============== Epoch: 41
Adjusting learning rate of group 0 to 1.5592e-04.

Train loss: 0.15971943493242616
Test loss: 0.22158506246549742

=============== Epoch: 42
Adjusting learning rate of group 0 to 1.5398e-04.

Train loss: 0.15915531780984665
Test loss: 0.22051008471420833

=============== Epoch: 43
Adjusting learning rate of group 0 to 1.5200e-04.

Train loss: 0.15874612640451502
Test loss: 0.22013919481209346

=============== Epoch: 44
Adjusting learning rate of group 0 to 1.5000e-04.

Train loss: 0.1580049725594344
Test loss: 0.22099675983190536

=============== Epoch: 45
Adjusting learning rate of group 0 to 1.4797e-04.

Train loss: 0.15758349862363602
Test loss: 0.22146599367260933

=============== Epoch: 46
Adjusting learning rate of group 0 to 1.4592e-04.

Train loss: 0.15705388872711748
Test loss: 0.22312595269509725

=============== Epoch: 47
Adjusting learning rate of group 0 to 1.4384e-04.

Train loss: 0.1565057165092892
Test loss: 0.22195137505020415

=============== Epoch: 48
Adjusting learning rate of group 0 to 1.4173e-04.

Train loss: 0.15606002575821346
Test loss: 0.22087516954966954

=============== Epoch: 49
Adjusting learning rate of group 0 to 1.3961e-04.

Train loss: 0.15544487999545203
Test loss: 0.22115099802613258

=============== Epoch: 50
Adjusting learning rate of group 0 to 1.3746e-04.

Train loss: 0.1550274043171494
Test loss: 0.22052714973688126

=============== Epoch: 51
Adjusting learning rate of group 0 to 1.3529e-04.

Train loss: 0.15433004200458528
Test loss: 0.22212092205882072

=============== Epoch: 52
Adjusting learning rate of group 0 to 1.3311e-04.

Train loss: 0.15389852777675347
Test loss: 0.22189334673540934

=============== Epoch: 53
Adjusting learning rate of group 0 to 1.3090e-04.

Train loss: 0.15340174944312485
Test loss: 0.2235751487314701

=============== Epoch: 54
Adjusting learning rate of group 0 to 1.2868e-04.

Train loss: 0.1528789547858415
Test loss: 0.2236249058374337

=============== Epoch: 55
Adjusting learning rate of group 0 to 1.2644e-04.

Train loss: 0.15230423786022046
Test loss: 0.22396076577050344

=============== Epoch: 56
Adjusting learning rate of group 0 to 1.2419e-04.

Train loss: 0.1515356183052063
Test loss: 0.22380641209227697

=============== Epoch: 57
Adjusting learning rate of group 0 to 1.2193e-04.

Train loss: 0.1511082171290009
Test loss: 0.2236996553838253

=============== Epoch: 58
Adjusting learning rate of group 0 to 1.1965e-04.

Train loss: 0.15058980650371975
Test loss: 0.2243256446506296

=============== Epoch: 59
Adjusting learning rate of group 0 to 1.1736e-04.

Train loss: 0.1499716990523868
Test loss: 0.22515417369348661

=============== Epoch: 60
Adjusting learning rate of group 0 to 1.1507e-04.

Train loss: 0.14928235720705102
Test loss: 0.22507222528968537

=============== Epoch: 61
Adjusting learning rate of group 0 to 1.1276e-04.

Train loss: 0.14869899186823105
Test loss: 0.22350830797638213

=============== Epoch: 62
Adjusting learning rate of group 0 to 1.1045e-04.

Train loss: 0.1482470589655417
Test loss: 0.22586317945803916

=============== Epoch: 63
Adjusting learning rate of group 0 to 1.0814e-04.

Train loss: 0.14749593238035838
Test loss: 0.22466888385159628

=============== Epoch: 64
Adjusting learning rate of group 0 to 1.0581e-04.

Train loss: 0.1469439023070865
Test loss: 0.2216553831739085

=============== Epoch: 65
Adjusting learning rate of group 0 to 1.0349e-04.

Train loss: 0.14626142062522746
Test loss: 0.22325869223901204

=============== Epoch: 66
Adjusting learning rate of group 0 to 1.0116e-04.

Train loss: 0.14565490108949167
Test loss: 0.22343982383608818

=============== Epoch: 67
Adjusting learning rate of group 0 to 9.8836e-05.

Train loss: 0.14486537123167956
Test loss: 0.22600062351141656

=============== Epoch: 68
Adjusting learning rate of group 0 to 9.6510e-05.

Train loss: 0.14421645491211502
Test loss: 0.22419683103050506

=============== Epoch: 69
Adjusting learning rate of group 0 to 9.4186e-05.

Train loss: 0.14362752338250478
Test loss: 0.22308272974831717

=============== Epoch: 70
Adjusting learning rate of group 0 to 9.1864e-05.

Train loss: 0.14298665920893353
Test loss: 0.22337303683161736

=============== Epoch: 71
Adjusting learning rate of group 0 to 8.9547e-05.

Train loss: 0.14236412942409515
Test loss: 0.22363570226090296

=============== Epoch: 72
Adjusting learning rate of group 0 to 8.7236e-05.

Train loss: 0.1415697498453988
Test loss: 0.22500824981502124

=============== Epoch: 73
Adjusting learning rate of group 0 to 8.4931e-05.

Train loss: 0.14085584139382398
Test loss: 0.22479012874620302

=============== Epoch: 74
Adjusting learning rate of group 0 to 8.2635e-05.

Train loss: 0.14026058790860352
Test loss: 0.22247064911893435

=============== Epoch: 75
Adjusting learning rate of group 0 to 8.0348e-05.

Train loss: 0.13962631225585936
Test loss: 0.2250135556927749

=============== Epoch: 76
Adjusting learning rate of group 0 to 7.8072e-05.

Train loss: 0.13898871000166294
Test loss: 0.2255672998726368

=============== Epoch: 77
Adjusting learning rate of group 0 to 7.5808e-05.

Train loss: 0.13827006154590182
Test loss: 0.22534411773085594

=============== Epoch: 78
Adjusting learning rate of group 0 to 7.3557e-05.

Train loss: 0.13744227742707288
Test loss: 0.2257085463830403

=============== Epoch: 79
Adjusting learning rate of group 0 to 7.1320e-05.

Train loss: 0.13682768907811907
Test loss: 0.2276291118136474

=============== Epoch: 80
Adjusting learning rate of group 0 to 6.9098e-05.

Train loss: 0.136135498130763
Test loss: 0.22390473900096758

=============== Epoch: 81
Adjusting learning rate of group 0 to 6.6894e-05.

Train loss: 0.13544809906571
Test loss: 0.22673554771712848

=============== Epoch: 82
Adjusting learning rate of group 0 to 6.4707e-05.

Train loss: 0.13474665504914743
Test loss: 0.22575714332716806

=============== Epoch: 83
Adjusting learning rate of group 0 to 6.2539e-05.

Train loss: 0.13415731842871065
Test loss: 0.22416837140917778

=============== Epoch: 84
Adjusting learning rate of group 0 to 6.0392e-05.

Train loss: 0.13355881996728755
Test loss: 0.22507379150816373

=============== Epoch: 85
Adjusting learning rate of group 0 to 5.8266e-05.

Train loss: 0.13278044158661806
Test loss: 0.2259813520525183

=============== Epoch: 86
Adjusting learning rate of group 0 to 5.6163e-05.

Train loss: 0.13196056363759218
Test loss: 0.22467641266328947

=============== Epoch: 87
Adjusting learning rate of group 0 to 5.4083e-05.

Train loss: 0.1310563126096019
Test loss: 0.22653775715402194

=============== Epoch: 88
Adjusting learning rate of group 0 to 5.2029e-05.

Train loss: 0.1300664680975455
Test loss: 0.2261451669037342

=============== Epoch: 89
Adjusting learning rate of group 0 to 5.0000e-05.

Train loss: 0.12933493228974166
Test loss: 0.2274837132011141

=============== Epoch: 90
Adjusting learning rate of group 0 to 4.7998e-05.

Train loss: 0.12856513145897125
Test loss: 0.22797157721860067

=============== Epoch: 91
Adjusting learning rate of group 0 to 4.6025e-05.

Train loss: 0.12756468322541978
Test loss: 0.22749819979071617

=============== Epoch: 92
Adjusting learning rate of group 0 to 4.4081e-05.

Train loss: 0.1266687818147518
Test loss: 0.2278709997023855

=============== Epoch: 93
Adjusting learning rate of group 0 to 4.2167e-05.

Train loss: 0.12578721366546772
Test loss: 0.2293002371277128

=============== Epoch: 94
Adjusting learning rate of group 0 to 4.0284e-05.

Train loss: 0.1249230565848174
Test loss: 0.22878777235746384

=============== Epoch: 95
Adjusting learning rate of group 0 to 3.8434e-05.

Train loss: 0.12409365138521901
Test loss: 0.2288589504148279

=============== Epoch: 96
Adjusting learning rate of group 0 to 3.6617e-05.

Train loss: 0.12323205989819985
Test loss: 0.23077775910496712

=============== Epoch: 97
Adjusting learning rate of group 0 to 3.4834e-05.

Train loss: 0.12239474792171408
Test loss: 0.22973295620509557

=============== Epoch: 98
Adjusting learning rate of group 0 to 3.3087e-05.

Train loss: 0.12154424124293857
Test loss: 0.23241990166051046

=============== Epoch: 99
Adjusting learning rate of group 0 to 3.1376e-05.

Train loss: 0.12065699404036558
Test loss: 0.2308605904025691

=============== Epoch: 100
Adjusting learning rate of group 0 to 2.9702e-05.

Train loss: 0.11974217687492017
Test loss: 0.23172162686075484

=============== Epoch: 101
Adjusting learning rate of group 0 to 2.8066e-05.

Train loss: 0.11880535450246599
Test loss: 0.23410466206925257

=============== Epoch: 102
Adjusting learning rate of group 0 to 2.6469e-05.

Train loss: 0.11761968306921146
Test loss: 0.23363795237881796

=============== Epoch: 103
Adjusting learning rate of group 0 to 2.4912e-05.

Train loss: 0.11651535983438845
Test loss: 0.23388870699065073

=============== Epoch: 104
Adjusting learning rate of group 0 to 2.3396e-05.

Train loss: 0.11542914973364936
Test loss: 0.23316131478973798

=============== Epoch: 105
Adjusting learning rate of group 0 to 2.1921e-05.

Train loss: 0.11433952450752258
Test loss: 0.23540804269058363

=============== Epoch: 106
Adjusting learning rate of group 0 to 2.0488e-05.

Train loss: 0.1132521888172185
Test loss: 0.23395774886012077

=============== Epoch: 107
Adjusting learning rate of group 0 to 1.9098e-05.

Train loss: 0.11215212858385509
Test loss: 0.2358107247522899

=============== Epoch: 108
Adjusting learning rate of group 0 to 1.7752e-05.

Train loss: 0.11111177272266812
Test loss: 0.2375347481242248

=============== Epoch: 109
Adjusting learning rate of group 0 to 1.6451e-05.

Train loss: 0.11019627876855709
Test loss: 0.23732254920261248

=============== Epoch: 110
Adjusting learning rate of group 0 to 1.5195e-05.

Train loss: 0.10921433049219625
Test loss: 0.23685103974172048

=============== Epoch: 111
Adjusting learning rate of group 0 to 1.3985e-05.

Train loss: 0.10815057031534336
Test loss: 0.23948896995612554

=============== Epoch: 112
Adjusting learning rate of group 0 to 1.2822e-05.

Train loss: 0.10693089106568583
Test loss: 0.23903963874493325

=============== Epoch: 113
Adjusting learning rate of group 0 to 1.1705e-05.

Train loss: 0.10565854106788282
Test loss: 0.2387246329869543

=============== Epoch: 114
Adjusting learning rate of group 0 to 1.0637e-05.

Train loss: 0.10445131714697238
Test loss: 0.24130211823752948

=============== Epoch: 115
Adjusting learning rate of group 0 to 9.6166e-06.

Train loss: 0.10324509745394742
Test loss: 0.24059593198554857

=============== Epoch: 116
Adjusting learning rate of group 0 to 8.6455e-06.

Train loss: 0.10210008853011661
Test loss: 0.24219942571861403

=============== Epoch: 117
Adjusting learning rate of group 0 to 7.7238e-06.

Train loss: 0.10101568158026095
Test loss: 0.2434836035328252

=============== Epoch: 118
Adjusting learning rate of group 0 to 6.8520e-06.

Train loss: 0.09998858427559888
Test loss: 0.2438800526516778

=============== Epoch: 119
Adjusting learning rate of group 0 to 6.0307e-06.

Train loss: 0.09897866265641318
Test loss: 0.24612783161657198

=============== Epoch: 120
Adjusting learning rate of group 0 to 5.2603e-06.

Train loss: 0.09801000362193144
Test loss: 0.24511922470160893

=============== Epoch: 121
Adjusting learning rate of group 0 to 4.5412e-06.

Train loss: 0.09708380456323977
Test loss: 0.24631735309958458

=============== Epoch: 122
Adjusting learning rate of group 0 to 3.8738e-06.

Train loss: 0.09618281495791894
Test loss: 0.24645954476935522

=============== Epoch: 123
Adjusting learning rate of group 0 to 3.2585e-06.

Train loss: 0.09531916302663308
Test loss: 0.24836001811282976

=============== Epoch: 124
Adjusting learning rate of group 0 to 2.6955e-06.

Train loss: 0.09451676391892963
Test loss: 0.2482626922428608

=============== Epoch: 125
Adjusting learning rate of group 0 to 2.1852e-06.

Train loss: 0.09381540285216437
Test loss: 0.2486963937325137

=============== Epoch: 126
Adjusting learning rate of group 0 to 1.7279e-06.

Train loss: 0.0931734475824568
Test loss: 0.24944323248096875

=============== Epoch: 127
Adjusting learning rate of group 0 to 1.3238e-06.

Train loss: 0.09259040068697047
Test loss: 0.2497829528791564

=============== Epoch: 128
Adjusting learning rate of group 0 to 9.7319e-07.

Train loss: 0.09205518729156918
Test loss: 0.24949632797922408

=============== Epoch: 129
Adjusting learning rate of group 0 to 6.7616e-07.

Train loss: 0.09158155150987483
Test loss: 0.24995178463203566

=============== Epoch: 130
Adjusting learning rate of group 0 to 4.3292e-07.

Train loss: 0.0911770651185954
Test loss: 0.2503145656415394

=============== Epoch: 131
Adjusting learning rate of group 0 to 2.4359e-07.

Train loss: 0.0908524622519811
Test loss: 0.2506301573344639

=============== Epoch: 132
Adjusting learning rate of group 0 to 1.0829e-07.

Train loss: 0.09061289468297253
Test loss: 0.2505275681614876

=============== Epoch: 133
Adjusting learning rate of group 0 to 2.7076e-08.

Train loss: 0.09045652741635288
Test loss: 0.2506559853042875

=============== Epoch: 134
Adjusting learning rate of group 0 to 0.0000e+00.

Train loss: 0.09037592405522311
Test loss: 0.2506831740694387

=============== Epoch: 135
Adjusting learning rate of group 0 to 2.7076e-08.

Train loss: 0.09035311297134117
Test loss: 0.25068286966000286

=============== Epoch: 136
Adjusting learning rate of group 0 to 1.0829e-07.

Train loss: 0.09036353456753271
Test loss: 0.2506967266755445

=============== Epoch: 137
Adjusting learning rate of group 0 to 2.4359e-07.

Train loss: 0.09038464940256542
Test loss: 0.25073507907135145

=============== Epoch: 138
Adjusting learning rate of group 0 to 4.3292e-07.

Train loss: 0.0903998702764511
Test loss: 0.2507430799305439

=============== Epoch: 139
Adjusting learning rate of group 0 to 6.7616e-07.

Train loss: 0.09039745733693794
Test loss: 0.25099427678755354

=============== Epoch: 140
Adjusting learning rate of group 0 to 9.7319e-07.

Train loss: 0.09037035091055765
Test loss: 0.25130254881722586

=============== Epoch: 141
Adjusting learning rate of group 0 to 1.3238e-06.

Train loss: 0.09031949484789813
Test loss: 0.2512512446514198

=============== Epoch: 142
Adjusting learning rate of group 0 to 1.7279e-06.

Train loss: 0.09029122535829191
Test loss: 0.25170488602348734

=============== Epoch: 143
Adjusting learning rate of group 0 to 2.1852e-06.

Train loss: 0.09051961689083665
Test loss: 0.25204730140311377

=============== Epoch: 144
Adjusting learning rate of group 0 to 2.6955e-06.

Train loss: 0.09143164682167548
Test loss: 0.25245717274291174

=============== Epoch: 145
Adjusting learning rate of group 0 to 3.2585e-06.

Train loss: 0.09252322983962519
Test loss: 0.2520705983042717

=============== Epoch: 146
Adjusting learning rate of group 0 to 3.8738e-06.

Train loss: 0.09282907219948593
Test loss: 0.2515682258776256

=============== Epoch: 147
Adjusting learning rate of group 0 to 4.5412e-06.

Train loss: 0.09288598950262424
Test loss: 0.252912055168833

=============== Epoch: 148
Adjusting learning rate of group 0 to 5.2603e-06.

Train loss: 0.0932179143583333
Test loss: 0.2525686318320887

=============== Epoch: 149
Adjusting learning rate of group 0 to 6.0307e-06.

Train loss: 0.0938161003920767
Test loss: 0.25143242733819143

=============== Epoch: 150
Adjusting learning rate of group 0 to 6.8520e-06.

Train loss: 0.0944851326169791
Test loss: 0.25157212891748976

=============== Epoch: 151
Adjusting learning rate of group 0 to 7.7238e-06.

Train loss: 0.09511350575420592
Test loss: 0.25224669969507624

=============== Epoch: 152
Adjusting learning rate of group 0 to 8.6455e-06.

Train loss: 0.09591562863853242
Test loss: 0.2514330968260765

=============== Epoch: 153
Adjusting learning rate of group 0 to 9.6166e-06.

Train loss: 0.09704851232193135
Test loss: 0.2510452313082559

=============== Epoch: 154
Adjusting learning rate of group 0 to 1.0637e-05.

Train loss: 0.09779619767710014
Test loss: 0.2485822838331972

=============== Epoch: 155
Adjusting learning rate of group 0 to 1.1705e-05.

Train loss: 0.09815409818181285
Test loss: 0.2510625475219318

=============== Epoch: 156
Adjusting learning rate of group 0 to 1.2822e-05.

Train loss: 0.09879896022655346
Test loss: 0.250114737876824

=============== Epoch: 157
Adjusting learning rate of group 0 to 1.3985e-05.

Train loss: 0.09938355165499228
Test loss: 0.24905697948166303

=============== Epoch: 158
Adjusting learning rate of group 0 to 1.5195e-05.

Train loss: 0.10018910346207795
Test loss: 0.2471266042973314

=============== Epoch: 159
Adjusting learning rate of group 0 to 1.6451e-05.

Train loss: 0.10117327913090035
Test loss: 0.24700270114200457

=============== Epoch: 160
Adjusting learning rate of group 0 to 1.7752e-05.

Train loss: 0.10211784502974262
Test loss: 0.24612030014395714

=============== Epoch: 161
Adjusting learning rate of group 0 to 1.9098e-05.

Train loss: 0.10280971896869165
Test loss: 0.24720182801995957

=============== Epoch: 162
Adjusting learning rate of group 0 to 2.0488e-05.

Train loss: 0.10352294925186369
Test loss: 0.24599376427275793

=============== Epoch: 163
Adjusting learning rate of group 0 to 2.1921e-05.

Train loss: 0.10413035435809029
Test loss: 0.24373159876891545

=============== Epoch: 164
Adjusting learning rate of group 0 to 2.3396e-05.

Train loss: 0.10483989572083509
Test loss: 0.2441477275320462

=============== Epoch: 165
Adjusting learning rate of group 0 to 2.4912e-05.

Train loss: 0.10580058544874191
Test loss: 0.24600328824349812

=============== Epoch: 166
Adjusting learning rate of group 0 to 2.6469e-05.

Train loss: 0.1065025782695523
Test loss: 0.24251167529395648

=============== Epoch: 167
Adjusting learning rate of group 0 to 2.8066e-05.

Train loss: 0.10710819275290878
Test loss: 0.24406934795635088

=============== Epoch: 168
Adjusting learning rate of group 0 to 2.9702e-05.

Train loss: 0.10795704623063405
Test loss: 0.243165629782847

=============== Epoch: 169
Adjusting learning rate of group 0 to 3.1376e-05.

Train loss: 0.10880505663377267
Test loss: 0.24522056270922934

=============== Epoch: 170
Adjusting learning rate of group 0 to 3.3087e-05.

Train loss: 0.109564024982629
Test loss: 0.24097231881959097

=============== Epoch: 171
Adjusting learning rate of group 0 to 3.4834e-05.

Train loss: 0.11042803906732135
Test loss: 0.2416971299265112

=============== Epoch: 172
Adjusting learning rate of group 0 to 3.6617e-05.

Train loss: 0.1112935843291106
Test loss: 0.2424828154700143

=============== Epoch: 173
Adjusting learning rate of group 0 to 3.8434e-05.

Train loss: 0.11198442065053515
Test loss: 0.24019088649324008

=============== Epoch: 174
Adjusting learning rate of group 0 to 4.0284e-05.

Train loss: 0.11283654587136374
Test loss: 0.23963459634355136

=============== Epoch: 175
Adjusting learning rate of group 0 to 4.2167e-05.

Train loss: 0.113814158572091
Test loss: 0.24155013476099288

=============== Epoch: 176
Adjusting learning rate of group 0 to 4.4081e-05.

Train loss: 0.11429726564221912
Test loss: 0.2395842740578311

=============== Epoch: 177
Adjusting learning rate of group 0 to 4.6025e-05.

Train loss: 0.11473672009176678
Test loss: 0.23878681819353784

=============== Epoch: 178
Adjusting learning rate of group 0 to 4.7998e-05.

Train loss: 0.11555217228553913
Test loss: 0.23871812809790885

=============== Epoch: 179
Adjusting learning rate of group 0 to 5.0000e-05.

Train loss: 0.11644849164618386
Test loss: 0.23861761444381305

=============== Epoch: 180
Adjusting learning rate of group 0 to 5.2029e-05.

Train loss: 0.11726039841219231
Test loss: 0.2398712049637522

=============== Epoch: 181
Adjusting learning rate of group 0 to 5.4083e-05.

Train loss: 0.11831496904293697
Test loss: 0.23739369160362653

=============== Epoch: 182
Adjusting learning rate of group 0 to 5.6163e-05.

Train loss: 0.11900429151676319
Test loss: 0.23745533398219518

=============== Epoch: 183
Adjusting learning rate of group 0 to 5.8266e-05.

Train loss: 0.1199336901307106
Test loss: 0.2372522439275469

=============== Epoch: 184
Adjusting learning rate of group 0 to 6.0392e-05.

Train loss: 0.12081023835473591
Test loss: 0.24054862133094243

=============== Epoch: 185
Adjusting learning rate of group 0 to 6.2539e-05.

Train loss: 0.12158983410508545
Test loss: 0.23461782346878732

=============== Epoch: 186
Adjusting learning rate of group 0 to 6.4707e-05.

Train loss: 0.12239708652098974
Test loss: 0.23578265947954996

=============== Epoch: 187
Adjusting learning rate of group 0 to 6.6894e-05.

Train loss: 0.12284165648398576
Test loss: 0.23336864369256155

=============== Epoch: 188
Adjusting learning rate of group 0 to 6.9098e-05.

Train loss: 0.12364885177877215
Test loss: 0.23391487768718175

=============== Epoch: 189
Adjusting learning rate of group 0 to 7.1320e-05.

Train loss: 0.1248097719417678
Test loss: 0.23868018708058766

=============== Epoch: 190
Adjusting learning rate of group 0 to 7.3557e-05.

Train loss: 0.1257588908628181
Test loss: 0.2346965324665819

=============== Epoch: 191
Adjusting learning rate of group 0 to 7.5808e-05.

Train loss: 0.1266203565729989
Test loss: 0.2338554241827556

=============== Epoch: 192
Adjusting learning rate of group 0 to 7.8072e-05.

Train loss: 0.12735842731263902
Test loss: 0.23347638813512667

=============== Epoch: 193
Adjusting learning rate of group 0 to 8.0348e-05.

Train loss: 0.1281177133873657
Test loss: 0.23400219955614635

=============== Epoch: 194
Adjusting learning rate of group 0 to 8.2635e-05.

Train loss: 0.12893359153359024
Test loss: 0.2376268394291401

=============== Epoch: 195
Adjusting learning rate of group 0 to 8.4931e-05.

Train loss: 0.1298932726184527
Test loss: 0.23279233436499322

=============== Epoch: 196
Adjusting learning rate of group 0 to 8.7236e-05.

Train loss: 0.1310254481103685
Test loss: 0.23047639376350812

=============== Epoch: 197
Adjusting learning rate of group 0 to 8.9547e-05.

Train loss: 0.13163534077229322
Test loss: 0.23353008606604167

=============== Epoch: 198
Adjusting learning rate of group 0 to 9.1864e-05.

Train loss: 0.13230972703960206
Test loss: 0.2330389315528529

=============== Epoch: 199
Adjusting learning rate of group 0 to 9.4186e-05.

Train loss: 0.13306516695905615
Test loss: 0.23106979046549117

