Adjusting learning rate of group 0 to 2.0000e-04.
Adjusting learning rate of group 0 to 2.0000e-04.
=============== Epoch: 0
Adjusting learning rate of group 0 to 2.0000e-05.
Adjusting learning rate of group 0 to 2.0000e-04.

Train loss_D: 1.1091569662094116
Train loss_G: 0.6086944341659546
Test loss_G: 0.5703681175197873

=============== Epoch: 1
Adjusting learning rate of group 0 to 2.0000e-06.
Adjusting learning rate of group 0 to 1.9999e-04.

Train loss_D: 3.0201120376586914
Train loss_G: 0.5401039123535156
Test loss_G: 0.5509347149303981

=============== Epoch: 2
Adjusting learning rate of group 0 to 2.0000e-07.
Adjusting learning rate of group 0 to 1.9999e-04.

Train loss_D: 2.0086538791656494
Train loss_G: 0.49115443229675293
Test loss_G: 0.5347466277224677

=============== Epoch: 3
Adjusting learning rate of group 0 to 2.0000e-08.
Adjusting learning rate of group 0 to 1.9998e-04.

Train loss_D: 2.0085930824279785
Train loss_G: 0.4496193826198578
Test loss_G: 0.5214528345635959

=============== Epoch: 4
Adjusting learning rate of group 0 to 2.0000e-09.
Adjusting learning rate of group 0 to 1.9996e-04.

Train loss_D: 2.030635356903076
Train loss_G: 0.4085947871208191
Test loss_G: 0.5085763611963817

=============== Epoch: 5
Adjusting learning rate of group 0 to 2.0000e-10.
Adjusting learning rate of group 0 to 1.9995e-04.

Train loss_D: 2.097799777984619
Train loss_G: 0.37366849184036255
Test loss_G: 0.5013414504272597

=============== Epoch: 6
Adjusting learning rate of group 0 to 2.0000e-11.
Adjusting learning rate of group 0 to 1.9993e-04.

Train loss_D: 2.1419270038604736
Train loss_G: 0.3410267233848572
Test loss_G: 0.4858868026307651

=============== Epoch: 7
Adjusting learning rate of group 0 to 2.0000e-12.
Adjusting learning rate of group 0 to 1.9990e-04.

Train loss_D: 2.224600315093994
Train loss_G: 0.31424272060394287
Test loss_G: 0.479534527020795

=============== Epoch: 8
Adjusting learning rate of group 0 to 2.0000e-13.
Adjusting learning rate of group 0 to 1.9988e-04.

Train loss_D: 2.2470147609710693
Train loss_G: 0.2907424569129944
Test loss_G: 0.46622555596487864

=============== Epoch: 9
Adjusting learning rate of group 0 to 2.0000e-14.
Adjusting learning rate of group 0 to 1.9985e-04.

Train loss_D: 2.3434009552001953
Train loss_G: 0.2711479067802429
Test loss_G: 0.45729540820632664

=============== Epoch: 10
Adjusting learning rate of group 0 to 2.0000e-15.
Adjusting learning rate of group 0 to 1.9982e-04.

Train loss_D: 2.3352112770080566
Train loss_G: 0.2564537525177002
Test loss_G: 0.4454667036022459

=============== Epoch: 11
Adjusting learning rate of group 0 to 2.0000e-16.
Adjusting learning rate of group 0 to 1.9978e-04.

Train loss_D: 2.435910224914551
Train loss_G: 0.23519890010356903
Test loss_G: 0.43770971574953627

=============== Epoch: 12
Adjusting learning rate of group 0 to 2.0000e-17.
Adjusting learning rate of group 0 to 1.9975e-04.

Train loss_D: 2.4609529972076416
Train loss_G: 0.2214893102645874
Test loss_G: 0.4259675709264619

=============== Epoch: 13
Adjusting learning rate of group 0 to 2.0000e-18.
Adjusting learning rate of group 0 to 1.9971e-04.

Train loss_D: 2.519071102142334
Train loss_G: 0.20850780606269836
Test loss_G: 0.4170436891061919

=============== Epoch: 14
Adjusting learning rate of group 0 to 2.0000e-19.
Adjusting learning rate of group 0 to 1.9966e-04.

Train loss_D: 2.5407497882843018
Train loss_G: 0.19896535575389862
Test loss_G: 0.40662708027022226

=============== Epoch: 15
Adjusting learning rate of group 0 to 2.0000e-20.
Adjusting learning rate of group 0 to 1.9962e-04.

Train loss_D: 2.6049201488494873
Train loss_G: 0.18607982993125916
Test loss_G: 0.39902354776859283

=============== Epoch: 16
Adjusting learning rate of group 0 to 2.0000e-21.
Adjusting learning rate of group 0 to 1.9957e-04.

Train loss_D: 2.6281723976135254
Train loss_G: 0.17655472457408905
Test loss_G: 0.3894972481897899

=============== Epoch: 17
Adjusting learning rate of group 0 to 2.0000e-22.
Adjusting learning rate of group 0 to 1.9951e-04.

Train loss_D: 2.6758840084075928
Train loss_G: 0.16880939900875092
Test loss_G: 0.38349025696516037

=============== Epoch: 18
Adjusting learning rate of group 0 to 2.0000e-23.
Adjusting learning rate of group 0 to 1.9946e-04.

Train loss_D: 2.683941125869751
Train loss_G: 0.16201132535934448
Test loss_G: 0.37540404924324583

=============== Epoch: 19
Adjusting learning rate of group 0 to 2.0000e-24.
Adjusting learning rate of group 0 to 1.9940e-04.

Train loss_D: 2.7467029094696045
Train loss_G: 0.15321952104568481
Test loss_G: 0.3683318155152457

=============== Epoch: 20
Adjusting learning rate of group 0 to 2.0000e-25.
Adjusting learning rate of group 0 to 1.9934e-04.

Train loss_D: 2.759939193725586
Train loss_G: 0.14768478274345398
Test loss_G: 0.3609416644488062

=============== Epoch: 21
Adjusting learning rate of group 0 to 2.0000e-26.
Adjusting learning rate of group 0 to 1.9927e-04.

Train loss_D: 2.8077292442321777
Train loss_G: 0.14198409020900726
Test loss_G: 0.3586144745349884

=============== Epoch: 22
Adjusting learning rate of group 0 to 2.0000e-27.
Adjusting learning rate of group 0 to 1.9921e-04.

Train loss_D: 2.7981467247009277
Train loss_G: 0.13890478014945984
Test loss_G: 0.34914727934769224

=============== Epoch: 23
Adjusting learning rate of group 0 to 2.0000e-28.
Adjusting learning rate of group 0 to 1.9914e-04.

Train loss_D: 2.860210418701172
Train loss_G: 0.13281962275505066
Test loss_G: 0.34704179955380304

=============== Epoch: 24
Adjusting learning rate of group 0 to 2.0000e-29.
Adjusting learning rate of group 0 to 1.9906e-04.

Train loss_D: 2.8530359268188477
Train loss_G: 0.12965694069862366
Test loss_G: 0.3392677126186235

=============== Epoch: 25
Adjusting learning rate of group 0 to 2.0000e-30.
Adjusting learning rate of group 0 to 1.9899e-04.

Train loss_D: 2.902651786804199
Train loss_G: 0.12657597661018372
Test loss_G: 0.33717641553708483

=============== Epoch: 26
Adjusting learning rate of group 0 to 2.0000e-31.
Adjusting learning rate of group 0 to 1.9891e-04.

Train loss_D: 2.8878557682037354
Train loss_G: 0.12360694259405136
Test loss_G: 0.33148435609681265

=============== Epoch: 27
Adjusting learning rate of group 0 to 2.0000e-32.
Adjusting learning rate of group 0 to 1.9882e-04.

Train loss_D: 2.9377281665802
Train loss_G: 0.12035959213972092
Test loss_G: 0.3294528179935047

=============== Epoch: 28
Adjusting learning rate of group 0 to 2.0000e-33.
Adjusting learning rate of group 0 to 1.9874e-04.

Train loss_D: 2.9185001850128174
Train loss_G: 0.11612355709075928
Test loss_G: 0.3222885365997042

=============== Epoch: 29
Adjusting learning rate of group 0 to 2.0000e-34.
Adjusting learning rate of group 0 to 1.9865e-04.

Train loss_D: 2.98492431640625
Train loss_G: 0.11388453096151352
Test loss_G: 0.32163834465401514

=============== Epoch: 30
Adjusting learning rate of group 0 to 2.0000e-35.
Adjusting learning rate of group 0 to 1.9856e-04.

Train loss_D: 2.931218147277832
Train loss_G: 0.1112799271941185
Test loss_G: 0.31615425859178814

=============== Epoch: 31
Adjusting learning rate of group 0 to 2.0000e-36.
Adjusting learning rate of group 0 to 1.9846e-04.

Train loss_D: 3.0128061771392822
Train loss_G: 0.10926924645900726
Test loss_G: 0.31615866827113287

=============== Epoch: 32
Adjusting learning rate of group 0 to 2.0000e-37.
Adjusting learning rate of group 0 to 1.9837e-04.

Train loss_D: 2.9447429180145264
Train loss_G: 0.10700163245201111
Test loss_G: 0.3102997701082911

=============== Epoch: 33
Adjusting learning rate of group 0 to 2.0000e-38.
Adjusting learning rate of group 0 to 1.9827e-04.

Train loss_D: 3.044306755065918
Train loss_G: 0.10396939516067505
Test loss_G: 0.31028028577566147

=============== Epoch: 34
Adjusting learning rate of group 0 to 2.0000e-39.
Adjusting learning rate of group 0 to 1.9816e-04.

Train loss_D: 2.9687981605529785
Train loss_G: 0.10176834464073181
Test loss_G: 0.30563798546791077

=============== Epoch: 35
Adjusting learning rate of group 0 to 2.0000e-40.
Adjusting learning rate of group 0 to 1.9806e-04.

Train loss_D: 3.0525851249694824
Train loss_G: 0.10128100216388702
Test loss_G: 0.3048890765224184

=============== Epoch: 36
Adjusting learning rate of group 0 to 2.0000e-41.
Adjusting learning rate of group 0 to 1.9795e-04.

Train loss_D: 2.985347270965576
Train loss_G: 0.09936229884624481
Test loss_G: 0.301756922687803

=============== Epoch: 37
Adjusting learning rate of group 0 to 2.0000e-42.
Adjusting learning rate of group 0 to 1.9784e-04.

Train loss_D: 3.0578575134277344
Train loss_G: 0.09814232587814331
Test loss_G: 0.30068053411585943

=============== Epoch: 38
Adjusting learning rate of group 0 to 2.0000e-43.
Adjusting learning rate of group 0 to 1.9772e-04.

Train loss_D: 3.012038469314575
Train loss_G: 0.09497293084859848
Test loss_G: 0.2977550764169012

=============== Epoch: 39
Adjusting learning rate of group 0 to 2.0000e-44.
Adjusting learning rate of group 0 to 1.9760e-04.

Train loss_D: 3.0695672035217285
Train loss_G: 0.09461208432912827
Test loss_G: 0.29689412244728636

=============== Epoch: 40
Adjusting learning rate of group 0 to 2.0000e-45.
Adjusting learning rate of group 0 to 1.9748e-04.

Train loss_D: 3.0115749835968018
Train loss_G: 0.09375691413879395
Test loss_G: 0.2936638817191124

=============== Epoch: 41
Adjusting learning rate of group 0 to 2.0000e-46.
Adjusting learning rate of group 0 to 1.9736e-04.

Train loss_D: 3.0852510929107666
Train loss_G: 0.0912865400314331
Test loss_G: 0.2929723007338388

=============== Epoch: 42
Adjusting learning rate of group 0 to 2.0000e-47.
Adjusting learning rate of group 0 to 1.9723e-04.

Train loss_D: 3.0200867652893066
Train loss_G: 0.09008436650037766
Test loss_G: 0.28983334664787563

=============== Epoch: 43
Adjusting learning rate of group 0 to 2.0000e-48.
Adjusting learning rate of group 0 to 1.9710e-04.

Train loss_D: 3.0953996181488037
Train loss_G: 0.0883873850107193
Test loss_G: 0.28866904441799435

=============== Epoch: 44
Adjusting learning rate of group 0 to 2.0000e-49.
Adjusting learning rate of group 0 to 1.9697e-04.

Train loss_D: 3.022810935974121
Train loss_G: 0.08749932050704956
Test loss_G: 0.2864285036921501

=============== Epoch: 45
Adjusting learning rate of group 0 to 2.0000e-50.
Adjusting learning rate of group 0 to 1.9684e-04.

Train loss_D: 3.108334541320801
Train loss_G: 0.0849832147359848
Test loss_G: 0.28604287867035183

=============== Epoch: 46
Adjusting learning rate of group 0 to 2.0000e-51.
Adjusting learning rate of group 0 to 1.9670e-04.

Train loss_D: 3.0369467735290527
Train loss_G: 0.08397518843412399
Test loss_G: 0.28296072355338503

=============== Epoch: 47
Adjusting learning rate of group 0 to 2.0000e-52.
Adjusting learning rate of group 0 to 1.9656e-04.

Train loss_D: 3.112839698791504
Train loss_G: 0.0840032622218132
Test loss_G: 0.28194952436855863

=============== Epoch: 48
Adjusting learning rate of group 0 to 2.0000e-53.
Adjusting learning rate of group 0 to 1.9641e-04.

Train loss_D: 3.045523166656494
Train loss_G: 0.08362331241369247
Test loss_G: 0.2821948304772377

=============== Epoch: 49
Adjusting learning rate of group 0 to 2.0000e-54.
Adjusting learning rate of group 0 to 1.9627e-04.

Train loss_D: 3.1281089782714844
Train loss_G: 0.08319990336894989
Test loss_G: 0.2813926360436848

