Adjusting learning rate of group 0 to 2.0000e-04.
Adjusting learning rate of group 0 to 2.0000e-04.
=============== Epoch: 0

Train loss_D: 620.8558140594978
Train loss_G: 0.0
Test loss_G: 0.5934729278087616

=============== Epoch: 1

Train loss_D: 6.4314491577097215
Train loss_G: 0.0
Test loss_G: 0.6117826317037854

=============== Epoch: 2

Train loss_D: 32.786509010318696
Train loss_G: 0.0
Test loss_G: 0.6126271103109632

=============== Epoch: 3

Train loss_D: 0.1828000564055401
Train loss_G: 0.0
Test loss_G: 0.6126432716846466

=============== Epoch: 4

Train loss_D: 0.009059846124955584
Train loss_G: 0.0
Test loss_G: 0.6126435824802944

=============== Epoch: 5

Train loss_D: 0.00037364841223830325
Train loss_G: 0.0
Test loss_G: 0.6126435824802944

=============== Epoch: 6

Train loss_D: 1.2032686756979771e-06
Train loss_G: 0.0
Test loss_G: 0.6126435824802944

=============== Epoch: 7

Train loss_D: 2.4773178164405607e-07
Train loss_G: 0.0
Test loss_G: 0.6126435824802944

=============== Epoch: 8

Train loss_D: 8.139755673930438e-07
Train loss_G: 0.0
Test loss_G: 0.6126435824802944

=============== Epoch: 9

Train loss_D: 4228.218910092078
Train loss_G: 8.974554574803301
Test loss_G: 0.5813037071909223

=============== Epoch: 10

Train loss_D: 430.2093903720379
Train loss_G: 0.0
Test loss_G: 0.5762895090239388

=============== Epoch: 11

Train loss_D: 404.9698199406266
Train loss_G: 0.0
Test loss_G: 0.5762245910508292

=============== Epoch: 12

Train loss_D: 264.9026839323342
Train loss_G: 0.0
Test loss_G: 0.5762234117303576

=============== Epoch: 13

Train loss_D: 374.0311844481621
Train loss_G: 0.0
Test loss_G: 0.5762233989579337

=============== Epoch: 14

Train loss_D: 236.2333562709391
Train loss_G: 0.0
Test loss_G: 0.5762233989579337

=============== Epoch: 15

Train loss_D: 135.0040568090044
Train loss_G: 0.0
Test loss_G: 0.5762233989579337

=============== Epoch: 16

Train loss_D: 176.6544015337713
Train loss_G: 0.0
Test loss_G: 0.5762233989579337

=============== Epoch: 17

Train loss_D: 99.30975544685498
Train loss_G: 0.0
Test loss_G: 0.5762233989579337

=============== Epoch: 18

Train loss_D: 243.58113546227105
Train loss_G: 0.0
Test loss_G: 0.5762233989579337

=============== Epoch: 19

Train loss_D: 537.3234007433057
Train loss_G: 3.226644680688256
Test loss_G: 0.5820347879614148

=============== Epoch: 20

Train loss_D: 623.6207371652126
Train loss_G: 0.0
Test loss_G: 0.5745990489210401

=============== Epoch: 21

Train loss_D: 392.336134493351
Train loss_G: 0.0
Test loss_G: 0.5744947493076324

=============== Epoch: 22

Train loss_D: 279.6649350966327
Train loss_G: 0.0
Test loss_G: 0.5744928504739489

=============== Epoch: 23

Train loss_D: 100.86425757873803
Train loss_G: 0.0
Test loss_G: 0.5744928164141518

=============== Epoch: 24

Train loss_D: 188.64671579259448
Train loss_G: 0.0
Test loss_G: 0.5744928206716265

=============== Epoch: 25

Train loss_D: 20.83911198331043
Train loss_G: 0.0
Test loss_G: 0.5744928121566772

=============== Epoch: 26

Train loss_D: 243.4955409496324
Train loss_G: 0.0
Test loss_G: 0.5744928121566772

=============== Epoch: 27

Train loss_D: 156.7987048116047
Train loss_G: 0.0
Test loss_G: 0.5744928121566772

=============== Epoch: 28

Train loss_D: 48.77919692557771
Train loss_G: 0.0
Test loss_G: 0.5744928121566772

=============== Epoch: 29

Train loss_D: 777.9424621043727
Train loss_G: 3.649252646847775
Test loss_G: 0.5880766681262425

=============== Epoch: 30

Train loss_D: 555.0210116505623
Train loss_G: 0.0
Test loss_G: 0.5828411451407841

=============== Epoch: 31

Train loss_D: 336.88240556791425
Train loss_G: 0.0
Test loss_G: 0.582763420683997

=============== Epoch: 32

Train loss_D: 112.26073694881052
Train loss_G: 0.0
Test loss_G: 0.5827620072024209

=============== Epoch: 33

Train loss_D: 432.8758432129398
Train loss_G: 0.0
Test loss_G: 0.5827619731426239

=============== Epoch: 34

Train loss_D: 15.13184729591012
Train loss_G: 0.0
Test loss_G: 0.5827619688851493

=============== Epoch: 35

Train loss_D: 108.57943153032102
Train loss_G: 0.0
Test loss_G: 0.5827619731426239

=============== Epoch: 36

Train loss_D: 434.7256194477086
Train loss_G: 0.0
Test loss_G: 0.5827619731426239

=============== Epoch: 37

Train loss_D: 9.262460589408875
Train loss_G: 0.0
Test loss_G: 0.5827619731426239

=============== Epoch: 38

Train loss_D: 198.90297026536427
Train loss_G: 0.0
Test loss_G: 0.5827619731426239

=============== Epoch: 39

Train loss_D: 803.5679407715797
Train loss_G: 5.128758022659703
Test loss_G: 0.583567236151014

=============== Epoch: 40

Train loss_D: 365.31822894513607
Train loss_G: 0.0
Test loss_G: 0.5766899585723877

=============== Epoch: 41

Train loss_D: 320.09702767804265
Train loss_G: 0.0
Test loss_G: 0.5765785532338279

=============== Epoch: 42

Train loss_D: 248.49873702134937
Train loss_G: 0.0
Test loss_G: 0.5765765351908547

=============== Epoch: 43

Train loss_D: 29.032529950141907
Train loss_G: 0.0
Test loss_G: 0.5765764926161084

=============== Epoch: 44

Train loss_D: 296.34371244255453
Train loss_G: 0.0
Test loss_G: 0.5765764968735831

=============== Epoch: 45

Train loss_D: 130.5027648806572
Train loss_G: 0.0
Test loss_G: 0.5765764968735831

=============== Epoch: 46

Train loss_D: 258.58611345710233
Train loss_G: 0.0
Test loss_G: 0.5765764968735831

=============== Epoch: 47

Train loss_D: 248.17685141647235
Train loss_G: 0.0
Test loss_G: 0.5765764968735831

=============== Epoch: 48

Train loss_D: 124.9667457677424
Train loss_G: 0.0
Test loss_G: 0.5765764968735831

=============== Epoch: 49

Train loss_D: 954.5046893134713
Train loss_G: 4.724710317034471
Test loss_G: 0.5784091523715428

=============== Epoch: 50

Train loss_D: 251.01811754144728
Train loss_G: 0.0
Test loss_G: 0.5738749163491386

=============== Epoch: 51

Train loss_D: 189.13108275597915
Train loss_G: 0.0
Test loss_G: 0.5738008660929543

=============== Epoch: 52

Train loss_D: 35.95029112091288
Train loss_G: 0.0
Test loss_G: 0.5737995164734977

=============== Epoch: 53

Train loss_D: 120.46996593358926
Train loss_G: 0.0
Test loss_G: 0.5737994909286499

=============== Epoch: 54

Train loss_D: 78.75785618880764
Train loss_G: 0.0
Test loss_G: 0.5737994951861245

=============== Epoch: 55

Train loss_D: 108.01403227658011
Train loss_G: 0.0
Test loss_G: 0.5737994951861245

=============== Epoch: 56

Train loss_D: 8.239856175641762
Train loss_G: 0.0
Test loss_G: 0.5737994951861245

=============== Epoch: 57

Train loss_D: 217.13240478630178
Train loss_G: 0.0
Test loss_G: 0.5737994951861245

=============== Epoch: 58

Train loss_D: 3.662451490323292
Train loss_G: 0.0
Test loss_G: 0.5737994951861245

=============== Epoch: 59

Train loss_D: 797.0958431456238
Train loss_G: 6.212072381847783
Test loss_G: 0.5960937780993325

=============== Epoch: 60

Train loss_D: 212.63774167001247
Train loss_G: 0.0
Test loss_G: 0.5886562381471906

=============== Epoch: 61

Train loss_D: 9.686344845686108
Train loss_G: 0.0
Test loss_G: 0.5885363391467503

=============== Epoch: 62

Train loss_D: 82.98513563070446
Train loss_G: 0.0
Test loss_G: 0.588534163577216

=============== Epoch: 63

Train loss_D: 26.981371656409465
Train loss_G: 0.0
Test loss_G: 0.5885341124875205

=============== Epoch: 64

Train loss_D: 0.9149646343430504
Train loss_G: 0.0
Test loss_G: 0.5885341124875205

=============== Epoch: 65

Train loss_D: 47.14605285466678
Train loss_G: 0.0
Test loss_G: 0.5885341082300458

=============== Epoch: 66

Train loss_D: 0.7144749114231672
Train loss_G: 0.0
Test loss_G: 0.5885341082300458

=============== Epoch: 67

Train loss_D: 318.41788785237077
Train loss_G: 0.0
Test loss_G: 0.5885341082300458

=============== Epoch: 68

Train loss_D: 1.79328428305962
Train loss_G: 0.0
Test loss_G: 0.5885341082300458

=============== Epoch: 69

Train loss_D: 1311.193500197318
Train loss_G: 6.505163569199412
Test loss_G: 0.5945710326944079

=============== Epoch: 70

Train loss_D: 248.96503557264805
Train loss_G: 0.0
Test loss_G: 0.5875974212374006

=============== Epoch: 71

Train loss_D: 201.6938158236444
Train loss_G: 0.0
Test loss_G: 0.58747940829822

=============== Epoch: 72

Train loss_D: 144.69286593142897
Train loss_G: 0.0
Test loss_G: 0.5874772497585842

=============== Epoch: 73

Train loss_D: 136.76660849014297
Train loss_G: 0.0
Test loss_G: 0.5874772156987872

=============== Epoch: 74

Train loss_D: 108.578457984142
Train loss_G: 0.0
Test loss_G: 0.5874772242137364

=============== Epoch: 75

Train loss_D: 34.35672198422253
Train loss_G: 0.0
Test loss_G: 0.5874772242137364

=============== Epoch: 76

Train loss_D: 79.160996011924
Train loss_G: 0.0
Test loss_G: 0.5874772242137364

=============== Epoch: 77

Train loss_D: 179.77792318654247
Train loss_G: 0.0
Test loss_G: 0.5874772242137364

=============== Epoch: 78

Train loss_D: 8.974308728356846
Train loss_G: 0.0
Test loss_G: 0.5874772242137364

=============== Epoch: 79

Train loss_D: 414.9345580038498
Train loss_G: 8.461463664707384
Test loss_G: 0.574621570961816

=============== Epoch: 80

Train loss_D: 309.1523592909798
Train loss_G: 0.0
Test loss_G: 0.5895228343350547

=============== Epoch: 81

Train loss_D: 36.683425589464605
Train loss_G: 0.0
Test loss_G: 0.5898647648947579

=============== Epoch: 82

Train loss_D: 6.198672096885275
Train loss_G: 0.0
Test loss_G: 0.5898710446698325

=============== Epoch: 83

Train loss_D: 296.2370452587493
Train loss_G: 0.0
Test loss_G: 0.5898711638791221

=============== Epoch: 84

Train loss_D: 2.423487783060409
Train loss_G: 0.0
Test loss_G: 0.5898711638791221

=============== Epoch: 85

Train loss_D: 59.988890455279034
Train loss_G: 0.0
Test loss_G: 0.5898711638791221

=============== Epoch: 86

Train loss_D: 2.3773977176169865
Train loss_G: 0.0
Test loss_G: 0.5898711638791221

=============== Epoch: 87

Train loss_D: 77.79976013738633
Train loss_G: 0.0
Test loss_G: 0.5898711638791221

=============== Epoch: 88

Train loss_D: 2.1853254171146546
Train loss_G: 0.0
Test loss_G: 0.5898711638791221

=============== Epoch: 89

Train loss_D: 854.8150415499695
Train loss_G: 8.983393408750233
Test loss_G: 0.552950667483466

=============== Epoch: 90

Train loss_D: 138.44692852720618
Train loss_G: 0.0
Test loss_G: 0.5585551176752362

=============== Epoch: 91

Train loss_D: 67.1289906410966
Train loss_G: 0.0
Test loss_G: 0.5587097874709538

=============== Epoch: 92

Train loss_D: 116.82309090730269
Train loss_G: 0.0
Test loss_G: 0.5587126272065299

=============== Epoch: 93

Train loss_D: 21.077737122774124
Train loss_G: 0.0
Test loss_G: 0.5587126697812762

=============== Epoch: 94

Train loss_D: 79.26393292541616
Train loss_G: 0.0
Test loss_G: 0.5587126697812762

=============== Epoch: 95

Train loss_D: 16.070009983261116
Train loss_G: 0.0
Test loss_G: 0.5587126697812762

=============== Epoch: 96

Train loss_D: 3.7705299906083383
Train loss_G: 0.0
Test loss_G: 0.5587126697812762

=============== Epoch: 97

Train loss_D: 78.08604214020306
Train loss_G: 0.0
Test loss_G: 0.5587126697812762

=============== Epoch: 98

Train loss_D: 2.083899918681709
Train loss_G: 0.0
Test loss_G: 0.5587126697812762

=============== Epoch: 99

Train loss_D: 521.6342820706777
Train loss_G: 7.3135266335386975
Test loss_G: 0.5624326382364545

=============== Epoch: 100

Train loss_D: 97.0879950420931
Train loss_G: 0.0
Test loss_G: 0.5627890271799905

=============== Epoch: 101

Train loss_D: 115.5253401104128
Train loss_G: 0.0
Test loss_G: 0.5628075088773455

=============== Epoch: 102

Train loss_D: 14.452823082800023
Train loss_G: 0.0
Test loss_G: 0.5628078324454171

=============== Epoch: 103

Train loss_D: 18.209738345001824
Train loss_G: 0.0
Test loss_G: 0.5628078367028918

=============== Epoch: 104

Train loss_D: 26.45500654928037
Train loss_G: 0.0
Test loss_G: 0.5628078367028918

=============== Epoch: 105

Train loss_D: 124.90060754260048
Train loss_G: 0.0
Test loss_G: 0.5628078367028918

=============== Epoch: 106

Train loss_D: 1.061377317237202
Train loss_G: 0.0
Test loss_G: 0.5628078367028918

=============== Epoch: 107

Train loss_D: 0.143571985696326
Train loss_G: 0.0
Test loss_G: 0.5628078367028918

=============== Epoch: 108

Train loss_D: 37.840390765170014
Train loss_G: 0.0
Test loss_G: 0.5628078367028918

=============== Epoch: 109

Train loss_D: 631.8391592538683
Train loss_G: 6.514715390770059
Test loss_G: 0.5480183660984039

=============== Epoch: 110

Train loss_D: 117.46438864991069
Train loss_G: 0.0
Test loss_G: 0.542742154427937

=============== Epoch: 111

Train loss_D: 77.72659731144086
Train loss_G: 0.0
Test loss_G: 0.5426601384367261

=============== Epoch: 112

Train loss_D: 76.1611495235702
Train loss_G: 0.0
Test loss_G: 0.5426586483206067

=============== Epoch: 113

Train loss_D: 37.31834662472829
Train loss_G: 0.0
Test loss_G: 0.5426586185182843

=============== Epoch: 114

Train loss_D: 18.707870727404952
Train loss_G: 0.0
Test loss_G: 0.5426586185182843

=============== Epoch: 115

Train loss_D: 250.7063089508447
Train loss_G: 0.0
Test loss_G: 0.5426586185182843

=============== Epoch: 116

Train loss_D: 12.83246031589806
Train loss_G: 0.0
Test loss_G: 0.5426586185182843

=============== Epoch: 117

Train loss_D: 28.584550251747714
Train loss_G: 0.0
Test loss_G: 0.5426586185182843

=============== Epoch: 118

Train loss_D: 29.644471093430184
Train loss_G: 0.0
Test loss_G: 0.5426586185182843

=============== Epoch: 119

Train loss_D: 335.1148523890006
Train loss_G: 7.6456367153870435
Test loss_G: 0.573198356798717

=============== Epoch: 120

Train loss_D: 134.0703109651804
Train loss_G: 0.0
Test loss_G: 0.5759151961122241

=============== Epoch: 121

Train loss_D: 183.24218677170575
Train loss_G: 0.0
Test loss_G: 0.5759882373469216

=============== Epoch: 122

Train loss_D: 10.153671103529632
Train loss_G: 0.0
Test loss_G: 0.5759895827089038

=============== Epoch: 123

Train loss_D: 135.31863848509965
Train loss_G: 0.0
Test loss_G: 0.5759895997388023

=============== Epoch: 124

Train loss_D: 2.211068277945742
Train loss_G: 0.0
Test loss_G: 0.5759895997388023

=============== Epoch: 125

Train loss_D: 0.9964924369705841
Train loss_G: 0.0
Test loss_G: 0.5759895997388023

=============== Epoch: 126

Train loss_D: 96.36131968046539
Train loss_G: 0.0
Test loss_G: 0.5759895997388023

=============== Epoch: 127

Train loss_D: 0.6622899338399293
Train loss_G: 0.0
Test loss_G: 0.5759895997388023

=============== Epoch: 128

Train loss_D: 146.07359808127512
Train loss_G: 0.0
Test loss_G: 0.5759895997388023

=============== Epoch: 129

Train loss_D: 373.5672334145056
Train loss_G: 8.870726045809294
Test loss_G: 0.5914358624390194

=============== Epoch: 130

Train loss_D: 178.5240461578942
Train loss_G: 0.0
Test loss_G: 0.5889431536197662

=============== Epoch: 131

Train loss_D: 16.208591725560836
Train loss_G: 0.0
Test loss_G: 0.5889055388314384

=============== Epoch: 132

Train loss_D: 177.54619025834836
Train loss_G: 0.0
Test loss_G: 0.588904857635498

=============== Epoch: 133

Train loss_D: 39.944664117414504
Train loss_G: 0.0
Test loss_G: 0.5889048406055996

=============== Epoch: 134

Train loss_D: 81.84542811021674
Train loss_G: 0.0
Test loss_G: 0.5889048406055996

=============== Epoch: 135

Train loss_D: 34.429271630127914
Train loss_G: 0.0
Test loss_G: 0.5889048406055996

=============== Epoch: 136

Train loss_D: 2.244661476550391
Train loss_G: 0.0
Test loss_G: 0.5889048406055996

=============== Epoch: 137

Train loss_D: 397.22755738766864
Train loss_G: 0.0
Test loss_G: 0.5889048406055996

=============== Epoch: 138

Train loss_D: 1.6781625153380446
Train loss_G: 0.0
Test loss_G: 0.5889048406055996

=============== Epoch: 139

Train loss_D: 329.465507207904
Train loss_G: 7.699504231151781
Test loss_G: 0.5651279006685529

=============== Epoch: 140

Train loss_D: 30.400768970139325
Train loss_G: 0.0
Test loss_G: 0.5669703441006797

=============== Epoch: 141

Train loss_D: 121.47082148282789
Train loss_G: 0.0
Test loss_G: 0.567022442817688

=============== Epoch: 142

Train loss_D: 83.81014196772594
Train loss_G: 0.0
Test loss_G: 0.5670234050069537

=============== Epoch: 143

Train loss_D: 17.09002170729218
Train loss_G: 0.0
Test loss_G: 0.5670234220368522

=============== Epoch: 144

Train loss_D: 63.222826767363586
Train loss_G: 0.0
Test loss_G: 0.5670234220368522

=============== Epoch: 145

Train loss_D: 30.898235430649947
Train loss_G: 0.0
Test loss_G: 0.5670234220368522

=============== Epoch: 146

Train loss_D: 41.834160688798875
Train loss_G: 0.0
Test loss_G: 0.5670234220368522

=============== Epoch: 147

Train loss_D: 52.24165533276391
Train loss_G: 0.0
Test loss_G: 0.5670234220368522

=============== Epoch: 148

Train loss_D: 2.4310442257556133
Train loss_G: 0.0
Test loss_G: 0.5670234220368522

=============== Epoch: 149

Train loss_D: 406.576358217746
Train loss_G: 6.071400003997903
Test loss_G: 0.5659749976226262

=============== Epoch: 150

Train loss_D: 139.36743637965992
Train loss_G: 0.0
Test loss_G: 0.5759871559483665

=============== Epoch: 151

Train loss_D: 116.62910495104734
Train loss_G: 0.0
Test loss_G: 0.5761932262352535

=============== Epoch: 152

Train loss_D: 173.7059061989421
Train loss_G: 0.0
Test loss_G: 0.5761970111301967

=============== Epoch: 153

Train loss_D: 36.68372679152526
Train loss_G: 0.0
Test loss_G: 0.5761970749923161

=============== Epoch: 154

Train loss_D: 448.4530756152817
Train loss_G: 0.0
Test loss_G: 0.5761970707348415

=============== Epoch: 155

Train loss_D: 10.197042585583404
Train loss_G: 0.0
Test loss_G: 0.5761970707348415

=============== Epoch: 156

Train loss_D: 2.436563794326503
Train loss_G: 0.0
Test loss_G: 0.5761970707348415

=============== Epoch: 157

Train loss_D: 141.97220960940467
Train loss_G: 0.0
Test loss_G: 0.5761970707348415

=============== Epoch: 158

Train loss_D: 0.8677910922851879
Train loss_G: 0.0
Test loss_G: 0.5761970707348415

=============== Epoch: 159

Train loss_D: 494.004447242929
Train loss_G: 7.1954999934685855
Test loss_G: 0.5498566244329725

=============== Epoch: 160

Train loss_D: 101.30401628778782
Train loss_G: 0.0
Test loss_G: 0.548339422260012

=============== Epoch: 161

Train loss_D: 2.1373522096473607
Train loss_G: 0.0
Test loss_G: 0.5483594068459102

=============== Epoch: 162

Train loss_D: 0.22752294324163813
Train loss_G: 0.0
Test loss_G: 0.548359785761152

=============== Epoch: 163

Train loss_D: 0.0664581219853062
Train loss_G: 0.0
Test loss_G: 0.5483597942761013

=============== Epoch: 164

Train loss_D: 69.22739301578372
Train loss_G: 0.0
Test loss_G: 0.5483597985335759

=============== Epoch: 165

Train loss_D: 0.13022444140688094
Train loss_G: 0.0
Test loss_G: 0.5483597985335759

=============== Epoch: 166

Train loss_D: 0.01921172087781997
Train loss_G: 0.0
Test loss_G: 0.5483597985335759

=============== Epoch: 167

Train loss_D: 0.005339423272062049
Train loss_G: 0.0
Test loss_G: 0.5483597985335759

=============== Epoch: 168

Train loss_D: 150.59451133819113
Train loss_G: 0.0
Test loss_G: 0.5483597985335759

=============== Epoch: 169

Train loss_D: 417.9529931244906
Train loss_G: 6.2917474257318595
Test loss_G: 0.5869107033525195

=============== Epoch: 170

Train loss_D: 173.53296123072505
Train loss_G: 0.0
Test loss_G: 0.5875802210399083

=============== Epoch: 171

Train loss_D: 440.8167148709763
Train loss_G: 0.0
Test loss_G: 0.5876458670411792

=============== Epoch: 172

Train loss_D: 18.16451737470925
Train loss_G: 0.0
Test loss_G: 0.587647088936397

=============== Epoch: 173

Train loss_D: 180.45194068568526
Train loss_G: 0.0
Test loss_G: 0.5876471102237701

=============== Epoch: 174

Train loss_D: 2.4300619547721
Train loss_G: 0.0
Test loss_G: 0.5876471102237701

=============== Epoch: 175

Train loss_D: 175.62757067551138
Train loss_G: 0.0
Test loss_G: 0.5876471102237701

=============== Epoch: 176

Train loss_D: 2.231420035182964
Train loss_G: 0.0
Test loss_G: 0.5876471102237701

=============== Epoch: 177

Train loss_D: 99.69500769076694
Train loss_G: 0.0
Test loss_G: 0.5876471102237701

=============== Epoch: 178

Train loss_D: 96.72275972901843
Train loss_G: 0.0
Test loss_G: 0.5876471102237701

=============== Epoch: 179

Train loss_D: 234.63972683809698
Train loss_G: 6.465737383616598
Test loss_G: 0.5664440946919578

=============== Epoch: 180

Train loss_D: 269.2532769674435
Train loss_G: 0.0
Test loss_G: 0.5768929379326957

=============== Epoch: 181

Train loss_D: 345.4509951979853
Train loss_G: 0.0
Test loss_G: 0.577145401920591

=============== Epoch: 182

Train loss_D: 31.16230368707329
Train loss_G: 0.0
Test loss_G: 0.5771500468254089

=============== Epoch: 183

Train loss_D: 506.3621579563478
Train loss_G: 0.0
Test loss_G: 0.5771501192024776

=============== Epoch: 184

Train loss_D: 8.699438342242502
Train loss_G: 0.0
Test loss_G: 0.5771501277174268

=============== Epoch: 185

Train loss_D: 420.40788157461793
Train loss_G: 0.0
Test loss_G: 0.5771501277174268

=============== Epoch: 186

Train loss_D: 6.051481768372469
Train loss_G: 0.0
Test loss_G: 0.5771501277174268

=============== Epoch: 187

Train loss_D: 1.580506169499131
Train loss_G: 0.0
Test loss_G: 0.5771501277174268

=============== Epoch: 188

Train loss_D: 189.39521742000943
Train loss_G: 0.0
Test loss_G: 0.5771501277174268

=============== Epoch: 189

Train loss_D: 193.04187652259134
Train loss_G: 5.716549216916687
Test loss_G: 0.5654605882508414

=============== Epoch: 190

Train loss_D: 94.01806411356665
Train loss_G: 0.0
Test loss_G: 0.5653930604457855

=============== Epoch: 191

Train loss_D: 161.15573589201085
Train loss_G: 0.0
Test loss_G: 0.5654014689581734

=============== Epoch: 192

Train loss_D: 39.469781367108226
Train loss_G: 0.0
Test loss_G: 0.5654016179697854

=============== Epoch: 193

Train loss_D: 135.4550953117141
Train loss_G: 0.0
Test loss_G: 0.5654016264847347

=============== Epoch: 194

Train loss_D: 12.431540687335655
Train loss_G: 0.0
Test loss_G: 0.5654016264847347

=============== Epoch: 195

Train loss_D: 51.004940713435644
Train loss_G: 0.0
Test loss_G: 0.5654016264847347

=============== Epoch: 196

Train loss_D: 37.71188800386153
Train loss_G: 0.0
Test loss_G: 0.5654016264847347

=============== Epoch: 197

Train loss_D: 82.02546551558771
Train loss_G: 0.0
Test loss_G: 0.5654016264847347

=============== Epoch: 198

Train loss_D: 32.55494077736512
Train loss_G: 0.0
Test loss_G: 0.5654016264847347

=============== Epoch: 199

Train loss_D: 164.1206913352944
Train loss_G: 6.422285318374634
Test loss_G: 0.5539467675345284

=============== Epoch: 200

Train loss_D: 241.836696873419
Train loss_G: 0.0
Test loss_G: 0.5706668240683419

=============== Epoch: 201

Train loss_D: 282.56166642624885
Train loss_G: 0.0
Test loss_G: 0.5710242688655853

=============== Epoch: 202

Train loss_D: 28.5066973939538
Train loss_G: 0.0
Test loss_G: 0.5710308040891375

=============== Epoch: 203

Train loss_D: 110.0000283443369
Train loss_G: 0.0
Test loss_G: 0.5710309190409524

=============== Epoch: 204

Train loss_D: 580.1240226451773
Train loss_G: 0.0
Test loss_G: 0.5710309232984271

=============== Epoch: 205

Train loss_D: 6.23748000850901
Train loss_G: 0.0
Test loss_G: 0.5710309232984271

=============== Epoch: 206

Train loss_D: 350.32811307691736
Train loss_G: 0.0
Test loss_G: 0.5710309232984271

=============== Epoch: 207

Train loss_D: 9.817914384417236
Train loss_G: 0.0
Test loss_G: 0.5710309232984271

=============== Epoch: 208

Train loss_D: 121.93758567093755
Train loss_G: 0.0
Test loss_G: 0.5710309232984271

=============== Epoch: 209

Train loss_D: 159.83985532296356
Train loss_G: 6.686228287847419
Test loss_G: 0.5544771764959607

=============== Epoch: 210

Train loss_D: 158.20610332663637
Train loss_G: 0.0
Test loss_G: 0.5479967381272998

=============== Epoch: 211

Train loss_D: 8.224705808097497
Train loss_G: 0.0
Test loss_G: 0.5478992164134979

=============== Epoch: 212

Train loss_D: 135.45191686344333
Train loss_G: 0.0
Test loss_G: 0.5478974453040532

=============== Epoch: 213

Train loss_D: 85.94952949916478
Train loss_G: 0.0
Test loss_G: 0.5478974112442562

=============== Epoch: 214

Train loss_D: 184.07351245178143
Train loss_G: 0.0
Test loss_G: 0.5478973984718323

=============== Epoch: 215

Train loss_D: 57.48926357383607
Train loss_G: 0.0
Test loss_G: 0.5478973984718323

=============== Epoch: 216

Train loss_D: 8.654338675376493
Train loss_G: 0.0
Test loss_G: 0.5478973984718323

=============== Epoch: 217

Train loss_D: 60.77211338834604
Train loss_G: 0.0
Test loss_G: 0.5478973984718323

=============== Epoch: 218

Train loss_D: 3.751120068220189
Train loss_G: 0.0
Test loss_G: 0.5478973984718323

=============== Epoch: 219

Train loss_D: 1135.6196126057766
Train loss_G: 6.807148889491432
Test loss_G: 0.5804104166371482

=============== Epoch: 220

Train loss_D: 366.6012577265501
Train loss_G: 0.0
Test loss_G: 0.5887029298714229

=============== Epoch: 221

Train loss_D: 276.3960694372654
Train loss_G: 0.0
Test loss_G: 0.5888711341789791

=============== Epoch: 222

Train loss_D: 172.56002119835466
Train loss_G: 0.0
Test loss_G: 0.5888742080756596

=============== Epoch: 223

Train loss_D: 283.0523234284483
Train loss_G: 0.0
Test loss_G: 0.588874271937779

=============== Epoch: 224

Train loss_D: 44.69763322733343
Train loss_G: 0.0
Test loss_G: 0.588874271937779

=============== Epoch: 225

Train loss_D: 142.80965743027627
Train loss_G: 0.0
Test loss_G: 0.588874271937779

=============== Epoch: 226

Train loss_D: 238.6156228663167
Train loss_G: 0.0
Test loss_G: 0.588874271937779

=============== Epoch: 227

Train loss_D: 25.235088697634637
Train loss_G: 0.0
Test loss_G: 0.588874271937779

=============== Epoch: 228

Train loss_D: 150.78412118926644
Train loss_G: 0.0
Test loss_G: 0.588874271937779

=============== Epoch: 229

Train loss_D: 221.32546375552192
Train loss_G: 6.292903333902359
Test loss_G: 0.532774133341653

=============== Epoch: 230

Train loss_D: 59.81736199982697
Train loss_G: 0.0
Test loss_G: 0.5425787014620644

=============== Epoch: 231

Train loss_D: 37.7054451200529
Train loss_G: 0.0
Test loss_G: 0.5428042794976916

=============== Epoch: 232

Train loss_D: 9.673384117078967
Train loss_G: 0.0
Test loss_G: 0.5428084049906049

=============== Epoch: 233

Train loss_D: 20.938196049566614
Train loss_G: 0.0
Test loss_G: 0.5428084816251483

=============== Epoch: 234

Train loss_D: 12.636688729806338
Train loss_G: 0.0
Test loss_G: 0.5428084816251483

=============== Epoch: 235

Train loss_D: 54.41286801073147
Train loss_G: 0.0
Test loss_G: 0.5428084816251483

=============== Epoch: 236

Train loss_D: 10.312976280263683
Train loss_G: 0.0
Test loss_G: 0.5428084816251483

=============== Epoch: 237

Train loss_D: 3.285288358660182
Train loss_G: 0.0
Test loss_G: 0.5428084816251483

=============== Epoch: 238

Train loss_D: 16.040037162551016
Train loss_G: 0.0
Test loss_G: 0.5428084816251483

=============== Epoch: 239

Train loss_D: 378.1640917266923
Train loss_G: 5.495568771111338
Test loss_G: 0.5992710718086788

=============== Epoch: 240

Train loss_D: 248.2559714782983
Train loss_G: 0.0
Test loss_G: 0.5973294164453234

=============== Epoch: 241

Train loss_D: 224.86083606118336
Train loss_G: 0.0
Test loss_G: 0.5973142002310071

=============== Epoch: 242

Train loss_D: 34.81659939792007
Train loss_G: 0.0
Test loss_G: 0.5973139447825295

=============== Epoch: 243

Train loss_D: 114.82720821048133
Train loss_G: 0.0
Test loss_G: 0.5973139405250549

=============== Epoch: 244

Train loss_D: 143.5853644812014
Train loss_G: 0.0
Test loss_G: 0.5973139405250549

=============== Epoch: 245

Train loss_D: 11.20218371367082
Train loss_G: 0.0
Test loss_G: 0.5973139405250549

=============== Epoch: 246

Train loss_D: 94.10560954734683
Train loss_G: 0.0
Test loss_G: 0.5973139405250549

=============== Epoch: 247

Train loss_D: 312.9664986458956
Train loss_G: 0.0
Test loss_G: 0.5973139405250549

=============== Epoch: 248

Train loss_D: 17.537629538681358
Train loss_G: 0.0
Test loss_G: 0.5973139405250549

=============== Epoch: 249

Train loss_D: 367.26517287641764
Train loss_G: 5.590960907308679
Test loss_G: 0.5388507928167071

=============== Epoch: 250

Train loss_D: 262.97834018431604
Train loss_G: 0.0
Test loss_G: 0.54032273377691

=============== Epoch: 251

Train loss_D: 425.1675617042929
Train loss_G: 0.0
Test loss_G: 0.5403696809496198

=============== Epoch: 252

Train loss_D: 74.42592021636665
Train loss_G: 0.0
Test loss_G: 0.540370545216969

=============== Epoch: 253

Train loss_D: 67.2444558031857
Train loss_G: 0.0
Test loss_G: 0.5403705835342407

=============== Epoch: 254

Train loss_D: 247.68215438630432
Train loss_G: 0.0
Test loss_G: 0.5403705835342407

=============== Epoch: 255

Train loss_D: 158.57496417034417
Train loss_G: 0.0
Test loss_G: 0.5403705792767661

=============== Epoch: 256

Train loss_D: 24.79104887554422
Train loss_G: 0.0
Test loss_G: 0.5403705792767661

=============== Epoch: 257

Train loss_D: 116.01568981679156
Train loss_G: 0.0
Test loss_G: 0.5403705792767661

=============== Epoch: 258

Train loss_D: 214.5947486795485
Train loss_G: 0.0
Test loss_G: 0.5403705792767661

=============== Epoch: 259

Train loss_D: 160.8902022964321
Train loss_G: 5.567627567993967
Test loss_G: 0.5617121585777828

=============== Epoch: 260

Train loss_D: 162.54112215992063
Train loss_G: 0.0
Test loss_G: 0.5574316424982888

=============== Epoch: 261

Train loss_D: 127.70813262672164
Train loss_G: 0.0
Test loss_G: 0.5573989706380027

=============== Epoch: 262

Train loss_D: 348.84608919220045
Train loss_G: 0.0
Test loss_G: 0.5573983873639788

=============== Epoch: 263

Train loss_D: 14.834731739480048
Train loss_G: 0.0
Test loss_G: 0.5573983703340802

=============== Epoch: 264

Train loss_D: 197.11184504965786
Train loss_G: 0.0
Test loss_G: 0.557398374591555

=============== Epoch: 265

Train loss_D: 7.769589551957324
Train loss_G: 0.0
Test loss_G: 0.5573983703340802

=============== Epoch: 266

Train loss_D: 125.18674601759994
Train loss_G: 0.0
Test loss_G: 0.5573983703340802

=============== Epoch: 267

Train loss_D: 7.620008603786118
Train loss_G: 0.0
Test loss_G: 0.5573983703340802

=============== Epoch: 268

Train loss_D: 199.75266725223628
Train loss_G: 0.0
Test loss_G: 0.5573983703340802

=============== Epoch: 269

Train loss_D: 28.26506625022739
Train loss_G: 5.404008150100708
Test loss_G: 0.5202515082699912

=============== Epoch: 270

Train loss_D: 101.08659627637826
Train loss_G: 0.0
Test loss_G: 0.5368542841502598

=============== Epoch: 271

Train loss_D: 81.25113061186858
Train loss_G: 0.0
Test loss_G: 0.5372851618698665

=============== Epoch: 272

Train loss_D: 125.83402224862948
Train loss_G: 0.0
Test loss_G: 0.5372930807726723

=============== Epoch: 273

Train loss_D: 82.59603262785822
Train loss_G: 0.0
Test loss_G: 0.5372932127543858

=============== Epoch: 274

Train loss_D: 55.04914673254825
Train loss_G: 0.0
Test loss_G: 0.5372932255268097

=============== Epoch: 275

Train loss_D: 107.06430307310075
Train loss_G: 0.0
Test loss_G: 0.5372932255268097

=============== Epoch: 276

Train loss_D: 15.256343428045511
Train loss_G: 0.0
Test loss_G: 0.5372932255268097

=============== Epoch: 277

Train loss_D: 69.33755928577739
Train loss_G: 0.0
Test loss_G: 0.5372932255268097

=============== Epoch: 278

Train loss_D: 50.594989632081706
Train loss_G: 0.0
Test loss_G: 0.5372932255268097

=============== Epoch: 279

Train loss_D: 566.8641771934927
Train loss_G: 5.906712419108341
Test loss_G: 0.5832129120826721

=============== Epoch: 280

Train loss_D: 213.58318140171468
Train loss_G: 0.0
Test loss_G: 0.5738747119903564

=============== Epoch: 281

Train loss_D: 258.3821930750273
Train loss_G: 0.0
Test loss_G: 0.5737824014254979

=============== Epoch: 282

Train loss_D: 231.44621431920677
Train loss_G: 0.0
Test loss_G: 0.5737807410103934

=============== Epoch: 283

Train loss_D: 25.300384891219437
Train loss_G: 0.0
Test loss_G: 0.573780723980495

=============== Epoch: 284

Train loss_D: 214.09029744402505
Train loss_G: 0.0
Test loss_G: 0.573780723980495

=============== Epoch: 285

Train loss_D: 215.29158417019062
Train loss_G: 0.0
Test loss_G: 0.573780723980495

=============== Epoch: 286

Train loss_D: 21.535694915801287
Train loss_G: 0.0
Test loss_G: 0.573780723980495

=============== Epoch: 287

Train loss_D: 128.6182585855713
Train loss_G: 0.0
Test loss_G: 0.573780723980495

=============== Epoch: 288

Train loss_D: 155.60366638144478
Train loss_G: 0.0
Test loss_G: 0.573780723980495

=============== Epoch: 289

Train loss_D: 200.23583728447556
Train loss_G: 5.199142451349058
Test loss_G: 0.5417839714459011

=============== Epoch: 290

Train loss_D: 27.53039070405066
Train loss_G: 0.0
Test loss_G: 0.5407031902245113

=============== Epoch: 291

Train loss_D: 78.07792390370741
Train loss_G: 0.0
Test loss_G: 0.5407077244349888

=============== Epoch: 292

Train loss_D: 15.500367393367924
Train loss_G: 0.0
Test loss_G: 0.5407078053270068

=============== Epoch: 293

Train loss_D: 37.48959564755205
Train loss_G: 0.0
Test loss_G: 0.5407078053270068

=============== Epoch: 294

Train loss_D: 11.408750304399291
Train loss_G: 0.0
Test loss_G: 0.5407078053270068

=============== Epoch: 295

Train loss_D: 27.447235887681018
Train loss_G: 0.0
Test loss_G: 0.5407078053270068

=============== Epoch: 296

Train loss_D: 6.837105384649476
Train loss_G: 0.0
Test loss_G: 0.540707813841956

=============== Epoch: 297

Train loss_D: 18.335163849984383
Train loss_G: 0.0
Test loss_G: 0.540707813841956

=============== Epoch: 298

Train loss_D: 8.70319802960148
Train loss_G: 0.0
Test loss_G: 0.540707813841956

=============== Epoch: 299

Train loss_D: 1190.9136319730897
Train loss_G: 5.019070885683361
Test loss_G: 0.5825241037777492

=============== Epoch: 300

Train loss_D: 324.0682445280254
Train loss_G: 0.0
Test loss_G: 0.5624753023896899

=============== Epoch: 301

Train loss_D: 129.6004079747945
Train loss_G: 0.0
Test loss_G: 0.5621619905744281

=============== Epoch: 302

Train loss_D: 153.9493646780029
Train loss_G: 0.0
Test loss_G: 0.5621562770434788

=============== Epoch: 303

Train loss_D: 113.31669381121174
Train loss_G: 0.0
Test loss_G: 0.562156183379037

=============== Epoch: 304

Train loss_D: 25.009075655136257
Train loss_G: 0.0
Test loss_G: 0.5621561791215625

=============== Epoch: 305

Train loss_D: 269.80290457434603
Train loss_G: 0.0
Test loss_G: 0.5621561791215625

=============== Epoch: 306

Train loss_D: 16.19329426670447
Train loss_G: 0.0
Test loss_G: 0.5621561791215625

=============== Epoch: 307

Train loss_D: 143.7540296834195
Train loss_G: 0.0
Test loss_G: 0.5621561791215625

=============== Epoch: 308

Train loss_D: 3.81466255011037
Train loss_G: 0.0
Test loss_G: 0.5621561791215625

=============== Epoch: 309

Train loss_D: 442.1413146860432
Train loss_G: 4.947088901933871
Test loss_G: 0.5591426747185844

=============== Epoch: 310

Train loss_D: 139.27711388561875
Train loss_G: 0.0
Test loss_G: 0.5629844495228359

=============== Epoch: 311

Train loss_D: 368.04896615445614
Train loss_G: 0.0
Test loss_G: 0.5630791357585362

=============== Epoch: 312

Train loss_D: 71.02254269877449
Train loss_G: 0.0
Test loss_G: 0.5630808600357601

=============== Epoch: 313

Train loss_D: 11.970079148188233
Train loss_G: 0.0
Test loss_G: 0.5630808940955571

=============== Epoch: 314

Train loss_D: 115.42630258621648
Train loss_G: 0.0
Test loss_G: 0.5630808898380825

=============== Epoch: 315

Train loss_D: 4.350531890697312
Train loss_G: 0.0
Test loss_G: 0.5630808940955571

=============== Epoch: 316

Train loss_D: 145.28414302610327
Train loss_G: 0.0
Test loss_G: 0.5630808940955571

=============== Epoch: 317

Train loss_D: 155.48341929186427
Train loss_G: 0.0
Test loss_G: 0.5630808940955571

=============== Epoch: 318

Train loss_D: 5.036613236414269
Train loss_G: 0.0
Test loss_G: 0.5630808940955571

=============== Epoch: 319

Train loss_D: 316.38986115157604
Train loss_G: 6.5191310416711
Test loss_G: 0.5602068049567086

=============== Epoch: 320

Train loss_D: 151.0675921998918
Train loss_G: 0.0
Test loss_G: 0.5671823535646711

=============== Epoch: 321

Train loss_D: 138.43018310470507
Train loss_G: 0.0
Test loss_G: 0.5674050237451281

=============== Epoch: 322
