Adjusting learning rate of group 0 to 2.0000e-04.
Adjusting learning rate of group 0 to 2.0000e-04.
=============== Epoch: 0
Adjusting learning rate of group 0 to 2.0000e-05.
Adjusting learning rate of group 0 to 1.9864e-04.

Train loss_D: 0.0
Train loss_G: 0.3932140312696758
Test loss_G: 0.3101536418710436

=============== Epoch: 1
Adjusting learning rate of group 0 to 2.0000e-06.
Adjusting learning rate of group 0 to 1.9458e-04.

Train loss_D: 0.0
Train loss_G: 0.25304379823960754
Test loss_G: 0.251581609249115

=============== Epoch: 2
Adjusting learning rate of group 0 to 2.0000e-07.
Adjusting learning rate of group 0 to 1.8795e-04.

Train loss_D: 0.0
Train loss_G: 0.21484856542788053
Test loss_G: 0.24087101646832057

=============== Epoch: 3
Adjusting learning rate of group 0 to 2.0000e-08.
Adjusting learning rate of group 0 to 1.7891e-04.

Train loss_D: 0.0
Train loss_G: 0.18399594567323985
Test loss_G: 0.23652129939624242

=============== Epoch: 4
Adjusting learning rate of group 0 to 2.0000e-09.
Adjusting learning rate of group 0 to 1.6773e-04.

Train loss_D: 0.0
Train loss_G: 0.1564909800102836
Test loss_G: 0.2356552928686142

=============== Epoch: 5
Adjusting learning rate of group 0 to 2.0000e-10.
Adjusting learning rate of group 0 to 1.5469e-04.

Train loss_D: 0.0
Train loss_G: 0.13104047979179181
Test loss_G: 0.23628997802734375

=============== Epoch: 6
Adjusting learning rate of group 0 to 2.0000e-11.
Adjusting learning rate of group 0 to 1.4017e-04.

Train loss_D: 0.0
Train loss_G: 0.10970118053649601
Test loss_G: 0.23696215663637435

=============== Epoch: 7
Adjusting learning rate of group 0 to 2.0000e-12.
Adjusting learning rate of group 0 to 1.2455e-04.

Train loss_D: 0.0
Train loss_G: 0.09506765086399882
Test loss_G: 0.2376731698002134

=============== Epoch: 8
Adjusting learning rate of group 0 to 2.0000e-13.
Adjusting learning rate of group 0 to 1.0826e-04.

Train loss_D: 0.0
Train loss_G: 0.08897954147112996
Test loss_G: 0.23522817662784032

=============== Epoch: 9
